

Starting up round ID b35-b5Tc. 11:00:00
---------------------
[20:14:19]QDEL: Path: /mob/living/carbon/human
	qdel() Count: 11
	Destroy() Cost: 525ms
	Total Hard Deletes 11
	Time Spent Hard Deleting: 784ms
Path: /mob/living/simple_animal/hostile/carp
	qdel() Count: 515
	Destroy() Cost: 4474ms
	Total Hard Deletes 509
	Time Spent Hard Deleting: 549ms
Path: /mob/observer/virtual/mob
	qdel() Count: 707
	Destroy() Cost: 1067ms
	Total Hard Deletes 700
	Time Spent Hard Deleting: 361ms
Path: /obj/machinery/disposal
	Failures: 1
	qdel() Count: 1
	Destroy() Cost: 2ms
	Total Hard Deletes 1
	Time Spent Hard Deleting: 185ms
Path: /mob/new_player
	qdel() Count: 8
	Destroy() Cost: 6.99999ms
	Total Hard Deletes 8
	Time Spent Hard Deleting: 105ms
Path: /mob/living/simple_animal/hostile/carp/pike
	qdel() Count: 9
	Destroy() Cost: 78ms
	Total Hard Deletes 8
	Time Spent Hard Deleting: 9ms
Path: /mob/zshadow
	qdel() Count: 152
	Destroy() Cost: 663ms
	Total Hard Deletes 151
	Time Spent Hard Deleting: 4ms
Path: /datum/nanoui
	Failures: 2
	qdel() Count: 179
	Destroy() Cost: 52ms
	Total Hard Deletes 2
	Time Spent Hard Deleting: 2ms
Path: /obj/effect/vine
	Failures: 289
	qdel() Count: 289
	Destroy() Cost: 229ms
	Total Hard Deletes 289
	Time Spent Hard Deleting: 1ms
Path: /obj/item/organ/external/chest/insectoid/nabber
	Failures: 3
	qdel() Count: 3
	Destroy() Cost: 110ms
	Total Hard Deletes 3
	Time Spent Hard Deleting: 1ms
Path: /obj/item/stack/material/wood
	Failures: 2
	qdel() Count: 9
	Destroy() Cost: 9ms
	Total Hard Deletes 2
	Time Spent Hard Deleting: 1ms
Path: /turf/space
	qdel() Count: 44050
	Destroy() Cost: 14432ms
Path: /obj/effect/floor_decal
	qdel() Count: 12380
	Destroy() Cost: 8656ms
Path: /mob/living/silicon/ai
	qdel() Count: 9
	Destroy() Cost: 2619ms
	Total Hard Deletes 9
	Time Spent Hard Deleting: 0ms
Path: /obj/effect/engine_exhaust
	qdel() Count: 2250
	Destroy() Cost: 1619ms
Path: /datum/wound/bruise
	qdel() Count: 4789
	Destroy() Cost: 1606ms
Path: /atom/movable/lighting_overlay
	qdel() Count: 1915
	Destroy() Cost: 1380ms
Path: /obj/machinery/ai_powersupply
	qdel() Count: 9
	Destroy() Cost: 1101ms
Path: /datum/skillset
	qdel() Count: 1413
	Destroy() Cost: 1074ms
Path: /obj/effect/projectile/pointdefense/tracer
	qdel() Count: 1478
	Destroy() Cost: 1064ms
Path: /obj/item/stack/cable_coil
	qdel() Count: 2904
	Destroy() Cost: 1008ms
Path: /turf/unsimulated/mask
	qdel() Count: 43486
	Destroy() Cost: 967ms
Path: /datum/timedevent
	qdel() Count: 1852
	Destroy() Cost: 541ms
Path: /turf/simulated/open
	qdel() Count: 1175
	Destroy() Cost: 510ms
Path: /obj/effect/floor_decal/industrial/warning
	qdel() Count: 1359
	Destroy() Cost: 499ms
Path: /obj/item/organ/external/chest
	qdel() Count: 15
	Destroy() Cost: 432ms
Path: /datum/reagents
	qdel() Count: 610
	Destroy() Cost: 430ms
Path: /turf/simulated/floor/tiled/dark
	qdel() Count: 1272
	Destroy() Cost: 420ms
Path: /obj/effect/sparks
	qdel() Count: 506
	Destroy() Cost: 395ms
Path: /turf/simulated/wall/titanium
	qdel() Count: 1010
	Destroy() Cost: 372ms
Path: /obj/effect/temporary/item_pickup_ghost
	qdel() Count: 335
	Destroy() Cost: 303ms
Path: /obj/effect/floor_decal/industrial/hatch/yellow
	qdel() Count: 639
	Destroy() Cost: 298ms
Path: /obj/effect/floor_decal/solarpanel
	qdel() Count: 608
	Destroy() Cost: 290ms
Path: /image
	qdel() Count: 900
	Destroy() Cost: 270ms
Path: /obj/effect/floor_decal/industrial/outline/grey
	qdel() Count: 615
	Destroy() Cost: 269ms
Path: /turf/simulated/wall/elevator
	qdel() Count: 663
	Destroy() Cost: 262ms
Path: /obj/effect/wingrille_spawn/reinforced/crescent
	qdel() Count: 371
	Destroy() Cost: 260ms
Path: /stat_silicon_subsystem
	qdel() Count: 243
	Destroy() Cost: 255ms
Path: /obj/effect/floor_decal/industrial/outline/yellow
	qdel() Count: 636
	Destroy() Cost: 227ms
Path: /datum/movement_handler/mob/delay
	qdel() Count: 529
	Destroy() Cost: 220ms
Path: /datum/movement_handler/mob/movement
	qdel() Count: 529
	Destroy() Cost: 219ms
Path: /turf/simulated/floor/asteroid
	qdel() Count: 610
	Destroy() Cost: 215ms
Path: /datum/movement_handler/mob/eye
	qdel() Count: 529
	Destroy() Cost: 215ms
Path: /datum/movement_handler/mob/physically_restrained
	qdel() Count: 529
	Destroy() Cost: 214ms
Path: /turf/simulated/floor/reinforced/airless
	qdel() Count: 616
	Destroy() Cost: 208ms
Path: /turf/space/transit/north
	qdel() Count: 595
	Destroy() Cost: 207ms
Path: /datum/skill_verb/appraise
	qdel() Count: 547
	Destroy() Cost: 206ms
Path: /obj/random/medical/lite
	qdel() Count: 235
	Destroy() Cost: 204ms
Path: /obj/item/organ/external/groin
	qdel() Count: 25
	Destroy() Cost: 203ms
Path: /datum/skill_verb/instruct
	qdel() Count: 547
	Destroy() Cost: 201ms
Path: /datum/movement_handler/mob/relayed_movement
	qdel() Count: 529
	Destroy() Cost: 198ms
Path: /obj/random/mre
	qdel() Count: 192
	Destroy() Cost: 194ms
Path: /obj/effect/paint/hull
	qdel() Count: 385
	Destroy() Cost: 193ms
Path: /datum/movement_handler/mob/death
	qdel() Count: 529
	Destroy() Cost: 189ms
Path: /datum/movement_handler/mob/multiz
	qdel() Count: 529
	Destroy() Cost: 184ms
Path: /datum/movement_handler/mob/physically_capable
	qdel() Count: 529
	Destroy() Cost: 178ms
Path: /obj/effect/paint/black
	qdel() Count: 265
	Destroy() Cost: 177ms
Path: /obj/item/weapon/storage/box/survival
	qdel() Count: 12
	Destroy() Cost: 174ms
Path: /obj/effect/floor_decal/corner/green
	qdel() Count: 350
	Destroy() Cost: 172ms
Path: /obj/random/mre/drink
	qdel() Count: 174
	Destroy() Cost: 171ms
Path: /datum/movement_handler/move_relay
	qdel() Count: 529
	Destroy() Cost: 169ms
Path: /obj/effect/floor_decal/corner/blue
	qdel() Count: 324
	Destroy() Cost: 164ms
Path: /datum/movement_handler/mob/buckle_relay
	qdel() Count: 529
	Destroy() Cost: 161ms
Path: /turf/simulated/wall/r_titanium
	qdel() Count: 408
	Destroy() Cost: 160ms
Path: /datum/movement_handler/mob/stop_effect
	qdel() Count: 529
	Destroy() Cost: 158ms
Path: /obj/random/mre/dessert
	qdel() Count: 156
	Destroy() Cost: 158ms
Path: /obj/random/mre/spread
	qdel() Count: 156
	Destroy() Cost: 156ms
Path: /datum/skill_verb/noirvision
	qdel() Count: 547
	Destroy() Cost: 156ms
Path: /obj/random/mre/sauce
	qdel() Count: 156
	Destroy() Cost: 155ms
Path: /datum/movement_handler/mob/space
	qdel() Count: 529
	Destroy() Cost: 154ms
Path: /datum/movement_handler/mob/conscious
	qdel() Count: 529
	Destroy() Cost: 152ms
Path: /obj/effect/catwalk_plated
	qdel() Count: 476
	Destroy() Cost: 150ms
Path: /turf/simulated/floor/plating
	qdel() Count: 409
	Destroy() Cost: 147ms
Path: /obj/effect/floor_decal/corner/red
	qdel() Count: 279
	Destroy() Cost: 144ms
Path: /obj/effect/floor_decal/carpet
	qdel() Count: 215
	Destroy() Cost: 144ms
Path: /obj/item/ammo_casing/pistol
	qdel() Count: 67
	Destroy() Cost: 141ms
Path: /datum/follow_holder/simple_animal
	qdel() Count: 527
	Destroy() Cost: 138ms
Path: /obj/effect/floor_decal/techfloor
	qdel() Count: 389
	Destroy() Cost: 136ms
Path: /obj/item/weapon/storage/backpack/satchel
	qdel() Count: 8
	Destroy() Cost: 136ms
Path: /turf/simulated/floor/exoplanet/grass
	qdel() Count: 405
	Destroy() Cost: 134ms
Path: /datum/progressbar
	qdel() Count: 182
	Destroy() Cost: 131ms
Path: /obj/effect/floor_decal/industrial/warning/corner
	qdel() Count: 337
	Destroy() Cost: 129ms
Path: /datum/reagent/ammonia
	qdel() Count: 164
	Destroy() Cost: 126ms
Path: /datum/reagent/nutriment/protein
	qdel() Count: 418
	Destroy() Cost: 125ms
Path: /obj/aiming_overlay
	qdel() Count: 385
	Destroy() Cost: 125ms
Path: /obj/structure/lattice
	qdel() Count: 192
	Destroy() Cost: 118ms
Path: /obj/effect/decal/cleanable/blood/drip
	qdel() Count: 141
	Destroy() Cost: 108ms
Path: /obj/item/weapon/storage/belt/holster/machete
	qdel() Count: 1
	Destroy() Cost: 97ms
Path: /obj/effect/wallframe_spawn/reinforced
	qdel() Count: 319
	Destroy() Cost: 96ms
Path: /obj/effect/paint/red
	qdel() Count: 185
	Destroy() Cost: 95ms
Path: /obj/item/weapon/storage/backpack/captain
	qdel() Count: 1
	Destroy() Cost: 95ms
Path: /obj/effect/paint/silver
	qdel() Count: 360
	Destroy() Cost: 94ms
Path: /obj/random/maintenance/solgov
	qdel() Count: 244
	Destroy() Cost: 92ms
Path: /turf/simulated/floor/tiled/monotile
	qdel() Count: 292
	Destroy() Cost: 90ms
Path: /obj/item/weapon/paper/sticky
	qdel() Count: 1
	Destroy() Cost: 90ms
Path: /datum/storage_ui/default
	qdel() Count: 29
	Destroy() Cost: 88ms
Path: /obj/item/weapon/reagent_containers/food/snacks/sliceable/pizza/vegetablepizza
	qdel() Count: 43
	Destroy() Cost: 86ms
Path: /obj/effect/wallframe_spawn/reinforced/titanium
	qdel() Count: 168
	Destroy() Cost: 84ms
Path: /obj/effect/floor_decal/corner/paleblue
	qdel() Count: 185
	Destroy() Cost: 82ms
Path: /obj/effect/floor_decal/spline/fancy/wood
	qdel() Count: 169
	Destroy() Cost: 82ms
Path: /obj/effect/projectile/laser/tracer
	qdel() Count: 109
	Destroy() Cost: 81ms
Path: /obj/random/junk
	qdel() Count: 267
	Destroy() Cost: 79ms
Path: /turf/simulated/floor/airless
	qdel() Count: 220
	Destroy() Cost: 76ms
Path: /icon
	qdel() Count: 311
	Destroy() Cost: 74ms
Path: /obj/item/projectile/bullet/pistol
	qdel() Count: 67
	Destroy() Cost: 71ms
Path: /obj/effect/projectile/stun/tracer
	qdel() Count: 99
	Destroy() Cost: 70ms
Path: /obj/item/ammo_casing/pistol/small
	qdel() Count: 34
	Destroy() Cost: 70ms
Path: /turf/simulated/floor/tiled/white/monotile
	qdel() Count: 193
	Destroy() Cost: 67.9999ms
Path: /obj/item/organ/external/head
	qdel() Count: 25
	Destroy() Cost: 67.0001ms
Path: /obj/random/tech_supply
	qdel() Count: 170
	Destroy() Cost: 65ms
Path: /obj/random/maintenance/clean
	qdel() Count: 158
	Destroy() Cost: 62ms
Path: /datum/reagent/nutriment
	qdel() Count: 168
	Destroy() Cost: 61ms
Path: /turf/simulated/floor/exoplanet/water/shallow
	qdel() Count: 137
	Destroy() Cost: 57ms
Path: /obj/random/trash
	qdel() Count: 212
	Destroy() Cost: 56ms
Path: /obj/effect/paint/brown
	qdel() Count: 81
	Destroy() Cost: 54ms
Path: /obj/item/ammo_casing/pistol/rubber
	qdel() Count: 25
	Destroy() Cost: 53ms
Path: /datum/powernet
	qdel() Count: 56
	Destroy() Cost: 52ms
Path: /turf/simulated/floor/tiled/dark/monotile
	qdel() Count: 152
	Destroy() Cost: 50.9999ms
Path: /obj/effect/floor_decal/corner/blue/diagonal
	qdel() Count: 126
	Destroy() Cost: 50ms
Path: /obj/item/organ/external/arm/right
	qdel() Count: 25
	Destroy() Cost: 49.9999ms
Path: /obj/item/organ/external/leg/right
	qdel() Count: 25
	Destroy() Cost: 48.9999ms
Path: /turf/simulated/floor/tiled/white
	qdel() Count: 122
	Destroy() Cost: 47ms
Path: /obj/item/organ/external/leg
	qdel() Count: 25
	Destroy() Cost: 47ms
Path: /obj/item/organ/external/arm
	qdel() Count: 25
	Destroy() Cost: 47ms
Path: /obj/item/underwear/bottom
	qdel() Count: 35
	Destroy() Cost: 46ms
Path: /obj/random/medical
	qdel() Count: 94
	Destroy() Cost: 46ms
Path: /obj/random/maintenance/solgov/clean
	qdel() Count: 133
	Destroy() Cost: 45ms
Path: /obj/effect/landmark
	qdel() Count: 92
	Destroy() Cost: 45ms
Path: /obj/item/organ/external/groin/insectoid/nabber
	Failures: 3
	qdel() Count: 4
	Destroy() Cost: 45ms
	Total Hard Deletes 3
	Time Spent Hard Deleting: 0ms
Path: /obj/item/weapon/reagent_containers/food/snacks/sliceable/pizza/margherita
	qdel() Count: 27
	Destroy() Cost: 44ms
Path: /obj/item/ammo_magazine/smg
	qdel() Count: 1
	Destroy() Cost: 43ms
Path: /obj/item/ammo_casing/pistol/small/rubber
	qdel() Count: 20
	Destroy() Cost: 42ms
Path: /obj/item/ammo_casing/rifle
	qdel() Count: 20
	Destroy() Cost: 42ms
Path: /obj/item/ammo_magazine/smg_top/rubber
	qdel() Count: 1
	Destroy() Cost: 42ms
Path: /obj/item/ammo_magazine/smg_top
	qdel() Count: 1
	Destroy() Cost: 42ms
Path: /obj/item/ammo_magazine/rifle
	qdel() Count: 1
	Destroy() Cost: 42ms
Path: /obj/effect/floor_decal/corner/research
	qdel() Count: 82
	Destroy() Cost: 40ms
Path: /obj/effect/wallframe_spawn/reinforced/polarized
	qdel() Count: 82
	Destroy() Cost: 39ms
Path: /obj/effect/floor_decal/snow
	qdel() Count: 64
	Destroy() Cost: 39ms
Path: /turf/simulated/floor/tiled
	qdel() Count: 108
	Destroy() Cost: 39ms
Path: /turf/simulated/floor/tiled/freezer
	qdel() Count: 90
	Destroy() Cost: 36ms
Path: /obj/screen/storage
	qdel() Count: 116
	Destroy() Cost: 36ms
Path: /obj/effect/wallframe_spawn/reinforced/hull
	qdel() Count: 85
	Destroy() Cost: 36ms
Path: /obj/effect/wallframe_spawn/no_grille
	qdel() Count: 92
	Destroy() Cost: 35ms
Path: /obj/item/projectile/test
	qdel() Count: 42
	Destroy() Cost: 35ms
Path: /obj/item/projectile/bullet/pistol/holdout
	qdel() Count: 34
	Destroy() Cost: 35ms
Path: /obj/item/weapon/reagent_containers/food/snacks/sliceable/pizza/meatpizza
	qdel() Count: 21
	Destroy() Cost: 34ms
Path: /obj/item/ammo_magazine/machine_pistol
	qdel() Count: 1
	Destroy() Cost: 34ms
Path: /turf/simulated/floor/tiled/techfloor
	qdel() Count: 111
	Destroy() Cost: 34ms
Path: /obj/effect/floor_decal/corner/yellow
	qdel() Count: 95
	Destroy() Cost: 33ms
Path: /obj/item/weapon/tank/emergency/oxygen
	qdel() Count: 12
	Destroy() Cost: 33ms
Path: /turf/space/transit/east
	qdel() Count: 100
	Destroy() Cost: 32ms
Path: /obj/item/ammo_casing/rifle/military
	qdel() Count: 15
	Destroy() Cost: 32ms
Path: /obj/item/ammo_magazine/pistol/double
	qdel() Count: 1
	Destroy() Cost: 32ms
Path: /obj/item/ammo_magazine/pistol/double/rubber
	qdel() Count: 1
	Destroy() Cost: 32ms
Path: /obj/item/ammo_magazine/mil_rifle
	qdel() Count: 1
	Destroy() Cost: 32ms
Path: /turf/simulated/floor
	qdel() Count: 100
	Destroy() Cost: 32ms
Path: /obj/effect/projectile/pointdefense/muzzle
	qdel() Count: 42
	Destroy() Cost: 32ms
Path: /obj/item/organ/internal/stomach
	Failures: 5
	qdel() Count: 21
	Destroy() Cost: 31ms
	Total Hard Deletes 5
	Time Spent Hard Deleting: 0ms
Path: /obj/effect/floor_decal/corner/blue/mono
	qdel() Count: 53
	Destroy() Cost: 31ms
Path: /obj/effect/step_trigger/thrower
	qdel() Count: 43
	Destroy() Cost: 31ms
Path: /obj/item/projectile/beam/pointdefense
	qdel() Count: 42
	Destroy() Cost: 30ms
Path: /obj/random/firstaid
	qdel() Count: 51
	Destroy() Cost: 30ms
Path: /turf/simulated/floor/tiled/techfloor/grid
	qdel() Count: 80
	Destroy() Cost: 29.0001ms
Path: /obj/item/device/radio/headset/heads/ai_integrated
	qdel() Count: 11
	Destroy() Cost: 29ms
Path: /obj/effect/floor_decal/corner/brown
	qdel() Count: 88
	Destroy() Cost: 29ms
Path: /obj/machinery/light
	qdel() Count: 10
	Destroy() Cost: 29ms
Path: /obj/item/weapon/reagent_containers/food/snacks/candy/proteinbar
	qdel() Count: 13
	Destroy() Cost: 29ms
Path: /obj
	qdel() Count: 87
	Destroy() Cost: 29ms
Path: /obj/effect/meteor/medium
	qdel() Count: 35
	Destroy() Cost: 28ms
Path: /datum/reagent/drink/juice/tomato
	qdel() Count: 96
	Destroy() Cost: 27ms
Path: /obj/item/ammo_casing/pistol/magnum
	qdel() Count: 13
	Destroy() Cost: 27ms
Path: /mob/observer/eye/aiEye
	qdel() Count: 9
	Destroy() Cost: 27ms
	Total Hard Deletes 9
	Time Spent Hard Deleting: 0ms
Path: /datum/reagent/acetone
	qdel() Count: 220
	Destroy() Cost: 27ms
Path: /obj/item/clothing/under/rank/scientist
	qdel() Count: 11
	Destroy() Cost: 26ms
Path: /obj/item/projectile/bullet/pistol/rubber
	qdel() Count: 25
	Destroy() Cost: 26ms
Path: /obj/machinery/portable_atmospherics/hydroponics/soil/invisible
	qdel() Count: 17
	Destroy() Cost: 26ms
Path: /obj/item/organ/external/foot
	qdel() Count: 25
	Destroy() Cost: 26ms
Path: /obj/effect/wallframe_spawn/reinforced/no_grille
	qdel() Count: 93
	Destroy() Cost: 25ms
Path: /obj/item/weapon/stock_parts/power/apc
	qdel() Count: 31
	Destroy() Cost: 25ms
Path: /obj/item/organ/external/foot/right
	qdel() Count: 25
	Destroy() Cost: 25ms
Path: /datum/nano_module/email_client
	qdel() Count: 38
	Destroy() Cost: 24ms
Path: /obj/effect/floor_decal/corner/red/mono
	qdel() Count: 57
	Destroy() Cost: 24ms
Path: /obj/effect/floor_decal/spline/plain
	qdel() Count: 36
	Destroy() Cost: 24ms
Path: /obj/effect/decal/cleanable/filth
	Failures: 1
	qdel() Count: 26
	Destroy() Cost: 24ms
	Total Hard Deletes 1
	Time Spent Hard Deleting: 0ms
Path: /obj/item/organ/external/hand/right
	qdel() Count: 25
	Destroy() Cost: 24ms
Path: /obj/item/organ/internal/lungs
	qdel() Count: 17
	Destroy() Cost: 23ms
Path: /datum/computer_file/report/crew_record
	qdel() Count: 3
	Destroy() Cost: 23ms
Path: /obj/random/powercell
	qdel() Count: 66
	Destroy() Cost: 23ms
Path: /obj/effect/floor_decal/corner/paleblue/diagonal
	qdel() Count: 56
	Destroy() Cost: 23ms
Path: /obj/screen/movable/action_button
	qdel() Count: 52
	Destroy() Cost: 23ms
Path: /obj/effect/paint/sun
	qdel() Count: 32
	Destroy() Cost: 23ms
Path: /obj/item/organ/internal/liver
	qdel() Count: 17
	Destroy() Cost: 23ms
Path: /obj/item/organ/external/hand
	qdel() Count: 25
	Destroy() Cost: 23ms
Path: /obj/effect/projectile/pointdefense/impact
	qdel() Count: 26
	Destroy() Cost: 22ms
Path: /obj/item/projectile/bullet/rifle
	qdel() Count: 20
	Destroy() Cost: 22ms
Path: /obj/item/weapon/reagent_containers/food/snacks/sliceable/meatbread
	qdel() Count: 19
	Destroy() Cost: 22ms
Path: /obj/item/ammo_magazine/pistol
	qdel() Count: 1
	Destroy() Cost: 22ms
Path: /obj/item/ammo_magazine/pistol/rubber
	qdel() Count: 1
	Destroy() Cost: 22ms
Path: /obj/effect/floor_decal/techfloor/corner
	qdel() Count: 55
	Destroy() Cost: 21ms
Path: /obj/effect/floor_decal/floordetail/edgedrain
	qdel() Count: 42
	Destroy() Cost: 21ms
Path: /obj/random/soap
	qdel() Count: 30
	Destroy() Cost: 21ms
Path: /obj/item/projectile/bullet/pistol/rubber/holdout
	qdel() Count: 20
	Destroy() Cost: 21ms
Path: /obj/effect/decal/cleanable/blood/tracks/footprints
	qdel() Count: 28
	Destroy() Cost: 21ms
Path: /obj/item/organ/internal/brain
	qdel() Count: 14
	Destroy() Cost: 21ms
Path: /obj/item/organ/internal/kidneys
	qdel() Count: 17
	Destroy() Cost: 20ms
Path: /obj/effect/wallframe_spawn/reinforced_phoron
	qdel() Count: 63
	Destroy() Cost: 20ms
Path: /obj/item/weapon/reagent_containers/hypospray/autoinjector
	qdel() Count: 12
	Destroy() Cost: 19ms
Path: /obj/item/weapon/storage/backpack
	qdel() Count: 1
	Destroy() Cost: 19ms
Path: /obj/effect/floor_decal/industrial/outline/blue
	qdel() Count: 45
	Destroy() Cost: 19ms
Path: /datum/reagent/imidazoline
	qdel() Count: 43
	Destroy() Cost: 19ms
Path: /obj/item/weapon/storage/backpack/messenger
	qdel() Count: 1
	Destroy() Cost: 19ms
Path: /obj/item/projectile/beam
	qdel() Count: 22
	Destroy() Cost: 18ms
Path: /obj/item/weapon/ore/iron
	qdel() Count: 25
	Destroy() Cost: 18ms
Path: /obj/effect/floor_decal/corner/green/three_quarters
	qdel() Count: 27
	Destroy() Cost: 18ms
Path: /obj/effect/floor_decal/beach
	qdel() Count: 24
	Destroy() Cost: 18ms
Path: /obj/random/mre/spread/vegan
	qdel() Count: 18
	Destroy() Cost: 18ms
Path: /obj/random/mre/sauce/vegan
	qdel() Count: 18
	Destroy() Cost: 18ms
Path: /obj/item/organ/internal/heart
	qdel() Count: 17
	Destroy() Cost: 18ms
Path: /obj/item/organ/internal/eyes
	qdel() Count: 14
	Destroy() Cost: 17ms
Path: /obj/item/projectile/energy/electrode/stunshot
	qdel() Count: 20
	Destroy() Cost: 17ms
Path: /obj/random/loot
	qdel() Count: 45
	Destroy() Cost: 17ms
Path: /obj/effect/effect/smoke/bad
	qdel() Count: 40
	Destroy() Cost: 17ms
Path: /obj/random/mre/sauce/sugarfree
	qdel() Count: 18
	Destroy() Cost: 17ms
Path: /obj/item/device/radio/headset/torchnanotrasen
	qdel() Count: 10
	Destroy() Cost: 17ms
Path: /obj/item/ammo_magazine/pistol/small
	qdel() Count: 1
	Destroy() Cost: 17ms
Path: /obj/effect/projectile/laser/muzzle
	qdel() Count: 22
	Destroy() Cost: 16ms
Path: /obj/effect/projectile/laser/impact
	qdel() Count: 22
	Destroy() Cost: 16ms
Path: /obj/item/projectile/bullet/rifle/military
	qdel() Count: 15
	Destroy() Cost: 16ms
Path: /obj/effect/expl_particles
	qdel() Count: 20
	Destroy() Cost: 16ms
Path: /obj/screen/close
	qdel() Count: 29
	Destroy() Cost: 16ms
Path: /obj/item/projectile/beam/stun
	qdel() Count: 20
	Destroy() Cost: 16ms
Path: /datum/skillset/silicon
	qdel() Count: 9
	Destroy() Cost: 15ms
Path: /obj/item/weapon/storage/fancy/cigarettes/dromedaryco
	qdel() Count: 1
	Destroy() Cost: 15ms
Path: /datum/reagent/tobacco/fine
	qdel() Count: 45
	Destroy() Cost: 15ms
Path: /obj/effect/floor_decal/corner/red/half
	qdel() Count: 44
	Destroy() Cost: 15ms
Path: /obj/effect/floor_decal/corner/yellow/half
	qdel() Count: 37
	Destroy() Cost: 15ms
Path: /obj/effect/wallframe_spawn/reinforced/polarized/no_grille
	qdel() Count: 32
	Destroy() Cost: 15ms
Path: /obj/effect/floor_decal/corner/pink
	qdel() Count: 27
	Destroy() Cost: 15ms
Path: /obj/item/projectile/bullet/pistol/strong
	qdel() Count: 13
	Destroy() Cost: 15ms
Path: /obj/item/ammo_magazine/magnum
	qdel() Count: 1
	Destroy() Cost: 15ms
Path: /obj/effect/decal/cleanable/blood/oil
	qdel() Count: 18
	Destroy() Cost: 15ms
Path: /obj/item/organ/internal/appendix
	qdel() Count: 14
	Destroy() Cost: 15ms
Path: /obj/random_multi/single_item/poppy
	qdel() Count: 21
	Destroy() Cost: 15ms
Path: /obj/effect/overlay
	qdel() Count: 20
	Destroy() Cost: 14ms
Path: /obj/effect/floor_decal/corner/white
	qdel() Count: 50
	Destroy() Cost: 14ms
Path: /obj/random/obstruction
	qdel() Count: 43
	Destroy() Cost: 14ms
Path: /obj/effect/floor_decal/industrial/warning/fulltile
	qdel() Count: 42
	Destroy() Cost: 14ms
Path: /obj/effect/catwalk_plated/dark
	qdel() Count: 36
	Destroy() Cost: 14ms
Path: /obj/effect/floor_decal/corner/green/mono
	qdel() Count: 34
	Destroy() Cost: 14ms
Path: /obj/effect/floor_decal/asteroid
	qdel() Count: 29
	Destroy() Cost: 14ms
Path: /obj/effect/floor_decal/scglogo
	qdel() Count: 29
	Destroy() Cost: 14ms
Path: /obj/item/modular_computer/pda/science
	qdel() Count: 1
	Destroy() Cost: 14ms
Path: /datum/gas_mixture
	qdel() Count: 31
	Destroy() Cost: 14ms
Path: /obj/item/weapon/card/id/synthetic
	qdel() Count: 9
	Destroy() Cost: 14ms
Path: /obj/random_multi/single_item/runtime
	qdel() Count: 17
	Destroy() Cost: 13ms
Path: /obj/effect/floor_decal/carpet/blue
	qdel() Count: 20
	Destroy() Cost: 13ms
Path: /obj/item/ammo_magazine/speedloader
	qdel() Count: 1
	Destroy() Cost: 13ms
Path: /obj/item/ammo_magazine/speedloader/small
	qdel() Count: 1
	Destroy() Cost: 13ms
Path: /obj/item/ammo_magazine/speedloader/magnum
	qdel() Count: 1
	Destroy() Cost: 13ms
Path: /obj/item/weapon/reagent_containers/food/snacks/cracker
	qdel() Count: 6
	Destroy() Cost: 13ms
Path: /obj/item/device/tankassemblyproxy
	qdel() Count: 14
	Destroy() Cost: 13ms
Path: /obj/item/clothing/mask/breath
	Failures: 1
	qdel() Count: 13
	Destroy() Cost: 13ms
	Total Hard Deletes 1
	Time Spent Hard Deleting: 0ms
Path: /datum/reagents/metabolism
	qdel() Count: 40
	Destroy() Cost: 13ms
Path: /obj/item/device/camera/siliconcam/ai_camera
	qdel() Count: 9
	Destroy() Cost: 13ms
Path: /obj/random_multi/single_item/boombox
	qdel() Count: 16
	Destroy() Cost: 12ms
Path: /obj/item/stack/medical/bruise_pack
	qdel() Count: 12
	Destroy() Cost: 12ms
Path: /obj/item/device/multitool
	qdel() Count: 10
	Destroy() Cost: 12ms
Path: /obj/item/modular_computer/pda/explorer
	qdel() Count: 1
	Destroy() Cost: 12ms
Path: /obj/effect/meteor/dust
	qdel() Count: 17
	Destroy() Cost: 12ms
Path: /obj/item/clothing/accessory/tunic
	qdel() Count: 11
	Destroy() Cost: 12ms
Path: /obj/effect/projectile/stun/impact
	qdel() Count: 22
	Destroy() Cost: 12ms
Path: /mob/living/simple_animal/yithian
	qdel() Count: 2
	Destroy() Cost: 12ms
	Total Hard Deletes 2
	Time Spent Hard Deleting: 0ms
Path: /datum/reagent/water
	qdel() Count: 52
	Destroy() Cost: 12ms
Path: /obj/item/device/oxycandle
	qdel() Count: 12
	Destroy() Cost: 12ms
Path: /obj/item/organ/external/leg/right/insectoid
	qdel() Count: 4
	Destroy() Cost: 12ms
Path: /obj/item/modular_computer/pda/captain
	qdel() Count: 1
	Destroy() Cost: 12ms
Path: /obj/item/device/flashlight/flare/glowstick
	qdel() Count: 12
	Destroy() Cost: 12ms
Path: /obj/item/device/encryptionkey/heads/ai_integrated
	qdel() Count: 11
	Destroy() Cost: 11ms
Path: /datum/reagent/sugar
	qdel() Count: 23
	Destroy() Cost: 11ms
Path: /obj/item/organ/external/head/insectoid/nabber
	Failures: 3
	qdel() Count: 4
	Destroy() Cost: 11ms
	Total Hard Deletes 3
	Time Spent Hard Deleting: 0ms
Path: /obj/item/organ/external/leg/insectoid
	qdel() Count: 4
	Destroy() Cost: 11ms
Path: /obj/effect/floor_decal/corner/grey/diagonal
	qdel() Count: 45
	Destroy() Cost: 11ms
Path: /datum/reagent/tricordrazine
	qdel() Count: 40
	Destroy() Cost: 11ms
Path: /obj/effect/floor_decal/corner/green/half
	qdel() Count: 37
	Destroy() Cost: 11ms
Path: /obj/effect/floor_decal/corner_techfloor_grid
	qdel() Count: 31
	Destroy() Cost: 11ms
Path: /obj/effect/projectile/stun/muzzle
	qdel() Count: 22
	Destroy() Cost: 11ms
Path: /obj/effect/floor_decal/corner/red/diagonal
	qdel() Count: 19
	Destroy() Cost: 11ms
Path: /datum/topic_manager/program
	qdel() Count: 32
	Destroy() Cost: 11ms
Path: /obj/item/organ/external/arm/insectoid
	qdel() Count: 4
	Destroy() Cost: 11ms
Path: /obj/item/clothing/shoes/white
	qdel() Count: 11
	Destroy() Cost: 11ms
Path: /obj/item/device/encryptionkey/headset_torchnt
	qdel() Count: 11
	Destroy() Cost: 10ms
Path: /obj/effect/floor_decal/corner/brown/half
	qdel() Count: 51
	Destroy() Cost: 10ms
Path: /obj/effect/floor_decal/corner/lime
	qdel() Count: 34
	Destroy() Cost: 10ms
Path: /obj/effect/floor_decal/corner/blue/three_quarters
	qdel() Count: 25
	Destroy() Cost: 10ms
Path: /obj/effect/floor_decal/corner/red/three_quarters
	qdel() Count: 22
	Destroy() Cost: 10ms
Path: /obj/effect/floor_decal/corner/research/mono
	qdel() Count: 21
	Destroy() Cost: 10ms
Path: /obj/effect/floor_decal/stoneborder
	qdel() Count: 15
	Destroy() Cost: 10ms
Path: /obj/item/weapon/reagent_containers/food/snacks/fish
	qdel() Count: 8
	Destroy() Cost: 10ms
Path: /datum/pipe_network
	qdel() Count: 15
	Destroy() Cost: 10ms
Path: /obj/effect/meteor/irradiated
	qdel() Count: 13
	Destroy() Cost: 10ms
Path: /obj/item/stack/material/rods
	qdel() Count: 11
	Destroy() Cost: 10ms
Path: /obj/item/clothing/mask/smokable/cigarette/dromedaryco
	qdel() Count: 6
	Destroy() Cost: 10ms
Path: /obj/item/organ/external/arm/right/insectoid
	qdel() Count: 4
	Destroy() Cost: 9.00001ms
Path: /obj/random/technology_scanner
	qdel() Count: 39
	Destroy() Cost: 9ms
Path: /obj/random/torchcloset
	qdel() Count: 30
	Destroy() Cost: 9ms
Path: /obj/effect/floor_decal/industrial/outline/orange
	qdel() Count: 25
	Destroy() Cost: 9ms
Path: /obj/effect/effect/smoke
	qdel() Count: 20
	Destroy() Cost: 9ms
Path: /atom/movable/porta_turret_cover
	qdel() Count: 10
	Destroy() Cost: 9ms
Path: /obj/item/weapon/light/tube
	qdel() Count: 11
	Destroy() Cost: 9ms
Path: /datum/wires/radio
	qdel() Count: 28
	Destroy() Cost: 8.99999ms
Path: /obj/lighting_general
	qdel() Count: 17
	Destroy() Cost: 8.99999ms
Path: /obj/item/clothing/shoes/dutyboots
	qdel() Count: 5
	Destroy() Cost: 8ms
Path: /datum/reagent/toxin
	qdel() Count: 21
	Destroy() Cost: 8ms
Path: /obj/effect/meteor/big
	qdel() Count: 12
	Destroy() Cost: 8ms
Path: /obj/random/maintenance
	qdel() Count: 25
	Destroy() Cost: 8ms
Path: /obj/random/tank
	qdel() Count: 22
	Destroy() Cost: 8ms
Path: /obj/random/smokes
	qdel() Count: 21
	Destroy() Cost: 8ms
Path: /obj/effect/landmark/costume/chameleon
	qdel() Count: 10
	Destroy() Cost: 8ms
Path: /obj/structure/window/reinforced/full
	qdel() Count: 9
	Destroy() Cost: 8ms
Path: /obj/structure/largecrate
	qdel() Count: 8
	Destroy() Cost: 8ms
Path: /obj/random_multi/single_item/punitelly
	qdel() Count: 11
	Destroy() Cost: 7.99998ms
Path: /obj/item/clothing/accessory/storage/webbing_large
	qdel() Count: 1
	Destroy() Cost: 7ms
Path: /obj/random/bomb_supply
	qdel() Count: 24
	Destroy() Cost: 7ms
Path: /obj/item/weapon/material/shard
	qdel() Count: 10
	Destroy() Cost: 7ms
Path: /obj/item/projectile/beam/stun/shock
	qdel() Count: 10
	Destroy() Cost: 7ms
Path: /obj/item/weapon/cell
	qdel() Count: 7
	Destroy() Cost: 6.00001ms
Path: /obj/item/organ/internal/heart/open
	qdel() Count: 4
	Destroy() Cost: 6.00001ms
Path: /obj/item/weapon/storage/internal/pockets
	qdel() Count: 1
	Destroy() Cost: 6ms
Path: /obj/random/tool
	qdel() Count: 36
	Destroy() Cost: 6ms
Path: /obj/effect/floor_decal/industrial/outline/red
	qdel() Count: 22
	Destroy() Cost: 6ms
Path: /obj/random/toolbox
	qdel() Count: 16
	Destroy() Cost: 6ms
Path: /obj/random/single/cola
	qdel() Count: 16
	Destroy() Cost: 6ms
Path: /obj/random/material
	qdel() Count: 15
	Destroy() Cost: 6ms
Path: /obj/effect/floor_decal/spline/fancy/wood/corner
	qdel() Count: 15
	Destroy() Cost: 6ms
Path: /obj/effect/floor_decal/corner/beige
	qdel() Count: 12
	Destroy() Cost: 6ms
Path: /obj/random/voidsuit
	qdel() Count: 9
	Destroy() Cost: 6ms
Path: /obj/item/weapon/reagent_containers/food/snacks/grown
	qdel() Count: 3
	Destroy() Cost: 6ms
Path: /obj/machinery/door/blast/regular/escape_pod
	qdel() Count: 2
	Destroy() Cost: 6ms
Path: /obj/item/organ/external/foot/right/insectoid
	qdel() Count: 4
	Destroy() Cost: 6ms
Path: /obj/effect/meteor/emp
	qdel() Count: 10
	Destroy() Cost: 6ms
Path: /obj/item/organ/internal/eyes/insectoid/nabber
	Failures: 3
	qdel() Count: 4
	Destroy() Cost: 6ms
	Total Hard Deletes 3
	Time Spent Hard Deleting: 0ms
Path: /obj/item/organ/internal/brain/insectoid/nabber
	qdel() Count: 4
	Destroy() Cost: 6ms
Path: /turf/simulated/floor/tiled/steel_ridged
	qdel() Count: 19
	Destroy() Cost: 6ms
Path: /obj/structure/grille
	qdel() Count: 7
	Destroy() Cost: 5.99999ms
Path: /datum/reagent/space_cleaner
	qdel() Count: 18
	Destroy() Cost: 5.99999ms
Path: /obj/item/organ/external/hand/right/insectoid
	qdel() Count: 4
	Destroy() Cost: 5.00001ms
Path: /obj/item/weapon/stock_parts/computer/battery_module
	qdel() Count: 5
	Destroy() Cost: 5ms
Path: /obj/item/clothing/mask/smokable/cigarette/cigar
	qdel() Count: 2
	Destroy() Cost: 5ms
Path: /obj/random/drinkbottle
	qdel() Count: 17
	Destroy() Cost: 5ms
Path: /obj/random/snack
	qdel() Count: 17
	Destroy() Cost: 5ms
Path: /obj/effect/floor_decal/corner/research/half
	qdel() Count: 17
	Destroy() Cost: 5ms
Path: /obj/effect/floor_decal/corner/paleblue/three_quarters
	qdel() Count: 14
	Destroy() Cost: 5ms
Path: /obj/effect/floor_decal/corner/paleblue/half
	qdel() Count: 14
	Destroy() Cost: 5ms
Path: /obj/effect/floor_decal/corner/blue/half
	qdel() Count: 13
	Destroy() Cost: 5ms
Path: /obj/random/clipboard
	qdel() Count: 11
	Destroy() Cost: 5ms
Path: /obj/random/action_figure
	qdel() Count: 10
	Destroy() Cost: 5ms
Path: /obj/random/voidhelmet
	qdel() Count: 9
	Destroy() Cost: 5ms
Path: /obj/random/solgov
	qdel() Count: 5
	Destroy() Cost: 5ms
Path: /obj/effect/decal/cleanable/dirt
	qdel() Count: 14
	Destroy() Cost: 5ms
Path: /datum/nano_module/alarm_monitor/all
	qdel() Count: 9
	Destroy() Cost: 5ms
Path: /datum/nano_module/power_monitor
	qdel() Count: 9
	Destroy() Cost: 5ms
Path: /obj/item/organ/external/foot/insectoid
	qdel() Count: 4
	Destroy() Cost: 5ms
Path: /obj/item/organ/internal/lungs/insectoid/nabber
	qdel() Count: 4
	Destroy() Cost: 5ms
Path: /obj/item/organ/internal/acetone
	qdel() Count: 4
	Destroy() Cost: 5ms
Path: /obj/item/organ/internal/phoron
	qdel() Count: 4
	Destroy() Cost: 5ms
Path: /obj/item/weapon/reagent_containers/food/snacks/donut/normal
	qdel() Count: 4
	Destroy() Cost: 5ms
Path: /obj/item/weapon/reagent_containers/food/snacks/variable
	qdel() Count: 4
	Destroy() Cost: 5ms
Path: /obj/item/weapon/weldingtool
	qdel() Count: 3
	Destroy() Cost: 5ms
Path: /obj/item/organ/internal/liver/insectoid/nabber
	qdel() Count: 4
	Destroy() Cost: 5ms
Path: /obj/item/organ/internal/voicebox/nabber
	qdel() Count: 4
	Destroy() Cost: 4.99999ms
Path: /obj/item/organ/external/hand/insectoid
	qdel() Count: 4
	Destroy() Cost: 4.99999ms
Path: /obj/item/organ/internal/brain/unathi
	qdel() Count: 3
	Destroy() Cost: 4.00001ms
Path: /obj/item/stack/material/plasteel
	qdel() Count: 5
	Destroy() Cost: 4ms
Path: /datum/wound/burn/moderate
	qdel() Count: 16
	Destroy() Cost: 4ms
Path: /datum/nano_module/atmos_control
	qdel() Count: 9
	Destroy() Cost: 4ms
Path: /datum/nano_module/crew_monitor
	qdel() Count: 9
	Destroy() Cost: 4ms
Path: /obj/item/weapon/ore/uranium
	qdel() Count: 6
	Destroy() Cost: 4ms
Path: /obj/item/stack/material/glass
	qdel() Count: 4
	Destroy() Cost: 4ms
Path: /obj/item/underwear/top
	qdel() Count: 4
	Destroy() Cost: 4ms
Path: /obj/machinery/button/blast_door
	qdel() Count: 2
	Destroy() Cost: 4ms
Path: /obj/item/weapon/storage/box
	qdel() Count: 1
	Destroy() Cost: 4ms
Path: /obj/machinery/atmospherics/pipe/manifold/hidden/supply
	qdel() Count: 1
	Destroy() Cost: 4ms
Path: /obj/effect/floor_decal/corner/mauve
	qdel() Count: 23
	Destroy() Cost: 4ms
Path: /obj/effect/floor_decal/corner/mauve/mono
	qdel() Count: 13
	Destroy() Cost: 4ms
Path: /obj/effect/floor_decal/spline/fancy/black
	qdel() Count: 12
	Destroy() Cost: 4ms
Path: /obj/effect/floor_decal/chapel
	qdel() Count: 12
	Destroy() Cost: 4ms
Path: /obj/effect/floor_decal/corner/lime/three_quarters
	qdel() Count: 10
	Destroy() Cost: 4ms
Path: /obj/effect/floor_decal/industrial/shutoff
	qdel() Count: 10
	Destroy() Cost: 4ms
Path: /obj/effect/wallframe_spawn/reinforced/polarized/no_grille/regular
	qdel() Count: 10
	Destroy() Cost: 4ms
Path: /obj/random/storage
	qdel() Count: 9
	Destroy() Cost: 4ms
Path: /obj/machinery/computer/arcade
	qdel() Count: 9
	Destroy() Cost: 4ms
Path: /obj/random/plushie
	qdel() Count: 8
	Destroy() Cost: 4ms
Path: /obj/machinery/atmospherics/pipe/simple/hidden/supply
	qdel() Count: 7
	Destroy() Cost: 4ms
Path: /obj/effect/floor_decal/industrial/hatch/orange
	qdel() Count: 6
	Destroy() Cost: 4ms
Path: /obj/effect/meteor/golden
	qdel() Count: 5
	Destroy() Cost: 4ms
Path: /mob/living/simple_animal/tindalos
	qdel() Count: 1
	Destroy() Cost: 4ms
	Total Hard Deletes 1
	Time Spent Hard Deleting: 0ms
Path: /obj/item/weapon/flamethrower/full
	qdel() Count: 1
	Destroy() Cost: 4ms
Path: /obj/item/weapon/storage/pill_bottle
	qdel() Count: 1
	Destroy() Cost: 4ms
Path: /obj/lighting_plane
	qdel() Count: 17
	Destroy() Cost: 4ms
Path: /obj/item/weapon/storage/backpack/explorer
	qdel() Count: 1
	Destroy() Cost: 4ms
Path: /datum/nano_module/crew_manifest
	qdel() Count: 11
	Destroy() Cost: 3.99999ms
Path: /datum/follow_holder/human
	qdel() Count: 11
	Destroy() Cost: 3.99999ms
Path: /datum/nano_module/forceauthorization
	qdel() Count: 9
	Destroy() Cost: 3.99999ms
Path: /datum/nano_module/skill_ui/antag
	qdel() Count: 9
	Destroy() Cost: 3.00001ms
Path: /datum/nano_module/skill_ui/antag/station
	qdel() Count: 9
	Destroy() Cost: 3ms
Path: /datum/nano_module/supermatter_monitor
	qdel() Count: 9
	Destroy() Cost: 3ms
Path: /datum/nano_module/digitalwarrant
	qdel() Count: 9
	Destroy() Cost: 3ms
Path: /datum/nano_module/law_manager
	qdel() Count: 9
	Destroy() Cost: 3ms
Path: /obj/effect/decal/cleanable/blood/oil/streak
	qdel() Count: 5
	Destroy() Cost: 3ms
Path: /obj/structure/girder
	qdel() Count: 3
	Destroy() Cost: 3ms
Path: /datum/effect/effect/system/spark_spread
	qdel() Count: 11
	Destroy() Cost: 3ms
Path: /datum/follow_holder/eye
	qdel() Count: 9
	Destroy() Cost: 3ms
Path: /turf/simulated/wall/r_wall/hull
	qdel() Count: 14
	Destroy() Cost: 3ms
Path: /obj/effect/floor_decal/corner/brown/mono
	qdel() Count: 17
	Destroy() Cost: 3ms
Path: /obj/random/cash
	qdel() Count: 16
	Destroy() Cost: 3ms
Path: /obj/effect/floor_decal/industrial/warning/full
	qdel() Count: 14
	Destroy() Cost: 3ms
Path: /obj/random/coin
	qdel() Count: 12
	Destroy() Cost: 3ms
Path: /turf/simulated/floor/tiled/steel_grid
	qdel() Count: 12
	Destroy() Cost: 3ms
Path: /obj/effect/floor_decal/corner/yellow/mono
	qdel() Count: 9
	Destroy() Cost: 3ms
Path: /obj/effect/wingrille_spawn/reinforced_phoron/full
	qdel() Count: 9
	Destroy() Cost: 3ms
Path: /obj/effect/floor_decal/spline/plain/grey
	qdel() Count: 8
	Destroy() Cost: 3ms
Path: /datum/overmap_event/ion
	qdel() Count: 8
	Destroy() Cost: 3ms
Path: /obj/effect/floor_decal/spline/plain/beige
	qdel() Count: 7
	Destroy() Cost: 3ms
Path: /obj/random/energy
	qdel() Count: 6
	Destroy() Cost: 3ms
Path: /obj/random/single/lighter
	qdel() Count: 6
	Destroy() Cost: 3ms
Path: /obj/random/glasses
	qdel() Count: 6
	Destroy() Cost: 3ms
Path: /datum/overmap_event/meteor
	qdel() Count: 6
	Destroy() Cost: 3ms
Path: /obj/random/hat
	qdel() Count: 5
	Destroy() Cost: 3ms
Path: /obj/effect/floor_decal/corner/paleblue/mono
	qdel() Count: 5
	Destroy() Cost: 3ms
Path: /obj/effect/floor_decal/corner/red/full
	qdel() Count: 3
	Destroy() Cost: 3ms
Path: /obj/effect/spawner/newbomb/timer/syndicate
	qdel() Count: 3
	Destroy() Cost: 3ms
Path: /obj/item/stack/material/steel
	qdel() Count: 3
	Destroy() Cost: 3ms
Path: /obj/machinery/door/blast/regular
	qdel() Count: 1
	Destroy() Cost: 3ms
Path: /obj/item/organ/internal/eyes/unathi
	qdel() Count: 3
	Destroy() Cost: 3ms
Path: /obj/machinery/camera/network/research
	qdel() Count: 1
	Destroy() Cost: 3ms
Path: /obj/item/weapon/welder_tank
	qdel() Count: 3
	Destroy() Cost: 3ms
Path: /datum/reagent/adrenaline
	qdel() Count: 3
	Destroy() Cost: 3ms
Path: /datum/reagent/tobacco
	qdel() Count: 10
	Destroy() Cost: 3ms
Path: /obj/item/weapon/reagent_containers/food/snacks/badrecipe
	qdel() Count: 3
	Destroy() Cost: 3ms
Path: /datum/extension/base_icon_state
	qdel() Count: 12
	Destroy() Cost: 3ms
Path: /datum/hud/human
	qdel() Count: 7
	Destroy() Cost: 3ms
Path: /obj/item/weapon/pen
	qdel() Count: 4
	Destroy() Cost: 3ms
Path: /datum/nano_module/shields_monitor
	qdel() Count: 9
	Destroy() Cost: 2.99999ms
Path: /datum/nano_module/arcade_classic
	qdel() Count: 9
	Destroy() Cost: 2.99999ms
Path: /obj/item/weapon/stock_parts/computer/tesla_link
	qdel() Count: 5
	Destroy() Cost: 2.99999ms
Path: /obj/item/clothing/accessory/buddytag
	qdel() Count: 2
	Destroy() Cost: 2.99999ms
Path: /obj/item/device/radio
	qdel() Count: 1
	Destroy() Cost: 2.99999ms
Path: /datum/report_field/simple_text/crew_record/fingerprint
	qdel() Count: 3
	Destroy() Cost: 2.00004ms
Path: /datum/reagent/fuel
	qdel() Count: 5
	Destroy() Cost: 2.00002ms
Path: /obj/item/weapon/flame/lighter/zippo/gunmetal
	qdel() Count: 1
	Destroy() Cost: 2.00002ms
Path: /datum/extension/appearance/cardborg
	qdel() Count: 12
	Destroy() Cost: 2.00001ms
Path: /datum/nano_module/program/email_administration
	qdel() Count: 9
	Destroy() Cost: 2.00001ms
Path: /datum/nano_module/rcon
	qdel() Count: 9
	Destroy() Cost: 2.00001ms
Path: /datum/nano_module/docking
	qdel() Count: 9
	Destroy() Cost: 2.00001ms
Path: /datum/nano_module/supply
	qdel() Count: 9
	Destroy() Cost: 2.00001ms
Path: /datum/report_field/options/crew_record/rank
	qdel() Count: 3
	Destroy() Cost: 2.00001ms
Path: /obj/item/weapon/material/knife/folding/swiss/explorer
	qdel() Count: 2
	Destroy() Cost: 2.00001ms
Path: /obj/item/device/radio/headset/heads/torchexec
	qdel() Count: 1
	Destroy() Cost: 2.00001ms
Path: /obj/item/weapon/ore/osmium
	qdel() Count: 2
	Destroy() Cost: 2ms
Path: /datum/reagent/random/one
	qdel() Count: 13
	Destroy() Cost: 2ms
Path: /datum/reagent/inaprovaline
	qdel() Count: 12
	Destroy() Cost: 2ms
Path: /datum/reagent/lactate
	qdel() Count: 4
	Destroy() Cost: 2ms
Path: /datum/trader/ship/pet_shop
	qdel() Count: 3
	Destroy() Cost: 2ms
Path: /datum/extension/armor
	qdel() Count: 3
	Destroy() Cost: 2ms
Path: /datum/reagent/deletrathol
	qdel() Count: 2
	Destroy() Cost: 2ms
Path: /obj/effect/explosion
	qdel() Count: 2
	Destroy() Cost: 2ms
Path: /obj/effect/decal/cleanable/blood/tracks/body
	qdel() Count: 2
	Destroy() Cost: 2ms
Path: /obj/item/clothing/mask/smokable/cigarette
	qdel() Count: 1
	Destroy() Cost: 2ms
Path: /obj/item/stack/tile/techgrey
	qdel() Count: 1
	Destroy() Cost: 2ms
Path: /datum/pipeline
	qdel() Count: 1
	Destroy() Cost: 2ms
Path: /obj/item/device/radio/headset/exploration
	qdel() Count: 1
	Destroy() Cost: 2ms
Path: /obj/effect/decal/cleanable/blood/splatter
	qdel() Count: 18
	Destroy() Cost: 2ms
Path: /obj/screen/fullscreen/flash
	qdel() Count: 11
	Destroy() Cost: 2ms
Path: /obj/effect/floor_decal/industrial/loading
	qdel() Count: 10
	Destroy() Cost: 2ms
Path: /obj/effect/fluid_mapped
	qdel() Count: 8
	Destroy() Cost: 2ms
Path: /obj/random/advdevice
	qdel() Count: 7
	Destroy() Cost: 2ms
Path: /datum/overmap_event/carp
	qdel() Count: 7
	Destroy() Cost: 2ms
Path: /datum/overmap_event/electric
	qdel() Count: 7
	Destroy() Cost: 2ms
Path: /obj/screen/credit
	qdel() Count: 7
	Destroy() Cost: 2ms
Path: /obj/effect/floor_decal/industrial/warning/cee
	qdel() Count: 6
	Destroy() Cost: 2ms
Path: /obj/random/closet
	qdel() Count: 6
	Destroy() Cost: 2ms
Path: /obj/effect/floor_decal/industrial/hatch/blue
	qdel() Count: 6
	Destroy() Cost: 2ms
Path: /obj/effect/floor_decal/spline/plain/red
	qdel() Count: 5
	Destroy() Cost: 2ms
Path: /obj/effect/floor_decal/corner/yellow/diagonal
	qdel() Count: 5
	Destroy() Cost: 2ms
Path: /obj/effect/floor_decal/corner/black
	qdel() Count: 5
	Destroy() Cost: 2ms
Path: /datum/overmap_event/carp/major
	qdel() Count: 5
	Destroy() Cost: 2ms
Path: /obj/random/suit
	qdel() Count: 4
	Destroy() Cost: 2ms
Path: /obj/effect/floor_decal/corner/lime/mono
	qdel() Count: 4
	Destroy() Cost: 2ms
Path: /obj/effect/floor_decal/techfloor/hole/right
	qdel() Count: 4
	Destroy() Cost: 2ms
Path: /obj/effect/floor_decal/torchltdlogo
	qdel() Count: 4
	Destroy() Cost: 2ms
Path: /obj/effect/floor_decal/spline/plain/brown
	qdel() Count: 4
	Destroy() Cost: 2ms
Path: /obj/effect/floor_decal/stoneborder/corner
	qdel() Count: 4
	Destroy() Cost: 2ms
Path: /obj/machinery/atmospherics/pipe/simple/hidden/scrubbers
	qdel() Count: 4
	Destroy() Cost: 2ms
Path: /obj/machinery/atmospherics/pipe/simple/visible/yellow
	qdel() Count: 4
	Destroy() Cost: 2ms
Path: /obj/random/handgun
	qdel() Count: 3
	Destroy() Cost: 2ms
Path: /obj/prefab/hand_teleporter
	qdel() Count: 3
	Destroy() Cost: 2ms
Path: /obj/effect/wingrille_spawn/reinforced
	qdel() Count: 3
	Destroy() Cost: 2ms
Path: /datum/trader/ship/egunshop
	qdel() Count: 3
	Destroy() Cost: 2ms
Path: /obj/machinery/door/firedoor
	qdel() Count: 2
	Destroy() Cost: 2ms
Path: /obj/effect/floor_decal/corner/white/full
	qdel() Count: 2
	Destroy() Cost: 2ms
Path: /obj/effect/decal/cleanable/blood
	qdel() Count: 2
	Destroy() Cost: 2ms
Path: /obj/item/device/assembly/igniter
	qdel() Count: 2
	Destroy() Cost: 2ms
Path: /obj/item/ammo_casing/shotgun/blank
	qdel() Count: 1
	Destroy() Cost: 2ms
Path: /obj/item/projectile/bullet/blank
	qdel() Count: 1
	Destroy() Cost: 2ms
Path: /obj/item/ammo_casing/shotgun/flash
	qdel() Count: 1
	Destroy() Cost: 2ms
Path: /obj/item/device/assembly/infra
	qdel() Count: 1
	Destroy() Cost: 2ms
Path: /obj/item/device/radio/electropack
	qdel() Count: 1
	Destroy() Cost: 2ms
Path: /obj/item/device/radio/headset
	qdel() Count: 1
	Destroy() Cost: 2ms
Path: /obj/item/device/radio/off
	qdel() Count: 1
	Destroy() Cost: 2ms
Path: /obj/item/device/suit_cooling_unit
	qdel() Count: 1
	Destroy() Cost: 2ms
Path: /obj/item/weapon/weldingtool/largetank
	qdel() Count: 1
	Destroy() Cost: 2ms
Path: /obj/item/clothing/mask/smokable/cigarette/cigar/cohiba
	qdel() Count: 1
	Destroy() Cost: 2ms
Path: /obj/effect/decal/cleanable/greenglow
	qdel() Count: 3
	Destroy() Cost: 2ms
Path: /obj/item/weapon/stock_parts/radio/receiver
	qdel() Count: 3
	Destroy() Cost: 2ms
Path: /obj/item/weapon/reagent_containers/food/snacks/slice/margherita/filled
	qdel() Count: 1
	Destroy() Cost: 2ms
Path: /obj/item/weapon/reagent_containers/food/snacks/donut
	qdel() Count: 1
	Destroy() Cost: 2ms
Path: /obj/structure/foamedmetal
	qdel() Count: 2
	Destroy() Cost: 2ms
	No hint: 2 times
Path: /obj/machinery/atmospherics/unary/vent_pump/on
	qdel() Count: 1
	Destroy() Cost: 2ms
Path: /obj/machinery/firealarm
	qdel() Count: 1
	Destroy() Cost: 2ms
Path: /obj/item/weapon/ore/glass
	qdel() Count: 4
	Destroy() Cost: 2ms
Path: /datum/nano_module/program/computer_ntnetmonitor
	qdel() Count: 9
	Destroy() Cost: 2ms
Path: /datum/nano_module/skill_ui/antag/station/offstation
	qdel() Count: 9
	Destroy() Cost: 2ms
Path: /datum/nano_module/skill_ui/admin
	qdel() Count: 9
	Destroy() Cost: 2ms
Path: /datum/nano_module/camera_monitor
	qdel() Count: 9
	Destroy() Cost: 2ms
Path: /datum/nano_module/deck_management
	qdel() Count: 9
	Destroy() Cost: 2ms
Path: /datum/follow_holder/ai
	qdel() Count: 9
	Destroy() Cost: 2ms
Path: /obj/item/weapon/stock_parts/computer/hard_drive/small
	qdel() Count: 5
	Destroy() Cost: 2ms
Path: /obj/item/weapon/stock_parts/computer/network_card
	qdel() Count: 5
	Destroy() Cost: 2ms
Path: /datum/report_field/simple_text/crew_record/job
	qdel() Count: 3
	Destroy() Cost: 2ms
Path: /datum/report_field/options/crew_record/status
	qdel() Count: 3
	Destroy() Cost: 2ms
Path: /datum/report_field/options/crew_record/bloodtype
	qdel() Count: 3
	Destroy() Cost: 2ms
Path: /datum/report_field/options/crew_record/criminalStatus
	qdel() Count: 3
	Destroy() Cost: 2ms
Path: /datum/report_field/simple_text/crew_record/faction
	qdel() Count: 3
	Destroy() Cost: 2ms
Path: /datum/click_handler/default
	qdel() Count: 3
	Destroy() Cost: 2ms
Path: /obj/item/clothing/accessory/solgov/department/command
	qdel() Count: 1
	Destroy() Cost: 2ms
Path: /obj/item/weapon/soap
	qdel() Count: 1
	Destroy() Cost: 2ms
Path: /obj/item/weapon/tank/oxygen
	qdel() Count: 1
	Destroy() Cost: 2ms
Path: /obj/item/weapon/material/hatchet/machete
	qdel() Count: 1
	Destroy() Cost: 1.00004ms
Path: /datum/report_field/pencode_text/crew_record/skillset
	qdel() Count: 3
	Destroy() Cost: 1.00001ms
Path: /obj/item/weapon/stock_parts/computer/scanner/atmos
	qdel() Count: 2
	Destroy() Cost: 1.00001ms
Path: /obj/item/weapon/card/id/torch/passenger/research
	qdel() Count: 1
	Destroy() Cost: 1.00001ms
Path: /obj/item/clothing/accessory/solgov/department/exploration
	qdel() Count: 1
	Destroy() Cost: 1.00001ms
Path: /datum/reagent/nutriment/sprinkles
	qdel() Count: 6
	Destroy() Cost: 1ms
Path: /obj/item/weapon/stock_parts/radio/transmitter/basic
	qdel() Count: 2
	Destroy() Cost: 1ms
Path: /obj/item/weapon/reagent_containers/food/snacks/spacetwinkie
	qdel() Count: 1
	Destroy() Cost: 1ms
Path: /obj/item/underwear/undershirt
	qdel() Count: 1
	Destroy() Cost: 1ms
Path: /obj/item/device/radio/intercom
	qdel() Count: 1
	Destroy() Cost: 1ms
Path: /obj/structure/sign/warning/deathsposal
	qdel() Count: 1
	Destroy() Cost: 1ms
Path: /datum/nano_module/program/computer_ntnetdownload
	qdel() Count: 1
	Destroy() Cost: 1ms
Path: /obj/item/clothing/under/solgov/utility/expeditionary/officer/command
	qdel() Count: 1
	Destroy() Cost: 1ms
Path: /obj/item/clothing/accessory/solgov/rank/ec/officer/o6
	qdel() Count: 1
	Destroy() Cost: 1ms
Path: /obj/item/taperoll/research
	qdel() Count: 1
	Destroy() Cost: 1ms
Path: /obj/effect/decal/cleanable/generic
	qdel() Count: 2
	Destroy() Cost: 1ms
Path: /obj/effect/gibspawner/generic
	qdel() Count: 2
	Destroy() Cost: 1ms
Path: /datum/movement_handler/mob/transformation
	qdel() Count: 2
	Destroy() Cost: 1ms
Path: /obj/item/grab/nab
	qdel() Count: 1
	Destroy() Cost: 1ms
Path: /obj/structure/cable/yellow
	qdel() Count: 1
	Destroy() Cost: 1ms
Path: /obj/structure/window/reinforced
	qdel() Count: 1
	Destroy() Cost: 1ms
Path: /obj/structure/disposalpipe/segment
	qdel() Count: 1
	Destroy() Cost: 1ms
Path: /obj/item/weapon/ore/phoron
	qdel() Count: 1
	Destroy() Cost: 1ms
Path: /obj/structure/window/basic/full
	qdel() Count: 1
	Destroy() Cost: 1ms
Path: /obj/structure/window
	qdel() Count: 1
	Destroy() Cost: 1ms
Path: /datum/trader/ship/unique/wizard
	qdel() Count: 1
	Destroy() Cost: 1ms
Path: /datum/radiation_source
	qdel() Count: 3
	Destroy() Cost: 1ms
Path: /obj/effect/floor_decal/corner/purple
	qdel() Count: 55
	Destroy() Cost: 1ms
Path: /obj/screen/fullscreen/blurry
	qdel() Count: 21
	Destroy() Cost: 1ms
Path: /obj/effect/mobius_rift/chamber
	qdel() Count: 16
	Destroy() Cost: 1ms
Path: /obj/effect/wallframe_spawn/reinforced_phoron/titanium
	qdel() Count: 11
	Destroy() Cost: 1ms
Path: /obj/screen/fullscreen/brute
	qdel() Count: 8
	Destroy() Cost: 1ms
Path: /obj/screen/fullscreen/crit
	qdel() Count: 8
	Destroy() Cost: 1ms
Path: /obj/effect/landmark/corpse/slavers_base/slave
	qdel() Count: 7
	Destroy() Cost: 1ms
Path: /obj/random/contraband
	qdel() Count: 7
	Destroy() Cost: 1ms
Path: /obj/effect/floor_decal/industrial/outline
	qdel() Count: 6
	Destroy() Cost: 1ms
Path: /datum/reagent/carbon
	qdel() Count: 6
	Destroy() Cost: 1ms
Path: /obj/random/toy
	qdel() Count: 5
	Destroy() Cost: 1ms
Path: /obj/random/masks
	qdel() Count: 4
	Destroy() Cost: 1ms
Path: /obj/random/accessory
	qdel() Count: 4
	Destroy() Cost: 1ms
Path: /obj/effect/floor_decal/corner/orange
	qdel() Count: 4
	Destroy() Cost: 1ms
Path: /datum/reagent/dexalin
	qdel() Count: 4
	Destroy() Cost: 1ms
Path: /obj/random/shoes
	qdel() Count: 3
	Destroy() Cost: 1ms
Path: /obj/effect/floor_decal/corner/purple/three_quarters
	qdel() Count: 3
	Destroy() Cost: 1ms
Path: /turf/simulated/floor/tiled/techmaint
	qdel() Count: 3
	Destroy() Cost: 1ms
Path: /obj/effect/floor_decal/techfloor/orange
	qdel() Count: 3
	Destroy() Cost: 1ms
Path: /obj/effect/floor_decal/corner/b_green
	qdel() Count: 3
	Destroy() Cost: 1ms
Path: /datum/trader/ship/toyshop
	qdel() Count: 3
	Destroy() Cost: 1ms
Path: /obj/item/weapon/stock_parts/power/battery/buildable/stock
	qdel() Count: 2
	Destroy() Cost: 1ms
Path: /obj/random/single/playing_cards
	qdel() Count: 2
	Destroy() Cost: 1ms
Path: /obj/effect/floor_decal/industrial/hatch/red
	qdel() Count: 2
	Destroy() Cost: 1ms
Path: /obj/effect/catwalk_plated/white
	qdel() Count: 2
	Destroy() Cost: 1ms
Path: /obj/random/assembly
	qdel() Count: 2
	Destroy() Cost: 1ms
Path: /obj/effect/floor_decal/corner/yellow/full
	qdel() Count: 2
	Destroy() Cost: 1ms
Path: /turf/simulated/floor/fixed/alium/ruin
	qdel() Count: 2
	Destroy() Cost: 1ms
Path: /datum/reagent/lithium
	qdel() Count: 2
	Destroy() Cost: 1ms
Path: /obj/effect/floor_decal/techfloor/hole
	qdel() Count: 1
	Destroy() Cost: 1ms
Path: /obj/item/weapon/hand/missing_card
	qdel() Count: 1
	Destroy() Cost: 1ms
Path: /obj/effect/floor_decal/carpet/corners
	qdel() Count: 1
	Destroy() Cost: 1ms
Path: /obj/effect/landmark/corpse/scientist
	qdel() Count: 1
	Destroy() Cost: 1ms
Path: /obj/effect/landmark/corpse/bridgeofficer
	qdel() Count: 1
	Destroy() Cost: 1ms
Path: /obj/effect/landmark/corpse/doctor
	qdel() Count: 1
	Destroy() Cost: 1ms
Path: /obj/item/ammo_casing/shotgun
	qdel() Count: 1
	Destroy() Cost: 1ms
Path: /obj/item/projectile/bullet/shotgun
	qdel() Count: 1
	Destroy() Cost: 1ms
Path: /obj/item/projectile/energy/flash/flare
	qdel() Count: 1
	Destroy() Cost: 1ms
Path: /obj/item/ammo_casing/shotgun/pellet
	qdel() Count: 1
	Destroy() Cost: 1ms
Path: /obj/item/projectile/bullet/pellet/shotgun
	qdel() Count: 1
	Destroy() Cost: 1ms
Path: /obj/item/ammo_casing/shotgun/stunshell
	qdel() Count: 1
	Destroy() Cost: 1ms
Path: /obj/item/weapon/syringe_cartridge
	qdel() Count: 1
	Destroy() Cost: 1ms
Path: /obj/item/weapon/stock_parts/power/apc/buildable
	qdel() Count: 1
	Destroy() Cost: 1ms
Path: /obj/item/weapon/stock_parts/power/battery/buildable/turbo
	qdel() Count: 1
	Destroy() Cost: 1ms
Path: /obj/item/weapon/stock_parts/power/terminal/buildable
	qdel() Count: 1
	Destroy() Cost: 1ms
Path: /datum/proximity_trigger/line
	qdel() Count: 1
	Destroy() Cost: 1ms
Path: /obj/item/stack/cable_coil/single
	qdel() Count: 1
	Destroy() Cost: 1ms
Path: /obj/item/weapon/cell/device/standard
	qdel() Count: 1
	Destroy() Cost: 1ms
Path: /obj/item/conveyor_construct
	qdel() Count: 1
	Destroy() Cost: 1ms
Path: /obj/item/conveyor_switch_construct/oneway
	qdel() Count: 1
	Destroy() Cost: 1ms
Path: /obj/item/weapon/firealarm_electronics
	qdel() Count: 1
	Destroy() Cost: 1ms
Path: /obj/item/weapon/rcd_ammo
	qdel() Count: 1
	Destroy() Cost: 1ms
Path: /obj/item/weapon/rcd
	qdel() Count: 1
	Destroy() Cost: 1ms
Path: /obj/item/weapon/airlock_electronics
	qdel() Count: 1
	Destroy() Cost: 1ms
Path: /obj/item/weapon/reagent_containers/food/drinks/glass2/rocks
	qdel() Count: 1
	Destroy() Cost: 1ms
Path: /obj/item/weapon/reagent_containers/food/drinks/glass2/shake
	qdel() Count: 1
	Destroy() Cost: 1ms
Path: /obj/item/weapon/reagent_containers/food/drinks/glass2/cocktail
	qdel() Count: 1
	Destroy() Cost: 1ms
Path: /obj/item/weapon/reagent_containers/food/drinks/glass2/shot
	qdel() Count: 1
	Destroy() Cost: 1ms
Path: /obj/item/weapon/reagent_containers/food/drinks/glass2/carafe
	qdel() Count: 1
	Destroy() Cost: 1ms
Path: /obj/item/weapon/reagent_containers/food/drinks/glass2/square
	qdel() Count: 1
	Destroy() Cost: 1ms
Path: /obj/machinery/floor_light
	qdel() Count: 1
	Destroy() Cost: 1ms
Path: /obj/item/glass_jar
	qdel() Count: 1
	Destroy() Cost: 1ms
Path: /obj/item/device/encryptionkey
	qdel() Count: 1
	Destroy() Cost: 1ms
Path: /obj/item/weapon/cell/high
	qdel() Count: 1
	Destroy() Cost: 1ms
Path: /obj/item/weapon/material/knife/kitchen
	qdel() Count: 1
	Destroy() Cost: 1ms
Path: /obj/item/device/taperecorder/empty
	qdel() Count: 1
	Destroy() Cost: 1ms
Path: /obj/item/weapon/light/tube/large
	qdel() Count: 1
	Destroy() Cost: 1ms
Path: /obj/item/weapon/light/bulb
	qdel() Count: 1
	Destroy() Cost: 1ms
Path: /obj/item/weapon/pen/red
	qdel() Count: 1
	Destroy() Cost: 1ms
Path: /obj/item/device/destTagger
	qdel() Count: 1
	Destroy() Cost: 1ms
Path: /obj/item/weapon/handcuffs
	qdel() Count: 1
	Destroy() Cost: 1ms
Path: /obj/item/weapon/surgicaldrill
	qdel() Count: 1
	Destroy() Cost: 1ms
Path: /obj/item/weapon/cautery
	qdel() Count: 1
	Destroy() Cost: 1ms
Path: /obj/item/weapon/reagent_containers/glass/beaker
	qdel() Count: 1
	Destroy() Cost: 1ms
Path: /obj/item/weapon/reagent_containers/glass/beaker/large
	qdel() Count: 1
	Destroy() Cost: 1ms
Path: /obj/item/weapon/reagent_containers/glass/beaker/insulated/large
	qdel() Count: 1
	Destroy() Cost: 1ms
Path: /obj/item/weapon/reagent_containers/glass/beaker/vial
	qdel() Count: 1
	Destroy() Cost: 1ms
Path: /obj/item/weapon/reagent_containers/syringe
	qdel() Count: 1
	Destroy() Cost: 1ms
Path: /obj/item/weapon/reagent_containers/hypospray/autoinjector/empty
	qdel() Count: 1
	Destroy() Cost: 1ms
Path: /obj/item/device/integrated_electronics/wirer
	qdel() Count: 1
	Destroy() Cost: 1ms
Path: /obj/item/device/integrated_electronics/analyzer
	qdel() Count: 1
	Destroy() Cost: 1ms
Path: /obj/item/weapon/wirecutters
	qdel() Count: 1
	Destroy() Cost: 1ms
Path: /obj/item/weapon/material/hatchet
	qdel() Count: 1
	Destroy() Cost: 1ms
Path: /obj/item/weapon/welder_tank/large
	qdel() Count: 1
	Destroy() Cost: 1ms
Path: /obj/item/weapon/material/kitchen/utensil/spoon
	qdel() Count: 1
	Destroy() Cost: 1ms
Path: /obj/item/weapon/material/kitchen/utensil/spork
	qdel() Count: 1
	Destroy() Cost: 1ms
Path: /obj/item/weapon/material/kitchen/utensil/foon
	qdel() Count: 1
	Destroy() Cost: 1ms
Path: /obj/item/weapon/material/kitchen/utensil/fork/plastic
	qdel() Count: 1
	Destroy() Cost: 1ms
Path: /obj/item/weapon/material/kitchen/utensil/spork/plastic
	qdel() Count: 1
	Destroy() Cost: 1ms
Path: /obj/item/weapon/material/knife/table/plastic
	qdel() Count: 1
	Destroy() Cost: 1ms
Path: /obj/item/weapon/material/kitchen/utensil/fork
	qdel() Count: 1
	Destroy() Cost: 1ms
Path: /obj/item/weapon/reagent_containers/food/snacks/soylenviridians
	qdel() Count: 1
	Destroy() Cost: 1ms
Path: /obj/item/weapon/reagent_containers/food/snacks/fries
	qdel() Count: 1
	Destroy() Cost: 1ms
Path: /obj/item/weapon/reagent_containers/food/snacks/soydope
	qdel() Count: 1
	Destroy() Cost: 1ms
Path: /obj/item/weapon/reagent_containers/food/snacks/ricepudding
	qdel() Count: 1
	Destroy() Cost: 1ms
Path: /obj/item/weapon/reagent_containers/food/snacks/tofurkey
	qdel() Count: 1
	Destroy() Cost: 1ms
Path: /datum/codex_category/cultures
	qdel() Count: 1
	Destroy() Cost: 1ms
Path: /datum/codex_category/gases
	qdel() Count: 1
	Destroy() Cost: 1ms
Path: /datum/codex_category/materials
	qdel() Count: 1
	Destroy() Cost: 1ms
Path: /obj/effect/gateway/active/cult
	qdel() Count: 1
	Destroy() Cost: 1ms
Path: /datum/reagent/nutriment/soysauce
	qdel() Count: 1
	Destroy() Cost: 1ms
Path: /datum/reagent/nutriment/coco
	qdel() Count: 1
	Destroy() Cost: 1ms
Path: /datum/reagent/toxin/fertilizer/left4zed
	qdel() Count: 1
	Destroy() Cost: 1ms
Path: /obj/structure/girder/displaced
	qdel() Count: 1
	Destroy() Cost: 1ms
Path: /obj/screen/fullscreen/fadeout
	qdel() Count: 1
	Destroy() Cost: 1ms
Path: /obj/effect/meteor/silver
	qdel() Count: 2
	Destroy() Cost: 1ms
Path: /obj/effect/meteor/flaming
	qdel() Count: 1
	Destroy() Cost: 1ms
Path: /datum/trader/ship/gunshop
	qdel() Count: 1
	Destroy() Cost: 1ms
Path: /obj/item/weapon/reagent_containers/food/snacks/meat/beef
	qdel() Count: 1
	Destroy() Cost: 1ms
Path: /datum/reagent/sodiumchloride
	qdel() Count: 1
	Destroy() Cost: 1ms
Path: /datum/nano_module/program/comm
	qdel() Count: 9
	Destroy() Cost: 0.999998ms
Path: /datum/nano_module/skill_ui
	qdel() Count: 9
	Destroy() Cost: 0.999998ms
Path: /datum/nano_module/library
	qdel() Count: 9
	Destroy() Cost: 0.999998ms
Path: /datum/nano_module/records
	qdel() Count: 9
	Destroy() Cost: 0.999998ms
Path: /obj/item/weapon/stock_parts/computer/card_slot/broadcaster
	qdel() Count: 5
	Destroy() Cost: 0.999998ms
Path: /obj/item/weapon/stock_parts/computer/processor_unit/small
	qdel() Count: 5
	Destroy() Cost: 0.999998ms
Path: /datum/wound/cut/small
	qdel() Count: 3
	Destroy() Cost: 0.999998ms
Path: /datum/extension/interactive/ntos/device
	qdel() Count: 3
	Destroy() Cost: 0.999998ms
Path: /datum/report_field/simple_text/crew_record/formal_name
	qdel() Count: 3
	Destroy() Cost: 0.999998ms
Path: /datum/report_field/number/crew_record/age
	qdel() Count: 3
	Destroy() Cost: 0.999998ms
Path: /datum/report_field/pencode_text/crew_record/medRecord
	qdel() Count: 3
	Destroy() Cost: 0.999998ms
Path: /datum/report_field/pencode_text/crew_record/secRecord
	qdel() Count: 3
	Destroy() Cost: 0.999998ms
Path: /datum/report_field/pencode_text/crew_record/emplRecord
	qdel() Count: 3
	Destroy() Cost: 0.999998ms
Path: /obj/item/weapon/camera_assembly
	qdel() Count: 2
	Destroy() Cost: 0.999998ms
Path: /obj/effect/mist
	qdel() Count: 2
	Destroy() Cost: 0.999998ms
Path: /datum/reagent/iron
	qdel() Count: 2
	Destroy() Cost: 0.999998ms
Path: /obj/item/weapon/pen/multi/cmd/co
	qdel() Count: 2
	Destroy() Cost: 0.999998ms
Path: /obj/item/weapon/stock_parts/computer/scanner/paper
	qdel() Count: 2
	Destroy() Cost: 0.999998ms
Path: /obj/item/device/encryptionkey/exploration
	qdel() Count: 2
	Destroy() Cost: 0.999998ms
Path: /datum/vote/gamemode
	qdel() Count: 1
	Destroy() Cost: 0.999998ms
Path: /obj/item/weapon/reagent_containers/food/snacks/poppypretzel
	qdel() Count: 1
	Destroy() Cost: 0.999998ms
Path: /obj/item/stack/tile/techgrid
	qdel() Count: 1
	Destroy() Cost: 0.999998ms
Path: /obj/item/weapon/reagent_containers/food/snacks/liquidfood
	qdel() Count: 1
	Destroy() Cost: 0.999998ms
Path: /obj/item/clothing/accessory/solgov/ec_patch/fieldops
	qdel() Count: 1
	Destroy() Cost: 0.999998ms
Path: /obj/item/weapon/card/union
	qdel() Count: 1
	Destroy() Cost: 0.999998ms
Path: /obj/item/clothing/head/soft/solgov/expedition/co
	qdel() Count: 1
	Destroy() Cost: 0.999998ms
Path: /obj/item/clothing/ring/engagement
	qdel() Count: 1
	Destroy() Cost: 0.999998ms
Path: /datum/extension/holster
	qdel() Count: 1
	Destroy() Cost: 0.999998ms
Path: /obj/item/device/spaceflare
	qdel() Count: 1
	Destroy() Cost: 0.999998ms
Path: /obj/item/device/scanner/gas
	qdel() Count: 1
	Destroy() Cost: 0.999998ms
Path: /obj/item/device/binoculars
	qdel() Count: 1
	Destroy() Cost: 0.999998ms
Path: /obj/item/weapon/card/id/torch/gold
	qdel() Count: 1
	Destroy() Cost: 0.999998ms
Path: /obj/item/clothing/shoes/sandal
	qdel() Count: 1
	Destroy() Cost: 0.999998ms
Path: /obj/item/clothing/under/solgov/utility/expeditionary/exploration
	qdel() Count: 1
	Destroy() Cost: 0.999998ms
Path: /obj/item/clothing/accessory/solgov/rank/ec/enlisted/e3
	qdel() Count: 1
	Destroy() Cost: 0.999998ms
Path: /obj/item/weapon/card/id/torch/crew/explorer
	qdel() Count: 1
	Destroy() Cost: 0.999998ms
Path: /obj/aura/regenerating/human/unathi
	qdel() Count: 1
	Destroy() Cost: 0.999998ms
Path: /obj/item/weapon/reagent_containers/food/condiment/enzyme
	qdel() Count: 1
	Destroy() Cost: 0.999998ms
Path: /obj/structure/AIcore/deactivated
	qdel() Count: 1
	Destroy() Cost: 0.999998ms
Path: /datum/hud/robot
	qdel() Count: 1
	Destroy() Cost: 0.999998ms
Path: /obj/structure/disposalpipe/trunk
	Failures: 1
	qdel() Count: 1
	Destroy() Cost: 0ms
Path: /obj/screen/fullscreen/blackout
	qdel() Count: 31
	Destroy() Cost: 0ms
Path: /obj/screen/fullscreen/blind
	qdel() Count: 31
	Destroy() Cost: 0ms
Path: /obj/effect/gibspawner/human
	qdel() Count: 18
	Destroy() Cost: 0ms
Path: /obj/random/projectile
	qdel() Count: 12
	Destroy() Cost: 0ms
Path: /obj/effect/floor_decal/corner/mauve/half
	qdel() Count: 12
	Destroy() Cost: 0ms
Path: /datum/announcement/priority
	qdel() Count: 9
	Destroy() Cost: 0ms
Path: /obj/effect/floor_decal/industrial/warning/dust
	qdel() Count: 8
	Destroy() Cost: 0ms
Path: /obj/random/clothing
	qdel() Count: 8
	Destroy() Cost: 0ms
Path: /obj/random/ammo
	qdel() Count: 4
	Destroy() Cost: 0ms
Path: /obj/effect/floor_decal/industrial/hatch
	qdel() Count: 4
	Destroy() Cost: 0ms
Path: /datum/hud
	qdel() Count: 4
	Destroy() Cost: 0ms
Path: /obj/effect/floor_decal/corner/beige/three_quarters
	qdel() Count: 3
	Destroy() Cost: 0ms
Path: /obj/random/hardsuit
	qdel() Count: 3
	Destroy() Cost: 0ms
Path: /obj/screen/fullscreen/oxy
	qdel() Count: 3
	Destroy() Cost: 0ms
Path: /datum/trader/ship/electronics
	qdel() Count: 3
	Destroy() Cost: 0ms
Path: /datum/reagent/toxin/phoron
	qdel() Count: 3
	Destroy() Cost: 0ms
Path: /datum/trader/ship/robots
	qdel() Count: 3
	Destroy() Cost: 0ms
Path: /datum/report_field/simple_text/crew_record/name
	qdel() Count: 3
	Destroy() Cost: 0ms
Path: /datum/report_field/options/crew_record/sex
	qdel() Count: 3
	Destroy() Cost: 0ms
Path: /datum/report_field/simple_text/crew_record/species
	qdel() Count: 3
	Destroy() Cost: 0ms
Path: /datum/report_field/options/crew_record/branch
	qdel() Count: 3
	Destroy() Cost: 0ms
Path: /datum/report_field/simple_text/crew_record/religion
	qdel() Count: 3
	Destroy() Cost: 0ms
Path: /datum/report_field/pencode_text/crew_record/public_record
	qdel() Count: 3
	Destroy() Cost: 0ms
Path: /datum/report_field/pencode_text/crew_record/implants
	qdel() Count: 3
	Destroy() Cost: 0ms
Path: /datum/report_field/simple_text/crew_record/dna
	qdel() Count: 3
	Destroy() Cost: 0ms
Path: /datum/report_field/simple_text/crew_record/homeSystem
	qdel() Count: 3
	Destroy() Cost: 0ms
Path: /datum/report_field/pencode_text/crew_record/antagRecord
	qdel() Count: 3
	Destroy() Cost: 0ms
Path: /datum/reagent/enzyme
	qdel() Count: 3
	Destroy() Cost: 0ms
Path: /obj/random/gloves
	qdel() Count: 2
	Destroy() Cost: 0ms
Path: /obj/effect/landmark/map_data
	qdel() Count: 2
	Destroy() Cost: 0ms
Path: /obj/effect/floor_decal/beach/corner
	qdel() Count: 2
	Destroy() Cost: 0ms
Path: /obj/item/device/flashlight
	qdel() Count: 2
	Destroy() Cost: 0ms
Path: /obj/item/weapon/scalpel
	qdel() Count: 2
	Destroy() Cost: 0ms
Path: /datum/reagent/sodium
	qdel() Count: 2
	Destroy() Cost: 0ms
Path: /datum/reagent/leporazine/hot
	qdel() Count: 2
	Destroy() Cost: 0ms
Path: /datum/trader/ship/clothingshop
	qdel() Count: 2
	Destroy() Cost: 0ms
Path: /datum/trader/ship/prank_shop
	qdel() Count: 2
	Destroy() Cost: 0ms
Path: /obj/item/device/encryptionkey/heads/torchexec
	qdel() Count: 2
	Destroy() Cost: 0ms
Path: /datum/trader/ship/replica_shop
	qdel() Count: 2
	Destroy() Cost: 0ms
Path: /datum/ai_laws/drone
	qdel() Count: 2
	Destroy() Cost: 0ms
Path: /datum/controller
	qdel() Count: 1
	Destroy() Cost: 0ms
Path: /datum/global_init
	qdel() Count: 1
	Destroy() Cost: 0ms
Path: /obj/effect/landmark/corpse/slavers_base/slaver5
	qdel() Count: 1
	Destroy() Cost: 0ms
Path: /obj/effect/landmark/corpse/slavers_base/slaver4
	qdel() Count: 1
	Destroy() Cost: 0ms
Path: /obj/effect/landmark/corpse/slavers_base/slaver6
	qdel() Count: 1
	Destroy() Cost: 0ms
Path: /obj/effect/landmark/corpse/slavers_base/slaver1
	qdel() Count: 1
	Destroy() Cost: 0ms
Path: /obj/effect/landmark/corpse/slavers_base/slaver2
	qdel() Count: 1
	Destroy() Cost: 0ms
Path: /obj/effect/landmark/corpse/slavers_base/slaver3
	qdel() Count: 1
	Destroy() Cost: 0ms
Path: /obj/effect/floor_decal/plaque
	qdel() Count: 1
	Destroy() Cost: 0ms
Path: /obj/effect/decal/cleanable/liquid_fuel
	qdel() Count: 1
	Destroy() Cost: 0ms
Path: /obj/effect/mobius_rift/portals_setup
	qdel() Count: 1
	Destroy() Cost: 0ms
Path: /turf/simulated/floor/exoplanet/snow
	qdel() Count: 1
	Destroy() Cost: 0ms
Path: /obj/turbolift_map_holder/torch
	qdel() Count: 1
	Destroy() Cost: 0ms
Path: /obj/effect/floor_decal/corner/brown/three_quarters
	qdel() Count: 1
	Destroy() Cost: 0ms
Path: /obj/random/vendor
	qdel() Count: 1
	Destroy() Cost: 0ms
Path: /obj/effect/floor_decal/corner/grey/border
	qdel() Count: 1
	Destroy() Cost: 0ms
Path: /obj/effect/floor_decal/corner/grey
	qdel() Count: 1
	Destroy() Cost: 0ms
Path: /obj/random/plushie/large
	qdel() Count: 1
	Destroy() Cost: 0ms
Path: /datum/overmap_event/dust
	qdel() Count: 1
	Destroy() Cost: 0ms
Path: /obj/effect/landmark/corpse/pirate
	qdel() Count: 1
	Destroy() Cost: 0ms
Path: /obj/item/ammo_magazine/shotholder/empty
	qdel() Count: 1
	Destroy() Cost: 0ms
Path: /obj/item/weapon/material/knife/combat
	qdel() Count: 1
	Destroy() Cost: 0ms
Path: /obj/item/weapon/magnetic_ammo/skrell
	qdel() Count: 1
	Destroy() Cost: 0ms
Path: /obj/item/weapon/magnetic_ammo/skrell/slug
	qdel() Count: 1
	Destroy() Cost: 0ms
Path: /obj/item/weapon/material/hatchet/machete/steel
	qdel() Count: 1
	Destroy() Cost: 0ms
Path: /obj/item/weapon/stock_parts/keyboard
	qdel() Count: 1
	Destroy() Cost: 0ms
Path: /obj/item/weapon/stock_parts/power/battery/buildable/crap
	qdel() Count: 1
	Destroy() Cost: 0ms
Path: /obj/item/weapon/stock_parts/power/battery/buildable/responsive
	qdel() Count: 1
	Destroy() Cost: 0ms
Path: /obj/item/device/assembly/signaler
	qdel() Count: 1
	Destroy() Cost: 0ms
Path: /obj/item/device/assembly/timer
	qdel() Count: 1
	Destroy() Cost: 0ms
Path: /obj/item/device/assembly/prox_sensor
	qdel() Count: 1
	Destroy() Cost: 0ms
Path: /obj/item/weapon/beartrap
	qdel() Count: 1
	Destroy() Cost: 0ms
Path: /obj/item/weapon/reagent_containers/ecig_cartridge/blank
	qdel() Count: 1
	Destroy() Cost: 0ms
Path: /obj/item/conveyor_switch_construct
	qdel() Count: 1
	Destroy() Cost: 0ms
Path: /obj/item/weapon/stock_parts/console_screen
	qdel() Count: 1
	Destroy() Cost: 0ms
Path: /obj/item/weapon/airalarm_electronics
	qdel() Count: 1
	Destroy() Cost: 0ms
Path: /obj/item/weapon/module/power_control
	qdel() Count: 1
	Destroy() Cost: 0ms
Path: /obj/item/weapon/rcd_ammo/large
	qdel() Count: 1
	Destroy() Cost: 0ms
Path: /obj/item/weapon/reagent_containers/glass/bucket
	qdel() Count: 1
	Destroy() Cost: 0ms
Path: /obj/item/weapon/reagent_containers/food/drinks/glass2/pint
	qdel() Count: 1
	Destroy() Cost: 0ms
Path: /obj/item/weapon/reagent_containers/food/drinks/glass2/mug
	qdel() Count: 1
	Destroy() Cost: 0ms
Path: /obj/item/weapon/extinguisher/empty
	qdel() Count: 1
	Destroy() Cost: 0ms
Path: /obj/item/clothing/head/welding
	qdel() Count: 1
	Destroy() Cost: 0ms
Path: /datum/wires/taperecorder
	qdel() Count: 1
	Destroy() Cost: 0ms
Path: /obj/item/device/tape
	qdel() Count: 1
	Destroy() Cost: 0ms
Path: /obj/item/weapon/material/ashtray/glass
	qdel() Count: 1
	Destroy() Cost: 0ms
Path: /obj/item/clothing/glasses/welding
	qdel() Count: 1
	Destroy() Cost: 0ms
Path: /obj/item/weapon/pen/blue
	qdel() Count: 1
	Destroy() Cost: 0ms
Path: /obj/item/weapon/pen/green
	qdel() Count: 1
	Destroy() Cost: 0ms
Path: /obj/item/weapon/material/clipboard/steel
	qdel() Count: 1
	Destroy() Cost: 0ms
Path: /obj/item/weapon/material/clipboard/plastic
	qdel() Count: 1
	Destroy() Cost: 0ms
Path: /obj/item/weapon/material/clipboard/glass
	qdel() Count: 1
	Destroy() Cost: 0ms
Path: /obj/item/weapon/hand_labeler
	qdel() Count: 1
	Destroy() Cost: 0ms
Path: /obj/item/clothing/mask/plunger
	qdel() Count: 1
	Destroy() Cost: 0ms
Path: /obj/item/weapon/circular_saw
	qdel() Count: 1
	Destroy() Cost: 0ms
Path: /obj/item/weapon/retractor
	qdel() Count: 1
	Destroy() Cost: 0ms
Path: /obj/item/weapon/hemostat
	qdel() Count: 1
	Destroy() Cost: 0ms
Path: /obj/item/weapon/reagent_containers/glass/beaker/insulated
	qdel() Count: 1
	Destroy() Cost: 0ms
Path: /obj/item/weapon/implanter
	qdel() Count: 1
	Destroy() Cost: 0ms
Path: /obj/item/weapon/crowbar/prybar
	qdel() Count: 1
	Destroy() Cost: 0ms
Path: /obj/item/device/integrated_electronics/debugger
	qdel() Count: 1
	Destroy() Cost: 0ms
Path: /obj/item/device/t_scanner
	qdel() Count: 1
	Destroy() Cost: 0ms
Path: /obj/item/weapon/screwdriver
	qdel() Count: 1
	Destroy() Cost: 0ms
Path: /obj/item/weapon/wrench
	qdel() Count: 1
	Destroy() Cost: 0ms
Path: /obj/item/weapon/material/minihoe
	qdel() Count: 1
	Destroy() Cost: 0ms
Path: /obj/item/weapon/crowbar
	qdel() Count: 1
	Destroy() Cost: 0ms
Path: /obj/item/weapon/material/knife/table
	qdel() Count: 1
	Destroy() Cost: 0ms
Path: /obj/item/weapon/material/kitchen/utensil/spoon/plastic
	qdel() Count: 1
	Destroy() Cost: 0ms
Path: /obj/item/weapon/material/kitchen/utensil/foon/plastic
	qdel() Count: 1
	Destroy() Cost: 0ms
Path: /datum/codex_category/languages
	qdel() Count: 1
	Destroy() Cost: 0ms
Path: /datum/codex_category/reagents
	qdel() Count: 1
	Destroy() Cost: 0ms
Path: /datum/codex_category/recipes
	qdel() Count: 1
	Destroy() Cost: 0ms
Path: /datum/codex_category/skills
	qdel() Count: 1
	Destroy() Cost: 0ms
Path: /datum/codex_category/species
	qdel() Count: 1
	Destroy() Cost: 0ms
Path: /atom/movable/overlay
	qdel() Count: 1
	Destroy() Cost: 0ms
Path: /datum/reagent/nicotine
	qdel() Count: 1
	Destroy() Cost: 0ms
Path: /obj/structure/barricade
	qdel() Count: 1
	Destroy() Cost: 0ms
Path: /obj/structure/table/standard
	qdel() Count: 1
	Destroy() Cost: 0ms
Path: /datum/wires/camera
	qdel() Count: 1
	Destroy() Cost: 0ms
Path: /datum/reagent/blackpepper
	qdel() Count: 1
	Destroy() Cost: 0ms
Path: /obj/item/weapon/stock_parts/computer/scanner/reagent
	qdel() Count: 1
	Destroy() Cost: 0ms
Path: /datum/reagent/toxin/denatured
	qdel() Count: 1
	Destroy() Cost: 0ms
Path: /obj/item/underwear/socks
	qdel() Count: 1
	Destroy() Cost: 0ms
Path: /obj/item/clothing/glasses/sunglasses
	qdel() Count: 1
	Destroy() Cost: 0ms
Path: /obj/item/weapon/lipstick
	qdel() Count: 1
	Destroy() Cost: 0ms
Path: /obj/item/device/gps
	qdel() Count: 1
	Destroy() Cost: 0ms
Path: /obj/item/weapon/material/knife/folding/swiss
	qdel() Count: 1
	Destroy() Cost: 0ms
Path: /datum/trader/ship/clothingshop/hatglovesaccessories
	qdel() Count: 1
	Destroy() Cost: 0ms
Path: /datum/trader/ship/vox
	qdel() Count: 1
	Destroy() Cost: 0ms
Path: /datum/trader/ship/chinese
	qdel() Count: 1
	Destroy() Cost: 0ms
Path: /datum/trader/ship/clothingshop/shoes
	qdel() Count: 1
	Destroy() Cost: 0ms
Path: /obj/screen/fullscreen/fishbed
	qdel() Count: 1
	Destroy() Cost: 0ms
