

Starting up round ID b33-bHuB. 11:00:00
---------------------
[05:47:26]QDEL: Path: /obj/effect/sparks
	Failures: 21
	qdel() Count: 8723
	Destroy() Cost: 6988ms
	Total Hard Deletes 21
	Time Spent Hard Deleting: 1424ms
Path: /mob/zshadow
	qdel() Count: 106
	Destroy() Cost: 404ms
	Total Hard Deletes 104
	Time Spent Hard Deleting: 450ms
Path: /obj/item/weapon/reagent_containers/food/snacks/egg
	Failures: 6
	qdel() Count: 19
	Destroy() Cost: 33ms
	Total Hard Deletes 6
	Time Spent Hard Deleting: 289ms
Path: /obj/item/projectile/beam/emitter
	Failures: 4
	qdel() Count: 12
	Destroy() Cost: 6ms
	Total Hard Deletes 4
	Time Spent Hard Deleting: 276ms
Path: /obj/item/projectile/test
	Failures: 5
	qdel() Count: 6
	Destroy() Cost: 5ms
	Total Hard Deletes 5
	Time Spent Hard Deleting: 237ms
Path: /mob/living/carbon/human
	qdel() Count: 4
	Destroy() Cost: 247ms
	Total Hard Deletes 4
	Time Spent Hard Deleting: 213ms
Path: /obj/effect/landmark/map_data
	Failures: 1
	qdel() Count: 3
	Destroy() Cost: 0ms
	Total Hard Deletes 1
	Time Spent Hard Deleting: 123ms
Path: /obj/item/weapon/reagent_containers/food/snacks/rawcutlet
	Failures: 2
	qdel() Count: 24
	Destroy() Cost: 245ms
	Total Hard Deletes 2
	Time Spent Hard Deleting: 97ms
Path: /obj/item/weapon/reagent_containers/food/snacks/meat/beef
	Failures: 2
	qdel() Count: 13
	Destroy() Cost: 228ms
	Total Hard Deletes 2
	Time Spent Hard Deleting: 91ms
Path: /obj/item/weapon/reagent_containers/food/snacks/cutlet
	Failures: 2
	qdel() Count: 7
	Destroy() Cost: 115ms
	Total Hard Deletes 2
	Time Spent Hard Deleting: 90ms
Path: /obj/item/weapon/reagent_containers/food/snacks/candy/proteinbar
	Failures: 2
	qdel() Count: 4
	Destroy() Cost: 8ms
	Total Hard Deletes 2
	Time Spent Hard Deleting: 89ms
Path: /obj/item/grab/normal
	Failures: 2
	qdel() Count: 2
	Destroy() Cost: 2ms
	Total Hard Deletes 2
	Time Spent Hard Deleting: 89ms
Path: /mob/living/silicon/sil_brainmob
	qdel() Count: 2
	Destroy() Cost: 275ms
	Total Hard Deletes 2
	Time Spent Hard Deleting: 78ms
Path: /obj/item/clothing/under/solgov/utility/expeditionary/officer/command
	Failures: 1
	qdel() Count: 1
	Destroy() Cost: 18ms
	Total Hard Deletes 1
	Time Spent Hard Deleting: 77ms
Path: /obj/item/clothing/mask/breath
	Failures: 1
	qdel() Count: 2
	Destroy() Cost: 3ms
	Total Hard Deletes 1
	Time Spent Hard Deleting: 77ms
Path: /obj/item/device/geiger
	Failures: 1
	qdel() Count: 1
	Destroy() Cost: 3ms
	Total Hard Deletes 1
	Time Spent Hard Deleting: 77ms
Path: /obj/item/device/flashlight
	Failures: 1
	qdel() Count: 2
	Destroy() Cost: 2.00002ms
	Total Hard Deletes 1
	Time Spent Hard Deleting: 77ms
Path: /obj/item/modular_computer/pda/captain
	Failures: 1
	qdel() Count: 1
	Destroy() Cost: 17ms
	Total Hard Deletes 1
	Time Spent Hard Deleting: 76ms
Path: /obj/item/clothing/suit/armor/pcarrier
	Failures: 1
	qdel() Count: 1
	Destroy() Cost: 11ms
	Total Hard Deletes 1
	Time Spent Hard Deleting: 76ms
Path: /obj/item/weapon/tank/emergency/oxygen
	Failures: 1
	qdel() Count: 2
	Destroy() Cost: 3.99999ms
	Total Hard Deletes 1
	Time Spent Hard Deleting: 76ms
Path: /obj/effect/overlay/palmtree_r
	Failures: 1
	qdel() Count: 1
	Destroy() Cost: 0ms
	Total Hard Deletes 1
	Time Spent Hard Deleting: 70ms
Path: /obj/effect/overlay/coconut
	Failures: 1
	qdel() Count: 2
	Destroy() Cost: 2ms
	Total Hard Deletes 1
	Time Spent Hard Deleting: 70ms
Path: /obj/effect/overlay/palmtree_l
	Failures: 1
	qdel() Count: 2
	Destroy() Cost: 2ms
	Total Hard Deletes 1
	Time Spent Hard Deleting: 69ms
Path: /obj/item/clothing/accessory/storage/pouches
	Failures: 1
	qdel() Count: 1
	Destroy() Cost: 6.00001ms
	Total Hard Deletes 1
	Time Spent Hard Deleting: 51ms
Path: /obj/item/clothing/accessory/solgov/rank/ec/officer/o6
	Failures: 1
	qdel() Count: 1
	Destroy() Cost: 2ms
	Total Hard Deletes 1
	Time Spent Hard Deleting: 50ms
Path: /obj/item/clothing/accessory/armor/tag/apos
	Failures: 1
	qdel() Count: 1
	Destroy() Cost: 2ms
	Total Hard Deletes 1
	Time Spent Hard Deleting: 50ms
Path: /obj/item/clothing/accessory/kneepads
	Failures: 1
	qdel() Count: 1
	Destroy() Cost: 0.999998ms
	Total Hard Deletes 1
	Time Spent Hard Deleting: 50ms
Path: /obj/item/clothing/accessory/storage/holster/armpit
	Failures: 1
	qdel() Count: 1
	Destroy() Cost: 7ms
	Total Hard Deletes 1
	Time Spent Hard Deleting: 50ms
Path: /obj/item/clothing/accessory/solgov/department/command
	Failures: 1
	qdel() Count: 1
	Destroy() Cost: 2.00001ms
	Total Hard Deletes 1
	Time Spent Hard Deleting: 50ms
Path: /obj/item/weapon/reagent_containers/food/drinks/bottle/specialwhiskey
	Failures: 1
	qdel() Count: 1
	Destroy() Cost: 1ms
	Total Hard Deletes 1
	Time Spent Hard Deleting: 49ms
Path: /obj/item/clothing/mask/smokable/cigarette/rolled
	Failures: 1
	qdel() Count: 1
	Destroy() Cost: 2ms
	Total Hard Deletes 1
	Time Spent Hard Deleting: 46ms
Path: /obj/item/organ/internal/heart
	Failures: 2
	qdel() Count: 10
	Destroy() Cost: 13ms
	Total Hard Deletes 2
	Time Spent Hard Deleting: 46ms
Path: /obj/item/organ/external/foot
	Failures: 1
	qdel() Count: 15
	Destroy() Cost: 22ms
	Total Hard Deletes 1
	Time Spent Hard Deleting: 45ms
Path: /obj/item/weapon/reagent_containers/food/snacks/donut/cherryjelly
	Failures: 1
	qdel() Count: 1
	Destroy() Cost: 0.999998ms
	Total Hard Deletes 1
	Time Spent Hard Deleting: 45ms
Path: /obj/item/organ/external/chest
	Failures: 1
	qdel() Count: 11
	Destroy() Cost: 467ms
	Total Hard Deletes 1
	Time Spent Hard Deleting: 45ms
Path: /obj/item/organ/external/arm/right
	Failures: 1
	qdel() Count: 15
	Destroy() Cost: 39ms
	Total Hard Deletes 1
	Time Spent Hard Deleting: 45ms
Path: /obj/item/organ/internal/brain
	Failures: 1
	qdel() Count: 10
	Destroy() Cost: 15ms
	Total Hard Deletes 1
	Time Spent Hard Deleting: 45ms
Path: /obj/effect/effect/water
	Failures: 1
	qdel() Count: 78
	Destroy() Cost: 50ms
	Total Hard Deletes 1
	Time Spent Hard Deleting: 45ms
Path: /obj/item/organ/external/head
	Failures: 1
	qdel() Count: 15
	Destroy() Cost: 48ms
	Total Hard Deletes 1
	Time Spent Hard Deleting: 45ms
Path: /obj/item/organ/external/hand/right
	Failures: 1
	qdel() Count: 15
	Destroy() Cost: 22ms
	Total Hard Deletes 1
	Time Spent Hard Deleting: 45ms
Path: /obj/item/weapon/reagent_containers/food/snacks/variable
	Failures: 1
	qdel() Count: 11
	Destroy() Cost: 16ms
	Total Hard Deletes 1
	Time Spent Hard Deleting: 45ms
Path: /obj/item/organ/external/hand
	Failures: 1
	qdel() Count: 15
	Destroy() Cost: 16ms
	Total Hard Deletes 1
	Time Spent Hard Deleting: 45ms
Path: /obj/item/organ/internal/stomach
	Failures: 1
	qdel() Count: 10
	Destroy() Cost: 16ms
	Total Hard Deletes 1
	Time Spent Hard Deleting: 45ms
Path: /obj/item/organ/internal/appendix
	Failures: 1
	qdel() Count: 7
	Destroy() Cost: 9.99999ms
	Total Hard Deletes 1
	Time Spent Hard Deleting: 45ms
Path: /obj/item/organ/external/groin
	Failures: 1
	qdel() Count: 15
	Destroy() Cost: 150ms
	Total Hard Deletes 1
	Time Spent Hard Deleting: 44ms
Path: /obj/item/organ/external/leg/right
	Failures: 1
	qdel() Count: 15
	Destroy() Cost: 40ms
	Total Hard Deletes 1
	Time Spent Hard Deleting: 44ms
Path: /obj/item/organ/internal/lungs
	Failures: 1
	qdel() Count: 10
	Destroy() Cost: 16ms
	Total Hard Deletes 1
	Time Spent Hard Deleting: 44ms
Path: /obj/item/organ/internal/kidneys
	Failures: 2
	qdel() Count: 11
	Destroy() Cost: 13ms
	Total Hard Deletes 2
	Time Spent Hard Deleting: 44ms
Path: /obj/item/organ/external/foot/right
	Failures: 1
	qdel() Count: 15
	Destroy() Cost: 20ms
	Total Hard Deletes 1
	Time Spent Hard Deleting: 44ms
Path: /obj/item/organ/internal/liver
	Failures: 1
	qdel() Count: 10
	Destroy() Cost: 17ms
	Total Hard Deletes 1
	Time Spent Hard Deleting: 44ms
Path: /obj/item/organ/internal/eyes
	Failures: 1
	qdel() Count: 10
	Destroy() Cost: 12ms
	Total Hard Deletes 1
	Time Spent Hard Deleting: 44ms
Path: /obj/item/organ/external/leg
	Failures: 1
	qdel() Count: 15
	Destroy() Cost: 38ms
	Total Hard Deletes 1
	Time Spent Hard Deleting: 44ms
Path: /obj/item/organ/external/arm
	Failures: 1
	qdel() Count: 15
	Destroy() Cost: 34ms
	Total Hard Deletes 1
	Time Spent Hard Deleting: 43ms
Path: /obj/item/weapon/storage/internal/pockets
	Failures: 2
	qdel() Count: 2
	Destroy() Cost: 8.00001ms
	Total Hard Deletes 2
	Time Spent Hard Deleting: 6ms
Path: /turf/space
	qdel() Count: 69475
	Destroy() Cost: 25083ms
Path: /datum/reagent/water
	qdel() Count: 26654
	Destroy() Cost: 10061ms
Path: /datum/timedevent
	qdel() Count: 20549
	Destroy() Cost: 7913ms
Path: /obj/effect/projectile/pointdefense/tracer
	qdel() Count: 1704
	Destroy() Cost: 1326ms
Path: /obj/effect/engine_exhaust
	qdel() Count: 1650
	Destroy() Cost: 1281ms
Path: /obj/item/stack/cable_coil
	qdel() Count: 3540
	Destroy() Cost: 1181ms
Path: /datum/radiation_source
	qdel() Count: 2672
	Destroy() Cost: 1094ms
Path: /datum/reagents
	qdel() Count: 1111
	Destroy() Cost: 834ms
Path: /datum/progressbar
	qdel() Count: 847
	Destroy() Cost: 706ms
Path: /mob/living/silicon/ai
	qdel() Count: 2
	Destroy() Cost: 628ms
	Total Hard Deletes 2
	Time Spent Hard Deleting: 0ms
Path: /obj/effect/floor_decal/industrial/warning
	qdel() Count: 1378
	Destroy() Cost: 589ms
Path: /obj/effect/temporary/item_pickup_ghost
	qdel() Count: 549
	Destroy() Cost: 521ms
Path: /turf/simulated/floor/exoplanet/barren
	qdel() Count: 1218
	Destroy() Cost: 485ms
Path: /obj/structure/cable
	qdel() Count: 1
	Destroy() Cost: 414ms
Path: /image
	qdel() Count: 963
	Destroy() Cost: 392ms
Path: /obj/effect/floor_decal/solarpanel
	qdel() Count: 880
	Destroy() Cost: 392ms
Path: /obj/effect/floor_decal/industrial/hatch/yellow
	qdel() Count: 641
	Destroy() Cost: 332ms
Path: /obj/effect/floor_decal/industrial/outline/grey
	qdel() Count: 615
	Destroy() Cost: 295ms
Path: /obj/effect/scorcher
	qdel() Count: 358
	Destroy() Cost: 279ms
Path: /obj/item/organ/internal/posibrain
	qdel() Count: 2
	Destroy() Cost: 279ms
Path: /obj/effect/floor_decal/industrial/outline/yellow
	qdel() Count: 635
	Destroy() Cost: 267ms
Path: /obj/machinery/ai_powersupply
	qdel() Count: 2
	Destroy() Cost: 263ms
Path: /obj/effect/overlay
	qdel() Count: 332
	Destroy() Cost: 261ms
Path: /obj/effect/wingrille_spawn/reinforced/crescent
	qdel() Count: 371
	Destroy() Cost: 250ms
Path: /turf/simulated/open
	qdel() Count: 526
	Destroy() Cost: 234ms
Path: /obj/effect/paint/hull
	qdel() Count: 385
	Destroy() Cost: 218ms
Path: /obj/random/medical/lite
	qdel() Count: 252
	Destroy() Cost: 213ms
Path: /obj/effect/catwalk_plated
	qdel() Count: 476
	Destroy() Cost: 199ms
Path: /turf/simulated/mineral
	qdel() Count: 462
	Destroy() Cost: 195ms
Path: /obj/effect/paint/black
	qdel() Count: 265
	Destroy() Cost: 188ms
Path: /mob/observer/virtual/mob
	qdel() Count: 114
	Destroy() Cost: 187ms
	Total Hard Deletes 114
	Time Spent Hard Deleting: 0ms
Path: /obj/effect/floor_decal/corner/blue
	qdel() Count: 324
	Destroy() Cost: 185ms
Path: /datum/wound/bruise
	qdel() Count: 491
	Destroy() Cost: 183ms
Path: /obj/effect/floor_decal/corner/green
	qdel() Count: 350
	Destroy() Cost: 182ms
Path: /obj/effect/floor_decal/techfloor
	qdel() Count: 389
	Destroy() Cost: 174ms
Path: /obj/structure/lattice
	qdel() Count: 252
	Destroy() Cost: 172ms
Path: /obj/effect/floor_decal/carpet
	qdel() Count: 215
	Destroy() Cost: 164ms
Path: /obj/random/mre
	qdel() Count: 150
	Destroy() Cost: 161ms
Path: /obj/item/ammo_casing/pistol
	qdel() Count: 67
	Destroy() Cost: 155ms
Path: /obj/random/mre/drink
	qdel() Count: 134
	Destroy() Cost: 145ms
Path: /obj/effect/floor_decal/corner/red
	qdel() Count: 275
	Destroy() Cost: 143ms
Path: /obj/effect/floor_decal/industrial/warning/corner
	qdel() Count: 342
	Destroy() Cost: 139ms
Path: /obj/effect/shield
	qdel() Count: 168
	Destroy() Cost: 136ms
Path: /obj/random/mre/spread
	qdel() Count: 119
	Destroy() Cost: 128ms
Path: /obj/random/mre/sauce
	qdel() Count: 119
	Destroy() Cost: 128ms
Path: /obj/random/mre/dessert
	qdel() Count: 119
	Destroy() Cost: 127ms
Path: /turf/simulated/floor/tiled/dark
	qdel() Count: 252
	Destroy() Cost: 115ms
Path: /obj/effect/paint/silver
	qdel() Count: 755
	Destroy() Cost: 114ms
Path: /obj/effect/wallframe_spawn/reinforced
	qdel() Count: 267
	Destroy() Cost: 109ms
Path: /datum/reagent/nutriment/protein
	qdel() Count: 313
	Destroy() Cost: 109ms
Path: /obj/effect/paint/red
	qdel() Count: 185
	Destroy() Cost: 104ms
Path: /turf/simulated/wall/elevator
	qdel() Count: 273
	Destroy() Cost: 101ms
Path: /obj/effect/floor_decal/corner/paleblue
	qdel() Count: 168
	Destroy() Cost: 92ms
Path: /obj/effect/floor_decal/spline/fancy/wood
	qdel() Count: 156
	Destroy() Cost: 90ms
Path: /obj/effect/decal/cleanable/blood/drip
	qdel() Count: 101
	Destroy() Cost: 87ms
Path: /obj/random/junk
	qdel() Count: 262
	Destroy() Cost: 84ms
Path: /obj/random/maintenance/solgov
	qdel() Count: 244
	Destroy() Cost: 83ms
Path: /obj/effect/wallframe_spawn/reinforced/titanium
	qdel() Count: 168
	Destroy() Cost: 82ms
Path: /obj/effect/expl_particles
	qdel() Count: 100
	Destroy() Cost: 82ms
Path: /datum/skillset
	qdel() Count: 234
	Destroy() Cost: 82ms
Path: /obj/effect/wallframe_spawn/reinforced_phoron
	qdel() Count: 136
	Destroy() Cost: 80ms
Path: /obj/item/ammo_casing/pistol/small
	qdel() Count: 34
	Destroy() Cost: 77ms
Path: /datum/nanoui
	qdel() Count: 206
	Destroy() Cost: 76ms
Path: /obj/random/trash
	qdel() Count: 210
	Destroy() Cost: 74ms
Path: /obj/item/projectile/bullet/pistol
	qdel() Count: 67
	Destroy() Cost: 73ms
Path: /obj/random/maintenance/clean
	qdel() Count: 168
	Destroy() Cost: 72ms
Path: /obj/effect/floor_decal/corner/blue/diagonal
	qdel() Count: 137
	Destroy() Cost: 69ms
Path: /obj/item/weapon/reagent_containers/food/snacks/sliceable/pizza/vegetablepizza
	qdel() Count: 33
	Destroy() Cost: 69ms
Path: /obj/random/tech_supply
	qdel() Count: 168
	Destroy() Cost: 66ms
Path: /stat_silicon_subsystem
	qdel() Count: 56
	Destroy() Cost: 66ms
Path: /turf/simulated/mineral/random
	qdel() Count: 131
	Destroy() Cost: 61ms
Path: /obj/effect/floor_decal/corner/yellow
	qdel() Count: 107
	Destroy() Cost: 61ms
Path: /obj/random/medical
	qdel() Count: 103
	Destroy() Cost: 58ms
Path: /obj/item/ammo_casing/pistol/rubber
	qdel() Count: 25
	Destroy() Cost: 58ms
Path: /obj/random/maintenance/solgov/clean
	qdel() Count: 143
	Destroy() Cost: 56ms
Path: /obj/effect/paint/brown
	qdel() Count: 81
	Destroy() Cost: 55ms
Path: /obj/effect/projectile/pointdefense/muzzle
	qdel() Count: 55
	Destroy() Cost: 53ms
Path: /obj/effect/landmark
	qdel() Count: 92
	Destroy() Cost: 51ms
Path: /obj/effect/effect/smoke/bad
	qdel() Count: 100
	Destroy() Cost: 48ms
Path: /obj/item/ammo_magazine/smg
	qdel() Count: 1
	Destroy() Cost: 47ms
Path: /obj/item/ammo_magazine/smg_top/rubber
	qdel() Count: 1
	Destroy() Cost: 46ms
Path: /obj/item/ammo_magazine/smg_top
	qdel() Count: 1
	Destroy() Cost: 46ms
Path: /obj/item/ammo_magazine/rifle
	qdel() Count: 1
	Destroy() Cost: 46ms
Path: /obj/item/projectile/beam/pointdefense
	qdel() Count: 55
	Destroy() Cost: 45ms
Path: /obj/effect/floor_decal/snow
	qdel() Count: 64
	Destroy() Cost: 45ms
Path: /obj/structure/disposalholder
	qdel() Count: 25
	Destroy() Cost: 45ms
Path: /obj/item/ammo_casing/pistol/small/rubber
	qdel() Count: 20
	Destroy() Cost: 45ms
Path: /obj/item/ammo_casing/rifle
	qdel() Count: 20
	Destroy() Cost: 45ms
Path: /obj/item/weapon/storage/backpack/captain
	qdel() Count: 1
	Destroy() Cost: 45ms
Path: /obj/effect/wallframe_spawn/reinforced/polarized
	qdel() Count: 82
	Destroy() Cost: 44ms
Path: /turf/simulated/floor/reinforced
	qdel() Count: 100
	Destroy() Cost: 43ms
Path: /datum/reagent/nutriment
	qdel() Count: 135
	Destroy() Cost: 42ms
Path: /obj/effect/effect/smoke
	qdel() Count: 101
	Destroy() Cost: 40ms
Path: /obj/effect/floor_decal/corner/research
	qdel() Count: 82
	Destroy() Cost: 40ms
Path: /obj/item/weapon/ore/iron
	qdel() Count: 47
	Destroy() Cost: 40ms
Path: /obj/item/ammo_magazine/machine_pistol
	qdel() Count: 1
	Destroy() Cost: 37ms
Path: /obj/effect/wallframe_spawn/reinforced/no_grille
	qdel() Count: 93
	Destroy() Cost: 36ms
Path: /obj/item/projectile/bullet/pistol/holdout
	qdel() Count: 34
	Destroy() Cost: 36ms
Path: /obj/effect/meteor/medium
	qdel() Count: 41
	Destroy() Cost: 35ms
Path: /obj/item/ammo_magazine/pistol/double
	qdel() Count: 1
	Destroy() Cost: 35ms
Path: /obj/item/ammo_magazine/pistol/double/rubber
	qdel() Count: 1
	Destroy() Cost: 35ms
Path: /obj/item/ammo_magazine/mil_rifle
	qdel() Count: 1
	Destroy() Cost: 34ms
Path: /obj/random/firstaid
	qdel() Count: 50
	Destroy() Cost: 33ms
Path: /obj/item/ammo_casing/rifle/military
	qdel() Count: 15
	Destroy() Cost: 33ms
Path: /turf/unsimulated/mask
	qdel() Count: 682
	Destroy() Cost: 31ms
Path: /obj/effect/wallframe_spawn/reinforced/hull
	qdel() Count: 82
	Destroy() Cost: 31ms
Path: /obj/effect/floor_decal/corner/purple
	qdel() Count: 40
	Destroy() Cost: 31ms
Path: /obj/machinery/light
	qdel() Count: 10
	Destroy() Cost: 30ms
Path: /obj/effect/wallframe_spawn/no_grille
	qdel() Count: 92
	Destroy() Cost: 29ms
Path: /obj/random/powercell
	qdel() Count: 68
	Destroy() Cost: 29ms
Path: /obj/item/ammo_casing/pistol/magnum
	qdel() Count: 13
	Destroy() Cost: 29ms
Path: /turf/simulated/floor/holofloor/beach/sand
	qdel() Count: 74
	Destroy() Cost: 28ms
Path: /obj/effect/floor_decal/corner/blue/mono
	qdel() Count: 53
	Destroy() Cost: 27ms
Path: /obj/effect/floor_decal/spline/plain
	qdel() Count: 36
	Destroy() Cost: 27ms
Path: /obj/effect/paint/sun
	qdel() Count: 32
	Destroy() Cost: 27ms
Path: /obj/item/projectile/bullet/pistol/rubber
	qdel() Count: 25
	Destroy() Cost: 27ms
Path: /obj/item/weapon/reagent_containers/food/snacks/sliceable/meatbread
	qdel() Count: 17
	Destroy() Cost: 27ms
Path: /obj/effect/floor_decal/corner/brown
	qdel() Count: 88
	Destroy() Cost: 26ms
Path: /obj/effect/floor_decal/corner/paleblue/diagonal
	qdel() Count: 42
	Destroy() Cost: 26ms
Path: /obj/effect/projectile/laser/emitter/tracer
	qdel() Count: 34
	Destroy() Cost: 26ms
Path: /obj/effect/decal/cleanable/blood/tracks/footprints
	qdel() Count: 27
	Destroy() Cost: 24ms
Path: /obj/effect/floor_decal/corner/red/mono
	qdel() Count: 57
	Destroy() Cost: 24ms
Path: /obj/effect/floor_decal/floordetail/edgedrain
	qdel() Count: 44
	Destroy() Cost: 24ms
Path: /obj/item/projectile/bullet/pistol/rubber/holdout
	qdel() Count: 20
	Destroy() Cost: 24ms
Path: /obj/effect/projectile/pointdefense/impact
	qdel() Count: 27
	Destroy() Cost: 23ms
Path: /obj/item/projectile/bullet/rifle
	qdel() Count: 20
	Destroy() Cost: 23ms
Path: /obj/item/ammo_magazine/pistol
	qdel() Count: 1
	Destroy() Cost: 23ms
Path: /obj/item/ammo_magazine/pistol/rubber
	qdel() Count: 1
	Destroy() Cost: 23ms
Path: /obj/effect/floor_decal/techfloor/corner
	qdel() Count: 55
	Destroy() Cost: 22ms
Path: /obj/effect/floor_decal/corner/white
	qdel() Count: 50
	Destroy() Cost: 22ms
Path: /obj/random/soap
	qdel() Count: 29
	Destroy() Cost: 22ms
Path: /obj/effect/floor_decal/industrial/outline/blue
	qdel() Count: 45
	Destroy() Cost: 21ms
Path: /obj/item/weapon/reagent_containers/food/snacks/sliceable/pizza/margherita
	qdel() Count: 12
	Destroy() Cost: 21ms
Path: /datum/reagent/drink/juice/tomato
	qdel() Count: 54
	Destroy() Cost: 19ms
Path: /obj/effect/floor_decal/industrial/warning/fulltile
	qdel() Count: 46
	Destroy() Cost: 19ms
Path: /obj/effect/floor_decal/asteroid
	qdel() Count: 35
	Destroy() Cost: 19ms
Path: /obj/random/loot
	qdel() Count: 29
	Destroy() Cost: 19ms
Path: /obj/effect/floor_decal/corner/green/three_quarters
	qdel() Count: 27
	Destroy() Cost: 19ms
Path: /obj/item/projectile/bullet/rifle/military
	qdel() Count: 15
	Destroy() Cost: 19ms
Path: /datum/nano_module/email_client
	qdel() Count: 26
	Destroy() Cost: 19ms
Path: /icon
	qdel() Count: 60
	Destroy() Cost: 18ms
Path: /obj/effect/meteor/big
	qdel() Count: 25
	Destroy() Cost: 18ms
Path: /obj/effect/floor_decal/corner/grey/diagonal
	qdel() Count: 45
	Destroy() Cost: 18ms
Path: /obj/item/ammo_magazine/pistol/small
	qdel() Count: 1
	Destroy() Cost: 18ms
Path: /obj/item/weapon/storage/box/survival
	qdel() Count: 1
	Destroy() Cost: 17ms
Path: /obj/random/tank
	qdel() Count: 33
	Destroy() Cost: 17ms
Path: /obj/effect/floor_decal/scglogo
	qdel() Count: 29
	Destroy() Cost: 17ms
Path: /obj/effect/floor_decal/beach
	qdel() Count: 24
	Destroy() Cost: 17ms
Path: /obj/item/seeds/finetobaccoseed
	qdel() Count: 21
	Destroy() Cost: 17ms
Path: /obj/random_multi/single_item/poppy
	qdel() Count: 21
	Destroy() Cost: 17ms
Path: /obj/effect/meteor/emp
	qdel() Count: 20
	Destroy() Cost: 17ms
Path: /obj/random/mre/spread/vegan
	qdel() Count: 15
	Destroy() Cost: 17ms
Path: /obj/item/weapon/reagent_containers/food/snacks/sliceable/pizza/meatpizza
	qdel() Count: 9
	Destroy() Cost: 17ms
Path: /datum/reagent/nutriment/protein/egg
	qdel() Count: 41
	Destroy() Cost: 17ms
Path: /datum/storage_ui/default
	qdel() Count: 5
	Destroy() Cost: 16ms
Path: /obj/effect/floor_decal/corner/brown/half
	qdel() Count: 51
	Destroy() Cost: 16ms
Path: /obj/random/obstruction
	qdel() Count: 46
	Destroy() Cost: 16ms
Path: /obj/effect/floor_decal/corner/yellow/half
	qdel() Count: 37
	Destroy() Cost: 16ms
Path: /obj/effect/floor_decal/corner/pink
	qdel() Count: 27
	Destroy() Cost: 16ms
Path: /obj/random/drinkbottle
	qdel() Count: 23
	Destroy() Cost: 16ms
Path: /obj/item/seeds/tobaccoseed
	qdel() Count: 21
	Destroy() Cost: 16ms
Path: /obj/random/mre/sauce/sugarfree
	qdel() Count: 16
	Destroy() Cost: 16ms
Path: /obj/item/ammo_magazine/magnum
	qdel() Count: 1
	Destroy() Cost: 16ms
Path: /turf/simulated/wall/r_wall/hull
	qdel() Count: 43
	Destroy() Cost: 15ms
Path: /obj/random/smokes
	qdel() Count: 36
	Destroy() Cost: 15ms
Path: /obj/effect/floor_decal/carpet/blue
	qdel() Count: 20
	Destroy() Cost: 15ms
Path: /obj/random/mre/sauce/vegan
	qdel() Count: 15
	Destroy() Cost: 15ms
Path: /obj/effect/floor_decal/corner/red/half
	qdel() Count: 44
	Destroy() Cost: 14ms
Path: /obj/effect/floor_decal/corner/lime
	qdel() Count: 34
	Destroy() Cost: 14ms
Path: /obj/random/technology_scanner
	qdel() Count: 31
	Destroy() Cost: 14ms
Path: /obj/effect/floor_decal/corner_techfloor_grid
	qdel() Count: 31
	Destroy() Cost: 14ms
Path: /obj/item/ammo_magazine/speedloader
	qdel() Count: 1
	Destroy() Cost: 14ms
Path: /obj/item/ammo_magazine/speedloader/magnum
	qdel() Count: 1
	Destroy() Cost: 14ms
Path: /datum/gas_mixture
	qdel() Count: 27
	Destroy() Cost: 14ms
Path: /obj/item/weapon/reagent_containers/food/snacks/dough
	qdel() Count: 10
	Destroy() Cost: 14ms
Path: /obj/random_multi/single_item/runtime
	qdel() Count: 17
	Destroy() Cost: 13ms
Path: /obj/random_multi/single_item/boombox
	qdel() Count: 16
	Destroy() Cost: 13ms
Path: /datum/topic_manager/program
	qdel() Count: 42
	Destroy() Cost: 13ms
Path: /obj/random/torchcloset
	qdel() Count: 30
	Destroy() Cost: 13ms
Path: /obj/effect/floor_decal/corner/red/three_quarters
	qdel() Count: 18
	Destroy() Cost: 13ms
Path: /obj/item/seeds/random
	qdel() Count: 14
	Destroy() Cost: 13ms
Path: /obj/item/projectile/bullet/pistol/strong
	qdel() Count: 13
	Destroy() Cost: 13ms
Path: /obj/item/ammo_magazine/speedloader/small
	qdel() Count: 1
	Destroy() Cost: 13ms
Path: /obj/effect/decal/cleanable/filth
	qdel() Count: 34
	Destroy() Cost: 13ms
Path: /obj/effect/floor_decal/industrial/outline/orange
	qdel() Count: 25
	Destroy() Cost: 12ms
Path: /obj/item/seeds/ambrosiavulgarisseed
	qdel() Count: 14
	Destroy() Cost: 12ms
Path: /turf/simulated/floor/holofloor/beach/water
	qdel() Count: 26
	Destroy() Cost: 12ms
Path: /obj/effect/meteor/dust
	qdel() Count: 16
	Destroy() Cost: 11ms
Path: /obj/effect/meteor/irradiated
	qdel() Count: 16
	Destroy() Cost: 11ms
Path: /obj/structure/girder
	qdel() Count: 13
	Destroy() Cost: 11ms
Path: /obj/random/cash
	qdel() Count: 26
	Destroy() Cost: 11ms
Path: /obj/item/seeds/ambrosiadeusseed
	qdel() Count: 12
	Destroy() Cost: 11ms
Path: /datum/wound/cut/small
	qdel() Count: 25
	Destroy() Cost: 11ms
Path: /obj/item/weapon/stock_parts/power/apc
	qdel() Count: 16
	Destroy() Cost: 11ms
Path: /obj/effect/decal/cleanable/blood/oil
	qdel() Count: 11
	Destroy() Cost: 10ms
Path: /obj/effect/catwalk_plated/dark
	qdel() Count: 42
	Destroy() Cost: 10ms
Path: /obj/effect/floor_decal/corner/green/half
	qdel() Count: 37
	Destroy() Cost: 10ms
Path: /datum/reagent/imidazoline
	qdel() Count: 33
	Destroy() Cost: 10ms
Path: /obj/random/maintenance
	qdel() Count: 25
	Destroy() Cost: 10ms
Path: /obj/effect/floor_decal/corner/blue/three_quarters
	qdel() Count: 25
	Destroy() Cost: 10ms
Path: /obj/effect/floor_decal/industrial/outline/red
	qdel() Count: 22
	Destroy() Cost: 10ms
Path: /obj/effect/floor_decal/corner/research/half
	qdel() Count: 17
	Destroy() Cost: 10ms
Path: /obj/effect/floor_decal/stoneborder
	qdel() Count: 15
	Destroy() Cost: 10ms
Path: /obj/effect/projectile/laser/emitter/muzzle
	qdel() Count: 12
	Destroy() Cost: 10ms
Path: /obj/effect/explosion
	qdel() Count: 10
	Destroy() Cost: 10ms
Path: /obj/random_multi/single_item/punitelly
	qdel() Count: 11
	Destroy() Cost: 9.00002ms
Path: /mob/new_player
	qdel() Count: 10
	Destroy() Cost: 9.00002ms
	Total Hard Deletes 10
	Time Spent Hard Deleting: 0ms
Path: /obj/item/weapon/light/tube
	qdel() Count: 11
	Destroy() Cost: 9.00001ms
Path: /obj/effect/floor_decal/corner/green/mono
	qdel() Count: 34
	Destroy() Cost: 9ms
Path: /obj/effect/wallframe_spawn/reinforced/polarized/no_grille
	qdel() Count: 32
	Destroy() Cost: 9ms
Path: /obj/random/bomb_supply
	qdel() Count: 27
	Destroy() Cost: 9ms
Path: /obj/random/toolbox
	qdel() Count: 21
	Destroy() Cost: 9ms
Path: /obj/effect/floor_decal/corner/research/mono
	qdel() Count: 21
	Destroy() Cost: 9ms
Path: /obj/random/voidsuit
	qdel() Count: 17
	Destroy() Cost: 9ms
Path: /obj/effect/projectile/laser/emitter/impact
	qdel() Count: 12
	Destroy() Cost: 9ms
Path: /obj/effect/landmark/costume/chameleon
	qdel() Count: 10
	Destroy() Cost: 9ms
Path: /datum/wound/burn/moderate
	qdel() Count: 22
	Destroy() Cost: 8ms
Path: /obj/effect/decal/cleanable/blood/splatter
	qdel() Count: 9
	Destroy() Cost: 8ms
Path: /obj/effect/floor_decal/corner/blue/half
	qdel() Count: 13
	Destroy() Cost: 8ms
Path: /obj/effect/floor_decal/chapel
	qdel() Count: 12
	Destroy() Cost: 8ms
Path: /obj/random/contraband
	qdel() Count: 11
	Destroy() Cost: 8ms
Path: /datum/skillset/silicon
	qdel() Count: 4
	Destroy() Cost: 7.99999ms
Path: /obj/screen/storage
	qdel() Count: 20
	Destroy() Cost: 7.00001ms
Path: /obj/random/snack
	qdel() Count: 40
	Destroy() Cost: 7ms
Path: /obj/random/tool
	qdel() Count: 34
	Destroy() Cost: 7ms
Path: /obj/random/voidhelmet
	qdel() Count: 18
	Destroy() Cost: 7ms
Path: /obj/random/single/cola
	qdel() Count: 16
	Destroy() Cost: 7ms
Path: /obj/random/action_figure
	qdel() Count: 13
	Destroy() Cost: 7ms
Path: /obj/effect/floor_decal/corner/paleblue/three_quarters
	qdel() Count: 9
	Destroy() Cost: 7ms
Path: /obj/effect/floor_decal/spline/plain/grey
	qdel() Count: 8
	Destroy() Cost: 7ms
Path: /obj/item/seeds/puretobaccoseed
	qdel() Count: 8
	Destroy() Cost: 7ms
Path: /obj/item/seeds/reishimycelium
	qdel() Count: 7
	Destroy() Cost: 7ms
Path: /obj/screen/movable/action_button
	qdel() Count: 14
	Destroy() Cost: 7ms
Path: /obj/effect/meteor/silver
	qdel() Count: 9
	Destroy() Cost: 7ms
Path: /obj/item/weapon/weldingtool
	qdel() Count: 3
	Destroy() Cost: 6.00001ms
Path: /datum/reagent/enzyme
	qdel() Count: 11
	Destroy() Cost: 6ms
Path: /obj/effect/floor_decal/industrial/warning/full
	qdel() Count: 19
	Destroy() Cost: 6ms
Path: /obj/effect/floor_decal/corner/paleblue/half
	qdel() Count: 14
	Destroy() Cost: 6ms
Path: /obj/screen/fullscreen/brute
	qdel() Count: 13
	Destroy() Cost: 6ms
Path: /obj/random/coin
	qdel() Count: 12
	Destroy() Cost: 6ms
Path: /obj/effect/floor_decal/corner/beige
	qdel() Count: 12
	Destroy() Cost: 6ms
Path: /obj/random/clipboard
	qdel() Count: 11
	Destroy() Cost: 6ms
Path: /obj/effect/floor_decal/industrial/shutoff
	qdel() Count: 10
	Destroy() Cost: 6ms
Path: /obj/effect/floor_decal/corner/yellow/mono
	qdel() Count: 9
	Destroy() Cost: 6ms
Path: /obj/random/handgun
	qdel() Count: 8
	Destroy() Cost: 6ms
Path: /obj/random/ammo_magazine_smug
	qdel() Count: 5
	Destroy() Cost: 6ms
Path: /mob/observer/eye/aiEye
	qdel() Count: 2
	Destroy() Cost: 6ms
	Total Hard Deletes 2
	Time Spent Hard Deleting: 0ms
Path: /obj/effect/decal/cleanable/greenglow
	qdel() Count: 6
	Destroy() Cost: 6ms
Path: /obj/item/device/radio/headset/heads/ai_integrated
	qdel() Count: 2
	Destroy() Cost: 6ms
Path: /obj
	qdel() Count: 15
	Destroy() Cost: 5.99999ms
Path: /obj/item/weapon/card/id/synthetic
	qdel() Count: 4
	Destroy() Cost: 5.99999ms
Path: /datum/nano_module/program/computer_configurator
	qdel() Count: 4
	Destroy() Cost: 5.00001ms
Path: /datum/reagents/metabolism
	qdel() Count: 18
	Destroy() Cost: 5.00001ms
Path: /obj/random/material
	qdel() Count: 25
	Destroy() Cost: 5ms
Path: /datum/powernet
	qdel() Count: 24
	Destroy() Cost: 5ms
Path: /turf/simulated/floor/tiled/techfloor
	qdel() Count: 21
	Destroy() Cost: 5ms
Path: /obj/random/glasses
	qdel() Count: 19
	Destroy() Cost: 5ms
Path: /obj/effect/floor_decal/corner/red/diagonal
	qdel() Count: 19
	Destroy() Cost: 5ms
Path: /obj/effect/floor_decal/spline/fancy/wood/corner
	qdel() Count: 15
	Destroy() Cost: 5ms
Path: /obj/effect/floor_decal/industrial/loading
	qdel() Count: 12
	Destroy() Cost: 5ms
Path: /obj/effect/floor_decal/corner/lime/three_quarters
	qdel() Count: 10
	Destroy() Cost: 5ms
Path: /obj/effect/wallframe_spawn/reinforced/polarized/no_grille/regular
	qdel() Count: 10
	Destroy() Cost: 5ms
Path: /obj/effect/meteor/golden
	qdel() Count: 9
	Destroy() Cost: 5ms
Path: /obj/random/projectile
	qdel() Count: 8
	Destroy() Cost: 5ms
Path: /obj/random/energy
	qdel() Count: 8
	Destroy() Cost: 5ms
Path: /obj/effect/floor_decal/spline/plain/beige
	qdel() Count: 7
	Destroy() Cost: 5ms
Path: /obj/item/seeds/amanitamycelium
	qdel() Count: 6
	Destroy() Cost: 5ms
Path: /obj/item/weapon/ore/uranium
	qdel() Count: 6
	Destroy() Cost: 5ms
Path: /obj/random/ammo
	qdel() Count: 5
	Destroy() Cost: 5ms
Path: /obj/effect/floor_decal/corner/black
	qdel() Count: 5
	Destroy() Cost: 5ms
Path: /obj/random/closet
	qdel() Count: 5
	Destroy() Cost: 5ms
Path: /obj/effect/floor_decal/corner/yellow/full
	qdel() Count: 5
	Destroy() Cost: 5ms
Path: /obj/random/solgov
	qdel() Count: 5
	Destroy() Cost: 5ms
Path: /obj/item/clothing/shoes/dutyboots
	qdel() Count: 2
	Destroy() Cost: 5ms
Path: /obj/item/weapon/cell
	qdel() Count: 4
	Destroy() Cost: 5ms
Path: /datum/reagent/space_cleaner
	qdel() Count: 13
	Destroy() Cost: 4.99999ms
Path: /datum/skill_verb/instruct
	qdel() Count: 8
	Destroy() Cost: 4.99999ms
Path: /obj/item/weapon/welder_tank
	qdel() Count: 3
	Destroy() Cost: 4.00001ms
Path: /obj/effect/decal/cleanable/vomit
	Failures: 1
	qdel() Count: 1
	Destroy() Cost: 4ms
	Total Hard Deletes 1
	Time Spent Hard Deleting: 0ms
Path: /obj/effect/decal/cleanable/dirt
	qdel() Count: 8
	Destroy() Cost: 4ms
Path: /datum/reagent/ethanol/specialwhiskey
	qdel() Count: 6
	Destroy() Cost: 4ms
Path: /obj/effect/spider/spiderling
	qdel() Count: 4
	Destroy() Cost: 4ms
Path: /obj/effect/floor_decal/corner/mauve
	qdel() Count: 23
	Destroy() Cost: 4ms
Path: /obj/machinery/computer/arcade
	qdel() Count: 17
	Destroy() Cost: 4ms
Path: /obj/effect/wingrille_spawn/reinforced_phoron/full
	qdel() Count: 14
	Destroy() Cost: 4ms
Path: /obj/random/clothing
	qdel() Count: 13
	Destroy() Cost: 4ms
Path: /obj/random/storage
	qdel() Count: 10
	Destroy() Cost: 4ms
Path: /obj/random/single/lighter
	qdel() Count: 6
	Destroy() Cost: 4ms
Path: /obj/effect/floor_decal/corner/yellow/diagonal
	qdel() Count: 5
	Destroy() Cost: 4ms
Path: /obj/effect/fluid
	qdel() Count: 4
	Destroy() Cost: 4ms
Path: /obj/item/weapon/flamethrower/full
	qdel() Count: 1
	Destroy() Cost: 4ms
Path: /obj/item/weapon/storage/pill_bottle
	qdel() Count: 1
	Destroy() Cost: 4ms
Path: /datum/reagent/drink/milk
	qdel() Count: 10
	Destroy() Cost: 4ms
Path: /obj/item/underwear/top
	qdel() Count: 4
	Destroy() Cost: 4ms
Path: /obj/item/underwear/bottom
	qdel() Count: 4
	Destroy() Cost: 4ms
Path: /obj/screen/close
	qdel() Count: 5
	Destroy() Cost: 3.00001ms
Path: /datum/follow_holder/human
	qdel() Count: 4
	Destroy() Cost: 3.00001ms
Path: /obj/lighting_plane
	qdel() Count: 4
	Destroy() Cost: 3.00001ms
Path: /datum/reagent/sugar
	qdel() Count: 6
	Destroy() Cost: 3.00001ms
Path: /obj/item/clothing/glasses/sunglasses
	qdel() Count: 2
	Destroy() Cost: 3.00001ms
Path: /obj/item/device/camera/siliconcam/ai_camera
	qdel() Count: 2
	Destroy() Cost: 3ms
Path: /datum/nano_module/program/scanner
	qdel() Count: 2
	Destroy() Cost: 3ms
Path: /datum/nano_module/supermatter_monitor
	qdel() Count: 4
	Destroy() Cost: 3ms
Path: /obj/item/stack/material/steel
	qdel() Count: 3
	Destroy() Cost: 3ms
Path: /datum/reagent/nutriment/flour
	qdel() Count: 21
	Destroy() Cost: 3ms
Path: /obj/effect/meteor/flaming
	qdel() Count: 5
	Destroy() Cost: 3ms
Path: /obj/effect/floor_decal/borderfloor/full
	qdel() Count: 44
	Destroy() Cost: 3ms
Path: /obj/random/ore_smug
	qdel() Count: 35
	Destroy() Cost: 3ms
Path: /obj/effect/floor_decal/corner/brown/mono
	qdel() Count: 17
	Destroy() Cost: 3ms
Path: /turf/simulated/floor/tiled/steel_ridged
	qdel() Count: 15
	Destroy() Cost: 3ms
Path: /obj/effect/floor_decal/corner/mauve/mono
	qdel() Count: 13
	Destroy() Cost: 3ms
Path: /obj/effect/floor_decal/spline/fancy/black
	qdel() Count: 12
	Destroy() Cost: 3ms
Path: /obj/random/toy
	qdel() Count: 8
	Destroy() Cost: 3ms
Path: /obj/effect/fluid_mapped
	qdel() Count: 8
	Destroy() Cost: 3ms
Path: /obj/random/plushie
	qdel() Count: 6
	Destroy() Cost: 3ms
Path: /datum/overmap_event/ion
	qdel() Count: 6
	Destroy() Cost: 3ms
Path: /obj/effect/floor_decal/industrial/warning/cee
	qdel() Count: 5
	Destroy() Cost: 3ms
Path: /obj/effect/floor_decal/spline/plain/red
	qdel() Count: 5
	Destroy() Cost: 3ms
Path: /obj/item/seeds/chantermycelium
	qdel() Count: 5
	Destroy() Cost: 3ms
Path: /obj/effect/floor_decal/spline/plain/brown
	qdel() Count: 4
	Destroy() Cost: 3ms
Path: /obj/effect/floor_decal/stoneborder/corner
	qdel() Count: 4
	Destroy() Cost: 3ms
Path: /obj/item/seeds/angelmycelium
	qdel() Count: 4
	Destroy() Cost: 3ms
Path: /obj/machinery/door/firedoor
	qdel() Count: 3
	Destroy() Cost: 3ms
Path: /obj/prefab/hand_teleporter
	qdel() Count: 3
	Destroy() Cost: 3ms
Path: /obj/effect/wingrille_spawn/reinforced
	qdel() Count: 3
	Destroy() Cost: 3ms
Path: /obj/effect/spawner/newbomb/timer/syndicate
	qdel() Count: 3
	Destroy() Cost: 3ms
Path: /obj/structure/grille
	qdel() Count: 3
	Destroy() Cost: 3ms
Path: /obj/item/device/multitool
	qdel() Count: 3
	Destroy() Cost: 3ms
Path: /obj/item/weapon/reagent_containers/syringe
	qdel() Count: 2
	Destroy() Cost: 3ms
Path: /datum/skill_verb/appraise
	qdel() Count: 8
	Destroy() Cost: 2.99999ms
Path: /obj/item/device/tankassemblyproxy
	qdel() Count: 2
	Destroy() Cost: 2.99999ms
Path: /obj/item/organ/internal/cell
	qdel() Count: 1
	Destroy() Cost: 2.99999ms
Path: /datum/nano_module/docking
	qdel() Count: 3
	Destroy() Cost: 2.00001ms
Path: /datum/nano_module/program/comm
	qdel() Count: 2
	Destroy() Cost: 2.00001ms
Path: /datum/nano_module/skill_ui/admin
	qdel() Count: 2
	Destroy() Cost: 2.00001ms
Path: /datum/nano_module/power_monitor
	qdel() Count: 2
	Destroy() Cost: 2.00001ms
Path: /datum/sound_token
	qdel() Count: 2
	Destroy() Cost: 2.00001ms
Path: /obj/item/clothing/head/soft/solgov/expedition/co
	qdel() Count: 1
	Destroy() Cost: 2.00001ms
Path: /obj/item/weapon/reagent_containers/hypospray/autoinjector
	qdel() Count: 1
	Destroy() Cost: 2.00001ms
Path: /datum/proximity_trigger/square
	qdel() Count: 1
	Destroy() Cost: 2.00001ms
Path: /datum/reagent/nutriment/cherryjelly
	qdel() Count: 2
	Destroy() Cost: 2ms
Path: /datum/nano_module/shields_monitor
	qdel() Count: 4
	Destroy() Cost: 2ms
Path: /obj/item/weapon/ore/osmium
	qdel() Count: 4
	Destroy() Cost: 2ms
Path: /obj/item/stack/material/plasteel
	qdel() Count: 2
	Destroy() Cost: 2ms
Path: /obj/item/organ/internal/eyes/robot
	qdel() Count: 1
	Destroy() Cost: 2ms
Path: /obj/item/stack/tile/floor_dark
	qdel() Count: 1
	Destroy() Cost: 2ms
Path: /turf/simulated/floor/plating
	qdel() Count: 3
	Destroy() Cost: 2ms
Path: /obj/effect/vine
	Failures: 2
	qdel() Count: 2
	Destroy() Cost: 2ms
	Total Hard Deletes 2
	Time Spent Hard Deleting: 0ms
Path: /turf/simulated/floor/tiled/steel_grid
	qdel() Count: 12
	Destroy() Cost: 2ms
Path: /obj/effect/wallframe_spawn/reinforced_phoron/titanium
	qdel() Count: 11
	Destroy() Cost: 2ms
Path: /obj/random/advdevice
	qdel() Count: 10
	Destroy() Cost: 2ms
Path: /obj/effect/floor_decal/industrial/hatch/blue
	qdel() Count: 8
	Destroy() Cost: 2ms
Path: /turf/simulated/floor/tiled
	qdel() Count: 8
	Destroy() Cost: 2ms
Path: /datum/overmap_event/meteor
	qdel() Count: 8
	Destroy() Cost: 2ms
Path: /obj/random/suit
	qdel() Count: 7
	Destroy() Cost: 2ms
Path: /obj/screen/fullscreen/blackout
	qdel() Count: 7
	Destroy() Cost: 2ms
Path: /obj/machinery/atmospherics/pipe/simple/hidden/supply
	qdel() Count: 6
	Destroy() Cost: 2ms
Path: /obj/screen/fullscreen/blind
	qdel() Count: 6
	Destroy() Cost: 2ms
Path: /obj/random/shoes
	qdel() Count: 5
	Destroy() Cost: 2ms
Path: /obj/effect/floor_decal/corner/lime/mono
	qdel() Count: 4
	Destroy() Cost: 2ms
Path: /obj/effect/floor_decal/techfloor/hole/right
	qdel() Count: 4
	Destroy() Cost: 2ms
Path: /obj/effect/floor_decal/torchltdlogo
	qdel() Count: 4
	Destroy() Cost: 2ms
Path: /obj/machinery/atmospherics/pipe/simple/visible/yellow
	qdel() Count: 4
	Destroy() Cost: 2ms
Path: /datum/follow_holder/spiderling
	qdel() Count: 4
	Destroy() Cost: 2ms
Path: /obj/effect/floor_decal/techfloor/orange
	qdel() Count: 3
	Destroy() Cost: 2ms
Path: /obj/effect/floor_decal/corner/red/full
	qdel() Count: 3
	Destroy() Cost: 2ms
Path: /obj/random/hardsuit
	qdel() Count: 3
	Destroy() Cost: 2ms
Path: /obj/item/seeds/whitebeetseed
	qdel() Count: 3
	Destroy() Cost: 2ms
Path: /obj/item/weapon/stock_parts/power/battery/buildable/stock
	qdel() Count: 2
	Destroy() Cost: 2ms
Path: /obj/item/underwear/undershirt
	qdel() Count: 2
	Destroy() Cost: 2ms
Path: /obj/random/assembly
	qdel() Count: 2
	Destroy() Cost: 2ms
Path: /obj/effect/floor_decal/corner/white/full
	qdel() Count: 2
	Destroy() Cost: 2ms
Path: /obj/effect/floor_decal/beach/corner
	qdel() Count: 2
	Destroy() Cost: 2ms
Path: /obj/item/seeds/towermycelium
	qdel() Count: 2
	Destroy() Cost: 2ms
Path: /obj/effect/floor_decal/corner/white/diagonal
	qdel() Count: 2
	Destroy() Cost: 2ms
Path: /datum/trader/ship/prank_shop
	qdel() Count: 2
	Destroy() Cost: 2ms
Path: /obj/item/weapon/reagent_containers/food/snacks/sliceable/creamcheesebread
	qdel() Count: 1
	Destroy() Cost: 2ms
Path: /obj/item/ammo_casing/shotgun/blank
	qdel() Count: 1
	Destroy() Cost: 2ms
Path: /obj/item/device/radio/electropack
	qdel() Count: 1
	Destroy() Cost: 2ms
Path: /obj/item/device/radio/headset
	qdel() Count: 1
	Destroy() Cost: 2ms
Path: /obj/item/device/radio/off
	qdel() Count: 1
	Destroy() Cost: 2ms
Path: /obj/item/weapon/weldingtool/largetank
	qdel() Count: 1
	Destroy() Cost: 2ms
Path: /obj/item/weapon/welder_tank/large
	qdel() Count: 1
	Destroy() Cost: 2ms
Path: /obj/item/weapon/reagent_containers/food/snacks/soylenviridians
	qdel() Count: 1
	Destroy() Cost: 2ms
Path: /obj/item/weapon/reagent_containers/food/snacks/tofurkey
	qdel() Count: 1
	Destroy() Cost: 2ms
Path: /datum/trader/ship/clothingshop/hatglovesaccessories
	qdel() Count: 2
	Destroy() Cost: 2ms
Path: /obj/item/weapon/ore/gold
	qdel() Count: 2
	Destroy() Cost: 2ms
Path: /datum/nano_module/program/computer_filemanager
	qdel() Count: 2
	Destroy() Cost: 2ms
Path: /datum/extension/base_icon_state
	qdel() Count: 4
	Destroy() Cost: 2ms
Path: /obj/item/underwear/socks
	qdel() Count: 3
	Destroy() Cost: 2ms
Path: /obj/item/weapon/wirecutters
	qdel() Count: 2
	Destroy() Cost: 2ms
Path: /obj/item/weapon/reagent_containers/food/snacks/bun
	qdel() Count: 2
	Destroy() Cost: 2ms
Path: /datum/skill_verb/noirvision
	qdel() Count: 8
	Destroy() Cost: 2ms
Path: /datum/nano_module/skill_ui/antag
	qdel() Count: 2
	Destroy() Cost: 2ms
Path: /datum/nano_module/rcon
	qdel() Count: 2
	Destroy() Cost: 2ms
Path: /datum/nano_module/deck_management
	qdel() Count: 2
	Destroy() Cost: 2ms
Path: /datum/nano_module/crew_monitor
	qdel() Count: 2
	Destroy() Cost: 2ms
Path: /obj/item/device/encryptionkey/heads/ai_integrated
	qdel() Count: 2
	Destroy() Cost: 2ms
Path: /obj/effect/decal/cleanable/blood/tracks/body
	qdel() Count: 2
	Destroy() Cost: 2ms
Path: /obj/structure/railing/mapped
	qdel() Count: 1
	Destroy() Cost: 2ms
Path: /obj/item/device/radio/headset/heads/torchexec
	qdel() Count: 1
	Destroy() Cost: 2ms
Path: /obj/item/weapon/reagent_containers/food/drinks/cans/starkist
	qdel() Count: 1
	Destroy() Cost: 2ms
Path: /obj/item/weapon/stock_parts/computer/card_slot/broadcaster
	qdel() Count: 1
	Destroy() Cost: 2ms
Path: /obj/item/weapon/stock_parts/computer/battery_module
	qdel() Count: 1
	Destroy() Cost: 2ms
Path: /obj/item/weapon/stock_parts/computer/tesla_link
	qdel() Count: 1
	Destroy() Cost: 1.00002ms
Path: /obj/item/weapon/crowbar
	qdel() Count: 2
	Destroy() Cost: 1.00001ms
Path: /datum/nano_module/supply
	qdel() Count: 2
	Destroy() Cost: 1.00001ms
Path: /datum/follow_holder/ai
	qdel() Count: 2
	Destroy() Cost: 1.00001ms
Path: /datum/movement_handler/mob/death
	qdel() Count: 1
	Destroy() Cost: 1.00001ms
Path: /datum/movement_handler/mob/movement
	qdel() Count: 1
	Destroy() Cost: 1.00001ms
Path: /obj/lighting_general
	qdel() Count: 4
	Destroy() Cost: 1ms
Path: /datum/nano_module/camera_monitor
	qdel() Count: 3
	Destroy() Cost: 1ms
Path: /datum/nano_module/atmos_control
	qdel() Count: 3
	Destroy() Cost: 1ms
Path: /datum/reagent/iron
	qdel() Count: 3
	Destroy() Cost: 1ms
Path: /datum/reagent/lactate
	qdel() Count: 2
	Destroy() Cost: 1ms
Path: /datum/trader/ship/electronics
	qdel() Count: 2
	Destroy() Cost: 1ms
Path: /datum/reagent/tobacco/bad
	qdel() Count: 2
	Destroy() Cost: 1ms
Path: /datum/reagent/drink/brownstar
	qdel() Count: 2
	Destroy() Cost: 1ms
Path: /obj/effect/gateway/active/cult
	qdel() Count: 1
	Destroy() Cost: 1ms
Path: /obj/effect/decal/cleanable/flour
	qdel() Count: 1
	Destroy() Cost: 1ms
Path: /obj/item/weapon/inflatable_duck
	qdel() Count: 1
	Destroy() Cost: 1ms
Path: /obj/item/weapon/beach_ball
	qdel() Count: 1
	Destroy() Cost: 1ms
Path: /obj/item/weapon/reagent_containers/food/snacks/sliceable/bread
	qdel() Count: 1
	Destroy() Cost: 1ms
Path: /obj/item/weapon/reagent_containers/food/condiment/enzyme
	qdel() Count: 1
	Destroy() Cost: 1ms
Path: /datum/nano_module/program/computer_ntnetdownload
	qdel() Count: 1
	Destroy() Cost: 1ms
Path: /obj/structure/sign/warning/docking_area
	qdel() Count: 1
	Destroy() Cost: 1ms
Path: /datum/trader/ship/pet_shop
	qdel() Count: 1
	Destroy() Cost: 1ms
Path: /datum/effect/effect/system/spark_spread
	qdel() Count: 11
	Destroy() Cost: 1ms
Path: /datum/reagent/drink/coffee
	qdel() Count: 4
	Destroy() Cost: 1ms
Path: /obj/fire
	qdel() Count: 4
	Destroy() Cost: 1ms
Path: /datum/follow_holder/eye
	qdel() Count: 2
	Destroy() Cost: 1ms
Path: /obj/effect/floor_decal/corner/mauve/half
	qdel() Count: 12
	Destroy() Cost: 1ms
Path: /obj/effect/floor_decal/borderfloor/cee
	qdel() Count: 11
	Destroy() Cost: 1ms
Path: /obj/random/masks
	qdel() Count: 10
	Destroy() Cost: 1ms
Path: /obj/effect/floor_decal/industrial/hatch/orange
	qdel() Count: 8
	Destroy() Cost: 1ms
Path: /datum/overmap_event/electric
	qdel() Count: 7
	Destroy() Cost: 1ms
Path: /obj/screen/fullscreen/oxy
	qdel() Count: 7
	Destroy() Cost: 1ms
Path: /obj/random/accessory
	qdel() Count: 6
	Destroy() Cost: 1ms
Path: /obj/effect/floor_decal/industrial/outline
	qdel() Count: 6
	Destroy() Cost: 1ms
Path: /datum/overmap_event/carp/major
	qdel() Count: 6
	Destroy() Cost: 1ms
Path: /obj/random/hat
	qdel() Count: 5
	Destroy() Cost: 1ms
Path: /obj/random/gloves
	qdel() Count: 4
	Destroy() Cost: 1ms
Path: /obj/machinery/atmospherics/pipe/simple/hidden/scrubbers
	qdel() Count: 4
	Destroy() Cost: 1ms
Path: /datum/reagent/fuel
	qdel() Count: 4
	Destroy() Cost: 1ms
Path: /obj/random/plushie/large
	qdel() Count: 3
	Destroy() Cost: 1ms
Path: /obj/effect/floor_decal/corner/beige/three_quarters
	qdel() Count: 3
	Destroy() Cost: 1ms
Path: /obj/effect/floor_decal/corner/b_green
	qdel() Count: 3
	Destroy() Cost: 1ms
Path: /datum/overmap_event/carp
	qdel() Count: 3
	Destroy() Cost: 1ms
Path: /obj/effect/paint/blue
	qdel() Count: 2
	Destroy() Cost: 1ms
Path: /obj/effect/landmark/corpse/doctor
	qdel() Count: 2
	Destroy() Cost: 1ms
Path: /obj/random/single/playing_cards
	qdel() Count: 2
	Destroy() Cost: 1ms
Path: /obj/effect/floor_decal/industrial/hatch/red
	qdel() Count: 2
	Destroy() Cost: 1ms
Path: /turf/simulated/floor/tiled/white
	qdel() Count: 2
	Destroy() Cost: 1ms
Path: /obj/effect/catwalk_plated/white
	qdel() Count: 2
	Destroy() Cost: 1ms
Path: /obj/machinery/atmospherics/pipe/simple/hidden/fuel
	qdel() Count: 2
	Destroy() Cost: 1ms
Path: /obj/item/device/assembly/igniter
	qdel() Count: 2
	Destroy() Cost: 1ms
Path: /obj/item/weapon/scalpel
	qdel() Count: 2
	Destroy() Cost: 1ms
Path: /obj/effect/effect/water/chempuff
	qdel() Count: 2
	Destroy() Cost: 1ms
Path: /obj/effect/floor_decal/steeldecal/steel_decals_central1
	qdel() Count: 1
	Destroy() Cost: 1ms
Path: /obj/effect/floor_decal/corner/grey
	qdel() Count: 1
	Destroy() Cost: 1ms
Path: /obj/effect/floor_decal/carpet/corners
	qdel() Count: 1
	Destroy() Cost: 1ms
Path: /obj/item/weapon/hand/missing_card
	qdel() Count: 1
	Destroy() Cost: 1ms
Path: /obj/item/seeds/pumpkinseed
	qdel() Count: 1
	Destroy() Cost: 1ms
Path: /obj/item/seeds/wheatseed
	qdel() Count: 1
	Destroy() Cost: 1ms
Path: /obj/item/seeds/soyaseed
	qdel() Count: 1
	Destroy() Cost: 1ms
Path: /obj/item/seeds/bananaseed
	qdel() Count: 1
	Destroy() Cost: 1ms
Path: /obj/item/seeds/sugarcaneseed
	qdel() Count: 1
	Destroy() Cost: 1ms
Path: /obj/item/seeds/greengrapeseed
	qdel() Count: 1
	Destroy() Cost: 1ms
Path: /obj/item/seeds/eggplantseed
	qdel() Count: 1
	Destroy() Cost: 1ms
Path: /obj/item/seeds/bluetomatoseed
	qdel() Count: 1
	Destroy() Cost: 1ms
Path: /obj/item/seeds/garlicseed
	qdel() Count: 1
	Destroy() Cost: 1ms
Path: /obj/item/seeds/potatoseed
	qdel() Count: 1
	Destroy() Cost: 1ms
Path: /obj/item/seeds/tomatoseed
	qdel() Count: 1
	Destroy() Cost: 1ms
Path: /obj/item/seeds/bluespacetomatoseed
	qdel() Count: 1
	Destroy() Cost: 1ms
Path: /obj/item/seeds/glowberryseed
	qdel() Count: 1
	Destroy() Cost: 1ms
Path: /obj/item/seeds/lemonseed
	qdel() Count: 1
	Destroy() Cost: 1ms
Path: /obj/item/seeds/grassseed
	qdel() Count: 1
	Destroy() Cost: 1ms
Path: /obj/item/projectile/bullet/blank
	qdel() Count: 1
	Destroy() Cost: 1ms
Path: /obj/item/ammo_casing/shotgun
	qdel() Count: 1
	Destroy() Cost: 1ms
Path: /obj/item/projectile/bullet/shotgun
	qdel() Count: 1
	Destroy() Cost: 1ms
Path: /obj/item/ammo_casing/shotgun/flash
	qdel() Count: 1
	Destroy() Cost: 1ms
Path: /obj/item/projectile/energy/flash/flare
	qdel() Count: 1
	Destroy() Cost: 1ms
Path: /obj/item/ammo_casing/shotgun/pellet
	qdel() Count: 1
	Destroy() Cost: 1ms
Path: /obj/item/projectile/bullet/pellet/shotgun
	qdel() Count: 1
	Destroy() Cost: 1ms
Path: /obj/item/weapon/material/knife/combat
	qdel() Count: 1
	Destroy() Cost: 1ms
Path: /obj/item/ammo_casing/shotgun/stunshell
	qdel() Count: 1
	Destroy() Cost: 1ms
Path: /obj/item/projectile/energy/electrode/stunshot
	qdel() Count: 1
	Destroy() Cost: 1ms
Path: /obj/item/weapon/magnetic_ammo/skrell
	qdel() Count: 1
	Destroy() Cost: 1ms
Path: /obj/item/weapon/stock_parts/power/apc/buildable
	qdel() Count: 1
	Destroy() Cost: 1ms
Path: /obj/item/weapon/stock_parts/power/battery/buildable/responsive
	qdel() Count: 1
	Destroy() Cost: 1ms
Path: /obj/item/device/assembly/signaler
	qdel() Count: 1
	Destroy() Cost: 1ms
Path: /obj/item/device/assembly/infra
	qdel() Count: 1
	Destroy() Cost: 1ms
Path: /datum/proximity_trigger/line
	qdel() Count: 1
	Destroy() Cost: 1ms
Path: /obj/item/device/assembly/timer
	qdel() Count: 1
	Destroy() Cost: 1ms
Path: /obj/item/conveyor_construct
	qdel() Count: 1
	Destroy() Cost: 1ms
Path: /obj/item/conveyor_switch_construct/oneway
	qdel() Count: 1
	Destroy() Cost: 1ms
Path: /obj/item/weapon/airalarm_electronics
	qdel() Count: 1
	Destroy() Cost: 1ms
Path: /obj/item/weapon/module/power_control
	qdel() Count: 1
	Destroy() Cost: 1ms
Path: /obj/item/weapon/camera_assembly
	qdel() Count: 1
	Destroy() Cost: 1ms
Path: /obj/item/weapon/rcd
	qdel() Count: 1
	Destroy() Cost: 1ms
Path: /obj/item/weapon/reagent_containers/glass/bucket
	qdel() Count: 1
	Destroy() Cost: 1ms
Path: /obj/item/weapon/reagent_containers/food/drinks/glass2/rocks
	qdel() Count: 1
	Destroy() Cost: 1ms
Path: /obj/item/weapon/reagent_containers/food/drinks/glass2/shake
	qdel() Count: 1
	Destroy() Cost: 1ms
Path: /obj/item/weapon/reagent_containers/food/drinks/glass2/cocktail
	qdel() Count: 1
	Destroy() Cost: 1ms
Path: /obj/item/weapon/reagent_containers/food/drinks/glass2/shot
	qdel() Count: 1
	Destroy() Cost: 1ms
Path: /obj/item/weapon/reagent_containers/food/drinks/glass2/pint
	qdel() Count: 1
	Destroy() Cost: 1ms
Path: /obj/item/weapon/reagent_containers/food/drinks/glass2/mug
	qdel() Count: 1
	Destroy() Cost: 1ms
Path: /obj/machinery/floor_light
	qdel() Count: 1
	Destroy() Cost: 1ms
Path: /obj/item/weapon/extinguisher/empty
	qdel() Count: 1
	Destroy() Cost: 1ms
Path: /obj/item/glass_jar
	qdel() Count: 1
	Destroy() Cost: 1ms
Path: /obj/item/device/encryptionkey
	qdel() Count: 1
	Destroy() Cost: 1ms
Path: /obj/item/device/suit_cooling_unit
	qdel() Count: 1
	Destroy() Cost: 1ms
Path: /obj/item/weapon/cell/high
	qdel() Count: 1
	Destroy() Cost: 1ms
Path: /obj/item/weapon/material/knife/kitchen
	qdel() Count: 1
	Destroy() Cost: 1ms
Path: /obj/item/device/taperecorder/empty
	qdel() Count: 1
	Destroy() Cost: 1ms
Path: /obj/item/weapon/pen/blue
	qdel() Count: 1
	Destroy() Cost: 1ms
Path: /obj/item/weapon/pen/green
	qdel() Count: 1
	Destroy() Cost: 1ms
Path: /obj/item/weapon/material/clipboard/plastic
	qdel() Count: 1
	Destroy() Cost: 1ms
Path: /obj/item/device/destTagger
	qdel() Count: 1
	Destroy() Cost: 1ms
Path: /obj/item/weapon/surgicaldrill
	qdel() Count: 1
	Destroy() Cost: 1ms
Path: /obj/item/weapon/cautery
	qdel() Count: 1
	Destroy() Cost: 1ms
Path: /obj/item/weapon/reagent_containers/glass/beaker
	qdel() Count: 1
	Destroy() Cost: 1ms
Path: /obj/item/weapon/reagent_containers/glass/beaker/large
	qdel() Count: 1
	Destroy() Cost: 1ms
Path: /obj/item/weapon/reagent_containers/glass/beaker/insulated
	qdel() Count: 1
	Destroy() Cost: 1ms
Path: /obj/item/weapon/reagent_containers/glass/beaker/insulated/large
	qdel() Count: 1
	Destroy() Cost: 1ms
Path: /obj/item/weapon/implanter
	qdel() Count: 1
	Destroy() Cost: 1ms
Path: /obj/item/weapon/reagent_containers/hypospray/autoinjector/empty
	qdel() Count: 1
	Destroy() Cost: 1ms
Path: /obj/item/device/integrated_electronics/wirer
	qdel() Count: 1
	Destroy() Cost: 1ms
Path: /obj/item/weapon/material/hatchet
	qdel() Count: 1
	Destroy() Cost: 1ms
Path: /obj/item/weapon/material/kitchen/utensil/spoon
	qdel() Count: 1
	Destroy() Cost: 1ms
Path: /obj/item/weapon/material/kitchen/utensil/spork
	qdel() Count: 1
	Destroy() Cost: 1ms
Path: /obj/item/weapon/material/knife/table
	qdel() Count: 1
	Destroy() Cost: 1ms
Path: /obj/item/weapon/material/kitchen/utensil/foon
	qdel() Count: 1
	Destroy() Cost: 1ms
Path: /obj/item/weapon/material/kitchen/utensil/spork/plastic
	qdel() Count: 1
	Destroy() Cost: 1ms
Path: /obj/item/weapon/material/knife/table/plastic
	qdel() Count: 1
	Destroy() Cost: 1ms
Path: /obj/item/weapon/reagent_containers/food/snacks/fries
	qdel() Count: 1
	Destroy() Cost: 1ms
Path: /obj/item/weapon/reagent_containers/food/snacks/soydope
	qdel() Count: 1
	Destroy() Cost: 1ms
Path: /obj/item/weapon/reagent_containers/food/snacks/ricepudding
	qdel() Count: 1
	Destroy() Cost: 1ms
Path: /datum/codex_category/materials
	qdel() Count: 1
	Destroy() Cost: 1ms
Path: /obj/effect/spider/eggcluster
	qdel() Count: 1
	Destroy() Cost: 1ms
Path: /datum/trader/ship/unique/rock
	qdel() Count: 1
	Destroy() Cost: 1ms
Path: /obj/effect/decal/point
	qdel() Count: 1
	Destroy() Cost: 1ms
Path: /datum/trader/ship/gunshop
	qdel() Count: 1
	Destroy() Cost: 1ms
Path: /datum/trader/ship/clothingshop/shoes
	qdel() Count: 3
	Destroy() Cost: 1ms
Path: /datum/announcement/priority
	qdel() Count: 2
	Destroy() Cost: 1ms
Path: /datum/trader/ship/egunshop
	qdel() Count: 2
	Destroy() Cost: 1ms
Path: /obj/effect/decal/cleanable/ash
	qdel() Count: 1
	Destroy() Cost: 1ms
Path: /obj/effect/temporary
	qdel() Count: 1
	Destroy() Cost: 1ms
Path: /obj/item/weapon/ore/phoron
	qdel() Count: 1
	Destroy() Cost: 1ms
Path: /obj/item/remains/lizard
	qdel() Count: 1
	Destroy() Cost: 1ms
Path: /datum/hud/deity
	qdel() Count: 1
	Destroy() Cost: 1ms
Path: /datum/wires/radio
	qdel() Count: 6
	Destroy() Cost: 0.999998ms
Path: /datum/wound/puncture/small
	qdel() Count: 4
	Destroy() Cost: 0.999998ms
Path: /datum/nano_module/records
	qdel() Count: 2
	Destroy() Cost: 0.999998ms
Path: /datum/nano_module/digitalwarrant
	qdel() Count: 2
	Destroy() Cost: 0.999998ms
Path: /datum/nano_module/program/computer_wordprocessor
	qdel() Count: 1
	Destroy() Cost: 0.999998ms
Path: /datum/nano_module/program/uplink
	qdel() Count: 1
	Destroy() Cost: 0.999998ms
Path: /obj/item/weapon/reagent_containers/food/snacks/plainsteak
	qdel() Count: 1
	Destroy() Cost: 0.999998ms
Path: /obj/item/paper/cig/filter
	qdel() Count: 1
	Destroy() Cost: 0.999998ms
Path: /obj/item/weapon/reagent_containers/food/snacks/grown/dried_tobacco/bad
	qdel() Count: 1
	Destroy() Cost: 0.999998ms
Path: /obj/item/weapon/cell/hyper
	qdel() Count: 1
	Destroy() Cost: 0.999998ms
Path: /datum/movement_handler/move_relay
	qdel() Count: 1
	Destroy() Cost: 0.999998ms
Path: /datum/movement_handler/mob/delay
	qdel() Count: 1
	Destroy() Cost: 0.999998ms
Path: /datum/movement_handler/mob/physically_restrained
	qdel() Count: 1
	Destroy() Cost: 0.999998ms
Path: /obj/item/device/encryptionkey/heads/torchexec
	qdel() Count: 1
	Destroy() Cost: 0.999998ms
Path: /obj/item/stack/medical/bruise_pack
	qdel() Count: 1
	Destroy() Cost: 0.999998ms
Path: /obj/item/device/flashlight/flare/glowstick
	qdel() Count: 1
	Destroy() Cost: 0.999998ms
Path: /obj/item/device/oxycandle
	qdel() Count: 1
	Destroy() Cost: 0.999998ms
Path: /obj/item/weapon/lipstick/black
	qdel() Count: 1
	Destroy() Cost: 0.999998ms
Path: /obj/item/weapon/reagent_containers/food/drinks/shaker
	qdel() Count: 1
	Destroy() Cost: 0.999998ms
Path: /datum/extension/holster
	qdel() Count: 1
	Destroy() Cost: 0.999998ms
Path: /obj/item/weapon/pen/multi/cmd/co
	qdel() Count: 1
	Destroy() Cost: 0.999998ms
Path: /obj/item/weapon/stock_parts/computer/hard_drive/small
	qdel() Count: 1
	Destroy() Cost: 0.999998ms
Path: /obj/item/weapon/card/id/torch/gold
	qdel() Count: 1
	Destroy() Cost: 0.999998ms
Path: /obj/item/weapon/stock_parts/computer/processor_unit/small
	qdel() Count: 1
	Destroy() Cost: 0.999998ms
Path: /obj/item/weapon/stock_parts/computer/scanner/paper
	qdel() Count: 1
	Destroy() Cost: 0.999998ms
Path: /obj/effect/floor_decal/borderfloorwhite/cee
	qdel() Count: 11
	Destroy() Cost: 0ms
Path: /obj/effect/floor_decal/borderfloorwhite/full
	qdel() Count: 5
	Destroy() Cost: 0ms
Path: /obj/effect/floor_decal/corner/paleblue/mono
	qdel() Count: 5
	Destroy() Cost: 0ms
Path: /obj/screen/fullscreen/blurry
	qdel() Count: 5
	Destroy() Cost: 0ms
Path: /obj/effect/floor_decal/corner/orange
	qdel() Count: 4
	Destroy() Cost: 0ms
Path: /datum/overmap_event/dust
	qdel() Count: 4
	Destroy() Cost: 0ms
Path: /datum/nano_module/law_manager
	qdel() Count: 4
	Destroy() Cost: 0ms
Path: /datum/reagent/nutriment/virus_food
	qdel() Count: 4
	Destroy() Cost: 0ms
Path: /obj/effect/floor_decal/industrial/hatch
	qdel() Count: 3
	Destroy() Cost: 0ms
Path: /turf/simulated/floor/tiled/techmaint
	qdel() Count: 3
	Destroy() Cost: 0ms
Path: /obj/effect/floor_decal/steeldecal/steel_decals_central7
	qdel() Count: 2
	Destroy() Cost: 0ms
Path: /obj/effect/floor_decal/steeldecal/steel_decals9
	qdel() Count: 2
	Destroy() Cost: 0ms
Path: /obj/effect/floor_decal/steeldecal/steel_decals_central2
	qdel() Count: 2
	Destroy() Cost: 0ms
Path: /turf/simulated/floor/tiled/dark/monotile
	qdel() Count: 2
	Destroy() Cost: 0ms
Path: /obj/item/seeds/cornseed
	qdel() Count: 2
	Destroy() Cost: 0ms
Path: /datum/nano_module/program/email_administration
	qdel() Count: 2
	Destroy() Cost: 0ms
Path: /datum/nano_module/program/computer_ntnetmonitor
	qdel() Count: 2
	Destroy() Cost: 0ms
Path: /datum/nano_module/skill_ui/antag/station/offstation
	qdel() Count: 2
	Destroy() Cost: 0ms
Path: /datum/nano_module/skill_ui/antag/station
	qdel() Count: 2
	Destroy() Cost: 0ms
Path: /datum/nano_module/skill_ui
	qdel() Count: 2
	Destroy() Cost: 0ms
Path: /datum/nano_module/alarm_monitor/all
	qdel() Count: 2
	Destroy() Cost: 0ms
Path: /datum/nano_module/crew_manifest
	qdel() Count: 2
	Destroy() Cost: 0ms
Path: /datum/nano_module/arcade_classic
	qdel() Count: 2
	Destroy() Cost: 0ms
Path: /datum/nano_module/library
	qdel() Count: 2
	Destroy() Cost: 0ms
Path: /datum/nano_module/forceauthorization
	qdel() Count: 2
	Destroy() Cost: 0ms
Path: /datum/reagent/nutriment/sprinkles
	qdel() Count: 2
	Destroy() Cost: 0ms
Path: /datum/trader/ship/toyshop
	qdel() Count: 2
	Destroy() Cost: 0ms
Path: /datum/trader/ship/chinese
	qdel() Count: 2
	Destroy() Cost: 0ms
Path: /datum/trader/ship/robots
	qdel() Count: 2
	Destroy() Cost: 0ms
Path: /obj/item/weapon/ore/glass
	qdel() Count: 2
	Destroy() Cost: 0ms
Path: /obj/screen/fullscreen/flash
	qdel() Count: 2
	Destroy() Cost: 0ms
Path: /datum/reagent/ethanol/vodka
	qdel() Count: 2
	Destroy() Cost: 0ms
Path: /datum/follow_holder/mob
	qdel() Count: 2
	Destroy() Cost: 0ms
Path: /datum/controller
	qdel() Count: 1
	Destroy() Cost: 0ms
Path: /datum/global_init
	qdel() Count: 1
	Destroy() Cost: 0ms
Path: /obj/effect/floor_decal/industrial/warning/dust
	qdel() Count: 1
	Destroy() Cost: 0ms
Path: /obj/effect/floor_decal/sign/b
	qdel() Count: 1
	Destroy() Cost: 0ms
Path: /obj/effect/floor_decal/steeldecal/steel_decals_central3
	qdel() Count: 1
	Destroy() Cost: 0ms
Path: /obj/effect/submap_landmark/joinable_submap/voxship
	qdel() Count: 1
	Destroy() Cost: 0ms
Path: /obj/effect/floor_decal/steeldecal/steel_decals6
	qdel() Count: 1
	Destroy() Cost: 0ms
Path: /turf/simulated/floor/tiled/skrell
	qdel() Count: 1
	Destroy() Cost: 0ms
Path: /obj/effect/paint/green
	qdel() Count: 1
	Destroy() Cost: 0ms
Path: /obj/effect/submap_landmark/joinable_submap/skrellscoutship
	qdel() Count: 1
	Destroy() Cost: 0ms
Path: /obj/turbolift_map_holder/torch
	qdel() Count: 1
	Destroy() Cost: 0ms
Path: /obj/effect/floor_decal/corner/brown/three_quarters
	qdel() Count: 1
	Destroy() Cost: 0ms
Path: /obj/random/vendor
	qdel() Count: 1
	Destroy() Cost: 0ms
Path: /obj/effect/floor_decal/corner/grey/border
	qdel() Count: 1
	Destroy() Cost: 0ms
Path: /obj/effect/floor_decal/techfloor/hole
	qdel() Count: 1
	Destroy() Cost: 0ms
Path: /obj/item/seeds/poisonberryseed
	qdel() Count: 1
	Destroy() Cost: 0ms
Path: /obj/item/seeds/riceseed
	qdel() Count: 1
	Destroy() Cost: 0ms
Path: /obj/item/seeds/goldappleseed
	qdel() Count: 1
	Destroy() Cost: 0ms
Path: /obj/item/seeds/peanutseed
	qdel() Count: 1
	Destroy() Cost: 0ms
Path: /obj/item/seeds/onionseed
	qdel() Count: 1
	Destroy() Cost: 0ms
Path: /obj/item/seeds/peppercornseed
	qdel() Count: 1
	Destroy() Cost: 0ms
Path: /obj/item/seeds/chiliseed
	qdel() Count: 1
	Destroy() Cost: 0ms
Path: /obj/item/ammo_magazine/shotholder/empty
	qdel() Count: 1
	Destroy() Cost: 0ms
Path: /obj/item/weapon/magnetic_ammo/skrell/slug
	qdel() Count: 1
	Destroy() Cost: 0ms
Path: /obj/item/weapon/material/hatchet/machete/steel
	qdel() Count: 1
	Destroy() Cost: 0ms
Path: /obj/item/weapon/syringe_cartridge
	qdel() Count: 1
	Destroy() Cost: 0ms
Path: /obj/item/weapon/stock_parts/keyboard
	qdel() Count: 1
	Destroy() Cost: 0ms
Path: /obj/item/weapon/stock_parts/power/battery/buildable/crap
	qdel() Count: 1
	Destroy() Cost: 0ms
Path: /obj/item/weapon/stock_parts/power/battery/buildable/turbo
	qdel() Count: 1
	Destroy() Cost: 0ms
Path: /obj/item/weapon/stock_parts/power/terminal/buildable
	qdel() Count: 1
	Destroy() Cost: 0ms
Path: /obj/item/device/assembly/prox_sensor
	qdel() Count: 1
	Destroy() Cost: 0ms
Path: /obj/item/stack/cable_coil/single
	qdel() Count: 1
	Destroy() Cost: 0ms
Path: /obj/item/weapon/beartrap
	qdel() Count: 1
	Destroy() Cost: 0ms
Path: /obj/item/weapon/cell/device/standard
	qdel() Count: 1
	Destroy() Cost: 0ms
Path: /obj/item/weapon/reagent_containers/ecig_cartridge/blank
	qdel() Count: 1
	Destroy() Cost: 0ms
Path: /obj/item/conveyor_switch_construct
	qdel() Count: 1
	Destroy() Cost: 0ms
Path: /obj/item/weapon/stock_parts/console_screen
	qdel() Count: 1
	Destroy() Cost: 0ms
Path: /obj/item/weapon/firealarm_electronics
	qdel() Count: 1
	Destroy() Cost: 0ms
Path: /obj/item/weapon/rcd_ammo
	qdel() Count: 1
	Destroy() Cost: 0ms
Path: /obj/item/weapon/rcd_ammo/large
	qdel() Count: 1
	Destroy() Cost: 0ms
Path: /obj/item/weapon/airlock_electronics
	qdel() Count: 1
	Destroy() Cost: 0ms
Path: /obj/item/weapon/reagent_containers/food/drinks/glass2/carafe
	qdel() Count: 1
	Destroy() Cost: 0ms
Path: /obj/item/weapon/reagent_containers/food/drinks/glass2/square
	qdel() Count: 1
	Destroy() Cost: 0ms
Path: /obj/item/clothing/head/welding
	qdel() Count: 1
	Destroy() Cost: 0ms
Path: /datum/wires/taperecorder
	qdel() Count: 1
	Destroy() Cost: 0ms
Path: /obj/item/device/tape
	qdel() Count: 1
	Destroy() Cost: 0ms
Path: /obj/item/weapon/light/tube/large
	qdel() Count: 1
	Destroy() Cost: 0ms
Path: /obj/item/weapon/light/bulb
	qdel() Count: 1
	Destroy() Cost: 0ms
Path: /obj/item/weapon/material/ashtray/glass
	qdel() Count: 1
	Destroy() Cost: 0ms
Path: /obj/item/clothing/glasses/welding
	qdel() Count: 1
	Destroy() Cost: 0ms
Path: /obj/item/weapon/pen
	qdel() Count: 1
	Destroy() Cost: 0ms
Path: /obj/item/weapon/pen/red
	qdel() Count: 1
	Destroy() Cost: 0ms
Path: /obj/item/weapon/material/clipboard/steel
	qdel() Count: 1
	Destroy() Cost: 0ms
Path: /obj/item/weapon/material/clipboard/glass
	qdel() Count: 1
	Destroy() Cost: 0ms
Path: /obj/item/weapon/hand_labeler
	qdel() Count: 1
	Destroy() Cost: 0ms
Path: /obj/item/weapon/handcuffs
	qdel() Count: 1
	Destroy() Cost: 0ms
Path: /obj/item/clothing/mask/plunger
	qdel() Count: 1
	Destroy() Cost: 0ms
Path: /obj/item/weapon/circular_saw
	qdel() Count: 1
	Destroy() Cost: 0ms
Path: /obj/item/weapon/retractor
	qdel() Count: 1
	Destroy() Cost: 0ms
Path: /obj/item/weapon/hemostat
	qdel() Count: 1
	Destroy() Cost: 0ms
Path: /obj/item/weapon/reagent_containers/glass/beaker/vial
	qdel() Count: 1
	Destroy() Cost: 0ms
Path: /obj/item/weapon/crowbar/prybar
	qdel() Count: 1
	Destroy() Cost: 0ms
Path: /obj/item/device/integrated_electronics/debugger
	qdel() Count: 1
	Destroy() Cost: 0ms
Path: /obj/item/device/integrated_electronics/analyzer
	qdel() Count: 1
	Destroy() Cost: 0ms
Path: /obj/item/device/t_scanner
	qdel() Count: 1
	Destroy() Cost: 0ms
Path: /obj/item/weapon/screwdriver
	qdel() Count: 1
	Destroy() Cost: 0ms
Path: /obj/item/weapon/wrench
	qdel() Count: 1
	Destroy() Cost: 0ms
Path: /obj/item/weapon/material/minihoe
	qdel() Count: 1
	Destroy() Cost: 0ms
Path: /obj/item/weapon/material/kitchen/utensil/fork/plastic
	qdel() Count: 1
	Destroy() Cost: 0ms
Path: /obj/item/weapon/material/kitchen/utensil/spoon/plastic
	qdel() Count: 1
	Destroy() Cost: 0ms
Path: /obj/item/weapon/material/kitchen/utensil/foon/plastic
	qdel() Count: 1
	Destroy() Cost: 0ms
Path: /obj/item/weapon/material/kitchen/utensil/fork
	qdel() Count: 1
	Destroy() Cost: 0ms
Path: /datum/codex_category/cultures
	qdel() Count: 1
	Destroy() Cost: 0ms
Path: /datum/codex_category/gases
	qdel() Count: 1
	Destroy() Cost: 0ms
Path: /datum/codex_category/languages
	qdel() Count: 1
	Destroy() Cost: 0ms
Path: /datum/codex_category/reagents
	qdel() Count: 1
	Destroy() Cost: 0ms
Path: /datum/codex_category/recipes
	qdel() Count: 1
	Destroy() Cost: 0ms
Path: /datum/codex_category/skills
	qdel() Count: 1
	Destroy() Cost: 0ms
Path: /datum/codex_category/species
	qdel() Count: 1
	Destroy() Cost: 0ms
Path: /datum/trader/ship/clothingshop
	qdel() Count: 1
	Destroy() Cost: 0ms
Path: /datum/reagent/acid/stomach
	qdel() Count: 1
	Destroy() Cost: 0ms
Path: /obj/screen/fullscreen/impaired
	qdel() Count: 1
	Destroy() Cost: 0ms
Path: /datum/trader/ship/replica_shop
	qdel() Count: 1
	Destroy() Cost: 0ms
Path: /obj/aiming_overlay
	qdel() Count: 1
	Destroy() Cost: 0ms
Path: /datum/hud/human
	qdel() Count: 1
	Destroy() Cost: 0ms
Path: /datum/click_handler/default
	qdel() Count: 1
	Destroy() Cost: 0ms
Path: /datum/movement_handler/mob/relayed_movement
	qdel() Count: 1
	Destroy() Cost: 0ms
Path: /datum/movement_handler/mob/conscious
	qdel() Count: 1
	Destroy() Cost: 0ms
Path: /datum/movement_handler/mob/eye
	qdel() Count: 1
	Destroy() Cost: 0ms
Path: /datum/movement_handler/mob/buckle_relay
	qdel() Count: 1
	Destroy() Cost: 0ms
Path: /datum/movement_handler/mob/stop_effect
	qdel() Count: 1
	Destroy() Cost: 0ms
Path: /datum/movement_handler/mob/physically_capable
	qdel() Count: 1
	Destroy() Cost: 0ms
Path: /datum/movement_handler/mob/space
	qdel() Count: 1
	Destroy() Cost: 0ms
Path: /datum/movement_handler/mob/multiz
	qdel() Count: 1
	Destroy() Cost: 0ms
Path: /datum/extension/appearance/cardborg
	qdel() Count: 1
	Destroy() Cost: 0ms
Path: /datum/reagent/inaprovaline
	qdel() Count: 1
	Destroy() Cost: 0ms
Path: /datum/extension/armor
	qdel() Count: 1
	Destroy() Cost: 0ms
Path: /obj/item/weapon/stock_parts/computer/network_card
	qdel() Count: 1
	Destroy() Cost: 0ms
Path: /datum/extension/interactive/ntos/device
	qdel() Count: 1
	Destroy() Cost: 0ms
