

Starting up round ID b33-bzcA. 11:00:00
---------------------
[13:48:45]QDEL: Path: /mob/zshadow
	qdel() Count: 123
	Destroy() Cost: 478ms
	Total Hard Deletes 122
	Time Spent Hard Deleting: 3012ms
Path: /obj/effect/effect/smoke
	Failures: 15
	qdel() Count: 40
	Destroy() Cost: 13ms
	Total Hard Deletes 15
	Time Spent Hard Deleting: 1561ms
Path: /mob/living/carbon/human
	qdel() Count: 9
	Destroy() Cost: 315ms
	Total Hard Deletes 9
	Time Spent Hard Deleting: 673ms
Path: /mob/observer/ghost
	qdel() Count: 4
	Destroy() Cost: 23ms
	Total Hard Deletes 4
	Time Spent Hard Deleting: 462ms
Path: /datum/gas_mixture
	Failures: 4
	qdel() Count: 28
	Destroy() Cost: 5.99999ms
	Total Hard Deletes 4
	Time Spent Hard Deleting: 380ms
Path: /obj/structure/disposalholder
	Failures: 3
	qdel() Count: 7
	Destroy() Cost: 129ms
	Total Hard Deletes 3
	Time Spent Hard Deleting: 276ms
Path: /obj/machinery/camera/network/first_deck
	Failures: 2
	qdel() Count: 2
	Destroy() Cost: 5.99999ms
	Total Hard Deletes 2
	Time Spent Hard Deleting: 246ms
Path: /obj/machinery/camera/network/engine
	Failures: 2
	qdel() Count: 2
	Destroy() Cost: 6.00003ms
	Total Hard Deletes 2
	Time Spent Hard Deleting: 231ms
Path: /datum/pipeline
	Failures: 2
	qdel() Count: 17
	Destroy() Cost: 151ms
	Total Hard Deletes 2
	Time Spent Hard Deleting: 211ms
Path: /obj/machinery/atmospherics/unary/heat_exchanger
	Failures: 2
	qdel() Count: 2
	Destroy() Cost: 2ms
	Total Hard Deletes 2
	Time Spent Hard Deleting: 194ms
Path: /mob/living/silicon/sil_brainmob
	qdel() Count: 3
	Destroy() Cost: 407ms
	Total Hard Deletes 3
	Time Spent Hard Deleting: 156ms
Path: /obj/machinery/disposal
	Failures: 1
	qdel() Count: 1
	Destroy() Cost: 2ms
	Total Hard Deletes 1
	Time Spent Hard Deleting: 153ms
Path: /mob/living/simple_animal/mouse
	qdel() Count: 1
	Destroy() Cost: 15ms
	Total Hard Deletes 1
	Time Spent Hard Deleting: 152ms
Path: /obj/effect/landmark/map_data
	Failures: 1
	qdel() Count: 3
	Destroy() Cost: 0ms
	Total Hard Deletes 1
	Time Spent Hard Deleting: 150ms
Path: /obj/effect/sparks
	Failures: 1
	qdel() Count: 1403
	Destroy() Cost: 1081ms
	Total Hard Deletes 1
	Time Spent Hard Deleting: 144ms
Path: /obj/structure/droppod_door
	Failures: 2
	qdel() Count: 4
	Destroy() Cost: 2ms
	Total Hard Deletes 2
	Time Spent Hard Deleting: 119ms
Path: /obj/item/stack/cable_coil
	Failures: 2
	qdel() Count: 2901
	Destroy() Cost: 1088ms
	Total Hard Deletes 2
	Time Spent Hard Deleting: 118ms
Path: /obj/machinery/atmospherics/unary/vent_pump/on
	Failures: 1
	qdel() Count: 1
	Destroy() Cost: 0.999998ms
	Total Hard Deletes 1
	Time Spent Hard Deleting: 118ms
Path: /mob/new_player
	qdel() Count: 7
	Destroy() Cost: 6.99999ms
	Total Hard Deletes 7
	Time Spent Hard Deleting: 107ms
Path: /obj/machinery/atmospherics/binary/pump/high_power
	Failures: 1
	qdel() Count: 1
	Destroy() Cost: 2ms
	Total Hard Deletes 1
	Time Spent Hard Deleting: 98ms
Path: /obj/machinery/atmospherics/binary/pump
	Failures: 1
	qdel() Count: 2
	Destroy() Cost: 2.99999ms
	Total Hard Deletes 1
	Time Spent Hard Deleting: 97ms
Path: /obj/effect/decal/cleanable/blood/splatter
	Failures: 1
	qdel() Count: 5
	Destroy() Cost: 3ms
	Total Hard Deletes 1
	Time Spent Hard Deleting: 64ms
Path: /obj/machinery/atmospherics/pipe/simple/hidden/scrubbers
	Failures: 1
	qdel() Count: 46
	Destroy() Cost: 171ms
	Total Hard Deletes 1
	Time Spent Hard Deleting: 54ms
Path: /obj/machinery/atmospherics/binary/circulator
	Failures: 2
	qdel() Count: 2
	Destroy() Cost: 3.99999ms
	Total Hard Deletes 2
	Time Spent Hard Deleting: 43ms
Path: /obj/structure/disposalpipe/trunk
	Failures: 2
	qdel() Count: 2
	Destroy() Cost: 2ms
	Total Hard Deletes 1
	Time Spent Hard Deleting: 23ms
Path: /obj/machinery/portable_atmospherics/canister/carbon_dioxide
	Failures: 1
	qdel() Count: 2
	Destroy() Cost: 3.99999ms
	Total Hard Deletes 1
	Time Spent Hard Deleting: 22ms
Path: /obj/machinery/portable_atmospherics/canister/empty/phoron
	Failures: 1
	qdel() Count: 1
	Destroy() Cost: 2ms
	Total Hard Deletes 1
	Time Spent Hard Deleting: 22ms
Path: /mob/observer/virtual/mob
	qdel() Count: 204
	Destroy() Cost: 305ms
	Total Hard Deletes 203
	Time Spent Hard Deleting: 8ms
Path: /obj/item/device/assembly/igniter
	Failures: 1
	qdel() Count: 3
	Destroy() Cost: 4ms
	Total Hard Deletes 1
	Time Spent Hard Deleting: 5ms
Path: /mob/living/silicon/ai
	qdel() Count: 31
	Destroy() Cost: 9108ms
	Total Hard Deletes 31
	Time Spent Hard Deleting: 1ms
Path: /image
	qdel() Count: 274
	Destroy() Cost: 93ms
	Total Hard Deletes 2
	Time Spent Hard Deleting: 0.999999ms
Path: /turf/space
	qdel() Count: 69496
	Destroy() Cost: 24700ms
Path: /obj/structure/cable/green
	qdel() Count: 37
	Destroy() Cost: 4586ms
Path: /obj/machinery/ai_powersupply
	qdel() Count: 31
	Destroy() Cost: 3807ms
Path: /datum/timedevent
	qdel() Count: 5496
	Destroy() Cost: 2099ms
Path: /obj/item/organ/external/chest
	qdel() Count: 21
	Destroy() Cost: 910ms
Path: /stat_silicon_subsystem
	qdel() Count: 840
	Destroy() Cost: 901ms
Path: /datum/wound/burn/moderate
	qdel() Count: 2377
	Destroy() Cost: 842ms
Path: /obj/structure/cable
	qdel() Count: 6
	Destroy() Cost: 778ms
Path: /datum/reagents
	qdel() Count: 1013
	Destroy() Cost: 702ms
Path: /atom/movable/lighting_overlay
	qdel() Count: 786
	Destroy() Cost: 588.001ms
Path: /obj/effect/floor_decal/industrial/warning
	qdel() Count: 1316
	Destroy() Cost: 545ms
Path: /obj/effect/floor_decal
	qdel() Count: 712
	Destroy() Cost: 531ms
Path: /datum/wound/bruise
	qdel() Count: 1449
	Destroy() Cost: 519ms
Path: /obj/item/organ/internal/posibrain
	qdel() Count: 3
	Destroy() Cost: 413ms
Path: /turf/simulated/open
	qdel() Count: 906
	Destroy() Cost: 390ms
Path: /obj/effect/floor_decal/solarpanel
	qdel() Count: 592
	Destroy() Cost: 330ms
Path: /obj/effect/floor_decal/industrial/hatch/yellow
	qdel() Count: 639
	Destroy() Cost: 321ms
Path: /obj/effect/floor_decal/industrial/outline/grey
	qdel() Count: 615
	Destroy() Cost: 277ms
Path: /obj/item/organ/external/groin
	qdel() Count: 26
	Destroy() Cost: 269ms
Path: /obj/effect/floor_decal/industrial/outline/yellow
	qdel() Count: 633
	Destroy() Cost: 260ms
Path: /obj/effect/wingrille_spawn/reinforced/crescent
	qdel() Count: 371
	Destroy() Cost: 247ms
Path: /obj/random/medical/lite
	qdel() Count: 225
	Destroy() Cost: 207ms
Path: /obj/effect/paint/hull
	qdel() Count: 385
	Destroy() Cost: 202ms
Path: /obj/effect/paint/black
	qdel() Count: 265
	Destroy() Cost: 188ms
Path: /turf/simulated/wall/elevator
	qdel() Count: 507
	Destroy() Cost: 178ms
Path: /obj/effect/floor_decal/corner/blue
	qdel() Count: 324
	Destroy() Cost: 174ms
Path: /obj/effect/floor_decal/techfloor
	qdel() Count: 389
	Destroy() Cost: 172ms
Path: /obj/effect/floor_decal/corner/green
	qdel() Count: 350
	Destroy() Cost: 172ms
Path: /turf/simulated/floor/tiled/dark
	qdel() Count: 468
	Destroy() Cost: 171ms
Path: /obj/random/mre
	qdel() Count: 156
	Destroy() Cost: 165ms
Path: /obj/structure/lattice
	qdel() Count: 240
	Destroy() Cost: 165ms
Path: /datum/radiation_source
	qdel() Count: 465
	Destroy() Cost: 162ms
Path: /obj/effect/floor_decal/industrial/warning/corner
	qdel() Count: 337
	Destroy() Cost: 159ms
Path: /obj/random/mre/drink
	qdel() Count: 147
	Destroy() Cost: 156ms
Path: /obj/effect/catwalk_plated
	qdel() Count: 476
	Destroy() Cost: 153ms
Path: /obj/effect/floor_decal/corner/red
	qdel() Count: 275
	Destroy() Cost: 153ms
Path: /obj/effect/temporary/item_pickup_ghost
	qdel() Count: 162
	Destroy() Cost: 152ms
Path: /obj/effect/floor_decal/carpet
	qdel() Count: 215
	Destroy() Cost: 151ms
Path: /datum/skillset
	qdel() Count: 381
	Destroy() Cost: 145ms
Path: /turf/simulated/floor/tiled/techfloor/grid
	qdel() Count: 405
	Destroy() Cost: 142ms
Path: /obj/effect/projectile/laser/emitter/tracer
	qdel() Count: 199
	Destroy() Cost: 142ms
Path: /obj/item/ammo_casing/pistol
	qdel() Count: 67
	Destroy() Cost: 141ms
Path: /obj/random/mre/dessert
	qdel() Count: 130
	Destroy() Cost: 139ms
Path: /obj/effect/decal/cleanable/blood/drip
	qdel() Count: 184
	Destroy() Cost: 138ms
Path: /datum/reagent/capsaicin/condensed
	qdel() Count: 409
	Destroy() Cost: 138ms
Path: /obj/random/mre/spread
	qdel() Count: 130
	Destroy() Cost: 137ms
Path: /obj/random/mre/sauce
	qdel() Count: 130
	Destroy() Cost: 134ms
Path: /turf/simulated/wall/titanium
	qdel() Count: 312
	Destroy() Cost: 127ms
Path: /obj/effect/paint/silver
	qdel() Count: 755
	Destroy() Cost: 124ms
Path: /datum/reagent/nutriment/protein
	qdel() Count: 348
	Destroy() Cost: 116ms
Path: /obj/effect/paint/red
	qdel() Count: 185
	Destroy() Cost: 111ms
Path: /obj/random/maintenance/solgov
	qdel() Count: 244
	Destroy() Cost: 110ms
Path: /obj/effect/wallframe_spawn/reinforced
	qdel() Count: 215
	Destroy() Cost: 102ms
Path: /mob/observer/eye/aiEye
	qdel() Count: 31
	Destroy() Cost: 94ms
	Total Hard Deletes 31
	Time Spent Hard Deleting: 0ms
Path: /obj/item/organ/external/head
	qdel() Count: 25
	Destroy() Cost: 89ms
Path: /turf/space/transit/north
	qdel() Count: 262
	Destroy() Cost: 87.0001ms
Path: /obj/random/junk
	qdel() Count: 242
	Destroy() Cost: 87ms
Path: /obj/item/device/radio/headset/heads/ai_integrated
	qdel() Count: 31
	Destroy() Cost: 86ms
Path: /obj/effect/floor_decal/spline/fancy/wood
	qdel() Count: 156
	Destroy() Cost: 85ms
Path: /obj/effect/floor_decal/corner/paleblue
	qdel() Count: 168
	Destroy() Cost: 82ms
Path: /obj/effect/wallframe_spawn/reinforced/titanium
	qdel() Count: 168
	Destroy() Cost: 81ms
Path: /obj/random/maintenance/clean
	qdel() Count: 166
	Destroy() Cost: 76ms
Path: /icon
	qdel() Count: 221
	Destroy() Cost: 76ms
Path: /obj/item/weapon/reagent_containers/food/snacks/sliceable/pizza/vegetablepizza
	qdel() Count: 36
	Destroy() Cost: 74ms
Path: /obj/item/organ/external/leg/right
	qdel() Count: 26
	Destroy() Cost: 73ms
Path: /obj/item/projectile/bullet/pistol
	qdel() Count: 67
	Destroy() Cost: 71ms
Path: /obj/item/organ/external/stump
	qdel() Count: 40
	Destroy() Cost: 71ms
Path: /obj/item/ammo_casing/pistol/small
	qdel() Count: 34
	Destroy() Cost: 71ms
Path: /obj/item/organ/external/arm/right
	qdel() Count: 26
	Destroy() Cost: 71ms
Path: /obj/item/organ/external/leg
	qdel() Count: 26
	Destroy() Cost: 70.0001ms
Path: /obj/machinery/atmospherics/pipe/simple/hidden/supply
	qdel() Count: 47
	Destroy() Cost: 69.9995ms
Path: /obj/item/weapon/stock_parts/power/apc
	qdel() Count: 114
	Destroy() Cost: 67.0004ms
Path: /obj/item/organ/external/arm
	qdel() Count: 26
	Destroy() Cost: 67ms
Path: /turf/simulated/floor/shuttle_ceiling/torch/air
	qdel() Count: 170
	Destroy() Cost: 66ms
Path: /obj/effect/projectile/laser/emitter/muzzle
	qdel() Count: 73
	Destroy() Cost: 66ms
Path: /obj/random/tech_supply
	qdel() Count: 164
	Destroy() Cost: 63ms
Path: /turf/simulated/floor/plating
	qdel() Count: 154
	Destroy() Cost: 60.0003ms
Path: /obj/random/trash
	qdel() Count: 183
	Destroy() Cost: 60ms
Path: /obj/effect/projectile/laser/emitter/impact
	qdel() Count: 73
	Destroy() Cost: 59ms
Path: /obj/item/underwear/top
	qdel() Count: 49
	Destroy() Cost: 58ms
Path: /obj/item/projectile/beam/emitter
	qdel() Count: 73
	Destroy() Cost: 58ms
Path: /turf/simulated/floor/tiled
	qdel() Count: 148
	Destroy() Cost: 58ms
Path: /obj/item/weapon/card/id/synthetic
	qdel() Count: 34
	Destroy() Cost: 57.9999ms
Path: /obj/effect/floor_decal/corner/blue/diagonal
	qdel() Count: 126
	Destroy() Cost: 57ms
Path: /obj/item/underwear/bottom
	qdel() Count: 51
	Destroy() Cost: 57ms
Path: /obj/item/ammo_casing/pistol/rubber
	qdel() Count: 25
	Destroy() Cost: 54ms
Path: /obj/effect/paint/brown
	qdel() Count: 81
	Destroy() Cost: 52ms
Path: /obj/random/maintenance/solgov/clean
	qdel() Count: 142
	Destroy() Cost: 51ms
Path: /obj/random/medical
	qdel() Count: 93
	Destroy() Cost: 51ms
Path: /datum/skillset/silicon
	qdel() Count: 34
	Destroy() Cost: 50ms
Path: /obj/effect/wallframe_spawn/reinforced/polarized
	qdel() Count: 82
	Destroy() Cost: 50ms
Path: /obj/item/device/multitool
	qdel() Count: 36
	Destroy() Cost: 47ms
Path: /obj/item/device/camera/siliconcam/ai_camera
	qdel() Count: 31
	Destroy() Cost: 46ms
Path: /obj/effect/floor_decal/corner/yellow
	qdel() Count: 95
	Destroy() Cost: 46ms
Path: /obj/effect/landmark
	qdel() Count: 92
	Destroy() Cost: 46ms
Path: /obj/effect/floor_decal/snow
	qdel() Count: 64
	Destroy() Cost: 45ms
Path: /turf/simulated/mineral/volcanic
	qdel() Count: 115
	Destroy() Cost: 43ms
Path: /obj/item/ammo_casing/pistol/small/rubber
	qdel() Count: 20
	Destroy() Cost: 43ms
Path: /obj/item/ammo_casing/rifle
	qdel() Count: 20
	Destroy() Cost: 43ms
Path: /obj/item/ammo_magazine/smg_top/rubber
	qdel() Count: 1
	Destroy() Cost: 43ms
Path: /obj/item/ammo_magazine/rifle
	qdel() Count: 1
	Destroy() Cost: 43ms
Path: /datum/reagent/nutriment
	qdel() Count: 105
	Destroy() Cost: 43ms
Path: /obj/effect/catwalk_plated/ascent
	qdel() Count: 374
	Destroy() Cost: 42ms
Path: /obj/item/ammo_magazine/smg
	qdel() Count: 1
	Destroy() Cost: 42ms
Path: /obj/item/ammo_magazine/smg_top
	qdel() Count: 1
	Destroy() Cost: 42ms
Path: /datum/nanoui
	qdel() Count: 114
	Destroy() Cost: 40ms
Path: /obj/structure/grille
	qdel() Count: 45
	Destroy() Cost: 39.0004ms
Path: /obj/item/underwear/undershirt
	qdel() Count: 36
	Destroy() Cost: 39ms
Path: /obj/effect/floor_decal/corner/research
	qdel() Count: 82
	Destroy() Cost: 37ms
Path: /obj/item/projectile/bullet/pistol/holdout
	qdel() Count: 34
	Destroy() Cost: 37ms
Path: /obj/item/organ/external/foot/right
	qdel() Count: 26
	Destroy() Cost: 37ms
Path: /obj/item/organ/external/hand/right
	qdel() Count: 26
	Destroy() Cost: 36ms
Path: /obj/item/organ/external/foot
	qdel() Count: 26
	Destroy() Cost: 35ms
Path: /obj/random/firstaid
	qdel() Count: 51
	Destroy() Cost: 35ms
Path: /obj/item/underwear/socks
	qdel() Count: 35
	Destroy() Cost: 35ms
Path: /obj/effect/step_trigger/thrower
	qdel() Count: 47
	Destroy() Cost: 34ms
Path: /obj/item/weapon/reagent_containers/food/snacks/sliceable/pizza/margherita
	qdel() Count: 19
	Destroy() Cost: 34ms
Path: /obj/item/ammo_magazine/machine_pistol
	qdel() Count: 1
	Destroy() Cost: 34ms
Path: /obj/item/organ/external/hand
	qdel() Count: 26
	Destroy() Cost: 34ms
Path: /datum/pipe_network
	qdel() Count: 57
	Destroy() Cost: 34ms
Path: /obj/effect/expl_particles
	qdel() Count: 40
	Destroy() Cost: 33ms
Path: /obj/item/device/encryptionkey/heads/ai_integrated
	qdel() Count: 31
	Destroy() Cost: 32.0001ms
Path: /obj/effect/floor_decal/corner/blue/mono
	qdel() Count: 53
	Destroy() Cost: 32ms
Path: /obj/item/ammo_casing/rifle/military
	qdel() Count: 15
	Destroy() Cost: 32ms
Path: /obj/item/ammo_magazine/pistol/double
	qdel() Count: 1
	Destroy() Cost: 32ms
Path: /obj/item/ammo_magazine/pistol/double/rubber
	qdel() Count: 1
	Destroy() Cost: 32ms
Path: /obj/item/ammo_magazine/mil_rifle
	qdel() Count: 1
	Destroy() Cost: 32ms
Path: /turf/simulated/floor/exoplanet/lava
	qdel() Count: 75
	Destroy() Cost: 31ms
Path: /obj/random/powercell
	qdel() Count: 61
	Destroy() Cost: 31ms
Path: /obj/item/organ/internal/lungs
	qdel() Count: 17
	Destroy() Cost: 30ms
Path: /obj/item/organ/internal/stomach
	qdel() Count: 17
	Destroy() Cost: 30ms
Path: /obj/machinery/light
	qdel() Count: 10
	Destroy() Cost: 29ms
Path: /obj/effect/wallframe_spawn/reinforced/no_grille
	qdel() Count: 93
	Destroy() Cost: 29ms
Path: /obj/effect/wallframe_spawn/no_grille
	qdel() Count: 92
	Destroy() Cost: 29ms
Path: /datum/wound/puncture/small
	qdel() Count: 66
	Destroy() Cost: 29ms
Path: /datum/reagent/space_cleaner
	qdel() Count: 85
	Destroy() Cost: 28ms
Path: /datum/nano_module/email_client
	qdel() Count: 58
	Destroy() Cost: 28ms
Path: /obj/item/ammo_casing/pistol/magnum
	qdel() Count: 13
	Destroy() Cost: 28ms
Path: /turf/simulated/floor/tiled/monotile
	qdel() Count: 78
	Destroy() Cost: 27.0001ms
Path: /obj/effect/floor_decal/corner/red/mono
	qdel() Count: 57
	Destroy() Cost: 27ms
Path: /obj/effect/paint/sun
	qdel() Count: 32
	Destroy() Cost: 27ms
Path: /obj/item/projectile/bullet/pistol/rubber
	qdel() Count: 25
	Destroy() Cost: 27ms
Path: /turf/simulated/floor
	qdel() Count: 75
	Destroy() Cost: 27ms
Path: /obj/item/organ/internal/liver
	qdel() Count: 17
	Destroy() Cost: 27ms
Path: /obj/item/organ/internal/brain
	qdel() Count: 16
	Destroy() Cost: 27ms
Path: /obj/item/organ/internal/kidneys
	qdel() Count: 17
	Destroy() Cost: 26ms
Path: /obj/effect/floor_decal/corner/brown
	qdel() Count: 88
	Destroy() Cost: 26ms
Path: /obj/effect/wallframe_spawn/reinforced_phoron
	qdel() Count: 63
	Destroy() Cost: 26ms
Path: /obj/effect/floor_decal/spline/plain
	qdel() Count: 36
	Destroy() Cost: 26ms
Path: /obj/item/organ/internal/heart
	qdel() Count: 17
	Destroy() Cost: 24ms
Path: /turf/unsimulated/mask
	qdel() Count: 682
	Destroy() Cost: 24ms
Path: /obj/item/weapon/reagent_containers/food/snacks/sliceable/pizza/meatpizza
	qdel() Count: 13
	Destroy() Cost: 24ms
Path: /obj/item/organ/internal/eyes
	qdel() Count: 16
	Destroy() Cost: 23ms
Path: /obj/effect/floor_decal/techfloor/corner
	qdel() Count: 55
	Destroy() Cost: 23ms
Path: /obj/effect/wallframe_spawn/reinforced/hull
	qdel() Count: 82
	Destroy() Cost: 22ms
Path: /obj/random/obstruction
	qdel() Count: 43
	Destroy() Cost: 22ms
Path: /obj/effect/floor_decal/floordetail/edgedrain
	qdel() Count: 42
	Destroy() Cost: 22ms
Path: /datum/follow_holder/eye
	qdel() Count: 31
	Destroy() Cost: 22ms
Path: /obj/item/projectile/bullet/pistol/rubber/holdout
	qdel() Count: 20
	Destroy() Cost: 22ms
Path: /obj/item/projectile/bullet/rifle
	qdel() Count: 20
	Destroy() Cost: 22ms
Path: /obj/item/ammo_magazine/pistol
	qdel() Count: 1
	Destroy() Cost: 22ms
Path: /obj/item/ammo_magazine/pistol/rubber
	qdel() Count: 1
	Destroy() Cost: 22ms
Path: /datum/progressbar
	qdel() Count: 33
	Destroy() Cost: 22ms
Path: /turf/simulated/floor/tiled/steel_ridged
	qdel() Count: 45
	Destroy() Cost: 21ms
Path: /obj/item/weapon/reagent_containers/food/snacks/sliceable/meatbread
	qdel() Count: 15
	Destroy() Cost: 21ms
Path: /datum/reagent/drink/juice/tomato
	qdel() Count: 68
	Destroy() Cost: 20ms
Path: /obj/random/soap
	qdel() Count: 28
	Destroy() Cost: 20ms
Path: /obj/machinery/atmospherics/pipe/simple/hidden/fuel
	qdel() Count: 14
	Destroy() Cost: 19.0006ms
Path: /datum/powernet
	qdel() Count: 53
	Destroy() Cost: 19.0001ms
Path: /datum/skill_verb/appraise
	qdel() Count: 46
	Destroy() Cost: 19ms
Path: /obj/effect/floor_decal/scglogo
	qdel() Count: 29
	Destroy() Cost: 19ms
Path: /obj/random/mre/sauce/vegan
	qdel() Count: 17
	Destroy() Cost: 19ms
Path: /obj/structure/window/reinforced/full
	qdel() Count: 21
	Destroy() Cost: 19ms
Path: /obj/effect/floor_decal/industrial/outline/blue
	qdel() Count: 45
	Destroy() Cost: 18ms
Path: /obj/effect/floor_decal/corner/green/three_quarters
	qdel() Count: 27
	Destroy() Cost: 18ms
Path: /obj/item/stack/material/steel
	qdel() Count: 22
	Destroy() Cost: 18ms
Path: /obj/random/technology_scanner
	qdel() Count: 32
	Destroy() Cost: 17ms
Path: /obj/effect/floor_decal/beach
	qdel() Count: 24
	Destroy() Cost: 17ms
Path: /obj/random/mre/spread/vegan
	qdel() Count: 17
	Destroy() Cost: 17ms
Path: /obj/item/ammo_magazine/pistol/small
	qdel() Count: 1
	Destroy() Cost: 17ms
Path: /datum/reagent/water
	qdel() Count: 42
	Destroy() Cost: 17ms
Path: /obj/effect/decal/cleanable/blood/tracks/footprints
	qdel() Count: 21
	Destroy() Cost: 17ms
Path: /datum/wires/radio
	qdel() Count: 39
	Destroy() Cost: 17ms
Path: /obj/item/organ/internal/appendix
	qdel() Count: 14
	Destroy() Cost: 17ms
Path: /turf/simulated/floor/tiled/techfloor
	qdel() Count: 46
	Destroy() Cost: 17ms
Path: /obj/structure/catwalk
	qdel() Count: 16
	Destroy() Cost: 16.9998ms
Path: /obj/structure/disposalpipe/segment
	qdel() Count: 22
	Destroy() Cost: 16ms
Path: /obj/effect/floor_decal/corner/red/half
	qdel() Count: 44
	Destroy() Cost: 16ms
Path: /obj/effect/floor_decal/corner_techfloor_grid
	qdel() Count: 31
	Destroy() Cost: 16ms
Path: /obj/effect/floor_decal/corner/blue/three_quarters
	qdel() Count: 25
	Destroy() Cost: 16ms
Path: /datum/skill_verb/noirvision
	qdel() Count: 46
	Destroy() Cost: 16ms
Path: /obj/random_multi/single_item/poppy
	qdel() Count: 21
	Destroy() Cost: 15ms
Path: /obj/effect/floor_decal/corner/yellow/half
	qdel() Count: 37
	Destroy() Cost: 15ms
Path: /obj/effect/floor_decal/corner/pink
	qdel() Count: 27
	Destroy() Cost: 15ms
Path: /obj/effect/floor_decal/asteroid
	qdel() Count: 25
	Destroy() Cost: 15ms
Path: /obj/random/cash
	qdel() Count: 19
	Destroy() Cost: 15ms
Path: /obj/item/projectile/bullet/rifle/military
	qdel() Count: 15
	Destroy() Cost: 15ms
Path: /obj/item/projectile/bullet/pistol/strong
	qdel() Count: 13
	Destroy() Cost: 15ms
Path: /obj/item/ammo_magazine/magnum
	qdel() Count: 1
	Destroy() Cost: 15ms
Path: /datum/announcement/priority
	qdel() Count: 31
	Destroy() Cost: 15ms
Path: /datum/nano_module/library
	qdel() Count: 31
	Destroy() Cost: 15ms
Path: /datum/nano_module/records
	qdel() Count: 32
	Destroy() Cost: 15ms
Path: /datum/nano_module/power_monitor
	qdel() Count: 31
	Destroy() Cost: 14ms
Path: /datum/nano_module/program/comm
	qdel() Count: 33
	Destroy() Cost: 14ms
Path: /obj/effect/floor_decal/corner/green/half
	qdel() Count: 37
	Destroy() Cost: 14ms
Path: /obj/effect/floor_decal/corner/lime
	qdel() Count: 34
	Destroy() Cost: 14ms
Path: /obj/random/torchcloset
	qdel() Count: 30
	Destroy() Cost: 14ms
Path: /obj/random/loot
	qdel() Count: 24
	Destroy() Cost: 14ms
Path: /obj/random/smokes
	qdel() Count: 21
	Destroy() Cost: 14ms
Path: /obj/effect/floor_decal/corner/red/three_quarters
	qdel() Count: 18
	Destroy() Cost: 14ms
Path: /obj/item/ammo_magazine/speedloader
	qdel() Count: 1
	Destroy() Cost: 14ms
Path: /datum/nano_module/deck_management
	qdel() Count: 31
	Destroy() Cost: 14ms
Path: /datum/nano_module/arcade_classic
	qdel() Count: 31
	Destroy() Cost: 13ms
Path: /datum/nano_module/docking
	qdel() Count: 31
	Destroy() Cost: 13ms
Path: /obj/random_multi/single_item/runtime
	qdel() Count: 17
	Destroy() Cost: 13ms
Path: /datum/extension/base_icon_state
	qdel() Count: 32
	Destroy() Cost: 13ms
Path: /obj/effect/floor_decal/corner/grey/diagonal
	qdel() Count: 45
	Destroy() Cost: 13ms
Path: /obj/effect/floor_decal/corner/paleblue/diagonal
	qdel() Count: 29
	Destroy() Cost: 13ms
Path: /obj/item/ammo_magazine/speedloader/small
	qdel() Count: 1
	Destroy() Cost: 13ms
Path: /obj/item/ammo_magazine/speedloader/magnum
	qdel() Count: 1
	Destroy() Cost: 13ms
Path: /datum/nano_module/skill_ui
	qdel() Count: 31
	Destroy() Cost: 12ms
Path: /datum/skill_verb/instruct
	qdel() Count: 46
	Destroy() Cost: 12ms
Path: /datum/nano_module/skill_ui/admin
	qdel() Count: 31
	Destroy() Cost: 12ms
Path: /obj/effect/floor_decal/industrial/warning/fulltile
	qdel() Count: 42
	Destroy() Cost: 12ms
Path: /datum/reagent/imidazoline
	qdel() Count: 36
	Destroy() Cost: 12ms
Path: /obj/effect/wallframe_spawn/reinforced/polarized/no_grille
	qdel() Count: 32
	Destroy() Cost: 12ms
Path: /obj/random/maintenance
	qdel() Count: 25
	Destroy() Cost: 12ms
Path: /obj/effect/floor_decal/corner/research/mono
	qdel() Count: 21
	Destroy() Cost: 12ms
Path: /obj/effect/floor_decal/stoneborder
	qdel() Count: 15
	Destroy() Cost: 12ms
Path: /obj/item/projectile/test
	qdel() Count: 14
	Destroy() Cost: 12ms
Path: /obj/screen/movable/action_button
	qdel() Count: 18
	Destroy() Cost: 12ms
Path: /obj/random_multi/single_item/boombox
	qdel() Count: 16
	Destroy() Cost: 12ms
Path: /datum/nano_module/crew_manifest
	qdel() Count: 31
	Destroy() Cost: 11ms
Path: /datum/nano_module/supply
	qdel() Count: 31
	Destroy() Cost: 11ms
Path: /datum/effect/effect/system/spark_spread
	qdel() Count: 37
	Destroy() Cost: 11ms
Path: /obj/effect/floor_decal/corner/green/mono
	qdel() Count: 34
	Destroy() Cost: 11ms
Path: /turf/simulated/mineral/random/volcanic
	qdel() Count: 28
	Destroy() Cost: 11ms
Path: /obj/effect/floor_decal/carpet/blue
	qdel() Count: 20
	Destroy() Cost: 11ms
Path: /obj/random/toolbox
	qdel() Count: 19
	Destroy() Cost: 11ms
Path: /datum/wound/lost_limb
	qdel() Count: 20
	Destroy() Cost: 11ms
Path: /datum/nano_module/camera_monitor
	qdel() Count: 31
	Destroy() Cost: 11ms
Path: /datum/nano_module/program/email_administration
	qdel() Count: 31
	Destroy() Cost: 11ms
Path: /obj/machinery/atmospherics/pipe/simple/visible/green
	qdel() Count: 10
	Destroy() Cost: 11ms
Path: /obj/item/weapon/stock_parts/radio/receiver
	qdel() Count: 12
	Destroy() Cost: 10ms
Path: /obj/effect/floor_decal/corner/brown/half
	qdel() Count: 51
	Destroy() Cost: 10ms
Path: /obj/effect/catwalk_plated/dark
	qdel() Count: 36
	Destroy() Cost: 10ms
Path: /obj/random/tool
	qdel() Count: 33
	Destroy() Cost: 10ms
Path: /obj/effect/effect/smoke/bad
	qdel() Count: 20
	Destroy() Cost: 10ms
Path: /obj/random/drinkbottle
	qdel() Count: 18
	Destroy() Cost: 10ms
Path: /obj/item/weapon/storage/box/glowsticks
	qdel() Count: 1
	Destroy() Cost: 10ms
Path: /datum/nano_module/skill_ui/antag/station
	qdel() Count: 31
	Destroy() Cost: 10ms
Path: /obj/machinery/door/blast/shutters
	qdel() Count: 4
	Destroy() Cost: 9.99981ms
Path: /datum/reagents/metabolism
	qdel() Count: 35
	Destroy() Cost: 9.00003ms
Path: /datum/nano_module/program/computer_ntnetmonitor
	qdel() Count: 31
	Destroy() Cost: 9.00002ms
Path: /datum/topic_manager/program
	qdel() Count: 34
	Destroy() Cost: 9ms
Path: /obj/item/weapon/light/tube
	qdel() Count: 11
	Destroy() Cost: 9ms
Path: /obj/effect/floor_decal/corner/white
	qdel() Count: 50
	Destroy() Cost: 9ms
Path: /datum/nano_module/supermatter_monitor
	qdel() Count: 31
	Destroy() Cost: 9ms
Path: /datum/follow_holder/ai
	qdel() Count: 31
	Destroy() Cost: 9ms
Path: /obj/screen/fullscreen/blind
	qdel() Count: 25
	Destroy() Cost: 9ms
Path: /obj/random/tank
	qdel() Count: 20
	Destroy() Cost: 9ms
Path: /obj/effect/effect/water/chempuff
	qdel() Count: 18
	Destroy() Cost: 9ms
Path: /obj/effect/floor_decal/corner/blue/half
	qdel() Count: 13
	Destroy() Cost: 9ms
Path: /obj/random/mre/sauce/sugarfree
	qdel() Count: 9
	Destroy() Cost: 9ms
Path: /datum/nano_module/skill_ui/antag
	qdel() Count: 31
	Destroy() Cost: 9ms
Path: /datum/storage_ui/default
	qdel() Count: 3
	Destroy() Cost: 9ms
Path: /obj/machinery/door/firedoor
	qdel() Count: 7
	Destroy() Cost: 8.99999ms
Path: /turf/simulated/floor/tiled/steel_grid
	qdel() Count: 16
	Destroy() Cost: 8.99999ms
Path: /datum/nano_module/rcon
	qdel() Count: 31
	Destroy() Cost: 8.99999ms
Path: /obj/item/organ/internal/cell
	qdel() Count: 3
	Destroy() Cost: 8.99998ms
Path: /datum/nano_module/crew_monitor
	qdel() Count: 31
	Destroy() Cost: 8.99998ms
Path: /obj/random_multi/single_item/punitelly
	qdel() Count: 11
	Destroy() Cost: 8.99998ms
Path: /obj/machinery/atmospherics/pipe/simple/heat_exchanging
	qdel() Count: 7
	Destroy() Cost: 8.99998ms
Path: /obj/machinery/vending/coffee
	qdel() Count: 1
	Destroy() Cost: 8.99998ms
Path: /datum/nano_module/skill_ui/antag/station/offstation
	qdel() Count: 31
	Destroy() Cost: 8ms
Path: /datum/nano_module/alarm_monitor/all
	qdel() Count: 31
	Destroy() Cost: 8ms
Path: /obj/machinery/atmospherics/pipe/manifold4w/visible/cyan
	qdel() Count: 4
	Destroy() Cost: 8ms
Path: /obj/random/bomb_supply
	qdel() Count: 29
	Destroy() Cost: 8ms
Path: /obj/effect/floor_decal/industrial/outline/orange
	qdel() Count: 25
	Destroy() Cost: 8ms
Path: /obj/screen/fullscreen/blackout
	qdel() Count: 23
	Destroy() Cost: 8ms
Path: /obj/effect/floor_decal/corner/red/diagonal
	qdel() Count: 19
	Destroy() Cost: 8ms
Path: /obj/effect/floor_decal/corner/beige
	qdel() Count: 12
	Destroy() Cost: 8ms
Path: /obj/random/contraband
	qdel() Count: 11
	Destroy() Cost: 8ms
Path: /obj/effect/effect/steam
	qdel() Count: 10
	Destroy() Cost: 8ms
Path: /mob/living/simple_animal/thinbug
	qdel() Count: 2
	Destroy() Cost: 8ms
	Total Hard Deletes 2
	Time Spent Hard Deleting: 0ms
Path: /obj/effect/decal/cleanable/blood/oil
	qdel() Count: 10
	Destroy() Cost: 8ms
Path: /datum/nano_module/shields_monitor
	qdel() Count: 31
	Destroy() Cost: 7.99999ms
Path: /turf/simulated/floor/tiled/dark/monotile
	qdel() Count: 14
	Destroy() Cost: 7.99998ms
Path: /obj/machinery/atmospherics/pipe/simple/visible/yellow
	qdel() Count: 9
	Destroy() Cost: 7.99998ms
Path: /datum/nano_module/atmos_control
	qdel() Count: 31
	Destroy() Cost: 7.99998ms
Path: /obj/machinery/atmospherics/pipe/simple/visible/cyan
	qdel() Count: 8
	Destroy() Cost: 7.99998ms
Path: /obj/structure/cable/cyan
	qdel() Count: 7
	Destroy() Cost: 7.0002ms
Path: /obj/machinery/atmospherics/pipe/manifold/hidden/scrubbers
	qdel() Count: 7
	Destroy() Cost: 7.00016ms
Path: /obj/machinery/portable_atmospherics/powered/scrubber
	qdel() Count: 1
	Destroy() Cost: 7.00016ms
Path: /obj/machinery/meter
	qdel() Count: 4
	Destroy() Cost: 7.00007ms
Path: /datum/nano_module/digitalwarrant
	qdel() Count: 31
	Destroy() Cost: 7ms
Path: /datum/reagent/nutriment/flour
	qdel() Count: 11
	Destroy() Cost: 7ms
Path: /obj/effect/floor_decal/corner/research/half
	qdel() Count: 17
	Destroy() Cost: 7ms
Path: /obj/random/clipboard
	qdel() Count: 11
	Destroy() Cost: 7ms
Path: /obj/effect/landmark/costume/chameleon
	qdel() Count: 10
	Destroy() Cost: 7ms
Path: /obj/random/voidhelmet
	qdel() Count: 9
	Destroy() Cost: 7ms
Path: /obj/random/advdevice
	qdel() Count: 9
	Destroy() Cost: 7ms
Path: /obj/item/weapon/grenade/chem_grenade/teargas
	qdel() Count: 1
	Destroy() Cost: 7ms
Path: /obj/structure/window/phoronreinforced/full
	qdel() Count: 7
	Destroy() Cost: 6.99998ms
Path: /obj/machinery/firealarm
	qdel() Count: 4
	Destroy() Cost: 6.99998ms
Path: /obj/item/weapon/reagent_containers/food/snacks/cracker
	qdel() Count: 6
	Destroy() Cost: 6.00001ms
Path: /obj/effect/floor_decal/industrial/outline/red
	qdel() Count: 22
	Destroy() Cost: 6ms
Path: /turf/simulated/planet_edge
	qdel() Count: 21
	Destroy() Cost: 6ms
Path: /obj/random/storage
	qdel() Count: 14
	Destroy() Cost: 6ms
Path: /obj/effect/floor_decal/corner/paleblue/half
	qdel() Count: 14
	Destroy() Cost: 6ms
Path: /obj/random/material
	qdel() Count: 13
	Destroy() Cost: 6ms
Path: /datum/overmap_event/carp
	qdel() Count: 11
	Destroy() Cost: 6ms
Path: /obj/effect/floor_decal/corner/lime/three_quarters
	qdel() Count: 10
	Destroy() Cost: 6ms
Path: /obj/effect/wallframe_spawn/reinforced/polarized/no_grille/regular
	qdel() Count: 10
	Destroy() Cost: 6ms
Path: /obj/effect/floor_decal/corner/paleblue/three_quarters
	qdel() Count: 9
	Destroy() Cost: 6ms
Path: /obj/random/voidsuit
	qdel() Count: 8
	Destroy() Cost: 6ms
Path: /obj/effect/spider/spiderling
	qdel() Count: 6
	Destroy() Cost: 6ms
Path: /obj/random/ammo_magazine_smug
	qdel() Count: 5
	Destroy() Cost: 6ms
Path: /obj/structure/inflatable/wall
	qdel() Count: 7
	Destroy() Cost: 6ms
Path: /obj/machinery/door/airlock/glass/civilian
	qdel() Count: 2
	Destroy() Cost: 6ms
Path: /datum/nano_module/law_manager
	qdel() Count: 34
	Destroy() Cost: 5.99999ms
Path: /datum/nano_module/forceauthorization
	qdel() Count: 31
	Destroy() Cost: 5.99999ms
Path: /obj/structure/railing/mapped
	qdel() Count: 6
	Destroy() Cost: 5.99999ms
Path: /obj/item/device/radio/beacon
	qdel() Count: 2
	Destroy() Cost: 5.99999ms
Path: /obj/item/weapon/cell
	qdel() Count: 6
	Destroy() Cost: 5.99982ms
Path: /obj/item/pipe
	qdel() Count: 7
	Destroy() Cost: 5.99981ms
Path: /obj/random/single/cola
	qdel() Count: 16
	Destroy() Cost: 5ms
Path: /obj/effect/floor_decal/spline/fancy/wood/corner
	qdel() Count: 15
	Destroy() Cost: 5ms
Path: /obj/random/action_figure
	qdel() Count: 12
	Destroy() Cost: 5ms
Path: /obj/effect/floor_decal/chapel
	qdel() Count: 12
	Destroy() Cost: 5ms
Path: /obj/effect/floor_decal/industrial/shutoff
	qdel() Count: 10
	Destroy() Cost: 5ms
Path: /obj/effect/floor_decal/spline/plain/grey
	qdel() Count: 8
	Destroy() Cost: 5ms
Path: /obj/random/closet
	qdel() Count: 5
	Destroy() Cost: 5ms
Path: /obj/random/handgun
	qdel() Count: 5
	Destroy() Cost: 5ms
Path: /obj/item/organ/external/head/no_eyes
	qdel() Count: 1
	Destroy() Cost: 5ms
Path: /obj/item/weapon/storage/backpack
	qdel() Count: 1
	Destroy() Cost: 5ms
Path: /obj/lighting_plane
	qdel() Count: 15
	Destroy() Cost: 5ms
Path: /obj/item/weapon/material/shard
	qdel() Count: 5
	Destroy() Cost: 4.99999ms
Path: /obj/item/clothing/shoes/dutyboots
	qdel() Count: 3
	Destroy() Cost: 4.99999ms
Path: /obj/machinery/alarm
	qdel() Count: 2
	Destroy() Cost: 4.99999ms
Path: /turf/simulated/wall/prepainted
	qdel() Count: 11
	Destroy() Cost: 4.00016ms
Path: /obj/machinery/atmospherics/pipe/manifold/visible/cyan
	qdel() Count: 4
	Destroy() Cost: 4.00008ms
Path: /datum/click_handler/default
	qdel() Count: 7
	Destroy() Cost: 4.00001ms
Path: /datum/movement_handler/mob/eye
	qdel() Count: 4
	Destroy() Cost: 4ms
Path: /datum/hud
	qdel() Count: 5
	Destroy() Cost: 4ms
Path: /obj/item/stack/tile/floor
	qdel() Count: 2
	Destroy() Cost: 4ms
Path: /obj/item/device/radio/headset/headset_service
	qdel() Count: 1
	Destroy() Cost: 4ms
Path: /obj/lighting_general
	qdel() Count: 15
	Destroy() Cost: 4ms
Path: /datum/reagent/toxin
	qdel() Count: 9
	Destroy() Cost: 4ms
Path: /obj/effect/wallframe_spawn/reinforced_phoron/hull
	qdel() Count: 58
	Destroy() Cost: 4ms
Path: /obj/effect/floor_decal/corner/mauve
	qdel() Count: 23
	Destroy() Cost: 4ms
Path: /obj/screen/fullscreen/brute
	qdel() Count: 18
	Destroy() Cost: 4ms
Path: /obj/effect/floor_decal/industrial/warning/full
	qdel() Count: 16
	Destroy() Cost: 4ms
Path: /obj/effect/floor_decal/corner/mauve/mono
	qdel() Count: 13
	Destroy() Cost: 4ms
Path: /obj/machinery/computer/arcade
	qdel() Count: 10
	Destroy() Cost: 4ms
Path: /obj/effect/floor_decal/industrial/loading
	qdel() Count: 10
	Destroy() Cost: 4ms
Path: /obj/effect/floor_decal/corner/yellow/mono
	qdel() Count: 9
	Destroy() Cost: 4ms
Path: /obj/random/projectile
	qdel() Count: 6
	Destroy() Cost: 4ms
Path: /obj/random/clothing
	qdel() Count: 6
	Destroy() Cost: 4ms
Path: /obj/effect/floor_decal/industrial/hatch/blue
	qdel() Count: 6
	Destroy() Cost: 4ms
Path: /obj/random/ammo
	qdel() Count: 5
	Destroy() Cost: 4ms
Path: /obj/effect/floor_decal/corner/lime/mono
	qdel() Count: 4
	Destroy() Cost: 4ms
Path: /obj/effect/floor_decal/spline/plain/brown
	qdel() Count: 4
	Destroy() Cost: 4ms
Path: /obj/item/weapon/reagent_containers/glass/beaker/large
	qdel() Count: 3
	Destroy() Cost: 4ms
Path: /obj/item/weapon/flamethrower/full
	qdel() Count: 1
	Destroy() Cost: 4ms
Path: /obj/effect/decal/cleanable/dirt
	qdel() Count: 10
	Destroy() Cost: 4ms
Path: /obj/screen/storage
	qdel() Count: 12
	Destroy() Cost: 4ms
Path: /obj/effect/explosion
	qdel() Count: 4
	Destroy() Cost: 4ms
Path: /datum/stored_items/vending_products
	qdel() Count: 11
	Destroy() Cost: 3.99999ms
Path: /obj/structure/sign/warning/radioactive
	qdel() Count: 6
	Destroy() Cost: 3.99999ms
Path: /obj/item/weapon/camera_assembly
	qdel() Count: 5
	Destroy() Cost: 3.99999ms
Path: /obj/structure/cable/yellow
	qdel() Count: 5
	Destroy() Cost: 3.99999ms
Path: /obj/machinery/atmospherics/pipe/manifold/hidden/supply
	qdel() Count: 5
	Destroy() Cost: 3.99999ms
Path: /obj/structure/window/reinforced
	qdel() Count: 4
	Destroy() Cost: 3.99999ms
Path: /obj/machinery/door/blast/regular
	qdel() Count: 2
	Destroy() Cost: 3.99999ms
Path: /obj/machinery/atmospherics/pipe/simple/visible/black
	qdel() Count: 2
	Destroy() Cost: 3.99999ms
Path: /obj/machinery/atmospherics/pipe/simple/hidden/cyan
	qdel() Count: 2
	Destroy() Cost: 3.99999ms
Path: /obj/machinery/button/blast_door
	qdel() Count: 2
	Destroy() Cost: 3.99999ms
Path: /obj/machinery/atmospherics/unary/vent_scrubber/on
	qdel() Count: 2
	Destroy() Cost: 3.99999ms
Path: /obj/machinery/ai_status_display
	qdel() Count: 2
	Destroy() Cost: 3.99999ms
Path: /obj/machinery/power/emitter
	qdel() Count: 1
	Destroy() Cost: 3.99999ms
Path: /obj/structure/wall_frame/standard
	qdel() Count: 7
	Destroy() Cost: 3.99965ms
Path: /obj/item/weapon/stock_parts/console_screen
	qdel() Count: 3
	Destroy() Cost: 3.00017ms
Path: /datum/follow_holder/human
	qdel() Count: 9
	Destroy() Cost: 3.00002ms
Path: /obj/item/stack/material/rods
	qdel() Count: 5
	Destroy() Cost: 3ms
Path: /datum/movement_handler/mob/physically_capable
	qdel() Count: 4
	Destroy() Cost: 3ms
Path: /obj/item/organ/internal/eyes/robot
	qdel() Count: 2
	Destroy() Cost: 3ms
Path: /obj
	qdel() Count: 9
	Destroy() Cost: 3ms
Path: /datum/reagent/potassium
	qdel() Count: 9
	Destroy() Cost: 3ms
Path: /obj/effect/floor_decal/spline/fancy/black
	qdel() Count: 12
	Destroy() Cost: 3ms
Path: /obj/random/coin
	qdel() Count: 8
	Destroy() Cost: 3ms
Path: /obj/effect/floor_decal/spline/plain/beige
	qdel() Count: 7
	Destroy() Cost: 3ms
Path: /obj/random/plushie
	qdel() Count: 6
	Destroy() Cost: 3ms
Path: /obj/random/solgov
	qdel() Count: 6
	Destroy() Cost: 3ms
Path: /obj/random/accessory
	qdel() Count: 5
	Destroy() Cost: 3ms
Path: /obj/effect/floor_decal/corner/yellow/diagonal
	qdel() Count: 5
	Destroy() Cost: 3ms
Path: /obj/effect/floor_decal/corner/black
	qdel() Count: 5
	Destroy() Cost: 3ms
Path: /datum/overmap_event/carp/major
	qdel() Count: 5
	Destroy() Cost: 3ms
Path: /obj/effect/floor_decal/torchltdlogo
	qdel() Count: 4
	Destroy() Cost: 3ms
Path: /obj/effect/spider/eggcluster
	qdel() Count: 3
	Destroy() Cost: 3ms
Path: /atom/movable/overlay
	qdel() Count: 3
	Destroy() Cost: 3ms
Path: /obj/item/weapon/weldingtool
	qdel() Count: 2
	Destroy() Cost: 3ms
Path: /obj/item/weapon/reagent_containers/food/snacks/meat/beef
	qdel() Count: 2
	Destroy() Cost: 3ms
Path: /obj/item/weapon/reagent_containers/food/snacks/variable
	qdel() Count: 2
	Destroy() Cost: 3ms
Path: /obj/item/weapon/storage/pill_bottle
	qdel() Count: 1
	Destroy() Cost: 3ms
Path: /obj/item/device/assembly_holder/timer_igniter
	Failures: 1
	qdel() Count: 1
	Destroy() Cost: 3ms
Path: /datum/movement_handler/mob/relayed_movement
	qdel() Count: 4
	Destroy() Cost: 3ms
Path: /datum/movement_handler/mob/multiz
	qdel() Count: 4
	Destroy() Cost: 3ms
Path: /obj/effect/gibspawner/generic
	qdel() Count: 6
	Destroy() Cost: 3ms
Path: /obj/item/weapon/cell/hyper
	qdel() Count: 3
	Destroy() Cost: 2.99999ms
Path: /obj/machinery/power/terminal
	qdel() Count: 2
	Destroy() Cost: 2.99999ms
Path: /obj/item/device/radio/intercom
	qdel() Count: 2
	Destroy() Cost: 2.99999ms
Path: /obj/machinery/button/mass_driver
	qdel() Count: 1
	Destroy() Cost: 2.99999ms
Path: /obj/structure/sign/warning/high_voltage
	qdel() Count: 3
	Destroy() Cost: 2.00034ms
Path: /obj/item/weapon/stock_parts/power/apc/buildable
	qdel() Count: 3
	Destroy() Cost: 2.00017ms
Path: /datum/wires/camera
	qdel() Count: 4
	Destroy() Cost: 2.00004ms
Path: /obj/machinery/atmospherics/valve/digital
	qdel() Count: 1
	Destroy() Cost: 2.00004ms
Path: /obj/structure/table/woodentable
	qdel() Count: 2
	Destroy() Cost: 2.00002ms
Path: /obj/item/weapon/reagent_containers/food/snacks/donut/normal
	qdel() Count: 2
	Destroy() Cost: 2ms
Path: /obj/item/weapon/reagent_containers/food/snacks/badrecipe
	qdel() Count: 2
	Destroy() Cost: 2ms
Path: /datum/reagent/dylovene
	qdel() Count: 4
	Destroy() Cost: 2ms
Path: /datum/reagent/inaprovaline
	qdel() Count: 4
	Destroy() Cost: 2ms
Path: /obj/item/weapon/reagent_containers/pill/pouch_pill/dylovene
	qdel() Count: 1
	Destroy() Cost: 2ms
Path: /obj/aura/regenerating/human/unathi
	qdel() Count: 1
	Destroy() Cost: 2ms
Path: /obj/item/organ/internal/brain/unathi
	qdel() Count: 1
	Destroy() Cost: 2ms
Path: /obj/item/organ/internal/eyes/unathi
	qdel() Count: 1
	Destroy() Cost: 2ms
Path: /obj/item/weapon/reagent_containers/pill/pouch_pill/paracetamol
	qdel() Count: 1
	Destroy() Cost: 2ms
Path: /obj/item/weapon/reagent_containers/food/drinks/bottle/specialwhiskey
	qdel() Count: 1
	Destroy() Cost: 2ms
Path: /datum/follow_holder/spiderling
	qdel() Count: 6
	Destroy() Cost: 2ms
Path: /obj/random/ore_smug
	qdel() Count: 35
	Destroy() Cost: 2ms
Path: /obj/random/snack
	qdel() Count: 20
	Destroy() Cost: 2ms
Path: /obj/effect/wallframe_spawn/phoron
	qdel() Count: 17
	Destroy() Cost: 2ms
Path: /obj/effect/floor_decal/corner/brown/mono
	qdel() Count: 17
	Destroy() Cost: 2ms
Path: /obj/effect/wingrille_spawn/reinforced_phoron/full
	qdel() Count: 9
	Destroy() Cost: 2ms
Path: /obj/effect/floor_decal/industrial/outline
	qdel() Count: 6
	Destroy() Cost: 2ms
Path: /obj/random/toy
	qdel() Count: 6
	Destroy() Cost: 2ms
Path: /obj/effect/floor_decal/spline/plain/red
	qdel() Count: 5
	Destroy() Cost: 2ms
Path: /obj/effect/floor_decal/industrial/warning/cee
	qdel() Count: 4
	Destroy() Cost: 2ms
Path: /obj/effect/floor_decal/corner/orange
	qdel() Count: 4
	Destroy() Cost: 2ms
Path: /obj/random/energy
	qdel() Count: 4
	Destroy() Cost: 2ms
Path: /obj/effect/floor_decal/stoneborder/corner
	qdel() Count: 4
	Destroy() Cost: 2ms
Path: /turf/simulated/floor/tiled/techmaint
	qdel() Count: 3
	Destroy() Cost: 2ms
Path: /obj/effect/floor_decal/corner/beige/three_quarters
	qdel() Count: 3
	Destroy() Cost: 2ms
Path: /obj/prefab/hand_teleporter
	qdel() Count: 3
	Destroy() Cost: 2ms
Path: /obj/effect/spawner/newbomb/timer/syndicate
	qdel() Count: 3
	Destroy() Cost: 2ms
Path: /datum/follow_holder/simple_animal
	qdel() Count: 3
	Destroy() Cost: 2ms
Path: /obj/effect/catwalk_plated/white
	qdel() Count: 2
	Destroy() Cost: 2ms
Path: /obj/effect/floor_decal/beach/corner
	qdel() Count: 2
	Destroy() Cost: 2ms
Path: /obj/item/weapon/welder_tank
	qdel() Count: 2
	Destroy() Cost: 2ms
Path: /obj/item/ammo_casing/shotgun/blank
	qdel() Count: 1
	Destroy() Cost: 2ms
Path: /obj/item/projectile/bullet/blank
	qdel() Count: 1
	Destroy() Cost: 2ms
Path: /obj/item/ammo_casing/shotgun/flash
	qdel() Count: 1
	Destroy() Cost: 2ms
Path: /obj/item/ammo_casing/shotgun/pellet
	qdel() Count: 1
	Destroy() Cost: 2ms
Path: /obj/item/ammo_casing/shotgun/stunshell
	qdel() Count: 1
	Destroy() Cost: 2ms
Path: /obj/item/device/assembly/infra
	qdel() Count: 1
	Destroy() Cost: 2ms
Path: /obj/item/device/radio/electropack
	qdel() Count: 1
	Destroy() Cost: 2ms
Path: /obj/item/device/radio/headset
	qdel() Count: 1
	Destroy() Cost: 2ms
Path: /obj/item/device/radio/off
	qdel() Count: 1
	Destroy() Cost: 2ms
Path: /obj/item/weapon/weldingtool/largetank
	qdel() Count: 1
	Destroy() Cost: 2ms
Path: /datum/movement_handler/mob/delay
	qdel() Count: 4
	Destroy() Cost: 2ms
Path: /datum/nano_module/program/computer_configurator
	qdel() Count: 2
	Destroy() Cost: 2ms
Path: /datum/hallucination/spiderbabies
	qdel() Count: 7
	Destroy() Cost: 2ms
Path: /datum/hud/human
	qdel() Count: 5
	Destroy() Cost: 2ms
Path: /datum/movement_handler/mob/buckle_relay
	qdel() Count: 4
	Destroy() Cost: 2ms
Path: /datum/movement_handler/mob/incorporeal
	qdel() Count: 4
	Destroy() Cost: 2ms
Path: /obj/machinery/atmospherics/omni/filter
	Failures: 1
	qdel() Count: 1
	Destroy() Cost: 2ms
	Total Hard Deletes 1
	Time Spent Hard Deleting: 0ms
Path: /turf/simulated/floor/reinforced/airless
	qdel() Count: 8
	Destroy() Cost: 2ms
Path: /obj/item/weapon/stock_parts/radio/transmitter/basic
	qdel() Count: 3
	Destroy() Cost: 2ms
Path: /obj/structure/sign/warning/fire
	qdel() Count: 2
	Destroy() Cost: 2ms
Path: /obj/machinery/atmospherics/pipe/simple/heat_exchanging/junction
	qdel() Count: 2
	Destroy() Cost: 2ms
Path: /obj/structure/sign/warning/nosmoking_1
	qdel() Count: 2
	Destroy() Cost: 2ms
Path: /obj/machinery/atmospherics/pipe/manifold/visible/black
	qdel() Count: 2
	Destroy() Cost: 2ms
Path: /obj/structure/bed/chair/wood
	qdel() Count: 2
	Destroy() Cost: 2ms
Path: /datum/wires/alarm
	qdel() Count: 2
	Destroy() Cost: 2ms
Path: /obj/machinery/power/supermatter
	qdel() Count: 1
	Destroy() Cost: 2ms
Path: /obj/machinery/mass_driver
	qdel() Count: 1
	Destroy() Cost: 2ms
Path: /obj/machinery/portable_atmospherics/canister/hydrogen
	qdel() Count: 1
	Destroy() Cost: 2ms
Path: /obj/machinery/power/sensor
	qdel() Count: 1
	Destroy() Cost: 2ms
Path: /obj/machinery/hologram/holopad
	qdel() Count: 1
	Destroy() Cost: 2ms
Path: /obj/machinery/status_display
	qdel() Count: 1
	Destroy() Cost: 2ms
Path: /obj/machinery/lapvend
	qdel() Count: 1
	Destroy() Cost: 2ms
Path: /datum/sound_token
	qdel() Count: 1
	Destroy() Cost: 2ms
Path: /obj/item/weapon/stock_parts/power/battery/buildable/stock
	qdel() Count: 3
	Destroy() Cost: 1.99982ms
Path: /obj/item/weapon/stock_parts/keyboard
	qdel() Count: 3
	Destroy() Cost: 1.99982ms
Path: /obj/structure/window/reinforced/polarized/full
	qdel() Count: 2
	Destroy() Cost: 1.00017ms
Path: /obj/structure/sign/directions/supply
	qdel() Count: 2
	Destroy() Cost: 1.00017ms
Path: /obj/structure/sign/warning/secure_area/armory
	qdel() Count: 1
	Destroy() Cost: 1.00017ms
Path: /obj/item/weapon/stock_parts/circuitboard/portable_scrubber
	qdel() Count: 1
	Destroy() Cost: 1.00017ms
Path: /obj/machinery/atmospherics/pipe/manifold4w/hidden/supply
	qdel() Count: 1
	Destroy() Cost: 1.00017ms
Path: /obj/machinery/atmospherics/pipe/simple/visible/fuel
	qdel() Count: 2
	Destroy() Cost: 1.00002ms
Path: /obj/machinery/air_sensor
	qdel() Count: 1
	Destroy() Cost: 1.00002ms
Path: /obj/aiming_overlay
	qdel() Count: 5
	Destroy() Cost: 1ms
Path: /datum/hallucination/sound/danger
	qdel() Count: 4
	Destroy() Cost: 1ms
Path: /datum/movement_handler/mob/multiz_connected
	qdel() Count: 4
	Destroy() Cost: 1ms
Path: /datum/follow_holder/mob
	qdel() Count: 3
	Destroy() Cost: 1ms
Path: /datum/hallucination/sound/spooky
	qdel() Count: 3
	Destroy() Cost: 1ms
Path: /datum/reagent/deletrathol
	qdel() Count: 2
	Destroy() Cost: 1ms
Path: /obj/item/clothing/shoes/black
	qdel() Count: 1
	Destroy() Cost: 1ms
Path: /obj/item/device/assembly/timer
	Failures: 1
	qdel() Count: 2
	Destroy() Cost: 1ms
	Total Hard Deletes 1
	Time Spent Hard Deleting: 0ms
Path: /datum/reagent/carbon
	qdel() Count: 8
	Destroy() Cost: 1ms
Path: /datum/reagent/nutriment/sprinkles
	qdel() Count: 4
	Destroy() Cost: 1ms
Path: /datum/movement_handler/mob/death
	qdel() Count: 4
	Destroy() Cost: 1ms
Path: /datum/movement_handler/mob/physically_restrained
	qdel() Count: 4
	Destroy() Cost: 1ms
Path: /datum/movement_handler/mob/movement
	qdel() Count: 4
	Destroy() Cost: 1ms
Path: /datum/reagent/adrenaline
	qdel() Count: 3
	Destroy() Cost: 1ms
Path: /datum/reagent/nutriment/cherryjelly
	qdel() Count: 3
	Destroy() Cost: 1ms
Path: /obj/effect/decal/cleanable/cobweb
	qdel() Count: 2
	Destroy() Cost: 1ms
Path: /datum/reagent/sodiumchloride
	qdel() Count: 2
	Destroy() Cost: 1ms
Path: /obj/structure/inflatable/door
	qdel() Count: 2
	Destroy() Cost: 1ms
Path: /datum/hallucination/telepahy
	qdel() Count: 2
	Destroy() Cost: 1ms
Path: /datum/nano_module/program/computer_filemanager
	qdel() Count: 1
	Destroy() Cost: 1ms
Path: /obj/item/device/flashlight/flare/glowstick/red
	qdel() Count: 1
	Destroy() Cost: 1ms
Path: /obj/item/device/flashlight/flare/glowstick/orange
	qdel() Count: 1
	Destroy() Cost: 1ms
Path: /datum/reagent/nutriment/coffee
	qdel() Count: 1
	Destroy() Cost: 1ms
Path: /datum/trader/ship/pet_shop
	qdel() Count: 1
	Destroy() Cost: 1ms
Path: /obj/item/stack/tile/floor_dark
	qdel() Count: 1
	Destroy() Cost: 1ms
Path: /obj/structure/bed/roller
	qdel() Count: 1
	Destroy() Cost: 1ms
Path: /obj/item/roller
	qdel() Count: 1
	Destroy() Cost: 1ms
Path: /obj/effect/mobius_rift/chamber
	qdel() Count: 16
	Destroy() Cost: 1ms
Path: /obj/effect/fluid_mapped
	qdel() Count: 8
	Destroy() Cost: 1ms
Path: /datum/overmap_event/meteor
	qdel() Count: 7
	Destroy() Cost: 1ms
Path: /obj/random/single/lighter
	qdel() Count: 6
	Destroy() Cost: 1ms
Path: /obj/effect/floor_decal/industrial/hatch/orange
	qdel() Count: 6
	Destroy() Cost: 1ms
Path: /obj/effect/floor_decal/corner/paleblue/mono
	qdel() Count: 5
	Destroy() Cost: 1ms
Path: /obj/effect/floor_decal/industrial/hatch
	qdel() Count: 3
	Destroy() Cost: 1ms
Path: /obj/effect/floor_decal/techfloor/orange
	qdel() Count: 3
	Destroy() Cost: 1ms
Path: /obj/effect/floor_decal/corner/red/full
	qdel() Count: 3
	Destroy() Cost: 1ms
Path: /obj/effect/wingrille_spawn/reinforced
	qdel() Count: 3
	Destroy() Cost: 1ms
Path: /obj/screen/close
	qdel() Count: 3
	Destroy() Cost: 1ms
Path: /obj/effect/landmark/corpse/doctor
	qdel() Count: 2
	Destroy() Cost: 1ms
Path: /obj/item/weapon/reagent_containers/food/snacks/sliceable/pizza/mushroompizza
	qdel() Count: 2
	Destroy() Cost: 1ms
Path: /obj/random/gloves
	qdel() Count: 2
	Destroy() Cost: 1ms
Path: /obj/random/single/playing_cards
	qdel() Count: 2
	Destroy() Cost: 1ms
Path: /obj/effect/floor_decal/industrial/hatch/red
	qdel() Count: 2
	Destroy() Cost: 1ms
Path: /turf/simulated/floor/tiled/white
	qdel() Count: 2
	Destroy() Cost: 1ms
Path: /obj/random/assembly
	qdel() Count: 2
	Destroy() Cost: 1ms
Path: /obj/effect/floor_decal/corner/yellow/full
	qdel() Count: 2
	Destroy() Cost: 1ms
Path: /obj/effect/floor_decal/corner/white/full
	qdel() Count: 2
	Destroy() Cost: 1ms
Path: /obj/random/hardsuit
	qdel() Count: 2
	Destroy() Cost: 1ms
Path: /datum/overmap_event/electric
	qdel() Count: 2
	Destroy() Cost: 1ms
Path: /obj/item/weapon/scalpel
	qdel() Count: 2
	Destroy() Cost: 1ms
Path: /obj/fire
	qdel() Count: 2
	Destroy() Cost: 1ms
Path: /datum/reagent/phosphorus
	qdel() Count: 2
	Destroy() Cost: 1ms
Path: /datum/controller
	qdel() Count: 1
	Destroy() Cost: 1ms
Path: /obj/effect/floor_decal/corner/brown/three_quarters
	qdel() Count: 1
	Destroy() Cost: 1ms
Path: /obj/effect/floor_decal/corner/grey
	qdel() Count: 1
	Destroy() Cost: 1ms
Path: /obj/effect/floor_decal/techfloor/hole
	qdel() Count: 1
	Destroy() Cost: 1ms
Path: /obj/random/plushie/large
	qdel() Count: 1
	Destroy() Cost: 1ms
Path: /obj/item/weapon/archaeological_find
	qdel() Count: 1
	Destroy() Cost: 1ms
Path: /obj/effect/floor_decal/carpet/corners
	qdel() Count: 1
	Destroy() Cost: 1ms
Path: /obj/item/ammo_magazine/shotholder/empty
	qdel() Count: 1
	Destroy() Cost: 1ms
Path: /obj/item/ammo_casing/shotgun
	qdel() Count: 1
	Destroy() Cost: 1ms
Path: /obj/item/projectile/bullet/shotgun
	qdel() Count: 1
	Destroy() Cost: 1ms
Path: /obj/item/projectile/energy/flash/flare
	qdel() Count: 1
	Destroy() Cost: 1ms
Path: /obj/item/projectile/bullet/pellet/shotgun
	qdel() Count: 1
	Destroy() Cost: 1ms
Path: /obj/item/projectile/energy/electrode/stunshot
	qdel() Count: 1
	Destroy() Cost: 1ms
Path: /obj/item/weapon/magnetic_ammo/skrell/slug
	qdel() Count: 1
	Destroy() Cost: 1ms
Path: /obj/item/weapon/stock_parts/power/battery/buildable/crap
	qdel() Count: 1
	Destroy() Cost: 1ms
Path: /obj/item/weapon/stock_parts/power/battery/buildable/turbo
	qdel() Count: 1
	Destroy() Cost: 1ms
Path: /datum/proximity_trigger/line
	qdel() Count: 1
	Destroy() Cost: 1ms
Path: /obj/item/weapon/reagent_containers/ecig_cartridge/blank
	qdel() Count: 1
	Destroy() Cost: 1ms
Path: /obj/item/conveyor_switch_construct
	qdel() Count: 1
	Destroy() Cost: 1ms
Path: /obj/item/weapon/module/power_control
	qdel() Count: 1
	Destroy() Cost: 1ms
Path: /obj/item/weapon/rcd_ammo/large
	qdel() Count: 1
	Destroy() Cost: 1ms
Path: /obj/item/weapon/rcd
	qdel() Count: 1
	Destroy() Cost: 1ms
Path: /obj/item/weapon/reagent_containers/glass/bucket
	qdel() Count: 1
	Destroy() Cost: 1ms
Path: /obj/item/weapon/reagent_containers/food/drinks/glass2/rocks
	qdel() Count: 1
	Destroy() Cost: 1ms
Path: /obj/item/weapon/reagent_containers/food/drinks/glass2/shake
	qdel() Count: 1
	Destroy() Cost: 1ms
Path: /obj/item/weapon/reagent_containers/food/drinks/glass2/cocktail
	qdel() Count: 1
	Destroy() Cost: 1ms
Path: /obj/item/weapon/reagent_containers/food/drinks/glass2/mug
	qdel() Count: 1
	Destroy() Cost: 1ms
Path: /obj/item/weapon/reagent_containers/food/drinks/glass2/carafe
	qdel() Count: 1
	Destroy() Cost: 1ms
Path: /obj/item/weapon/reagent_containers/food/drinks/glass2/square
	qdel() Count: 1
	Destroy() Cost: 1ms
Path: /obj/machinery/floor_light
	qdel() Count: 1
	Destroy() Cost: 1ms
Path: /obj/item/glass_jar
	qdel() Count: 1
	Destroy() Cost: 1ms
Path: /obj/item/device/encryptionkey
	qdel() Count: 1
	Destroy() Cost: 1ms
Path: /obj/item/device/suit_cooling_unit
	qdel() Count: 1
	Destroy() Cost: 1ms
Path: /obj/item/weapon/cell/high
	qdel() Count: 1
	Destroy() Cost: 1ms
Path: /obj/item/weapon/material/knife/kitchen
	qdel() Count: 1
	Destroy() Cost: 1ms
Path: /obj/item/device/taperecorder/empty
	qdel() Count: 1
	Destroy() Cost: 1ms
Path: /obj/item/weapon/light/tube/large
	qdel() Count: 1
	Destroy() Cost: 1ms
Path: /obj/item/weapon/light/bulb
	qdel() Count: 1
	Destroy() Cost: 1ms
Path: /obj/item/weapon/pen/red
	qdel() Count: 1
	Destroy() Cost: 1ms
Path: /obj/item/device/destTagger
	qdel() Count: 1
	Destroy() Cost: 1ms
Path: /obj/item/weapon/handcuffs
	qdel() Count: 1
	Destroy() Cost: 1ms
Path: /obj/item/weapon/surgicaldrill
	qdel() Count: 1
	Destroy() Cost: 1ms
Path: /obj/item/weapon/cautery
	qdel() Count: 1
	Destroy() Cost: 1ms
Path: /obj/item/weapon/reagent_containers/glass/beaker
	qdel() Count: 1
	Destroy() Cost: 1ms
Path: /obj/item/weapon/reagent_containers/glass/beaker/insulated/large
	qdel() Count: 1
	Destroy() Cost: 1ms
Path: /obj/item/weapon/reagent_containers/glass/beaker/vial
	qdel() Count: 1
	Destroy() Cost: 1ms
Path: /obj/item/weapon/reagent_containers/syringe
	qdel() Count: 1
	Destroy() Cost: 1ms
Path: /obj/item/weapon/reagent_containers/hypospray/autoinjector/empty
	qdel() Count: 1
	Destroy() Cost: 1ms
Path: /obj/item/device/integrated_electronics/wirer
	qdel() Count: 1
	Destroy() Cost: 1ms
Path: /obj/item/device/integrated_electronics/analyzer
	qdel() Count: 1
	Destroy() Cost: 1ms
Path: /obj/item/weapon/wirecutters
	qdel() Count: 1
	Destroy() Cost: 1ms
Path: /obj/item/weapon/material/hatchet
	qdel() Count: 1
	Destroy() Cost: 1ms
Path: /obj/item/weapon/welder_tank/large
	qdel() Count: 1
	Destroy() Cost: 1ms
Path: /obj/item/weapon/material/kitchen/utensil/spoon
	qdel() Count: 1
	Destroy() Cost: 1ms
Path: /obj/item/weapon/material/kitchen/utensil/spork
	qdel() Count: 1
	Destroy() Cost: 1ms
Path: /obj/item/weapon/material/kitchen/utensil/foon
	qdel() Count: 1
	Destroy() Cost: 1ms
Path: /obj/item/weapon/material/kitchen/utensil/fork/plastic
	qdel() Count: 1
	Destroy() Cost: 1ms
Path: /obj/item/weapon/material/kitchen/utensil/spoon/plastic
	qdel() Count: 1
	Destroy() Cost: 1ms
Path: /obj/item/weapon/material/knife/table/plastic
	qdel() Count: 1
	Destroy() Cost: 1ms
Path: /obj/item/weapon/material/kitchen/utensil/foon/plastic
	qdel() Count: 1
	Destroy() Cost: 1ms
Path: /obj/item/weapon/reagent_containers/food/snacks/soylenviridians
	qdel() Count: 1
	Destroy() Cost: 1ms
Path: /obj/item/weapon/reagent_containers/food/snacks/fries
	qdel() Count: 1
	Destroy() Cost: 1ms
Path: /obj/item/weapon/reagent_containers/food/snacks/soydope
	qdel() Count: 1
	Destroy() Cost: 1ms
Path: /obj/item/weapon/reagent_containers/food/snacks/ricepudding
	qdel() Count: 1
	Destroy() Cost: 1ms
Path: /obj/item/weapon/reagent_containers/food/snacks/tofurkey
	qdel() Count: 1
	Destroy() Cost: 1ms
Path: /datum/codex_category/languages
	qdel() Count: 1
	Destroy() Cost: 1ms
Path: /datum/codex_category/reagents
	qdel() Count: 1
	Destroy() Cost: 1ms
Path: /datum/hallucination/mirage/money
	qdel() Count: 1
	Destroy() Cost: 1ms
Path: /datum/trader/ship/prank_shop
	qdel() Count: 1
	Destroy() Cost: 1ms
Path: /obj/structure/disposalpipe/junction
	qdel() Count: 1
	Destroy() Cost: 1ms
Path: /datum/trader/ship/toyshop
	qdel() Count: 1
	Destroy() Cost: 1ms
Path: /datum/trader/ship/replica_shop
	qdel() Count: 1
	Destroy() Cost: 1ms
Path: /datum/trader/ship/egunshop
	qdel() Count: 1
	Destroy() Cost: 1ms
Path: /obj/skybox
	Failures: 1
	qdel() Count: 1
	Destroy() Cost: 1ms
	Total Hard Deletes 1
	Time Spent Hard Deleting: 0ms
Path: /datum/reagent/sugar
	qdel() Count: 2
	Destroy() Cost: 1ms
Path: /obj/item/device/flashlight/flare/glowstick
	qdel() Count: 1
	Destroy() Cost: 1ms
Path: /obj/item/device/flashlight/flare/glowstick/blue
	qdel() Count: 1
	Destroy() Cost: 1ms
Path: /obj/item/device/flashlight/flare/glowstick/yellow
	qdel() Count: 1
	Destroy() Cost: 1ms
Path: /obj/structure/foamedmetal
	qdel() Count: 1
	Destroy() Cost: 0.999999ms
	No hint: 1 times
Path: /datum/follow_holder/ghost
	qdel() Count: 4
	Destroy() Cost: 0.999998ms
Path: /turf/simulated/floor/greengrid/airless
	qdel() Count: 2
	Destroy() Cost: 0.999998ms
Path: /obj/structure/sign/warning/vacuum
	qdel() Count: 2
	Destroy() Cost: 0.999998ms
Path: /datum/extension/event_registration/shuttle_stationary
	qdel() Count: 2
	Destroy() Cost: 0.999998ms
Path: /obj/structure/girder
	qdel() Count: 2
	Destroy() Cost: 0.999998ms
Path: /obj/structure/sign/directions/evac
	qdel() Count: 2
	Destroy() Cost: 0.999998ms
Path: /datum/nano_module/program/computer_ntnetdownload
	qdel() Count: 1
	Destroy() Cost: 0.999998ms
Path: /datum/hallucination/fakeattack/hypo
	qdel() Count: 1
	Destroy() Cost: 0.999998ms
Path: /obj/machinery/atmospherics/pipe/cap/visible/fuel
	qdel() Count: 1
	Destroy() Cost: 0.999998ms
Path: /obj/machinery/atmospherics/unary/vent_pump/engine
	qdel() Count: 1
	Destroy() Cost: 0.999998ms
Path: /obj/machinery/atmospherics/unary/outlet_injector
	qdel() Count: 1
	Destroy() Cost: 0.999998ms
Path: /obj/machinery/atmospherics/pipe/manifold/visible/green
	qdel() Count: 1
	Destroy() Cost: 0.999998ms
Path: /obj/machinery/atmospherics/pipe/manifold/visible/yellow
	qdel() Count: 1
	Destroy() Cost: 0.999998ms
Path: /obj/structure/sign/warning/internals_required
	qdel() Count: 1
	Destroy() Cost: 0.999998ms
Path: /obj/machinery/atmospherics/portables_connector
	qdel() Count: 1
	Destroy() Cost: 0.999998ms
Path: /obj/machinery/newscaster
	qdel() Count: 1
	Destroy() Cost: 0.999998ms
	No hint: 1 times
Path: /datum/wires/vending
	qdel() Count: 1
	Destroy() Cost: 0.999998ms
Path: /obj/structure/disposalpipe/sortjunction/flipped
	qdel() Count: 1
	Destroy() Cost: 0.999998ms
Path: /obj/structure/window/basic/full
	qdel() Count: 1
	Destroy() Cost: 0.999998ms
Path: /obj/structure/sign/directions/engineering
	qdel() Count: 1
	Destroy() Cost: 0.999998ms
Path: /obj/structure/sign/directions/bridge
	qdel() Count: 1
	Destroy() Cost: 0.999998ms
Path: /obj/structure/sign/directions/security
	qdel() Count: 1
	Destroy() Cost: 0.999998ms
Path: /obj/structure/sign/deck/first
	qdel() Count: 1
	Destroy() Cost: 0.999998ms
Path: /obj/structure/sign/warning/secure_area
	qdel() Count: 1
	Destroy() Cost: 0.999998ms
Path: /obj/structure/closet/emcloset
	qdel() Count: 1
	Destroy() Cost: 0.999998ms
Path: /datum/proximity_trigger/square
	qdel() Count: 1
	Destroy() Cost: 0.999998ms
Path: /obj/item/device/encryptionkey/headset_service
	qdel() Count: 1
	Destroy() Cost: 0.999998ms
Path: /obj/item/weapon/stock_parts/building_material
	qdel() Count: 1
	Destroy() Cost: 0.999824ms
Path: /obj/screen/click_catcher
	qdel() Count: 225
	Destroy() Cost: 0ms
Path: /obj/effect/floor_decal/corner/mauve/half
	qdel() Count: 12
	Destroy() Cost: 0ms
Path: /obj/effect/wallframe_spawn/reinforced_phoron/titanium
	qdel() Count: 11
	Destroy() Cost: 0ms
Path: /obj/effect/effect/smoke/chem
	qdel() Count: 10
	Destroy() Cost: 0ms
	Sleeps: 10
Path: /obj/random/shoes
	qdel() Count: 5
	Destroy() Cost: 0ms
Path: /obj/random/suit
	qdel() Count: 5
	Destroy() Cost: 0ms
Path: /datum/overmap_event/dust
	qdel() Count: 5
	Destroy() Cost: 0ms
Path: /datum/hallucination/gunfire
	qdel() Count: 5
	Destroy() Cost: 0ms
Path: /obj/effect/floor_decal/techfloor/hole/right
	qdel() Count: 4
	Destroy() Cost: 0ms
Path: /datum/overmap_event/ion
	qdel() Count: 4
	Destroy() Cost: 0ms
Path: /datum/movement_handler/mob/conscious
	qdel() Count: 4
	Destroy() Cost: 0ms
Path: /datum/movement_handler/move_relay
	qdel() Count: 4
	Destroy() Cost: 0ms
Path: /datum/movement_handler/mob/stop_effect
	qdel() Count: 4
	Destroy() Cost: 0ms
Path: /datum/movement_handler/mob/space
	qdel() Count: 4
	Destroy() Cost: 0ms
Path: /obj/random/glasses
	qdel() Count: 3
	Destroy() Cost: 0ms
Path: /obj/effect/floor_decal/corner/b_green
	qdel() Count: 3
	Destroy() Cost: 0ms
Path: /datum/reagent/fuel
	qdel() Count: 3
	Destroy() Cost: 0ms
Path: /obj/screen/fullscreen/blurry
	qdel() Count: 3
	Destroy() Cost: 0ms
Path: /datum/reagent/lactate
	qdel() Count: 3
	Destroy() Cost: 0ms
Path: /datum/hallucination/sound/tools
	qdel() Count: 3
	Destroy() Cost: 0ms
Path: /datum/reagent/ethanol/specialwhiskey
	qdel() Count: 3
	Destroy() Cost: 0ms
Path: /datum/movement_handler/mob/transformation
	qdel() Count: 3
	Destroy() Cost: 0ms
Path: /obj/effect/paint/blue
	qdel() Count: 2
	Destroy() Cost: 0ms
Path: /obj/random/masks
	qdel() Count: 2
	Destroy() Cost: 0ms
Path: /datum/wound/burn/carbonised
	qdel() Count: 2
	Destroy() Cost: 0ms
Path: /datum/hallucination/sound
	qdel() Count: 2
	Destroy() Cost: 0ms
Path: /datum/hallucination/talking
	qdel() Count: 2
	Destroy() Cost: 0ms
Path: /datum/reagent/paracetamol
	qdel() Count: 2
	Destroy() Cost: 0ms
Path: /datum/wires/airlock
	qdel() Count: 2
	Destroy() Cost: 0ms
Path: /datum/wound/cut/small
	qdel() Count: 2
	Destroy() Cost: 0ms
Path: /datum/global_init
	qdel() Count: 1
	Destroy() Cost: 0ms
Path: /turf/simulated/floor/tiled/skrell
	qdel() Count: 1
	Destroy() Cost: 0ms
Path: /obj/effect/paint/green
	qdel() Count: 1
	Destroy() Cost: 0ms
Path: /obj/effect/submap_landmark/joinable_submap/skrellscoutship
	qdel() Count: 1
	Destroy() Cost: 0ms
Path: /obj/effect/mobius_rift/portals_setup
	qdel() Count: 1
	Destroy() Cost: 0ms
Path: /obj/effect/submap_landmark/joinable_submap/ascent_seedship
	qdel() Count: 1
	Destroy() Cost: 0ms
Path: /obj/turbolift_map_holder/torch
	qdel() Count: 1
	Destroy() Cost: 0ms
Path: /obj/random/vendor
	qdel() Count: 1
	Destroy() Cost: 0ms
Path: /obj/effect/floor_decal/corner/grey/border
	qdel() Count: 1
	Destroy() Cost: 0ms
Path: /obj/item/weapon/pen/crayon/random
	qdel() Count: 1
	Destroy() Cost: 0ms
Path: /obj/item/weapon/material/knife/combat
	qdel() Count: 1
	Destroy() Cost: 0ms
Path: /obj/item/weapon/magnetic_ammo/skrell
	qdel() Count: 1
	Destroy() Cost: 0ms
Path: /obj/item/weapon/material/hatchet/machete/steel
	qdel() Count: 1
	Destroy() Cost: 0ms
Path: /obj/item/weapon/syringe_cartridge
	qdel() Count: 1
	Destroy() Cost: 0ms
Path: /obj/item/weapon/stock_parts/power/battery/buildable/responsive
	qdel() Count: 1
	Destroy() Cost: 0ms
Path: /obj/item/weapon/stock_parts/power/terminal/buildable
	qdel() Count: 1
	Destroy() Cost: 0ms
Path: /obj/item/device/assembly/signaler
	qdel() Count: 1
	Destroy() Cost: 0ms
Path: /obj/item/device/assembly/prox_sensor
	qdel() Count: 1
	Destroy() Cost: 0ms
Path: /obj/item/stack/cable_coil/single
	qdel() Count: 1
	Destroy() Cost: 0ms
Path: /obj/item/weapon/beartrap
	qdel() Count: 1
	Destroy() Cost: 0ms
Path: /obj/item/weapon/cell/device/standard
	qdel() Count: 1
	Destroy() Cost: 0ms
Path: /obj/item/conveyor_construct
	qdel() Count: 1
	Destroy() Cost: 0ms
Path: /obj/item/conveyor_switch_construct/oneway
	qdel() Count: 1
	Destroy() Cost: 0ms
Path: /obj/item/weapon/airalarm_electronics
	qdel() Count: 1
	Destroy() Cost: 0ms
Path: /obj/item/weapon/firealarm_electronics
	qdel() Count: 1
	Destroy() Cost: 0ms
Path: /obj/item/weapon/rcd_ammo
	qdel() Count: 1
	Destroy() Cost: 0ms
Path: /obj/item/weapon/airlock_electronics
	qdel() Count: 1
	Destroy() Cost: 0ms
Path: /obj/item/weapon/reagent_containers/food/drinks/glass2/shot
	qdel() Count: 1
	Destroy() Cost: 0ms
Path: /obj/item/weapon/reagent_containers/food/drinks/glass2/pint
	qdel() Count: 1
	Destroy() Cost: 0ms
Path: /obj/item/device/flashlight
	qdel() Count: 1
	Destroy() Cost: 0ms
Path: /obj/item/weapon/extinguisher/empty
	qdel() Count: 1
	Destroy() Cost: 0ms
Path: /obj/item/clothing/head/welding
	qdel() Count: 1
	Destroy() Cost: 0ms
Path: /datum/wires/taperecorder
	qdel() Count: 1
	Destroy() Cost: 0ms
Path: /obj/item/device/tape
	qdel() Count: 1
	Destroy() Cost: 0ms
Path: /obj/item/weapon/material/ashtray/glass
	qdel() Count: 1
	Destroy() Cost: 0ms
Path: /obj/item/clothing/glasses/welding
	qdel() Count: 1
	Destroy() Cost: 0ms
Path: /obj/item/weapon/pen
	qdel() Count: 1
	Destroy() Cost: 0ms
Path: /obj/item/weapon/pen/blue
	qdel() Count: 1
	Destroy() Cost: 0ms
Path: /obj/item/weapon/pen/green
	qdel() Count: 1
	Destroy() Cost: 0ms
Path: /obj/item/weapon/material/clipboard/steel
	qdel() Count: 1
	Destroy() Cost: 0ms
Path: /obj/item/weapon/material/clipboard/plastic
	qdel() Count: 1
	Destroy() Cost: 0ms
Path: /obj/item/weapon/material/clipboard/glass
	qdel() Count: 1
	Destroy() Cost: 0ms
Path: /obj/item/weapon/hand_labeler
	qdel() Count: 1
	Destroy() Cost: 0ms
Path: /obj/item/clothing/mask/plunger
	qdel() Count: 1
	Destroy() Cost: 0ms
Path: /obj/item/weapon/circular_saw
	qdel() Count: 1
	Destroy() Cost: 0ms
Path: /obj/item/weapon/retractor
	qdel() Count: 1
	Destroy() Cost: 0ms
Path: /obj/item/weapon/hemostat
	qdel() Count: 1
	Destroy() Cost: 0ms
Path: /obj/item/weapon/reagent_containers/glass/beaker/insulated
	qdel() Count: 1
	Destroy() Cost: 0ms
Path: /obj/item/weapon/implanter
	qdel() Count: 1
	Destroy() Cost: 0ms
Path: /obj/item/weapon/crowbar/prybar
	qdel() Count: 1
	Destroy() Cost: 0ms
Path: /obj/item/device/integrated_electronics/debugger
	qdel() Count: 1
	Destroy() Cost: 0ms
Path: /obj/item/device/t_scanner
	qdel() Count: 1
	Destroy() Cost: 0ms
Path: /obj/item/weapon/screwdriver
	qdel() Count: 1
	Destroy() Cost: 0ms
Path: /obj/item/weapon/wrench
	qdel() Count: 1
	Destroy() Cost: 0ms
Path: /obj/item/weapon/material/minihoe
	qdel() Count: 1
	Destroy() Cost: 0ms
Path: /obj/item/weapon/crowbar
	qdel() Count: 1
	Destroy() Cost: 0ms
Path: /obj/item/weapon/material/knife/table
	qdel() Count: 1
	Destroy() Cost: 0ms
Path: /obj/item/weapon/material/kitchen/utensil/spork/plastic
	qdel() Count: 1
	Destroy() Cost: 0ms
Path: /obj/item/weapon/material/kitchen/utensil/fork
	qdel() Count: 1
	Destroy() Cost: 0ms
Path: /datum/codex_category/cultures
	qdel() Count: 1
	Destroy() Cost: 0ms
Path: /datum/codex_category/gases
	qdel() Count: 1
	Destroy() Cost: 0ms
Path: /datum/codex_category/materials
	qdel() Count: 1
	Destroy() Cost: 0ms
Path: /datum/codex_category/recipes
	qdel() Count: 1
	Destroy() Cost: 0ms
Path: /datum/codex_category/skills
	qdel() Count: 1
	Destroy() Cost: 0ms
Path: /datum/codex_category/species
	qdel() Count: 1
	Destroy() Cost: 0ms
Path: /obj/effect/gateway/active/cult
	qdel() Count: 1
	Destroy() Cost: 0ms
Path: /obj/screen/fullscreen/oxy
	qdel() Count: 1
	Destroy() Cost: 0ms
Path: /datum/hallucination/mirage
	qdel() Count: 1
	Destroy() Cost: 0ms
Path: /datum/trader/ship/gunshop
	qdel() Count: 1
	Destroy() Cost: 0ms
Path: /datum/hallucination/skitter
	qdel() Count: 1
	Destroy() Cost: 0ms
Path: /datum/follow_holder/supermatter
	qdel() Count: 1
	Destroy() Cost: 0ms
Path: /obj/structure/sign/atmosplaque
	qdel() Count: 1
	Destroy() Cost: 0ms
Path: /obj/item/weapon/stock_parts/circuitboard/vending
	qdel() Count: 1
	Destroy() Cost: 0ms
Path: /datum/trader/ship/robots
	qdel() Count: 1
	Destroy() Cost: 0ms
Path: /obj/screen/movable/ability_master
	qdel() Count: 1
	Destroy() Cost: 0ms
Path: /datum/ai_laws/drone
	qdel() Count: 1
	Destroy() Cost: 0ms
Path: /obj/structure/sign/directions/infirmary
	qdel() Count: 1
	Destroy() Cost: 0ms
Path: /turf/simulated/wall/r_wall/prepainted
	qdel() Count: 1
	Destroy() Cost: 0ms
Path: /datum/trader/ship/clothingshop/shoes
	qdel() Count: 1
	Destroy() Cost: 0ms
Path: /datum/trader/ship/unique/wizard
	qdel() Count: 1
	Destroy() Cost: 0ms
Path: /datum/extension/appearance/cardborg
	qdel() Count: 1
	Destroy() Cost: 0ms
