

Starting up round ID b32-cmXC. 11:00:00
---------------------
[13:38:04]QDEL: Path: /mob/living/carbon/human
	qdel() Count: 9
	Destroy() Cost: 828ms
	Total Hard Deletes 8
	Time Spent Hard Deleting: 683ms
Path: /mob/living/carbon/alien/larva
	qdel() Count: 3
	Destroy() Cost: 28ms
	Total Hard Deletes 3
	Time Spent Hard Deleting: 263ms
Path: /mob/living/carbon/alien/diona
	qdel() Count: 2
	Destroy() Cost: 143ms
	Total Hard Deletes 2
	Time Spent Hard Deleting: 133ms
Path: /mob/living/simple_animal/cat
	qdel() Count: 2
	Destroy() Cost: 9ms
	Total Hard Deletes 1
	Time Spent Hard Deleting: 133ms
Path: /mob/living/simple_animal/crab/Coffee
	qdel() Count: 1
	Destroy() Cost: 9ms
	Total Hard Deletes 1
	Time Spent Hard Deleting: 132ms
Path: /obj/item/organ/internal/brain/unathi
	Failures: 1
	qdel() Count: 6
	Destroy() Cost: 269ms
	Total Hard Deletes 1
	Time Spent Hard Deleting: 128ms
Path: /obj/item/device/assembly/igniter
	Failures: 7
	qdel() Count: 9
	Destroy() Cost: 9ms
	Total Hard Deletes 7
	Time Spent Hard Deleting: 77ms
Path: /obj/machinery/atmospherics/pipe/simple/hidden/scrubbers
	Failures: 1
	qdel() Count: 6
	Destroy() Cost: 2ms
	Total Hard Deletes 1
	Time Spent Hard Deleting: 63ms
Path: /obj/item/organ/external/head
	Failures: 1
	qdel() Count: 33
	Destroy() Cost: 147ms
	Total Hard Deletes 1
	Time Spent Hard Deleting: 50ms
Path: /obj/item/clothing/mask/breath
	Failures: 2
	qdel() Count: 4
	Destroy() Cost: 6.00001ms
	Total Hard Deletes 2
	Time Spent Hard Deleting: 50ms
Path: /obj/item/organ/external/hand
	Failures: 1
	qdel() Count: 34
	Destroy() Cost: 53ms
	Total Hard Deletes 1
	Time Spent Hard Deleting: 49ms
Path: /mob/living/simple_animal/borer
	qdel() Count: 1
	Destroy() Cost: 12ms
	Total Hard Deletes 1
	Time Spent Hard Deleting: 49ms
Path: /obj/item/device/flashlight/maglight
	Failures: 1
	qdel() Count: 1
	Destroy() Cost: 2ms
	Total Hard Deletes 1
	Time Spent Hard Deleting: 44ms
Path: /obj/item/organ/internal/stomach
	Failures: 6
	qdel() Count: 25
	Destroy() Cost: 53ms
	Total Hard Deletes 6
	Time Spent Hard Deleting: 25ms
Path: /obj/item/clothing/head/helmet/riot
	Failures: 1
	qdel() Count: 1
	Destroy() Cost: 2.00001ms
	Total Hard Deletes 1
	Time Spent Hard Deleting: 25ms
Path: /obj/item/organ/internal/stomach/vox
	Failures: 1
	qdel() Count: 1
	Destroy() Cost: 2ms
	Total Hard Deletes 1
	Time Spent Hard Deleting: 25ms
Path: /mob/observer/virtual/mob
	qdel() Count: 57
	Destroy() Cost: 97ms
	Total Hard Deletes 57
	Time Spent Hard Deleting: 0.999998ms
Path: /turf/space
	qdel() Count: 69947
	Destroy() Cost: 24491ms
Path: /obj/effect/floor_decal
	qdel() Count: 10566
	Destroy() Cost: 7673ms
Path: /datum/reagents
	qdel() Count: 3657
	Destroy() Cost: 2480ms
Path: /obj/item/stack/cable_coil
	qdel() Count: 3243
	Destroy() Cost: 1197ms
Path: /datum/reagent/capsaicin/condensed
	qdel() Count: 2823
	Destroy() Cost: 961ms
Path: /obj/item/organ/external/chest
	qdel() Count: 26
	Destroy() Cost: 948ms
Path: /datum/timedevent
	qdel() Count: 2412
	Destroy() Cost: 652ms
Path: /mob/living/silicon/ai
	qdel() Count: 2
	Destroy() Cost: 581ms
	Total Hard Deletes 2
	Time Spent Hard Deleting: 0ms
Path: /obj/effect/overlay
	qdel() Count: 736
	Destroy() Cost: 538.001ms
Path: /obj/effect/floor_decal/industrial/warning
	qdel() Count: 1344
	Destroy() Cost: 524ms
Path: /obj/item/organ/external/groin
	qdel() Count: 32
	Destroy() Cost: 423ms
Path: /turf/unsimulated/mask
	qdel() Count: 17155
	Destroy() Cost: 400ms
Path: /obj/effect/floor_decal/industrial/hatch/yellow
	qdel() Count: 639
	Destroy() Cost: 316ms
Path: /obj/effect/floor_decal/solarpanel
	qdel() Count: 632
	Destroy() Cost: 315ms
Path: /obj/effect/sparks
	qdel() Count: 455
	Destroy() Cost: 306ms
Path: /obj/effect/floor_decal/industrial/outline/grey
	qdel() Count: 615
	Destroy() Cost: 277ms
Path: /obj/effect/floor_decal/industrial/outline/yellow
	qdel() Count: 636
	Destroy() Cost: 253ms
Path: /obj/effect/wingrille_spawn/reinforced/crescent
	qdel() Count: 371
	Destroy() Cost: 246ms
Path: /obj/machinery/ai_powersupply
	qdel() Count: 2
	Destroy() Cost: 244ms
Path: /obj/random/medical/lite
	qdel() Count: 259
	Destroy() Cost: 217ms
Path: /obj/effect/paint/hull
	qdel() Count: 385
	Destroy() Cost: 198ms
Path: /obj/effect/decal/cleanable/dirt
	qdel() Count: 414
	Destroy() Cost: 190ms
Path: /obj/effect/floor_decal/corner/blue
	qdel() Count: 324
	Destroy() Cost: 179ms
Path: /obj/random/mre
	qdel() Count: 168
	Destroy() Cost: 172ms
Path: /datum/wound/bruise
	qdel() Count: 494
	Destroy() Cost: 171ms
Path: /obj/effect/paint/black
	qdel() Count: 265
	Destroy() Cost: 164ms
Path: /obj/effect/floor_decal/corner/green
	qdel() Count: 350
	Destroy() Cost: 163ms
Path: /obj/random/mre/drink
	qdel() Count: 156
	Destroy() Cost: 159ms
Path: /datum/reagent/nutriment/protein
	qdel() Count: 455
	Destroy() Cost: 158ms
Path: /obj/effect/floor_decal/techfloor
	qdel() Count: 389
	Destroy() Cost: 153ms
Path: /obj/effect/floor_decal/carpet
	qdel() Count: 215
	Destroy() Cost: 145ms
Path: /obj/item/ammo_casing/pistol
	qdel() Count: 67
	Destroy() Cost: 144ms
Path: /obj/effect/catwalk_plated
	qdel() Count: 476
	Destroy() Cost: 143ms
Path: /obj/random/mre/dessert
	qdel() Count: 140
	Destroy() Cost: 143ms
Path: /obj/item/weapon/storage/belt/holster/security
	qdel() Count: 1
	Destroy() Cost: 143ms
Path: /obj/random/mre/spread
	qdel() Count: 140
	Destroy() Cost: 142ms
Path: /obj/random/mre/sauce
	qdel() Count: 140
	Destroy() Cost: 142ms
Path: /turf/simulated/mineral
	qdel() Count: 338
	Destroy() Cost: 136ms
Path: /obj/effect/floor_decal/corner/red
	qdel() Count: 275
	Destroy() Cost: 134ms
Path: /mob/living/carbon/brain
	qdel() Count: 1
	Destroy() Cost: 133ms
	Total Hard Deletes 1
	Time Spent Hard Deleting: 0ms
Path: /obj/item/weapon/gun/launcher/grenade
	qdel() Count: 1
	Destroy() Cost: 132ms
Path: /datum/extension/holster
	qdel() Count: 2
	Destroy() Cost: 131ms
Path: /obj/effect/floor_decal/industrial/warning/corner
	qdel() Count: 337
	Destroy() Cost: 126ms
Path: /obj/structure/lattice
	qdel() Count: 191
	Destroy() Cost: 120ms
Path: /obj/effect/temporary/item_pickup_ghost
	qdel() Count: 122
	Destroy() Cost: 112ms
Path: /obj/item/organ/external/leg
	qdel() Count: 34
	Destroy() Cost: 110ms
Path: /obj/item/organ/external/arm
	qdel() Count: 34
	Destroy() Cost: 107ms
Path: /obj/item/organ/external/arm/right
	qdel() Count: 34
	Destroy() Cost: 105ms
Path: /obj/effect/paint/red
	qdel() Count: 185
	Destroy() Cost: 104ms
Path: /obj/item/organ/external/leg/right
	qdel() Count: 34
	Destroy() Cost: 104ms
Path: /obj/effect/paint/silver
	qdel() Count: 360
	Destroy() Cost: 96ms
Path: /turf/simulated/floor/exoplanet/snow
	qdel() Count: 294
	Destroy() Cost: 96ms
Path: /obj/effect/wallframe_spawn/reinforced
	qdel() Count: 242
	Destroy() Cost: 93ms
Path: /mob/zshadow
	qdel() Count: 35
	Destroy() Cost: 89ms
	Total Hard Deletes 35
	Time Spent Hard Deleting: 0ms
Path: /obj/random/maintenance/solgov
	qdel() Count: 244
	Destroy() Cost: 88ms
Path: /obj/random/junk
	qdel() Count: 262
	Destroy() Cost: 86ms
Path: /obj/item/weapon/reagent_containers/food/snacks/sliceable/pizza/vegetablepizza
	qdel() Count: 41
	Destroy() Cost: 84ms
Path: /obj/effect/floor_decal/corner/paleblue
	qdel() Count: 168
	Destroy() Cost: 81ms
Path: /obj/effect/wallframe_spawn/reinforced/titanium
	qdel() Count: 168
	Destroy() Cost: 80ms
Path: /obj/effect/decal/cleanable/blood/drip
	qdel() Count: 89
	Destroy() Cost: 77ms
Path: /obj/effect/floor_decal/spline/fancy/wood
	qdel() Count: 156
	Destroy() Cost: 74ms
Path: /obj/item/ammo_casing/pistol/small
	qdel() Count: 34
	Destroy() Cost: 72ms
Path: /obj/item/projectile/bullet/pistol
	qdel() Count: 67
	Destroy() Cost: 71ms
Path: /obj/item/clothing/suit/armor/riot
	qdel() Count: 1
	Destroy() Cost: 71ms
Path: /obj/random/trash
	qdel() Count: 203
	Destroy() Cost: 69ms
Path: /datum/reagent/water
	qdel() Count: 217
	Destroy() Cost: 65ms
Path: /obj/random/maintenance/clean
	qdel() Count: 171
	Destroy() Cost: 62ms
Path: /obj/random/tech_supply
	qdel() Count: 174
	Destroy() Cost: 58ms
Path: /obj/item/organ/external/foot
	qdel() Count: 34
	Destroy() Cost: 58ms
Path: /stat_silicon_subsystem
	qdel() Count: 54
	Destroy() Cost: 58ms
Path: /obj/effect/floor_decal/corner/blue/diagonal
	qdel() Count: 126
	Destroy() Cost: 55ms
Path: /obj/random/medical
	qdel() Count: 91
	Destroy() Cost: 54ms
Path: /obj/effect/effect/steam
	qdel() Count: 70
	Destroy() Cost: 54ms
Path: /obj/item/ammo_casing/pistol/rubber
	qdel() Count: 25
	Destroy() Cost: 54ms
Path: /obj/item/organ/external/hand/right
	qdel() Count: 34
	Destroy() Cost: 54ms
Path: /turf/simulated/mineral/random
	qdel() Count: 110
	Destroy() Cost: 53ms
Path: /obj/item/organ/external/foot/right
	qdel() Count: 34
	Destroy() Cost: 53ms
Path: /obj/item/organ/internal/lungs
	qdel() Count: 25
	Destroy() Cost: 50ms
Path: /obj/item/weapon/grenade/chem_grenade/teargas
	qdel() Count: 7
	Destroy() Cost: 49ms
Path: /obj/item/organ/internal/liver
	qdel() Count: 25
	Destroy() Cost: 48ms
Path: /obj/random/maintenance/solgov/clean
	qdel() Count: 134
	Destroy() Cost: 46ms
Path: /obj/effect/floor_decal/snow
	qdel() Count: 64
	Destroy() Cost: 44ms
Path: /obj/item/ammo_casing/pistol/small/rubber
	qdel() Count: 20
	Destroy() Cost: 44ms
Path: /obj/item/ammo_magazine/smg_top/rubber
	qdel() Count: 1
	Destroy() Cost: 44ms
Path: /obj/item/ammo_casing/rifle
	qdel() Count: 20
	Destroy() Cost: 43ms
Path: /obj/item/ammo_magazine/smg_top
	qdel() Count: 1
	Destroy() Cost: 43ms
Path: /obj/item/ammo_magazine/rifle
	qdel() Count: 1
	Destroy() Cost: 43ms
Path: /obj/item/ammo_magazine/smg
	qdel() Count: 1
	Destroy() Cost: 42ms
Path: /obj/item/organ/internal/heart
	qdel() Count: 25
	Destroy() Cost: 41ms
Path: /obj/item/organ/internal/brain
	qdel() Count: 20
	Destroy() Cost: 41ms
Path: /obj/item/organ/internal/kidneys
	qdel() Count: 25
	Destroy() Cost: 40ms
Path: /datum/skillset
	qdel() Count: 119
	Destroy() Cost: 40ms
Path: /obj/effect/floor_decal/corner/yellow
	qdel() Count: 95
	Destroy() Cost: 40ms
Path: /obj/effect/wallframe_spawn/reinforced/hull
	qdel() Count: 94
	Destroy() Cost: 40ms
Path: /obj/effect/wallframe_spawn/reinforced/polarized
	qdel() Count: 82
	Destroy() Cost: 40ms
Path: /obj/effect/paint/brown
	qdel() Count: 81
	Destroy() Cost: 40ms
Path: /image
	qdel() Count: 95
	Destroy() Cost: 40ms
	Total Hard Deletes 2
	Time Spent Hard Deleting: 0ms
Path: /obj/effect/wallframe_spawn/reinforced/no_grille
	qdel() Count: 93
	Destroy() Cost: 39ms
Path: /obj/effect/landmark
	qdel() Count: 92
	Destroy() Cost: 39ms
Path: /obj/item/weapon/reagent_containers/food/snacks/sliceable/pizza/margherita
	qdel() Count: 22
	Destroy() Cost: 38ms
Path: /obj/item/projectile/bullet/pistol/holdout
	qdel() Count: 34
	Destroy() Cost: 37ms
Path: /icon
	qdel() Count: 96
	Destroy() Cost: 36ms
Path: /obj/item/ammo_magazine/machine_pistol
	qdel() Count: 1
	Destroy() Cost: 36ms
Path: /obj/effect/floor_decal/corner/research
	qdel() Count: 82
	Destroy() Cost: 35ms
Path: /datum/reagent/nutriment
	qdel() Count: 96
	Destroy() Cost: 33ms
Path: /obj/item/ammo_magazine/pistol/double/rubber
	qdel() Count: 1
	Destroy() Cost: 33ms
Path: /obj/random/firstaid
	qdel() Count: 54
	Destroy() Cost: 32ms
Path: /obj/effect/floor_decal/corner/blue/mono
	qdel() Count: 53
	Destroy() Cost: 32ms
Path: /obj/item/ammo_casing/rifle/military
	qdel() Count: 15
	Destroy() Cost: 32ms
Path: /obj/item/ammo_magazine/pistol/double
	qdel() Count: 1
	Destroy() Cost: 32ms
Path: /obj/item/ammo_magazine/mil_rifle
	qdel() Count: 1
	Destroy() Cost: 32ms
Path: /obj/item/weapon/storage/box/survival
	qdel() Count: 2
	Destroy() Cost: 30ms
Path: /datum/storage_ui/default
	qdel() Count: 9
	Destroy() Cost: 29ms
Path: /obj/effect/wallframe_spawn/no_grille
	qdel() Count: 92
	Destroy() Cost: 28ms
Path: /obj/effect/wallframe_spawn/reinforced_phoron
	qdel() Count: 63
	Destroy() Cost: 28ms
Path: /obj/item/projectile/bullet/pistol/rubber
	qdel() Count: 25
	Destroy() Cost: 28ms
Path: /obj/item/ammo_casing/pistol/magnum
	qdel() Count: 13
	Destroy() Cost: 28ms
Path: /obj/item/organ/internal/eyes
	Failures: 1
	qdel() Count: 19
	Destroy() Cost: 28ms
	Total Hard Deletes 1
	Time Spent Hard Deleting: 0ms
Path: /obj/random/powercell
	qdel() Count: 69
	Destroy() Cost: 27ms
Path: /obj/effect/floor_decal/techfloor/corner
	qdel() Count: 55
	Destroy() Cost: 26ms
Path: /obj/item/device/assembly_holder/timer_igniter
	Failures: 7
	qdel() Count: 7
	Destroy() Cost: 25ms
Path: /datum/progressbar
	qdel() Count: 31
	Destroy() Cost: 25ms
Path: /obj/item/organ/internal/appendix
	qdel() Count: 16
	Destroy() Cost: 24ms
Path: /datum/reagents/metabolism
	qdel() Count: 54
	Destroy() Cost: 24ms
Path: /obj/effect/floor_decal/corner/brown
	qdel() Count: 88
	Destroy() Cost: 23ms
Path: /obj/effect/floor_decal/spline/plain
	qdel() Count: 36
	Destroy() Cost: 22ms
Path: /obj/item/projectile/bullet/pistol/rubber/holdout
	qdel() Count: 20
	Destroy() Cost: 22ms
Path: /obj/item/projectile/bullet/rifle
	qdel() Count: 20
	Destroy() Cost: 22ms
Path: /obj/item/ammo_magazine/pistol
	qdel() Count: 1
	Destroy() Cost: 22ms
Path: /obj/item/ammo_magazine/pistol/rubber
	qdel() Count: 1
	Destroy() Cost: 22ms
Path: /obj/item/weapon/storage/backpack/captain
	qdel() Count: 1
	Destroy() Cost: 22ms
Path: /obj/effect/floor_decal/floordetail/edgedrain
	qdel() Count: 42
	Destroy() Cost: 21ms
Path: /obj/random/clothing
	qdel() Count: 32
	Destroy() Cost: 21ms
Path: /obj/effect/paint/sun
	qdel() Count: 32
	Destroy() Cost: 21ms
Path: /obj/machinery/portable_atmospherics/hydroponics/soil/invisible
	qdel() Count: 16
	Destroy() Cost: 21ms
Path: /obj/random/soap
	qdel() Count: 34
	Destroy() Cost: 20ms
Path: /obj/effect/floor_decal/scglogo
	qdel() Count: 29
	Destroy() Cost: 20ms
Path: /obj/effect/floor_decal/beach
	qdel() Count: 24
	Destroy() Cost: 20ms
Path: /obj/item/weapon/reagent_containers/glass/beaker/large
	qdel() Count: 15
	Destroy() Cost: 20ms
Path: /obj/item/weapon/reagent_containers/food/snacks/sliceable/pizza/meatpizza
	qdel() Count: 13
	Destroy() Cost: 20ms
Path: /obj/item/weapon/reagent_containers/food/snacks/sliceable/meatbread
	qdel() Count: 13
	Destroy() Cost: 20ms
Path: /obj/item/weapon/storage/backpack/security
	qdel() Count: 1
	Destroy() Cost: 20ms
Path: /datum/wound/cut/small
	qdel() Count: 60
	Destroy() Cost: 20ms
Path: /obj/effect/floor_decal/industrial/outline/blue
	qdel() Count: 53
	Destroy() Cost: 19ms
Path: /obj/effect/floor_decal/corner/red/half
	qdel() Count: 44
	Destroy() Cost: 19ms
Path: /obj/effect/floor_decal/corner/red/mono
	qdel() Count: 57
	Destroy() Cost: 18ms
Path: /obj/random/obstruction
	qdel() Count: 43
	Destroy() Cost: 18ms
Path: /obj/effect/floor_decal/corner/pink
	qdel() Count: 27
	Destroy() Cost: 18ms
Path: /obj/effect/floor_decal/corner/yellow/half
	qdel() Count: 37
	Destroy() Cost: 17ms
Path: /obj/item/ammo_magazine/pistol/small
	qdel() Count: 1
	Destroy() Cost: 17ms
Path: /obj/random_multi/single_item/poppy
	qdel() Count: 21
	Destroy() Cost: 16ms
Path: /datum/reagent/drink/juice/tomato
	qdel() Count: 76
	Destroy() Cost: 16ms
Path: /obj/random/technology_scanner
	qdel() Count: 28
	Destroy() Cost: 16ms
Path: /obj/effect/floor_decal/asteroid
	qdel() Count: 25
	Destroy() Cost: 16ms
Path: /obj/random/mre/spread/vegan
	qdel() Count: 16
	Destroy() Cost: 16ms
Path: /obj/random/mre/sauce/vegan
	qdel() Count: 16
	Destroy() Cost: 16ms
Path: /obj/item/clothing/under/solgov/utility/expeditionary/officer/command
	qdel() Count: 1
	Destroy() Cost: 15ms
Path: /obj/item/modular_computer/pda/captain
	qdel() Count: 1
	Destroy() Cost: 15ms
Path: /obj/machinery/door/airlock/vault/bolted
	Failures: 2
	qdel() Count: 3
	Destroy() Cost: 15ms
	Total Hard Deletes 2
	Time Spent Hard Deleting: 0ms
Path: /obj/effect/floor_decal/industrial/warning/fulltile
	qdel() Count: 42
	Destroy() Cost: 15ms
Path: /datum/reagent/imidazoline
	qdel() Count: 41
	Destroy() Cost: 15ms
Path: /obj/effect/floor_decal/corner/green/half
	qdel() Count: 37
	Destroy() Cost: 15ms
Path: /obj/effect/wallframe_spawn/reinforced/polarized/no_grille
	qdel() Count: 32
	Destroy() Cost: 15ms
Path: /obj/item/projectile/bullet/rifle/military
	qdel() Count: 15
	Destroy() Cost: 15ms
Path: /obj/item/ammo_magazine/magnum
	qdel() Count: 1
	Destroy() Cost: 15ms
Path: /obj/item/modular_computer/pda
	qdel() Count: 1
	Destroy() Cost: 15ms
Path: /obj/effect/floor_decal/corner/grey/diagonal
	qdel() Count: 45
	Destroy() Cost: 14ms
Path: /obj/effect/floor_decal/corner/lime
	qdel() Count: 34
	Destroy() Cost: 14ms
Path: /obj/effect/floor_decal/corner/blue/three_quarters
	qdel() Count: 25
	Destroy() Cost: 14ms
Path: /obj/item/projectile/bullet/pistol/strong
	qdel() Count: 13
	Destroy() Cost: 14ms
Path: /datum/nano_module/email_client
	qdel() Count: 20
	Destroy() Cost: 14ms
Path: /obj/item/organ/external/groin/vox
	qdel() Count: 2
	Destroy() Cost: 14ms
Path: /obj/random_multi/single_item/runtime
	qdel() Count: 17
	Destroy() Cost: 13ms
Path: /obj/effect/catwalk_plated/ascent
	qdel() Count: 374
	Destroy() Cost: 13ms
Path: /obj/random/bomb_supply
	qdel() Count: 38
	Destroy() Cost: 13ms
Path: /obj/effect/floor_decal/corner/paleblue/diagonal
	qdel() Count: 29
	Destroy() Cost: 13ms
Path: /obj/effect/floor_decal/corner/green/three_quarters
	qdel() Count: 27
	Destroy() Cost: 13ms
Path: /obj/random/cash
	qdel() Count: 21
	Destroy() Cost: 13ms
Path: /obj/effect/floor_decal/corner/research/mono
	qdel() Count: 21
	Destroy() Cost: 13ms
Path: /obj/random/mre/sauce/sugarfree
	qdel() Count: 12
	Destroy() Cost: 13ms
Path: /obj/item/ammo_magazine/speedloader
	qdel() Count: 1
	Destroy() Cost: 13ms
Path: /obj/item/ammo_magazine/speedloader/small
	qdel() Count: 1
	Destroy() Cost: 13ms
Path: /obj/item/ammo_magazine/speedloader/magnum
	qdel() Count: 1
	Destroy() Cost: 13ms
Path: /obj/screen/storage
	qdel() Count: 36
	Destroy() Cost: 12ms
Path: /obj/effect/floor_decal/corner_techfloor_grid
	qdel() Count: 31
	Destroy() Cost: 12ms
Path: /obj/random/loot
	qdel() Count: 24
	Destroy() Cost: 12ms
Path: /obj/effect/effect/water
	qdel() Count: 24
	Destroy() Cost: 12ms
Path: /obj/random/drinkbottle
	qdel() Count: 20
	Destroy() Cost: 12ms
Path: /obj/effect/floor_decal/carpet/blue
	qdel() Count: 20
	Destroy() Cost: 12ms
Path: /obj/effect/floor_decal/corner/red/three_quarters
	qdel() Count: 18
	Destroy() Cost: 12ms
Path: /obj/random_multi/single_item/boombox
	qdel() Count: 16
	Destroy() Cost: 12ms
Path: /obj/effect/floor_decal/corner/brown/half
	qdel() Count: 51
	Destroy() Cost: 11ms
Path: /obj/effect/catwalk_plated/dark
	qdel() Count: 36
	Destroy() Cost: 11ms
Path: /obj/effect/floor_decal/corner/green/mono
	qdel() Count: 34
	Destroy() Cost: 11ms
Path: /obj/random/torchcloset
	qdel() Count: 30
	Destroy() Cost: 11ms
Path: /obj/effect/floor_decal/corner/red/diagonal
	qdel() Count: 19
	Destroy() Cost: 11ms
Path: /obj/random/hat
	qdel() Count: 15
	Destroy() Cost: 11ms
Path: /obj/random/maintenance
	qdel() Count: 45
	Destroy() Cost: 10ms
Path: /obj/random/toolbox
	qdel() Count: 22
	Destroy() Cost: 10ms
Path: /obj/effect/floor_decal/corner/research/half
	qdel() Count: 17
	Destroy() Cost: 10ms
Path: /obj/effect/floor_decal/corner/blue/half
	qdel() Count: 13
	Destroy() Cost: 10ms
Path: /obj/item/weapon/tank/emergency/oxygen
	qdel() Count: 4
	Destroy() Cost: 9.99999ms
Path: /obj
	qdel() Count: 27
	Destroy() Cost: 9.99998ms
Path: /obj/random/tool
	qdel() Count: 30
	Destroy() Cost: 9ms
Path: /obj/random/smokes
	qdel() Count: 20
	Destroy() Cost: 9ms
Path: /obj/effect/floor_decal/stoneborder
	qdel() Count: 15
	Destroy() Cost: 9ms
Path: /obj/random/contraband
	qdel() Count: 13
	Destroy() Cost: 9ms
Path: /obj/item/organ/internal/eyes/unathi
	qdel() Count: 5
	Destroy() Cost: 9ms
Path: /obj/item/weapon/storage/internal/pockets
	qdel() Count: 2
	Destroy() Cost: 9ms
Path: /obj/item/clothing/suit/armor/pcarrier
	qdel() Count: 1
	Destroy() Cost: 9ms
Path: /obj/effect/decal/cleanable/blood/tracks/footprints
	qdel() Count: 9
	Destroy() Cost: 9ms
Path: /datum/reagent/sugar
	qdel() Count: 16
	Destroy() Cost: 8ms
Path: /obj/item/device/assembly/timer
	Failures: 7
	qdel() Count: 8
	Destroy() Cost: 8ms
	Total Hard Deletes 7
	Time Spent Hard Deleting: 0ms
Path: /datum/skill_verb/noirvision
	qdel() Count: 21
	Destroy() Cost: 8ms
Path: /obj/effect/floor_decal/industrial/outline/orange
	qdel() Count: 25
	Destroy() Cost: 8ms
Path: /obj/random/snack
	qdel() Count: 18
	Destroy() Cost: 8ms
Path: /obj/random_multi/single_item/punitelly
	qdel() Count: 11
	Destroy() Cost: 7.99998ms
Path: /obj/random/tank
	qdel() Count: 22
	Destroy() Cost: 7ms
Path: /obj/effect/floor_decal/industrial/warning/full
	qdel() Count: 16
	Destroy() Cost: 7ms
Path: /obj/effect/floor_decal/spline/fancy/wood/corner
	qdel() Count: 15
	Destroy() Cost: 7ms
Path: /obj/effect/landmark/costume/chameleon
	qdel() Count: 10
	Destroy() Cost: 7ms
Path: /datum/nanoui
	qdel() Count: 24
	Destroy() Cost: 7ms
Path: /obj/item/clothing/under/solgov/utility/expeditionary/officer/security
	qdel() Count: 1
	Destroy() Cost: 7ms
Path: /obj/item/weapon/stock_parts/power/apc
	qdel() Count: 9
	Destroy() Cost: 7ms
Path: /datum/skill_verb/instruct
	qdel() Count: 21
	Destroy() Cost: 7ms
Path: /obj/item/clothing/shoes/dutyboots
	qdel() Count: 4
	Destroy() Cost: 6.99999ms
Path: /datum/skill_verb/appraise
	qdel() Count: 21
	Destroy() Cost: 6.00002ms
Path: /obj/item/device/radio/headset/heads/ai_integrated
	qdel() Count: 2
	Destroy() Cost: 6.00001ms
Path: /obj/item/clothing/accessory/storage/pouches
	qdel() Count: 1
	Destroy() Cost: 6.00001ms
Path: /datum/movement_handler/mob/physically_capable
	qdel() Count: 14
	Destroy() Cost: 6.00001ms
Path: /datum/topic_manager/program
	qdel() Count: 18
	Destroy() Cost: 6ms
Path: /turf/simulated/floor/tiled/techfloor
	qdel() Count: 21
	Destroy() Cost: 6ms
Path: /obj/random/clipboard
	qdel() Count: 11
	Destroy() Cost: 6ms
Path: /obj/effect/floor_decal/industrial/hatch/orange
	qdel() Count: 11
	Destroy() Cost: 6ms
Path: /obj/random/voidsuit
	qdel() Count: 9
	Destroy() Cost: 6ms
Path: /obj/effect/floor_decal/spline/plain/grey
	qdel() Count: 8
	Destroy() Cost: 6ms
Path: /mob/observer/eye/aiEye
	qdel() Count: 2
	Destroy() Cost: 6ms
	Total Hard Deletes 2
	Time Spent Hard Deleting: 0ms
Path: /datum/movement_handler/mob/conscious
	qdel() Count: 14
	Destroy() Cost: 6ms
Path: /datum/movement_handler/mob/buckle_relay
	qdel() Count: 14
	Destroy() Cost: 6ms
Path: /obj/item/clothing/accessory/storage/holster/armpit
	qdel() Count: 1
	Destroy() Cost: 6ms
Path: /datum/wound/burn/moderate
	qdel() Count: 19
	Destroy() Cost: 5.99999ms
Path: /obj/item/weapon/reagent_containers/food/snacks/candy/proteinbar
	qdel() Count: 2
	Destroy() Cost: 5ms
Path: /obj/item/weapon/storage/backpack
	qdel() Count: 1
	Destroy() Cost: 5ms
Path: /datum/movement_handler/mob/physically_restrained
	qdel() Count: 14
	Destroy() Cost: 5ms
Path: /datum/movement_handler/mob/movement
	qdel() Count: 14
	Destroy() Cost: 5ms
Path: /mob/observer/ghost
	qdel() Count: 1
	Destroy() Cost: 5ms
	Total Hard Deletes 1
	Time Spent Hard Deleting: 0ms
Path: /obj/effect/floor_decal/corner/white
	qdel() Count: 50
	Destroy() Cost: 5ms
Path: /datum/powernet
	qdel() Count: 24
	Destroy() Cost: 5ms
Path: /obj/random/single/cola
	qdel() Count: 16
	Destroy() Cost: 5ms
Path: /obj/random/material
	qdel() Count: 15
	Destroy() Cost: 5ms
Path: /obj/random/action_figure
	qdel() Count: 13
	Destroy() Cost: 5ms
Path: /obj/effect/floor_decal/corner/mauve/half
	qdel() Count: 12
	Destroy() Cost: 5ms
Path: /obj/effect/wallframe_spawn/reinforced_phoron/titanium
	qdel() Count: 11
	Destroy() Cost: 5ms
Path: /obj/machinery/computer/arcade
	qdel() Count: 10
	Destroy() Cost: 5ms
Path: /obj/effect/floor_decal/industrial/loading
	qdel() Count: 10
	Destroy() Cost: 5ms
Path: /obj/effect/floor_decal/industrial/shutoff
	qdel() Count: 10
	Destroy() Cost: 5ms
Path: /obj/random/voidhelmet
	qdel() Count: 9
	Destroy() Cost: 5ms
Path: /obj/effect/wingrille_spawn/reinforced_phoron/full
	qdel() Count: 9
	Destroy() Cost: 5ms
Path: /obj/effect/floor_decal/corner/paleblue/three_quarters
	qdel() Count: 9
	Destroy() Cost: 5ms
Path: /obj/random/handgun
	qdel() Count: 8
	Destroy() Cost: 5ms
Path: /obj/random/ammo
	qdel() Count: 5
	Destroy() Cost: 5ms
Path: /obj/random/ammo_magazine_smug
	qdel() Count: 5
	Destroy() Cost: 5ms
Path: /obj/structure/closet/secure_closet/nuke_wall
	Failures: 1
	qdel() Count: 1
	Destroy() Cost: 5ms
	Total Hard Deletes 1
	Time Spent Hard Deleting: 0ms
Path: /datum/movement_handler/mob/multiz
	qdel() Count: 14
	Destroy() Cost: 5ms
Path: /obj/lighting_general
	qdel() Count: 19
	Destroy() Cost: 4.99999ms
Path: /datum/movement_handler/mob/relayed_movement
	qdel() Count: 14
	Destroy() Cost: 4ms
Path: /datum/movement_handler/move_relay
	qdel() Count: 14
	Destroy() Cost: 4ms
Path: /obj/screen/ability/spell
	qdel() Count: 8
	Destroy() Cost: 4ms
Path: /obj/item/device/multitool
	qdel() Count: 4
	Destroy() Cost: 4ms
Path: /obj/item/weapon/stock_parts/radio/receiver
	qdel() Count: 4
	Destroy() Cost: 4ms
Path: /datum/movement_handler/mob/delay
	qdel() Count: 14
	Destroy() Cost: 4ms
Path: /datum/reagent/phosphorus
	qdel() Count: 14
	Destroy() Cost: 4ms
Path: /datum/movement_handler/mob/space
	qdel() Count: 14
	Destroy() Cost: 4ms
Path: /obj/item/device/radio/headset/heads/torchexec
	qdel() Count: 1
	Destroy() Cost: 4ms
Path: /obj/screen/fullscreen/brute
	qdel() Count: 20
	Destroy() Cost: 4ms
Path: /obj/effect/floor_decal/corner/paleblue/half
	qdel() Count: 14
	Destroy() Cost: 4ms
Path: /obj/effect/floor_decal/corner/beige
	qdel() Count: 12
	Destroy() Cost: 4ms
Path: /obj/random/closet
	qdel() Count: 11
	Destroy() Cost: 4ms
Path: /obj/effect/wallframe_spawn/reinforced/polarized/no_grille/regular
	qdel() Count: 10
	Destroy() Cost: 4ms
Path: /obj/random/projectile
	qdel() Count: 7
	Destroy() Cost: 4ms
Path: /obj/screen/movable/action_button
	qdel() Count: 7
	Destroy() Cost: 4ms
Path: /obj/random/glasses
	qdel() Count: 6
	Destroy() Cost: 4ms
Path: /obj/item/weapon/flamethrower/full
	qdel() Count: 1
	Destroy() Cost: 4ms
Path: /obj/item/weapon/storage/pill_bottle
	qdel() Count: 1
	Destroy() Cost: 4ms
Path: /datum/movement_handler/mob/eye
	qdel() Count: 14
	Destroy() Cost: 4ms
Path: /datum/gas_mixture
	qdel() Count: 20
	Destroy() Cost: 4ms
Path: /datum/psi_complexus
	qdel() Count: 3
	Destroy() Cost: 4ms
Path: /datum/movement_handler/mob/death
	qdel() Count: 14
	Destroy() Cost: 4ms
Path: /datum/wound/burn/severe
	qdel() Count: 8
	Destroy() Cost: 4ms
Path: /obj/item/device/tankassemblyproxy
	qdel() Count: 4
	Destroy() Cost: 4ms
Path: /obj/item/underwear/bottom
	qdel() Count: 2
	Destroy() Cost: 4ms
Path: /obj/item/weapon/cell
	qdel() Count: 5
	Destroy() Cost: 4ms
Path: /mob/new_player
	qdel() Count: 5
	Destroy() Cost: 4ms
	Total Hard Deletes 5
	Time Spent Hard Deleting: 0ms
Path: /datum/extension/armor
	qdel() Count: 7
	Destroy() Cost: 3.99999ms
Path: /obj/item/weapon/cell/device/variable
	qdel() Count: 3
	Destroy() Cost: 3.00004ms
Path: /obj/item/weapon/reagent_containers/hypospray/autoinjector
	qdel() Count: 2
	Destroy() Cost: 3.00001ms
Path: /datum/skillset/silicon
	qdel() Count: 2
	Destroy() Cost: 3ms
Path: /obj/item/weapon/stock_parts/computer/battery_module
	qdel() Count: 2
	Destroy() Cost: 3ms
Path: /datum/click_handler/default
	qdel() Count: 11
	Destroy() Cost: 3ms
Path: /datum/wires/radio
	qdel() Count: 8
	Destroy() Cost: 3ms
Path: /obj/item/device/radio/headset/heads/cos
	qdel() Count: 1
	Destroy() Cost: 3ms
Path: /obj/item/weapon/gun/energy
	qdel() Count: 1
	Destroy() Cost: 3ms
Path: /obj/item/device/radio/headset/headset_service
	qdel() Count: 1
	Destroy() Cost: 3ms
Path: /datum/reagent/lactate
	qdel() Count: 6
	Destroy() Cost: 3ms
Path: /obj/screen/psi/hub
	qdel() Count: 3
	Destroy() Cost: 3ms
Path: /obj/effect/wallframe_spawn/reinforced_phoron/hull
	qdel() Count: 58
	Destroy() Cost: 3ms
Path: /obj/effect/floor_decal/corner/mauve
	qdel() Count: 23
	Destroy() Cost: 3ms
Path: /obj/effect/floor_decal/industrial/outline/red
	qdel() Count: 22
	Destroy() Cost: 3ms
Path: /obj/effect/floor_decal/corner/brown/mono
	qdel() Count: 17
	Destroy() Cost: 3ms
Path: /obj/random/advdevice
	qdel() Count: 15
	Destroy() Cost: 3ms
Path: /obj/effect/floor_decal/spline/fancy/black
	qdel() Count: 12
	Destroy() Cost: 3ms
Path: /obj/effect/floor_decal/chapel
	qdel() Count: 12
	Destroy() Cost: 3ms
Path: /obj/effect/floor_decal/corner/lime/three_quarters
	qdel() Count: 10
	Destroy() Cost: 3ms
Path: /datum/hud
	qdel() Count: 9
	Destroy() Cost: 3ms
Path: /datum/overmap_event/dust
	qdel() Count: 7
	Destroy() Cost: 3ms
Path: /obj/random/gloves
	qdel() Count: 6
	Destroy() Cost: 3ms
Path: /obj/machinery/atmospherics/pipe/simple/hidden/supply
	qdel() Count: 6
	Destroy() Cost: 3ms
Path: /obj/effect/floor_decal/spline/plain/red
	qdel() Count: 5
	Destroy() Cost: 3ms
Path: /obj/effect/floor_decal/corner/black
	qdel() Count: 5
	Destroy() Cost: 3ms
Path: /obj/random/solgov
	qdel() Count: 5
	Destroy() Cost: 3ms
Path: /obj/item/projectile/ion
	qdel() Count: 5
	Destroy() Cost: 3ms
Path: /obj/effect/floor_decal/spline/plain/brown
	qdel() Count: 4
	Destroy() Cost: 3ms
Path: /obj/effect/floor_decal/stoneborder/corner
	qdel() Count: 4
	Destroy() Cost: 3ms
Path: /obj/effect/floor_decal/techfloor/orange
	qdel() Count: 3
	Destroy() Cost: 3ms
Path: /obj/random/hardsuit
	qdel() Count: 3
	Destroy() Cost: 3ms
Path: /obj/item/weapon/weldingtool
	qdel() Count: 2
	Destroy() Cost: 3ms
Path: /datum/movement_handler/mob/stop_effect
	qdel() Count: 14
	Destroy() Cost: 3ms
Path: /obj/machinery/door/blast/regular
	Failures: 1
	qdel() Count: 1
	Destroy() Cost: 3ms
	Total Hard Deletes 1
	Time Spent Hard Deleting: 0ms
Path: /obj/item/weapon/nuclear_cylinder
	qdel() Count: 3
	Destroy() Cost: 3ms
Path: /obj/item/weapon/airlock_brace
	qdel() Count: 2
	Destroy() Cost: 3ms
	No hint: 2 times
Path: /obj/item/clothing/under/rank/chef
	qdel() Count: 1
	Destroy() Cost: 3ms
Path: /obj/aiming_overlay
	qdel() Count: 6
	Destroy() Cost: 3ms
Path: /obj/lighting_plane
	qdel() Count: 19
	Destroy() Cost: 3ms
Path: /datum/follow_holder/human
	qdel() Count: 8
	Destroy() Cost: 2.99999ms
Path: /obj/item/weapon/card/id/synthetic
	qdel() Count: 2
	Destroy() Cost: 2.99999ms
Path: /obj/item/weapon/gun/energy/ionrifle
	qdel() Count: 1
	Destroy() Cost: 2.00002ms
Path: /obj/item/weapon/gun/energy/gun/secure
	qdel() Count: 1
	Destroy() Cost: 2.00002ms
Path: /datum/hud/human
	qdel() Count: 7
	Destroy() Cost: 2.00001ms
Path: /datum/nano_module/docking
	qdel() Count: 2
	Destroy() Cost: 2.00001ms
Path: /obj/item/organ/internal/eyes/robot
	qdel() Count: 1
	Destroy() Cost: 2.00001ms
Path: /obj/item/clothing/accessory/armguards/riot
	qdel() Count: 1
	Destroy() Cost: 2.00001ms
Path: /obj/item/underwear/top
	qdel() Count: 1
	Destroy() Cost: 2.00001ms
Path: /obj/item/clothing/accessory/kneepads
	qdel() Count: 1
	Destroy() Cost: 2.00001ms
Path: /obj/item/weapon/airlock_electronics/brace
	qdel() Count: 2
	Destroy() Cost: 2ms
Path: /obj/item/weapon/stock_parts/computer/hard_drive/small
	qdel() Count: 2
	Destroy() Cost: 2ms
Path: /obj/item/stack/medical/bruise_pack
	qdel() Count: 2
	Destroy() Cost: 2ms
Path: /obj/item/organ/external/foot/insectoid
	qdel() Count: 1
	Destroy() Cost: 2ms
Path: /obj/item/clothing/accessory/solgov/rank/ec/officer/o3
	qdel() Count: 1
	Destroy() Cost: 2ms
Path: /obj/item/organ/external/stump
	qdel() Count: 1
	Destroy() Cost: 2ms
Path: /obj/item/clothing/under/solgov/utility/expeditionary/monkey
	qdel() Count: 1
	Destroy() Cost: 2ms
Path: /obj/item/clothing/accessory/solgov/rank/fleet/officer/wo1_monkey
	qdel() Count: 1
	Destroy() Cost: 2ms
Path: /obj/item/organ/internal/heart/vox
	qdel() Count: 1
	Destroy() Cost: 2ms
Path: /obj/item/organ/internal/lungs/vox
	qdel() Count: 1
	Destroy() Cost: 2ms
Path: /obj/item/organ/internal/liver/vox
	qdel() Count: 1
	Destroy() Cost: 2ms
Path: /obj/effect/wallframe_spawn/phoron
	qdel() Count: 17
	Destroy() Cost: 2ms
Path: /turf/simulated/floor/tiled/steel_ridged
	qdel() Count: 15
	Destroy() Cost: 2ms
Path: /obj/effect/floor_decal/corner/mauve/mono
	qdel() Count: 13
	Destroy() Cost: 2ms
Path: /turf/simulated/floor/tiled/steel_grid
	qdel() Count: 12
	Destroy() Cost: 2ms
Path: /obj/effect/floor_decal/corner/yellow/mono
	qdel() Count: 9
	Destroy() Cost: 2ms
Path: /obj/effect/fluid_mapped
	qdel() Count: 8
	Destroy() Cost: 2ms
Path: /obj/effect/floor_decal/spline/plain/beige
	qdel() Count: 7
	Destroy() Cost: 2ms
Path: /obj/random/suit
	qdel() Count: 6
	Destroy() Cost: 2ms
Path: /obj/effect/floor_decal/industrial/hatch/blue
	qdel() Count: 6
	Destroy() Cost: 2ms
Path: /datum/overmap_event/electric
	qdel() Count: 6
	Destroy() Cost: 2ms
Path: /datum/overmap_event/carp/major
	qdel() Count: 6
	Destroy() Cost: 2ms
Path: /obj/effect/floor_decal/corner/yellow/diagonal
	qdel() Count: 5
	Destroy() Cost: 2ms
Path: /datum/overmap_event/carp
	qdel() Count: 5
	Destroy() Cost: 2ms
Path: /obj/random/storage
	qdel() Count: 4
	Destroy() Cost: 2ms
Path: /obj/random/toy
	qdel() Count: 4
	Destroy() Cost: 2ms
Path: /obj/effect/floor_decal/corner/orange
	qdel() Count: 4
	Destroy() Cost: 2ms
Path: /obj/effect/floor_decal/techfloor/hole/right
	qdel() Count: 4
	Destroy() Cost: 2ms
Path: /obj/effect/floor_decal/torchltdlogo
	qdel() Count: 4
	Destroy() Cost: 2ms
Path: /obj/effect/floor_decal/corner/beige/three_quarters
	qdel() Count: 3
	Destroy() Cost: 2ms
Path: /obj/effect/wingrille_spawn/reinforced
	qdel() Count: 3
	Destroy() Cost: 2ms
Path: /obj/effect/spawner/newbomb/timer/syndicate
	qdel() Count: 3
	Destroy() Cost: 2ms
Path: /obj/screen/psi/toggle_psi_menu
	qdel() Count: 3
	Destroy() Cost: 2ms
Path: /obj/machinery/door/firedoor
	qdel() Count: 2
	Destroy() Cost: 2ms
Path: /obj/effect/floor_decal/beach/corner
	qdel() Count: 2
	Destroy() Cost: 2ms
Path: /obj/item/weapon/welder_tank
	qdel() Count: 2
	Destroy() Cost: 2ms
Path: /datum/hud/diona_nymph
	qdel() Count: 2
	Destroy() Cost: 2ms
Path: /obj/item/ammo_casing/shotgun/flash
	qdel() Count: 1
	Destroy() Cost: 2ms
Path: /obj/item/ammo_casing/shotgun/pellet
	qdel() Count: 1
	Destroy() Cost: 2ms
Path: /obj/item/ammo_casing/shotgun/stunshell
	qdel() Count: 1
	Destroy() Cost: 2ms
Path: /obj/item/device/suit_cooling_unit
	qdel() Count: 1
	Destroy() Cost: 2ms
Path: /obj/item/weapon/weldingtool/largetank
	qdel() Count: 1
	Destroy() Cost: 2ms
Path: /obj/item/organ/internal/voxstack
	qdel() Count: 1
	Destroy() Cost: 2ms
Path: /obj/item/clothing/mask/smokable/cigarette/jerichos
	qdel() Count: 1
	Destroy() Cost: 2ms
Path: /obj/item/organ/internal/kidneys/vox
	qdel() Count: 1
	Destroy() Cost: 2ms
Path: /obj/screen/close
	qdel() Count: 9
	Destroy() Cost: 2ms
Path: /obj/item/weapon/pen
	qdel() Count: 2
	Destroy() Cost: 2ms
Path: /obj/item/weapon/handcuffs
	qdel() Count: 2
	Destroy() Cost: 2ms
Path: /datum/extension/base_icon_state
	qdel() Count: 4
	Destroy() Cost: 2ms
Path: /datum/nano_module/skill_ui/antag
	qdel() Count: 3
	Destroy() Cost: 2ms
Path: /datum/nano_module/skill_ui
	qdel() Count: 3
	Destroy() Cost: 2ms
Path: /datum/nano_module/arcade_classic
	qdel() Count: 2
	Destroy() Cost: 2ms
Path: /obj/item/device/encryptionkey/heads/ai_integrated
	qdel() Count: 2
	Destroy() Cost: 2ms
Path: /obj/item/device/camera/siliconcam/ai_camera
	qdel() Count: 2
	Destroy() Cost: 2ms
Path: /obj/item/weapon/stock_parts/computer/card_slot/broadcaster
	qdel() Count: 2
	Destroy() Cost: 2ms
Path: /obj/item/weapon/stock_parts/computer/processor_unit/small
	qdel() Count: 2
	Destroy() Cost: 2ms
Path: /obj/item/clothing/gloves/white
	qdel() Count: 2
	Destroy() Cost: 2ms
Path: /obj/item/clothing/glasses/sunglasses
	qdel() Count: 2
	Destroy() Cost: 2ms
Path: /obj/item/device/flashlight/flare/glowstick
	qdel() Count: 2
	Destroy() Cost: 2ms
Path: /obj/item/device/oxycandle
	qdel() Count: 2
	Destroy() Cost: 2ms
Path: /obj/item/clothing/shoes/black
	qdel() Count: 1
	Destroy() Cost: 2ms
Path: /obj/item/clothing/accessory/legguards/riot
	qdel() Count: 1
	Destroy() Cost: 2ms
Path: /obj/item/weapon/melee/telebaton
	qdel() Count: 1
	Destroy() Cost: 2ms
Path: /obj/item/underwear/socks
	qdel() Count: 1
	Destroy() Cost: 2ms
Path: /obj/item/clothing/accessory/solgov/rank/ec/officer/o6
	qdel() Count: 1
	Destroy() Cost: 2ms
Path: /obj/item/clothing/head/soft/solgov/expedition/co
	qdel() Count: 1
	Destroy() Cost: 2ms
Path: /obj/item/weapon/lipstick/black
	qdel() Count: 1
	Destroy() Cost: 2ms
Path: /obj/item/weapon/reagent_containers/spray/pepper
	qdel() Count: 1
	Destroy() Cost: 2ms
Path: /datum/extension/appearance/cardborg
	qdel() Count: 3
	Destroy() Cost: 1.00001ms
Path: /datum/nano_module/camera_monitor
	qdel() Count: 2
	Destroy() Cost: 1.00001ms
Path: /datum/nano_module/rcon
	qdel() Count: 2
	Destroy() Cost: 1.00001ms
Path: /datum/nano_module/library
	qdel() Count: 2
	Destroy() Cost: 1.00001ms
Path: /obj/item/clothing/accessory/solgov/department/command
	qdel() Count: 1
	Destroy() Cost: 1.00001ms
Path: /obj/item/weapon/pen/multi/cmd/co
	qdel() Count: 1
	Destroy() Cost: 1.00001ms
Path: /obj/item/weapon/stock_parts/computer/scanner/paper
	qdel() Count: 1
	Destroy() Cost: 1.00001ms
Path: /obj/item/organ/internal/eyes/insectoid
	qdel() Count: 1
	Destroy() Cost: 1ms
Path: /obj/item/device/encryptionkey/heads/hos
	qdel() Count: 1
	Destroy() Cost: 1ms
Path: /obj/aura/regenerating/human/unathi
	qdel() Count: 1
	Destroy() Cost: 1ms
Path: /obj/item/weapon/card/id/torch/crew/service/chef
	qdel() Count: 1
	Destroy() Cost: 1ms
Path: /datum/reagent/potassium
	qdel() Count: 14
	Destroy() Cost: 1ms
Path: /datum/follow_holder/simple_animal
	qdel() Count: 3
	Destroy() Cost: 1ms
Path: /obj/screen/psi/armour
	qdel() Count: 3
	Destroy() Cost: 1ms
Path: /datum/reagent/drink/juice/grape
	qdel() Count: 2
	Destroy() Cost: 1ms
Path: /datum/movement_handler/mob/admin_possess
	qdel() Count: 1
	Destroy() Cost: 1ms
Path: /obj/structure/window/reinforced/polarized/full
	qdel() Count: 1
	Destroy() Cost: 1ms
Path: /datum/wound/lost_limb
	qdel() Count: 1
	Destroy() Cost: 1ms
Path: /datum/movement_handler/mob/incorporeal
	qdel() Count: 1
	Destroy() Cost: 1ms
Path: /obj/item/trash/saturno
	qdel() Count: 1
	Destroy() Cost: 1ms
Path: /obj/item/device/encryptionkey/headset_service
	qdel() Count: 1
	Destroy() Cost: 1ms
Path: /obj/item/organ/internal/eyes/vox
	qdel() Count: 1
	Destroy() Cost: 1ms
Path: /obj/item/organ/internal/hindtongue
	qdel() Count: 1
	Destroy() Cost: 1ms
Path: /obj/structure/diona_gestalt
	qdel() Count: 1
	Destroy() Cost: 1ms
Path: /obj/random/ore_smug
	qdel() Count: 35
	Destroy() Cost: 1ms
Path: /obj/random/coin
	qdel() Count: 9
	Destroy() Cost: 1ms
Path: /turf/simulated/floor/tiled
	qdel() Count: 8
	Destroy() Cost: 1ms
Path: /obj/random/plushie
	qdel() Count: 7
	Destroy() Cost: 1ms
Path: /datum/overmap_event/meteor
	qdel() Count: 7
	Destroy() Cost: 1ms
Path: /obj/effect/floor_decal/industrial/outline
	qdel() Count: 6
	Destroy() Cost: 1ms
Path: /obj/random/energy
	qdel() Count: 5
	Destroy() Cost: 1ms
Path: /obj/effect/floor_decal/industrial/warning/cee
	qdel() Count: 4
	Destroy() Cost: 1ms
Path: /obj/machinery/atmospherics/pipe/simple/visible/yellow
	qdel() Count: 4
	Destroy() Cost: 1ms
Path: /obj/effect/floor_decal/industrial/hatch
	qdel() Count: 3
	Destroy() Cost: 1ms
Path: /obj/prefab/hand_teleporter
	qdel() Count: 3
	Destroy() Cost: 1ms
Path: /obj/effect/floor_decal/corner/red/full
	qdel() Count: 3
	Destroy() Cost: 1ms
Path: /obj/effect/floor_decal/corner/b_green
	qdel() Count: 3
	Destroy() Cost: 1ms
Path: /datum/overmap_event/ion
	qdel() Count: 3
	Destroy() Cost: 1ms
Path: /datum/reagent/fuel
	qdel() Count: 3
	Destroy() Cost: 1ms
Path: /obj/effect/landmark/corpse/doctor
	qdel() Count: 2
	Destroy() Cost: 1ms
Path: /obj/effect/floor_decal/industrial/hatch/red
	qdel() Count: 2
	Destroy() Cost: 1ms
Path: /obj/random/assembly
	qdel() Count: 2
	Destroy() Cost: 1ms
Path: /obj/effect/floor_decal/corner/yellow/full
	qdel() Count: 2
	Destroy() Cost: 1ms
Path: /obj/effect/landmark/corpse/scientist
	qdel() Count: 2
	Destroy() Cost: 1ms
Path: /obj/random/vendor
	qdel() Count: 1
	Destroy() Cost: 1ms
Path: /obj/effect/floor_decal/corner/grey
	qdel() Count: 1
	Destroy() Cost: 1ms
Path: /obj/random/plushie/large
	qdel() Count: 1
	Destroy() Cost: 1ms
Path: /obj/item/weapon/archaeological_find
	qdel() Count: 1
	Destroy() Cost: 1ms
Path: /obj/item/weapon/pen/crayon/random
	qdel() Count: 1
	Destroy() Cost: 1ms
Path: /obj/effect/landmark/corpse/bridgeofficer
	qdel() Count: 1
	Destroy() Cost: 1ms
Path: /obj/effect/landmark/corpse/pirate
	qdel() Count: 1
	Destroy() Cost: 1ms
Path: /obj/random/masks
	qdel() Count: 1
	Destroy() Cost: 1ms
Path: /obj/effect/submap_landmark/joinable_submap/crashed_pod
	qdel() Count: 1
	Destroy() Cost: 1ms
Path: /obj/item/ammo_magazine/shotholder/empty
	qdel() Count: 1
	Destroy() Cost: 1ms
Path: /obj/item/ammo_casing/shotgun/blank
	qdel() Count: 1
	Destroy() Cost: 1ms
Path: /obj/item/projectile/bullet/blank
	qdel() Count: 1
	Destroy() Cost: 1ms
Path: /obj/item/ammo_casing/shotgun
	qdel() Count: 1
	Destroy() Cost: 1ms
Path: /obj/item/projectile/bullet/shotgun
	qdel() Count: 1
	Destroy() Cost: 1ms
Path: /obj/item/projectile/energy/flash/flare
	qdel() Count: 1
	Destroy() Cost: 1ms
Path: /obj/item/projectile/bullet/pellet/shotgun
	qdel() Count: 1
	Destroy() Cost: 1ms
Path: /obj/item/projectile/energy/electrode/stunshot
	qdel() Count: 1
	Destroy() Cost: 1ms
Path: /obj/item/weapon/magnetic_ammo/skrell/slug
	qdel() Count: 1
	Destroy() Cost: 1ms
Path: /obj/item/weapon/stock_parts/power/battery/buildable/crap
	qdel() Count: 1
	Destroy() Cost: 1ms
Path: /obj/item/weapon/stock_parts/power/battery/buildable/responsive
	qdel() Count: 1
	Destroy() Cost: 1ms
Path: /obj/item/device/assembly/infra
	qdel() Count: 1
	Destroy() Cost: 1ms
Path: /datum/proximity_trigger/line
	qdel() Count: 1
	Destroy() Cost: 1ms
Path: /obj/item/device/radio/electropack
	qdel() Count: 1
	Destroy() Cost: 1ms
Path: /obj/item/weapon/beartrap
	qdel() Count: 1
	Destroy() Cost: 1ms
Path: /obj/item/weapon/reagent_containers/ecig_cartridge/blank
	qdel() Count: 1
	Destroy() Cost: 1ms
Path: /obj/item/weapon/stock_parts/console_screen
	qdel() Count: 1
	Destroy() Cost: 1ms
Path: /obj/item/weapon/module/power_control
	qdel() Count: 1
	Destroy() Cost: 1ms
Path: /obj/item/weapon/rcd_ammo/large
	qdel() Count: 1
	Destroy() Cost: 1ms
Path: /obj/item/weapon/rcd
	qdel() Count: 1
	Destroy() Cost: 1ms
Path: /obj/item/weapon/reagent_containers/glass/bucket
	qdel() Count: 1
	Destroy() Cost: 1ms
Path: /obj/item/weapon/reagent_containers/food/drinks/glass2/rocks
	qdel() Count: 1
	Destroy() Cost: 1ms
Path: /obj/item/weapon/reagent_containers/food/drinks/glass2/shake
	qdel() Count: 1
	Destroy() Cost: 1ms
Path: /obj/item/weapon/reagent_containers/food/drinks/glass2/pint
	qdel() Count: 1
	Destroy() Cost: 1ms
Path: /obj/item/weapon/reagent_containers/food/drinks/glass2/mug
	qdel() Count: 1
	Destroy() Cost: 1ms
Path: /obj/item/weapon/reagent_containers/food/drinks/glass2/carafe
	qdel() Count: 1
	Destroy() Cost: 1ms
Path: /obj/item/device/flashlight
	qdel() Count: 1
	Destroy() Cost: 1ms
Path: /obj/machinery/floor_light
	qdel() Count: 1
	Destroy() Cost: 1ms
Path: /obj/item/weapon/extinguisher/empty
	qdel() Count: 1
	Destroy() Cost: 1ms
Path: /obj/item/device/radio/headset
	qdel() Count: 1
	Destroy() Cost: 1ms
Path: /obj/item/device/encryptionkey
	qdel() Count: 1
	Destroy() Cost: 1ms
Path: /obj/item/device/radio/off
	qdel() Count: 1
	Destroy() Cost: 1ms
Path: /obj/item/weapon/cell/high
	qdel() Count: 1
	Destroy() Cost: 1ms
Path: /obj/item/weapon/material/knife/kitchen
	qdel() Count: 1
	Destroy() Cost: 1ms
Path: /obj/item/device/taperecorder/empty
	qdel() Count: 1
	Destroy() Cost: 1ms
Path: /obj/item/weapon/light/tube/large
	qdel() Count: 1
	Destroy() Cost: 1ms
Path: /obj/item/weapon/pen/red
	qdel() Count: 1
	Destroy() Cost: 1ms
Path: /obj/item/device/destTagger
	qdel() Count: 1
	Destroy() Cost: 1ms
Path: /obj/item/weapon/surgicaldrill
	qdel() Count: 1
	Destroy() Cost: 1ms
Path: /obj/item/weapon/cautery
	qdel() Count: 1
	Destroy() Cost: 1ms
Path: /obj/item/weapon/reagent_containers/glass/beaker
	qdel() Count: 1
	Destroy() Cost: 1ms
Path: /obj/item/weapon/reagent_containers/glass/beaker/insulated/large
	qdel() Count: 1
	Destroy() Cost: 1ms
Path: /obj/item/weapon/reagent_containers/glass/beaker/vial
	qdel() Count: 1
	Destroy() Cost: 1ms
Path: /obj/item/weapon/reagent_containers/syringe
	qdel() Count: 1
	Destroy() Cost: 1ms
Path: /obj/item/weapon/reagent_containers/hypospray/autoinjector/empty
	qdel() Count: 1
	Destroy() Cost: 1ms
Path: /obj/item/device/integrated_electronics/wirer
	qdel() Count: 1
	Destroy() Cost: 1ms
Path: /obj/item/device/integrated_electronics/analyzer
	qdel() Count: 1
	Destroy() Cost: 1ms
Path: /obj/item/weapon/wirecutters
	qdel() Count: 1
	Destroy() Cost: 1ms
Path: /obj/item/weapon/material/hatchet
	qdel() Count: 1
	Destroy() Cost: 1ms
Path: /obj/item/weapon/welder_tank/large
	qdel() Count: 1
	Destroy() Cost: 1ms
Path: /obj/item/weapon/material/kitchen/utensil/spoon
	qdel() Count: 1
	Destroy() Cost: 1ms
Path: /obj/item/weapon/material/kitchen/utensil/spork
	qdel() Count: 1
	Destroy() Cost: 1ms
Path: /obj/item/weapon/material/kitchen/utensil/foon
	qdel() Count: 1
	Destroy() Cost: 1ms
Path: /obj/item/weapon/material/kitchen/utensil/fork/plastic
	qdel() Count: 1
	Destroy() Cost: 1ms
Path: /obj/item/weapon/material/knife/table/plastic
	qdel() Count: 1
	Destroy() Cost: 1ms
Path: /obj/item/weapon/reagent_containers/food/snacks/soylenviridians
	qdel() Count: 1
	Destroy() Cost: 1ms
Path: /obj/item/weapon/reagent_containers/food/snacks/fries
	qdel() Count: 1
	Destroy() Cost: 1ms
Path: /obj/item/weapon/reagent_containers/food/snacks/soydope
	qdel() Count: 1
	Destroy() Cost: 1ms
Path: /obj/item/weapon/reagent_containers/food/snacks/ricepudding
	qdel() Count: 1
	Destroy() Cost: 1ms
Path: /obj/item/weapon/reagent_containers/food/snacks/tofurkey
	qdel() Count: 1
	Destroy() Cost: 1ms
Path: /datum/codex_category/languages
	qdel() Count: 1
	Destroy() Cost: 1ms
Path: /datum/codex_category/reagents
	qdel() Count: 1
	Destroy() Cost: 1ms
Path: /obj/effect/gateway/active/cult
	qdel() Count: 1
	Destroy() Cost: 1ms
Path: /obj/effect/effect/smoke/illumination
	qdel() Count: 1
	Destroy() Cost: 1ms
Path: /obj/effect/portal
	qdel() Count: 1
	Destroy() Cost: 1ms
Path: /obj/screen/borer/inject_chemicals
	qdel() Count: 1
	Destroy() Cost: 1ms
Path: /obj/screen/intent
	qdel() Count: 1
	Destroy() Cost: 1ms
Path: /obj/item/weapon/grenade/flashbang
	qdel() Count: 1
	Destroy() Cost: 1ms
Path: /datum/follow_holder/alien
	qdel() Count: 5
	Destroy() Cost: 1ms
Path: /obj/item/remains/lizard
	qdel() Count: 1
	Destroy() Cost: 1ms
Path: /obj/effect/decal/cleanable/ash
	qdel() Count: 1
	Destroy() Cost: 1ms
Path: /datum/reagent/adrenaline
	qdel() Count: 6
	Destroy() Cost: 0.999998ms
Path: /datum/nano_module/skill_ui/antag/station
	qdel() Count: 4
	Destroy() Cost: 0.999998ms
Path: /datum/nano_module/skill_ui/admin
	qdel() Count: 3
	Destroy() Cost: 0.999998ms
Path: /datum/nano_module/program/email_administration
	qdel() Count: 2
	Destroy() Cost: 0.999998ms
Path: /datum/nano_module/program/computer_ntnetmonitor
	qdel() Count: 2
	Destroy() Cost: 0.999998ms
Path: /datum/nano_module/skill_ui/antag/station/offstation
	qdel() Count: 2
	Destroy() Cost: 0.999998ms
Path: /datum/nano_module/alarm_monitor/all
	qdel() Count: 2
	Destroy() Cost: 0.999998ms
Path: /datum/nano_module/shields_monitor
	qdel() Count: 2
	Destroy() Cost: 0.999998ms
Path: /datum/nano_module/supermatter_monitor
	qdel() Count: 2
	Destroy() Cost: 0.999998ms
Path: /datum/nano_module/crew_manifest
	qdel() Count: 2
	Destroy() Cost: 0.999998ms
Path: /datum/nano_module/deck_management
	qdel() Count: 2
	Destroy() Cost: 0.999998ms
Path: /datum/follow_holder/ai
	qdel() Count: 2
	Destroy() Cost: 0.999998ms
Path: /obj/item/weapon/stock_parts/computer/network_card
	qdel() Count: 2
	Destroy() Cost: 0.999998ms
Path: /obj/item/weapon/stock_parts/computer/tesla_link
	qdel() Count: 2
	Destroy() Cost: 0.999998ms
Path: /datum/extension/interactive/ntos/device
	qdel() Count: 2
	Destroy() Cost: 0.999998ms
Path: /obj/item/clothing/accessory/solgov/department/security
	qdel() Count: 1
	Destroy() Cost: 0.999998ms
Path: /obj/item/weapon/card/id/torch/silver/security
	qdel() Count: 1
	Destroy() Cost: 0.999998ms
Path: /obj/item/clothing/shoes/sandal
	qdel() Count: 1
	Destroy() Cost: 0.999998ms
Path: /obj/item/device/encryptionkey/heads/torchexec
	qdel() Count: 1
	Destroy() Cost: 0.999998ms
Path: /obj/item/clothing/accessory/armor/tag/apos
	qdel() Count: 1
	Destroy() Cost: 0.999998ms
Path: /obj/item/device/flash
	qdel() Count: 1
	Destroy() Cost: 0.999998ms
Path: /obj/item/device/hailer
	qdel() Count: 1
	Destroy() Cost: 0.999998ms
Path: /obj/effect/effect/smoke/chem
	qdel() Count: 75
	Destroy() Cost: 0ms
	Sleeps: 75
Path: /obj/screen/fullscreen/blurry
	qdel() Count: 16
	Destroy() Cost: 0ms
Path: /obj/screen/fullscreen/blind
	qdel() Count: 10
	Destroy() Cost: 0ms
Path: /obj/screen/fullscreen/blackout
	qdel() Count: 7
	Destroy() Cost: 0ms
Path: /obj/random/single/lighter
	qdel() Count: 6
	Destroy() Cost: 0ms
Path: /obj/effect/floor_decal/corner/paleblue/mono
	qdel() Count: 5
	Destroy() Cost: 0ms
Path: /obj/screen/fullscreen/flash
	qdel() Count: 5
	Destroy() Cost: 0ms
Path: /obj/effect/floor_decal/corner/lime/mono
	qdel() Count: 4
	Destroy() Cost: 0ms
Path: /datum/wound/burn/large
	qdel() Count: 4
	Destroy() Cost: 0ms
Path: /obj/random/accessory
	qdel() Count: 3
	Destroy() Cost: 0ms
Path: /turf/simulated/floor/tiled/techmaint
	qdel() Count: 3
	Destroy() Cost: 0ms
Path: /datum/wires/airlock/secure
	qdel() Count: 3
	Destroy() Cost: 0ms
Path: /obj/effect/landmark/map_data
	qdel() Count: 2
	Destroy() Cost: 0ms
Path: /obj/random/shoes
	qdel() Count: 2
	Destroy() Cost: 0ms
Path: /obj/item/weapon/stock_parts/power/battery/buildable/stock
	qdel() Count: 2
	Destroy() Cost: 0ms
Path: /obj/random/single/playing_cards
	qdel() Count: 2
	Destroy() Cost: 0ms
Path: /turf/simulated/floor/tiled/dark/monotile
	qdel() Count: 2
	Destroy() Cost: 0ms
Path: /turf/simulated/floor/tiled/white
	qdel() Count: 2
	Destroy() Cost: 0ms
Path: /obj/effect/catwalk_plated/white
	qdel() Count: 2
	Destroy() Cost: 0ms
Path: /obj/effect/floor_decal/corner/white/full
	qdel() Count: 2
	Destroy() Cost: 0ms
Path: /obj/effect/decal/cleanable/blood
	qdel() Count: 2
	Destroy() Cost: 0ms
Path: /obj/item/weapon/scalpel
	qdel() Count: 2
	Destroy() Cost: 0ms
Path: /datum/follow_holder/eye
	qdel() Count: 2
	Destroy() Cost: 0ms
Path: /datum/announcement/priority
	qdel() Count: 2
	Destroy() Cost: 0ms
Path: /datum/nano_module/program/comm
	qdel() Count: 2
	Destroy() Cost: 0ms
Path: /datum/nano_module/atmos_control
	qdel() Count: 2
	Destroy() Cost: 0ms
Path: /datum/nano_module/power_monitor
	qdel() Count: 2
	Destroy() Cost: 0ms
Path: /datum/nano_module/records
	qdel() Count: 2
	Destroy() Cost: 0ms
Path: /datum/nano_module/supply
	qdel() Count: 2
	Destroy() Cost: 0ms
Path: /datum/nano_module/crew_monitor
	qdel() Count: 2
	Destroy() Cost: 0ms
Path: /datum/nano_module/digitalwarrant
	qdel() Count: 2
	Destroy() Cost: 0ms
Path: /datum/nano_module/forceauthorization
	qdel() Count: 2
	Destroy() Cost: 0ms
Path: /datum/nano_module/law_manager
	qdel() Count: 2
	Destroy() Cost: 0ms
Path: /datum/reagent/drink/ice
	qdel() Count: 2
	Destroy() Cost: 0ms
Path: /datum/reagent/inaprovaline
	qdel() Count: 2
	Destroy() Cost: 0ms
Path: /datum/controller
	qdel() Count: 1
	Destroy() Cost: 0ms
Path: /datum/global_init
	qdel() Count: 1
	Destroy() Cost: 0ms
Path: /obj/effect/submap_landmark/joinable_submap/ascent_seedship
	qdel() Count: 1
	Destroy() Cost: 0ms
Path: /obj/turbolift_map_holder/torch
	qdel() Count: 1
	Destroy() Cost: 0ms
Path: /obj/effect/floor_decal/corner/brown/three_quarters
	qdel() Count: 1
	Destroy() Cost: 0ms
Path: /obj/effect/floor_decal/corner/grey/border
	qdel() Count: 1
	Destroy() Cost: 0ms
Path: /obj/effect/floor_decal/techfloor/hole
	qdel() Count: 1
	Destroy() Cost: 0ms
Path: /turf/simulated/floor/plating
	qdel() Count: 1
	Destroy() Cost: 0ms
Path: /obj/effect/floor_decal/carpet/corners
	qdel() Count: 1
	Destroy() Cost: 0ms
Path: /obj/item/weapon/material/knife/combat
	qdel() Count: 1
	Destroy() Cost: 0ms
Path: /obj/item/weapon/magnetic_ammo/skrell
	qdel() Count: 1
	Destroy() Cost: 0ms
Path: /obj/item/weapon/material/hatchet/machete/steel
	qdel() Count: 1
	Destroy() Cost: 0ms
Path: /obj/item/weapon/syringe_cartridge
	qdel() Count: 1
	Destroy() Cost: 0ms
Path: /obj/item/weapon/stock_parts/keyboard
	qdel() Count: 1
	Destroy() Cost: 0ms
Path: /obj/item/weapon/stock_parts/power/apc/buildable
	qdel() Count: 1
	Destroy() Cost: 0ms
Path: /obj/item/weapon/stock_parts/power/battery/buildable/turbo
	qdel() Count: 1
	Destroy() Cost: 0ms
Path: /obj/item/weapon/stock_parts/power/terminal/buildable
	qdel() Count: 1
	Destroy() Cost: 0ms
Path: /obj/item/device/assembly/signaler
	qdel() Count: 1
	Destroy() Cost: 0ms
Path: /obj/item/device/assembly/prox_sensor
	qdel() Count: 1
	Destroy() Cost: 0ms
Path: /obj/item/stack/cable_coil/single
	qdel() Count: 1
	Destroy() Cost: 0ms
Path: /obj/item/weapon/cell/device/standard
	qdel() Count: 1
	Destroy() Cost: 0ms
Path: /obj/item/conveyor_construct
	qdel() Count: 1
	Destroy() Cost: 0ms
Path: /obj/item/conveyor_switch_construct
	qdel() Count: 1
	Destroy() Cost: 0ms
Path: /obj/item/conveyor_switch_construct/oneway
	qdel() Count: 1
	Destroy() Cost: 0ms
Path: /obj/item/weapon/airalarm_electronics
	qdel() Count: 1
	Destroy() Cost: 0ms
Path: /obj/item/weapon/firealarm_electronics
	qdel() Count: 1
	Destroy() Cost: 0ms
Path: /obj/item/weapon/rcd_ammo
	qdel() Count: 1
	Destroy() Cost: 0ms
Path: /obj/item/weapon/camera_assembly
	qdel() Count: 1
	Destroy() Cost: 0ms
Path: /datum/effect/effect/system/spark_spread
	qdel() Count: 1
	Destroy() Cost: 0ms
Path: /obj/item/weapon/airlock_electronics
	qdel() Count: 1
	Destroy() Cost: 0ms
Path: /obj/item/weapon/reagent_containers/food/drinks/glass2/cocktail
	qdel() Count: 1
	Destroy() Cost: 0ms
Path: /obj/item/weapon/reagent_containers/food/drinks/glass2/shot
	qdel() Count: 1
	Destroy() Cost: 0ms
Path: /obj/item/weapon/reagent_containers/food/drinks/glass2/square
	qdel() Count: 1
	Destroy() Cost: 0ms
Path: /obj/item/glass_jar
	qdel() Count: 1
	Destroy() Cost: 0ms
Path: /obj/item/clothing/head/welding
	qdel() Count: 1
	Destroy() Cost: 0ms
Path: /datum/wires/taperecorder
	qdel() Count: 1
	Destroy() Cost: 0ms
Path: /obj/item/device/tape
	qdel() Count: 1
	Destroy() Cost: 0ms
Path: /obj/item/weapon/light/tube
	qdel() Count: 1
	Destroy() Cost: 0ms
Path: /obj/item/weapon/light/bulb
	qdel() Count: 1
	Destroy() Cost: 0ms
Path: /obj/item/weapon/material/ashtray/glass
	qdel() Count: 1
	Destroy() Cost: 0ms
Path: /obj/item/clothing/glasses/welding
	qdel() Count: 1
	Destroy() Cost: 0ms
Path: /obj/item/weapon/pen/blue
	qdel() Count: 1
	Destroy() Cost: 0ms
Path: /obj/item/weapon/pen/green
	qdel() Count: 1
	Destroy() Cost: 0ms
Path: /obj/item/weapon/material/clipboard/steel
	qdel() Count: 1
	Destroy() Cost: 0ms
Path: /obj/item/weapon/material/clipboard/plastic
	qdel() Count: 1
	Destroy() Cost: 0ms
Path: /obj/item/weapon/material/clipboard/glass
	qdel() Count: 1
	Destroy() Cost: 0ms
Path: /obj/item/weapon/hand_labeler
	qdel() Count: 1
	Destroy() Cost: 0ms
Path: /obj/item/clothing/mask/plunger
	qdel() Count: 1
	Destroy() Cost: 0ms
Path: /obj/item/weapon/circular_saw
	qdel() Count: 1
	Destroy() Cost: 0ms
Path: /obj/item/weapon/retractor
	qdel() Count: 1
	Destroy() Cost: 0ms
Path: /obj/item/weapon/hemostat
	qdel() Count: 1
	Destroy() Cost: 0ms
Path: /obj/item/weapon/reagent_containers/glass/beaker/insulated
	qdel() Count: 1
	Destroy() Cost: 0ms
Path: /obj/item/weapon/implanter
	qdel() Count: 1
	Destroy() Cost: 0ms
Path: /obj/item/weapon/crowbar/prybar
	qdel() Count: 1
	Destroy() Cost: 0ms
Path: /obj/item/device/integrated_electronics/debugger
	qdel() Count: 1
	Destroy() Cost: 0ms
Path: /obj/item/device/t_scanner
	qdel() Count: 1
	Destroy() Cost: 0ms
Path: /obj/item/weapon/screwdriver
	qdel() Count: 1
	Destroy() Cost: 0ms
Path: /obj/item/weapon/wrench
	qdel() Count: 1
	Destroy() Cost: 0ms
Path: /obj/item/weapon/material/minihoe
	qdel() Count: 1
	Destroy() Cost: 0ms
Path: /obj/item/weapon/crowbar
	qdel() Count: 1
	Destroy() Cost: 0ms
Path: /obj/item/weapon/material/knife/table
	qdel() Count: 1
	Destroy() Cost: 0ms
Path: /obj/item/weapon/material/kitchen/utensil/spoon/plastic
	qdel() Count: 1
	Destroy() Cost: 0ms
Path: /obj/item/weapon/material/kitchen/utensil/spork/plastic
	qdel() Count: 1
	Destroy() Cost: 0ms
Path: /obj/item/weapon/material/kitchen/utensil/foon/plastic
	qdel() Count: 1
	Destroy() Cost: 0ms
Path: /obj/item/weapon/material/kitchen/utensil/fork
	qdel() Count: 1
	Destroy() Cost: 0ms
Path: /datum/codex_category/cultures
	qdel() Count: 1
	Destroy() Cost: 0ms
Path: /datum/codex_category/gases
	qdel() Count: 1
	Destroy() Cost: 0ms
Path: /datum/codex_category/materials
	qdel() Count: 1
	Destroy() Cost: 0ms
Path: /datum/codex_category/recipes
	qdel() Count: 1
	Destroy() Cost: 0ms
Path: /datum/codex_category/skills
	qdel() Count: 1
	Destroy() Cost: 0ms
Path: /datum/codex_category/species
	qdel() Count: 1
	Destroy() Cost: 0ms
Path: /datum/follow_holder/brain
	qdel() Count: 1
	Destroy() Cost: 0ms
Path: /datum/movement_handler/mob/multiz_connected
	qdel() Count: 1
	Destroy() Cost: 0ms
Path: /datum/follow_holder/ghost
	qdel() Count: 1
	Destroy() Cost: 0ms
Path: /obj/screen/fullscreen/crit
	qdel() Count: 1
	Destroy() Cost: 0ms
Path: /datum/reagent/tobacco/bad
	qdel() Count: 1
	Destroy() Cost: 0ms
Path: /datum/trader/ship/electronics
	qdel() Count: 1
	Destroy() Cost: 0ms
Path: /obj/screen/borer/leave_host
	qdel() Count: 1
	Destroy() Cost: 0ms
Path: /obj/screen/borer/toggle_host_control
	qdel() Count: 1
	Destroy() Cost: 0ms
Path: /datum/follow_holder/voxstack
	qdel() Count: 1
	Destroy() Cost: 0ms
Path: /datum/reagent/oxygen
	qdel() Count: 1
	Destroy() Cost: 0ms
Path: /datum/trader/ship/prank_shop
	qdel() Count: 1
	Destroy() Cost: 0ms
Path: /obj/item/weapon/card/id/torch/gold
	qdel() Count: 1
	Destroy() Cost: 0ms
Path: /datum/movement_handler/delay
	qdel() Count: 1
	Destroy() Cost: 0ms
Path: /datum/trader/ship/clothingshop/shoes
	qdel() Count: 1
	Destroy() Cost: 0ms
