

Starting up round ID b4a-bGkH. 11:00:00
---------------------
[01:45:12]QDEL: Path: /mob/living/carbon/human/dummy
	qdel() Count: 5
	Destroy() Cost: 338ms
	Total Hard Deletes 5
	Time Spent Hard Deleting: 170ms
Path: /mob/observer/eye/aiEye
	qdel() Count: 4
	Destroy() Cost: 12ms
	Total Hard Deletes 4
	Time Spent Hard Deleting: 125ms
Path: /mob/living/silicon/ai
	qdel() Count: 4
	Destroy() Cost: 1088ms
	Total Hard Deletes 4
	Time Spent Hard Deleting: 98ms
Path: /mob/new_player
	qdel() Count: 17
	Destroy() Cost: 13ms
	Total Hard Deletes 17
	Time Spent Hard Deleting: 89ms
Path: /mob/living/carbon/human
	qdel() Count: 2
	Destroy() Cost: 40ms
	Total Hard Deletes 2
	Time Spent Hard Deleting: 53ms
Path: /obj/effect/gateway/active/cult
	Failures: 1
	qdel() Count: 1
	Destroy() Cost: 1ms
	Total Hard Deletes 1
	Time Spent Hard Deleting: 37ms
Path: /mob/observer/ghost
	qdel() Count: 5
	Destroy() Cost: 27ms
	Total Hard Deletes 5
	Time Spent Hard Deleting: 4ms
Path: /image
	qdel() Count: 36
	Destroy() Cost: 14ms
	Total Hard Deletes 1
	Time Spent Hard Deleting: 1ms
Path: /mob/observer/virtual/mob
	qdel() Count: 20
	Destroy() Cost: 30ms
	Total Hard Deletes 20
	Time Spent Hard Deleting: 1ms
Path: /turf/space
	qdel() Count: 70242
	Destroy() Cost: 25698ms
Path: /datum/wound/burn/moderate
	qdel() Count: 38604
	Destroy() Cost: 13863ms
Path: /obj/item/stack/cable_coil
	qdel() Count: 3579
	Destroy() Cost: 1252ms
Path: /obj/item/organ/external/head
	qdel() Count: 27
	Destroy() Cost: 1147ms
Path: /obj/item/organ/internal/brain
	qdel() Count: 19
	Destroy() Cost: 1077ms
Path: /obj/item/organ/external/chest
	qdel() Count: 17
	Destroy() Cost: 696ms
Path: /datum/wound/bruise
	qdel() Count: 1836
	Destroy() Cost: 634ms
Path: /obj/effect/floor_decal/industrial/warning
	qdel() Count: 1425
	Destroy() Cost: 586ms
Path: /mob/living/carbon/brain
	qdel() Count: 4
	Destroy() Cost: 540ms
	Total Hard Deletes 4
	Time Spent Hard Deleting: 0ms
Path: /obj/machinery/ai_powersupply
	qdel() Count: 4
	Destroy() Cost: 510ms
Path: /datum/reagents
	qdel() Count: 542
	Destroy() Cost: 399ms
Path: /obj/effect/fluid
	qdel() Count: 391
	Destroy() Cost: 380ms
Path: /obj/effect/floor_decal/solarpanel
	qdel() Count: 988
	Destroy() Cost: 366ms
Path: /obj/effect/floor_decal/industrial/hatch/yellow
	qdel() Count: 639
	Destroy() Cost: 359ms
Path: /obj/effect/floor_decal/industrial/outline/grey
	qdel() Count: 615
	Destroy() Cost: 304ms
Path: /obj/item/organ/external/groin
	qdel() Count: 28
	Destroy() Cost: 303ms
Path: /atom/movable/lighting_overlay
	qdel() Count: 390
	Destroy() Cost: 297ms
Path: /obj/effect/floor_decal/industrial/outline/yellow
	qdel() Count: 638
	Destroy() Cost: 290ms
Path: /obj/effect/wingrille_spawn/reinforced/crescent
	qdel() Count: 371
	Destroy() Cost: 249ms
Path: /obj/effect/paint/hull
	qdel() Count: 385
	Destroy() Cost: 216ms
Path: /obj/effect/paint/black
	qdel() Count: 305
	Destroy() Cost: 216ms
Path: /obj/random/medical/lite
	qdel() Count: 233
	Destroy() Cost: 210ms
Path: /obj/effect/floor_decal/corner/blue
	qdel() Count: 324
	Destroy() Cost: 203ms
Path: /obj/random/mre
	qdel() Count: 174
	Destroy() Cost: 197ms
Path: /turf/unsimulated/mask
	qdel() Count: 8301
	Destroy() Cost: 196ms
Path: /obj/effect/floor_decal/corner/green
	qdel() Count: 350
	Destroy() Cost: 184ms
Path: /turf/simulated/wall/r_titanium
	qdel() Count: 408
	Destroy() Cost: 174ms
Path: /obj/effect/floor_decal/techfloor
	qdel() Count: 389
	Destroy() Cost: 165ms
Path: /obj/random/mre/drink
	qdel() Count: 154
	Destroy() Cost: 165ms
Path: /obj/effect/catwalk_plated
	qdel() Count: 476
	Destroy() Cost: 159ms
Path: /datum/timedevent
	qdel() Count: 465
	Destroy() Cost: 151ms
Path: /obj/effect/floor_decal/industrial/warning/corner
	qdel() Count: 339
	Destroy() Cost: 149ms
Path: /obj/effect/floor_decal/carpet
	qdel() Count: 215
	Destroy() Cost: 148ms
Path: /obj/random/mre/dessert
	qdel() Count: 135
	Destroy() Cost: 145ms
Path: /obj/random/mre/sauce
	qdel() Count: 135
	Destroy() Cost: 145ms
Path: /obj/random/mre/spread
	qdel() Count: 135
	Destroy() Cost: 144ms
Path: /obj/item/ammo_casing/pistol
	qdel() Count: 67
	Destroy() Cost: 144ms
Path: /obj/effect/floor_decal/corner/red
	qdel() Count: 279
	Destroy() Cost: 143ms
Path: /obj/structure/lattice
	qdel() Count: 196
	Destroy() Cost: 143ms
Path: /datum/reagent/nutriment/protein
	qdel() Count: 378
	Destroy() Cost: 136ms
Path: /obj/item/organ/internal/posibrain
	qdel() Count: 1
	Destroy() Cost: 136ms
Path: /mob/living/silicon/sil_brainmob
	qdel() Count: 1
	Destroy() Cost: 134ms
	Total Hard Deletes 1
	Time Spent Hard Deleting: 0ms
Path: /stat_silicon_subsystem
	qdel() Count: 109
	Destroy() Cost: 121ms
Path: /turf/space/transit/north
	qdel() Count: 290
	Destroy() Cost: 109ms
Path: /obj/effect/paint/red
	qdel() Count: 185
	Destroy() Cost: 107ms
Path: /obj/effect/paint/silver
	qdel() Count: 360
	Destroy() Cost: 106ms
Path: /turf/simulated/mineral
	qdel() Count: 241
	Destroy() Cost: 105ms
Path: /obj/random/maintenance/solgov
	qdel() Count: 244
	Destroy() Cost: 97ms
Path: /obj/effect/wallframe_spawn/reinforced
	qdel() Count: 277
	Destroy() Cost: 96ms
Path: /obj/effect/floor_decal/spline/fancy/wood
	qdel() Count: 257
	Destroy() Cost: 95ms
Path: /obj/random/junk
	qdel() Count: 241
	Destroy() Cost: 93ms
Path: /turf/simulated/floor/exoplanet/barren
	qdel() Count: 232
	Destroy() Cost: 90ms
Path: /obj/effect/wallframe_spawn/reinforced/titanium
	qdel() Count: 168
	Destroy() Cost: 89ms
Path: /obj/effect/scorcher
	qdel() Count: 120
	Destroy() Cost: 89ms
Path: /obj/effect/floor_decal/corner/paleblue
	qdel() Count: 168
	Destroy() Cost: 88ms
Path: /obj/item/organ/external/leg/right
	qdel() Count: 28
	Destroy() Cost: 76ms
Path: /obj/random/maintenance/clean
	qdel() Count: 164
	Destroy() Cost: 75ms
Path: /obj/item/ammo_casing/pistol/small
	qdel() Count: 34
	Destroy() Cost: 74ms
Path: /obj/item/organ/external/arm/right
	qdel() Count: 28
	Destroy() Cost: 74ms
Path: /turf/simulated/floor/tiled/monotile
	qdel() Count: 192
	Destroy() Cost: 72ms
Path: /obj/item/projectile/bullet/pistol
	qdel() Count: 67
	Destroy() Cost: 71ms
Path: /obj/item/organ/external/leg
	qdel() Count: 28
	Destroy() Cost: 71ms
Path: /obj/item/organ/external/arm
	qdel() Count: 28
	Destroy() Cost: 71ms
Path: /icon
	qdel() Count: 303
	Destroy() Cost: 70ms
Path: /obj/random/tech_supply
	qdel() Count: 192
	Destroy() Cost: 69ms
Path: /obj/item/weapon/reagent_containers/food/snacks/sliceable/pizza/vegetablepizza
	qdel() Count: 31
	Destroy() Cost: 68ms
Path: /obj/effect/floor_decal/corner/blue/diagonal
	qdel() Count: 126
	Destroy() Cost: 66ms
Path: /obj/random/trash
	qdel() Count: 185
	Destroy() Cost: 63ms
Path: /obj/item/organ/external/stump
	qdel() Count: 24
	Destroy() Cost: 58ms
Path: /obj/random/maintenance/solgov/clean
	qdel() Count: 137
	Destroy() Cost: 56ms
Path: /obj/effect/temporary/item_pickup_ghost
	qdel() Count: 58
	Destroy() Cost: 53ms
Path: /obj/item/ammo_casing/pistol/rubber
	qdel() Count: 25
	Destroy() Cost: 53ms
Path: /obj/effect/paint/brown
	qdel() Count: 81
	Destroy() Cost: 52ms
Path: /obj/random/medical
	qdel() Count: 89
	Destroy() Cost: 51ms
Path: /obj/effect/landmark
	qdel() Count: 92
	Destroy() Cost: 50ms
Path: /obj/effect/floor_decal/corner/yellow
	qdel() Count: 95
	Destroy() Cost: 47ms
Path: /obj/effect/floor_decal/corner/research
	qdel() Count: 82
	Destroy() Cost: 47ms
Path: /obj/effect/floor_decal/snow
	qdel() Count: 64
	Destroy() Cost: 46ms
Path: /obj/item/ammo_magazine/smg
	qdel() Count: 1
	Destroy() Cost: 45ms
Path: /obj/item/ammo_magazine/smg_top
	qdel() Count: 1
	Destroy() Cost: 44ms
Path: /obj/item/ammo_magazine/rifle
	qdel() Count: 1
	Destroy() Cost: 44ms
Path: /obj/effect/wallframe_spawn/reinforced/hull
	qdel() Count: 85
	Destroy() Cost: 43ms
Path: /obj/item/ammo_casing/rifle
	qdel() Count: 20
	Destroy() Cost: 43ms
Path: /obj/item/organ/external/foot/right
	qdel() Count: 28
	Destroy() Cost: 42ms
Path: /obj/effect/wallframe_spawn/reinforced/polarized
	qdel() Count: 82
	Destroy() Cost: 42ms
Path: /obj/item/ammo_magazine/smg_top/rubber
	qdel() Count: 1
	Destroy() Cost: 42ms
Path: /obj/item/organ/external/foot
	qdel() Count: 28
	Destroy() Cost: 42ms
Path: /obj/item/organ/internal/stomach
	qdel() Count: 21
	Destroy() Cost: 42ms
Path: /obj/effect/wallframe_spawn/reinforced/no_grille
	qdel() Count: 93
	Destroy() Cost: 41ms
Path: /obj/item/ammo_casing/pistol/small/rubber
	qdel() Count: 20
	Destroy() Cost: 41ms
Path: /obj/item/organ/external/hand
	qdel() Count: 28
	Destroy() Cost: 41ms
Path: /obj/item/organ/external/hand/right
	qdel() Count: 28
	Destroy() Cost: 40ms
Path: /obj/item/organ/external/chest/insectoid/nabber
	qdel() Count: 1
	Destroy() Cost: 37ms
Path: /obj/item/organ/internal/liver
	qdel() Count: 20
	Destroy() Cost: 37ms
Path: /obj/effect/step_trigger/thrower
	qdel() Count: 42
	Destroy() Cost: 35ms
Path: /turf/space/transit/east
	qdel() Count: 100
	Destroy() Cost: 35ms
Path: /obj/random/firstaid
	qdel() Count: 57
	Destroy() Cost: 35ms
Path: /obj/item/projectile/bullet/pistol/holdout
	qdel() Count: 34
	Destroy() Cost: 35ms
Path: /obj/item/ammo_magazine/machine_pistol
	qdel() Count: 1
	Destroy() Cost: 35ms
Path: /obj/item/underwear/bottom
	qdel() Count: 26
	Destroy() Cost: 34ms
Path: /obj/item/ammo_magazine/pistol/double/rubber
	qdel() Count: 1
	Destroy() Cost: 34ms
Path: /obj/effect/floor_decal/corner/blue/mono
	qdel() Count: 53
	Destroy() Cost: 33ms
Path: /obj/item/ammo_magazine/pistol/double
	qdel() Count: 1
	Destroy() Cost: 33ms
Path: /obj/item/ammo_magazine/mil_rifle
	qdel() Count: 1
	Destroy() Cost: 33ms
Path: /obj/item/weapon/reagent_containers/food/snacks/sliceable/pizza/margherita
	qdel() Count: 17
	Destroy() Cost: 32ms
Path: /obj/item/ammo_casing/rifle/military
	qdel() Count: 15
	Destroy() Cost: 32ms
Path: /turf/simulated/floor/plating
	qdel() Count: 99
	Destroy() Cost: 32ms
Path: /obj/item/organ/internal/appendix
	qdel() Count: 18
	Destroy() Cost: 32ms
Path: /obj/item/organ/internal/eyes
	qdel() Count: 19
	Destroy() Cost: 30ms
Path: /datum/skillset
	qdel() Count: 57
	Destroy() Cost: 29ms
Path: /obj/effect/wallframe_spawn/no_grille
	qdel() Count: 92
	Destroy() Cost: 29ms
Path: /turf/simulated/floor/tiled/white/monotile
	qdel() Count: 72
	Destroy() Cost: 28.0001ms
Path: /obj/effect/floor_decal/techfloor/corner
	qdel() Count: 55
	Destroy() Cost: 28ms
Path: /obj/item/ammo_casing/pistol/magnum
	qdel() Count: 13
	Destroy() Cost: 28ms
Path: /datum/reagent/nutriment
	qdel() Count: 85
	Destroy() Cost: 27ms
Path: /obj/effect/floor_decal/spline/plain
	qdel() Count: 36
	Destroy() Cost: 27ms
Path: /obj/effect/wallframe_spawn/reinforced_phoron
	qdel() Count: 63
	Destroy() Cost: 26ms
Path: /obj/item/projectile/bullet/pistol/rubber
	qdel() Count: 25
	Destroy() Cost: 26ms
Path: /obj/item/weapon/reagent_containers/food/snacks/sliceable/meatbread
	qdel() Count: 17
	Destroy() Cost: 26ms
Path: /obj/item/organ/internal/kidneys
	qdel() Count: 20
	Destroy() Cost: 25ms
Path: /datum/reagent/drink/juice/tomato
	qdel() Count: 61
	Destroy() Cost: 25ms
Path: /obj/effect/floor_decal/corner/red/mono
	qdel() Count: 57
	Destroy() Cost: 25ms
Path: /obj/effect/floor_decal/floordetail/edgedrain
	qdel() Count: 42
	Destroy() Cost: 25ms
Path: /obj/effect/paint/sun
	qdel() Count: 32
	Destroy() Cost: 25ms
Path: /obj/item/organ/internal/lungs
	qdel() Count: 15
	Destroy() Cost: 25ms
Path: /obj/item/organ/internal/heart
	qdel() Count: 16
	Destroy() Cost: 24ms
Path: /obj/effect/floor_decal/corner/brown
	qdel() Count: 88
	Destroy() Cost: 24ms
Path: /turf/simulated/mineral/random
	qdel() Count: 70
	Destroy() Cost: 23ms
Path: /obj/item/ammo_magazine/pistol
	qdel() Count: 1
	Destroy() Cost: 23ms
Path: /obj/effect/floor_decal/corner/red/half
	qdel() Count: 44
	Destroy() Cost: 22ms
Path: /obj/random/soap
	qdel() Count: 37
	Destroy() Cost: 22ms
Path: /obj/random/mre/sauce/sugarfree
	qdel() Count: 20
	Destroy() Cost: 22ms
Path: /obj/item/projectile/bullet/pistol/rubber/holdout
	qdel() Count: 20
	Destroy() Cost: 22ms
Path: /obj/item/ammo_magazine/pistol/rubber
	qdel() Count: 1
	Destroy() Cost: 22ms
Path: /obj/effect/floor_decal/industrial/warning/fulltile
	qdel() Count: 42
	Destroy() Cost: 21ms
Path: /obj/item/projectile/bullet/rifle
	qdel() Count: 20
	Destroy() Cost: 21ms
Path: /obj/random/mre/spread/vegan
	qdel() Count: 19
	Destroy() Cost: 21ms
Path: /obj/item/weapon/reagent_containers/food/snacks/sliceable/pizza/meatpizza
	qdel() Count: 13
	Destroy() Cost: 21ms
Path: /obj/item/weapon/storage/backpack
	qdel() Count: 1
	Destroy() Cost: 21ms
Path: /obj/effect/floor_decal/corner/lime
	qdel() Count: 34
	Destroy() Cost: 20ms
Path: /obj/effect/floor_decal/asteroid
	qdel() Count: 25
	Destroy() Cost: 20ms
Path: /obj/random/mre/sauce/vegan
	qdel() Count: 19
	Destroy() Cost: 20ms
Path: /obj/random/obstruction
	qdel() Count: 47
	Destroy() Cost: 19ms
Path: /obj/effect/floor_decal/corner/blue/three_quarters
	qdel() Count: 25
	Destroy() Cost: 19ms
Path: /obj/random/powercell
	qdel() Count: 69
	Destroy() Cost: 18ms
Path: /obj/random/tool
	qdel() Count: 50
	Destroy() Cost: 18ms
Path: /obj/effect/floor_decal/industrial/outline/blue
	qdel() Count: 45
	Destroy() Cost: 18ms
Path: /obj/effect/floor_decal/corner/grey/diagonal
	qdel() Count: 45
	Destroy() Cost: 18ms
Path: /obj/random/bomb_supply
	qdel() Count: 35
	Destroy() Cost: 18ms
Path: /obj/effect/floor_decal/corner/paleblue/diagonal
	qdel() Count: 29
	Destroy() Cost: 18ms
Path: /obj/effect/floor_decal/corner/green/three_quarters
	qdel() Count: 27
	Destroy() Cost: 18ms
Path: /obj/item/ammo_magazine/pistol/small
	qdel() Count: 1
	Destroy() Cost: 18ms
Path: /obj/item/projectile/bullet/rifle/military
	qdel() Count: 15
	Destroy() Cost: 17ms
Path: /obj/effect/floor_decal/corner/yellow/half
	qdel() Count: 37
	Destroy() Cost: 16ms
Path: /obj/effect/floor_decal/corner_techfloor_grid
	qdel() Count: 31
	Destroy() Cost: 16ms
Path: /obj/effect/floor_decal/scglogo
	qdel() Count: 29
	Destroy() Cost: 16ms
Path: /obj/effect/floor_decal/beach
	qdel() Count: 24
	Destroy() Cost: 16ms
Path: /obj/effect/floor_decal/carpet/blue
	qdel() Count: 20
	Destroy() Cost: 16ms
Path: /obj/item/weapon/storage/box/survival
	qdel() Count: 1
	Destroy() Cost: 16ms
Path: /obj/item/organ/external/groin/insectoid/nabber
	qdel() Count: 1
	Destroy() Cost: 15ms
Path: /obj/effect/floor_decal/corner/white
	qdel() Count: 50
	Destroy() Cost: 15ms
Path: /obj/item/ammo_magazine/magnum
	qdel() Count: 1
	Destroy() Cost: 15ms
Path: /obj/random_multi/single_item/poppy
	qdel() Count: 21
	Destroy() Cost: 15ms
Path: /obj/effect/wallframe_spawn/reinforced/polarized/no_grille
	qdel() Count: 32
	Destroy() Cost: 14ms
Path: /obj/random/maintenance
	qdel() Count: 25
	Destroy() Cost: 14ms
Path: /obj/item/projectile/bullet/pistol/strong
	qdel() Count: 13
	Destroy() Cost: 14ms
Path: /obj/item/ammo_magazine/speedloader
	qdel() Count: 1
	Destroy() Cost: 14ms
Path: /obj/item/ammo_magazine/speedloader/small
	qdel() Count: 1
	Destroy() Cost: 14ms
Path: /datum/nano_module/email_client
	qdel() Count: 26
	Destroy() Cost: 14ms
Path: /obj/effect/decal/cleanable/filth
	qdel() Count: 42
	Destroy() Cost: 14ms
Path: /obj/item/underwear/top
	qdel() Count: 11
	Destroy() Cost: 14ms
Path: /obj/effect/floor_decal/corner/brown/half
	qdel() Count: 51
	Destroy() Cost: 13ms
Path: /obj/random/torchcloset
	qdel() Count: 30
	Destroy() Cost: 13ms
Path: /obj/item/ammo_magazine/speedloader/magnum
	qdel() Count: 1
	Destroy() Cost: 13ms
Path: /obj/random_multi/single_item/runtime
	qdel() Count: 17
	Destroy() Cost: 13ms
Path: /obj/effect/floor_decal/corner/green/half
	qdel() Count: 37
	Destroy() Cost: 12ms
Path: /obj/effect/floor_decal/corner/green/mono
	qdel() Count: 34
	Destroy() Cost: 12ms
Path: /obj/effect/floor_decal/corner/red/three_quarters
	qdel() Count: 18
	Destroy() Cost: 12ms
Path: /obj/random_multi/single_item/boombox
	qdel() Count: 16
	Destroy() Cost: 12ms
Path: /datum/storage_ui/default
	qdel() Count: 4
	Destroy() Cost: 12ms
Path: /datum/reagents/metabolism
	qdel() Count: 43
	Destroy() Cost: 12ms
Path: /obj/item/device/multitool
	qdel() Count: 10
	Destroy() Cost: 12ms
Path: /obj/effect/floor_decal/spline/fancy/wood/corner
	qdel() Count: 65
	Destroy() Cost: 11ms
Path: /obj/effect/floor_decal/corner/pink
	qdel() Count: 27
	Destroy() Cost: 11ms
Path: /obj/effect/floor_decal/industrial/outline/orange
	qdel() Count: 25
	Destroy() Cost: 11ms
Path: /obj/random/tank
	qdel() Count: 24
	Destroy() Cost: 11ms
Path: /obj/random/loot
	qdel() Count: 22
	Destroy() Cost: 11ms
Path: /obj/effect/floor_decal/industrial/outline/red
	qdel() Count: 22
	Destroy() Cost: 11ms
Path: /obj/item/device/radio/headset/heads/ai_integrated
	qdel() Count: 4
	Destroy() Cost: 11ms
Path: /obj/effect/floor_decal/corner/research/mono
	qdel() Count: 21
	Destroy() Cost: 10ms
Path: /obj/effect/floor_decal/stoneborder
	qdel() Count: 15
	Destroy() Cost: 10ms
Path: /datum/nanoui
	qdel() Count: 21
	Destroy() Cost: 10ms
Path: /obj/item/weapon/card/id/synthetic
	qdel() Count: 5
	Destroy() Cost: 9.00004ms
Path: /obj/effect/catwalk_plated/dark
	qdel() Count: 36
	Destroy() Cost: 9ms
Path: /obj/random/technology_scanner
	qdel() Count: 26
	Destroy() Cost: 9ms
Path: /turf/simulated/floor/tiled/techfloor
	qdel() Count: 21
	Destroy() Cost: 9ms
Path: /obj/effect/floor_decal/industrial/outline
	qdel() Count: 14
	Destroy() Cost: 9ms
Path: /obj/effect/floor_decal/corner/beige
	qdel() Count: 12
	Destroy() Cost: 9ms
Path: /obj/random/action_figure
	qdel() Count: 11
	Destroy() Cost: 9ms
Path: /obj/effect/landmark/costume/chameleon
	qdel() Count: 10
	Destroy() Cost: 9ms
Path: /obj/item/clothing/head/soft/solgov/expedition
	qdel() Count: 10
	Destroy() Cost: 9ms
Path: /obj/random_multi/single_item/punitelly
	qdel() Count: 11
	Destroy() Cost: 8.99999ms
Path: /datum/skill_verb/appraise
	qdel() Count: 16
	Destroy() Cost: 8.99999ms
Path: /datum/skillset/silicon
	qdel() Count: 5
	Destroy() Cost: 8.99998ms
Path: /obj/effect/floor_decal/corner/red/diagonal
	qdel() Count: 19
	Destroy() Cost: 8ms
Path: /obj/effect/floor_decal/industrial/warning/full
	qdel() Count: 15
	Destroy() Cost: 8ms
Path: /obj/random/clipboard
	qdel() Count: 11
	Destroy() Cost: 8ms
Path: /obj/effect/floor_decal/spline/plain/grey
	qdel() Count: 8
	Destroy() Cost: 8ms
Path: /datum/extension/base_icon_state
	qdel() Count: 15
	Destroy() Cost: 8ms
Path: /datum/wound/lost_limb
	qdel() Count: 24
	Destroy() Cost: 8ms
Path: /obj/lighting_plane
	qdel() Count: 14
	Destroy() Cost: 8ms
Path: /datum/topic_manager/program
	qdel() Count: 22
	Destroy() Cost: 7ms
Path: /obj/random/drinkbottle
	qdel() Count: 39
	Destroy() Cost: 7ms
Path: /datum/powernet
	qdel() Count: 24
	Destroy() Cost: 7ms
Path: /obj/effect/floor_decal/corner/mauve
	qdel() Count: 23
	Destroy() Cost: 7ms
Path: /obj/effect/floor_decal/corner/research/half
	qdel() Count: 17
	Destroy() Cost: 7ms
Path: /obj/effect/floor_decal/corner/paleblue/half
	qdel() Count: 14
	Destroy() Cost: 7ms
Path: /obj/effect/floor_decal/corner/paleblue/three_quarters
	qdel() Count: 9
	Destroy() Cost: 7ms
Path: /datum/progressbar
	qdel() Count: 7
	Destroy() Cost: 7ms
Path: /obj/effect/floor_decal/corner/blue/half
	qdel() Count: 13
	Destroy() Cost: 6ms
Path: /obj/effect/floor_decal/chapel
	qdel() Count: 12
	Destroy() Cost: 6ms
Path: /obj/random/toolbox
	qdel() Count: 11
	Destroy() Cost: 6ms
Path: /obj/machinery/computer/arcade
	qdel() Count: 10
	Destroy() Cost: 6ms
Path: /obj/effect/floor_decal/corner/lime/three_quarters
	qdel() Count: 10
	Destroy() Cost: 6ms
Path: /obj/item/device/camera/siliconcam/ai_camera
	qdel() Count: 4
	Destroy() Cost: 6ms
Path: /obj
	qdel() Count: 12
	Destroy() Cost: 6ms
Path: /obj/item/organ/external/head/yeosa
	qdel() Count: 2
	Destroy() Cost: 5ms
Path: /obj/item/device/radio/headset
	qdel() Count: 2
	Destroy() Cost: 5ms
Path: /obj/lighting_general
	qdel() Count: 14
	Destroy() Cost: 5ms
Path: /obj/random/coin
	qdel() Count: 56
	Destroy() Cost: 5ms
Path: /obj/random/snack
	qdel() Count: 26
	Destroy() Cost: 5ms
Path: /obj/random/smokes
	qdel() Count: 22
	Destroy() Cost: 5ms
Path: /obj/effect/floor_decal/corner/brown/mono
	qdel() Count: 17
	Destroy() Cost: 5ms
Path: /obj/effect/floor_decal/corner/mauve/half
	qdel() Count: 12
	Destroy() Cost: 5ms
Path: /obj/effect/floor_decal/industrial/loading
	qdel() Count: 10
	Destroy() Cost: 5ms
Path: /obj/effect/floor_decal/industrial/shutoff
	qdel() Count: 10
	Destroy() Cost: 5ms
Path: /obj/random/storage
	qdel() Count: 8
	Destroy() Cost: 5ms
Path: /obj/item/weapon/material/knife/combat
	qdel() Count: 7
	Destroy() Cost: 5ms
Path: /obj/effect/floor_decal/spline/plain/beige
	qdel() Count: 7
	Destroy() Cost: 5ms
Path: /obj/item/organ/external/head/no_eyes
	qdel() Count: 1
	Destroy() Cost: 5ms
Path: /obj/item/weapon/stock_parts/power/apc
	qdel() Count: 7
	Destroy() Cost: 5ms
Path: /obj/screen/storage
	qdel() Count: 16
	Destroy() Cost: 4.99999ms
Path: /obj/item/clothing/gloves/thick/duty
	qdel() Count: 10
	Destroy() Cost: 4ms
Path: /obj/effect/decal/cleanable/dirt
	qdel() Count: 10
	Destroy() Cost: 4ms
Path: /obj/item/organ/external/leg/right/insectoid
	qdel() Count: 1
	Destroy() Cost: 4ms
Path: /obj/item/organ/external/head/insectoid/nabber
	qdel() Count: 1
	Destroy() Cost: 4ms
Path: /obj/item/organ/external/arm/right/insectoid
	qdel() Count: 1
	Destroy() Cost: 4ms
Path: /obj/item/weapon/storage/backpack/ert/medical
	qdel() Count: 1
	Destroy() Cost: 4ms
Path: /datum/reagent/imidazoline
	qdel() Count: 31
	Destroy() Cost: 4ms
Path: /obj/random/single/cola
	qdel() Count: 16
	Destroy() Cost: 4ms
Path: /obj/random/advdevice
	qdel() Count: 13
	Destroy() Cost: 4ms
Path: /obj/random/material
	qdel() Count: 12
	Destroy() Cost: 4ms
Path: /obj/effect/floor_decal/spline/fancy/black
	qdel() Count: 12
	Destroy() Cost: 4ms
Path: /obj/effect/wingrille_spawn/reinforced_phoron/full
	qdel() Count: 10
	Destroy() Cost: 4ms
Path: /datum/overmap_event/carp
	qdel() Count: 10
	Destroy() Cost: 4ms
Path: /obj/effect/floor_decal/corner/yellow/mono
	qdel() Count: 9
	Destroy() Cost: 4ms
Path: /obj/effect/fluid_mapped
	qdel() Count: 8
	Destroy() Cost: 4ms
Path: /obj/random/voidsuit
	qdel() Count: 7
	Destroy() Cost: 4ms
Path: /obj/effect/floor_decal/corner/black
	qdel() Count: 5
	Destroy() Cost: 4ms
Path: /obj/random/closet
	qdel() Count: 5
	Destroy() Cost: 4ms
Path: /obj/effect/floor_decal/corner/red/full
	qdel() Count: 4
	Destroy() Cost: 4ms
Path: /obj/item/weapon/storage/pill_bottle
	qdel() Count: 1
	Destroy() Cost: 4ms
Path: /datum/skill_verb/instruct
	qdel() Count: 16
	Destroy() Cost: 4ms
Path: /datum/hud
	qdel() Count: 8
	Destroy() Cost: 4ms
Path: /datum/follow_holder/brain
	qdel() Count: 4
	Destroy() Cost: 4ms
Path: /turf/simulated/floor/tiled/steel_ridged
	qdel() Count: 19
	Destroy() Cost: 4ms
Path: /obj/item/device/encryptionkey/heads/ai_integrated
	qdel() Count: 4
	Destroy() Cost: 3.99999ms
Path: /obj/item/device/encryptionkey
	qdel() Count: 2
	Destroy() Cost: 3.00001ms
Path: /datum/wound/cut/small
	qdel() Count: 10
	Destroy() Cost: 3ms
Path: /obj/effect/floor_decal/reset
	qdel() Count: 3
	Destroy() Cost: 3ms
Path: /obj/item/weapon/reagent_containers/food/snacks/candy/proteinbar
	qdel() Count: 1
	Destroy() Cost: 3ms
Path: /obj/item/organ/external/leg/insectoid
	qdel() Count: 1
	Destroy() Cost: 3ms
Path: /datum/reagent/water
	qdel() Count: 4
	Destroy() Cost: 3ms
Path: /obj/random/ammo
	qdel() Count: 20
	Destroy() Cost: 3ms
Path: /obj/effect/floor_decal/corner/mauve/mono
	qdel() Count: 13
	Destroy() Cost: 3ms
Path: /turf/simulated/floor/tiled/steel_grid
	qdel() Count: 12
	Destroy() Cost: 3ms
Path: /obj/effect/wallframe_spawn/reinforced/polarized/no_grille/regular
	qdel() Count: 10
	Destroy() Cost: 3ms
Path: /turf/simulated/floor/tiled
	qdel() Count: 8
	Destroy() Cost: 3ms
Path: /datum/overmap_event/carp/major
	qdel() Count: 8
	Destroy() Cost: 3ms
Path: /obj/random/voidhelmet
	qdel() Count: 7
	Destroy() Cost: 3ms
Path: /datum/overmap_event/dust
	qdel() Count: 7
	Destroy() Cost: 3ms
Path: /obj/random/accessory
	qdel() Count: 6
	Destroy() Cost: 3ms
Path: /obj/machinery/atmospherics/pipe/simple/hidden/supply
	qdel() Count: 6
	Destroy() Cost: 3ms
Path: /obj/effect/floor_decal/corner/paleblue/mono
	qdel() Count: 5
	Destroy() Cost: 3ms
Path: /obj/effect/floor_decal/spline/plain/red
	qdel() Count: 5
	Destroy() Cost: 3ms
Path: /obj/effect/floor_decal/corner/yellow/diagonal
	qdel() Count: 5
	Destroy() Cost: 3ms
Path: /obj/random/contraband
	qdel() Count: 4
	Destroy() Cost: 3ms
Path: /obj/effect/floor_decal/spline/plain/brown
	qdel() Count: 4
	Destroy() Cost: 3ms
Path: /obj/effect/floor_decal/stoneborder/corner
	qdel() Count: 4
	Destroy() Cost: 3ms
Path: /datum/overmap_event/meteor
	qdel() Count: 4
	Destroy() Cost: 3ms
Path: /obj/effect/floor_decal/corner/beige/three_quarters
	qdel() Count: 3
	Destroy() Cost: 3ms
Path: /obj/random/energy
	qdel() Count: 3
	Destroy() Cost: 3ms
Path: /obj/effect/spawner/newbomb/timer/syndicate
	qdel() Count: 3
	Destroy() Cost: 3ms
Path: /datum/reagent/fuel
	qdel() Count: 3
	Destroy() Cost: 3ms
Path: /obj/item/weapon/weldingtool
	qdel() Count: 2
	Destroy() Cost: 3ms
Path: /obj/item/weapon/flamethrower/full
	qdel() Count: 1
	Destroy() Cost: 3ms
Path: /datum/skill_verb/noirvision
	qdel() Count: 16
	Destroy() Cost: 3ms
Path: /obj/item/organ/external/arm/insectoid
	qdel() Count: 1
	Destroy() Cost: 3ms
Path: /datum/wires/radio
	qdel() Count: 8
	Destroy() Cost: 3ms
Path: /datum/announcement/priority
	qdel() Count: 4
	Destroy() Cost: 3ms
Path: /datum/nano_module/skill_ui
	qdel() Count: 6
	Destroy() Cost: 2.99999ms
Path: /datum/nano_module/supply
	qdel() Count: 4
	Destroy() Cost: 2.99999ms
Path: /datum/nano_module/crew_monitor
	qdel() Count: 4
	Destroy() Cost: 2.99999ms
Path: /obj/item/clothing/shoes/workboots
	qdel() Count: 1
	Destroy() Cost: 2.99999ms
Path: /datum/nano_module/records
	qdel() Count: 4
	Destroy() Cost: 2.00005ms
Path: /datum/follow_holder/human
	qdel() Count: 7
	Destroy() Cost: 2.00002ms
Path: /turf/simulated/floor/reinforced/airless
	qdel() Count: 6
	Destroy() Cost: 2.00002ms
Path: /datum/nano_module/shields_monitor
	qdel() Count: 4
	Destroy() Cost: 2.00001ms
Path: /obj/item/weapon/reagent_containers/hypospray/autoinjector
	qdel() Count: 1
	Destroy() Cost: 2.00001ms
Path: /datum/click_handler/default
	qdel() Count: 5
	Destroy() Cost: 2ms
Path: /datum/movement_handler/mob/incorporeal
	qdel() Count: 4
	Destroy() Cost: 2ms
Path: /obj/item/organ/internal/brain/unathi
	qdel() Count: 1
	Destroy() Cost: 2ms
Path: /obj/item/organ/external/foot/right/insectoid
	qdel() Count: 1
	Destroy() Cost: 2ms
Path: /obj/item/organ/internal/lungs/insectoid/nabber
	qdel() Count: 1
	Destroy() Cost: 2ms
Path: /obj/item/organ/internal/acetone
	qdel() Count: 1
	Destroy() Cost: 2ms
Path: /obj/item/organ/internal/eyes/insectoid/nabber
	qdel() Count: 1
	Destroy() Cost: 2ms
Path: /obj/item/organ/external/hand/right/insectoid
	qdel() Count: 1
	Destroy() Cost: 2ms
Path: /obj/item/organ/internal/brain/insectoid/nabber
	qdel() Count: 1
	Destroy() Cost: 2ms
Path: /obj/item/organ/internal/liver/insectoid/nabber
	qdel() Count: 1
	Destroy() Cost: 2ms
Path: /obj/item/organ/internal/heart/open
	qdel() Count: 1
	Destroy() Cost: 2ms
Path: /obj/item/organ/internal/phoron
	qdel() Count: 1
	Destroy() Cost: 2ms
Path: /obj/random/cash
	qdel() Count: 27
	Destroy() Cost: 2ms
Path: /obj/random/plushie
	qdel() Count: 11
	Destroy() Cost: 2ms
Path: /obj/random/toy
	qdel() Count: 11
	Destroy() Cost: 2ms
Path: /obj/effect/wallframe_spawn/reinforced_phoron/titanium
	qdel() Count: 11
	Destroy() Cost: 2ms
Path: /obj/random/glasses
	qdel() Count: 10
	Destroy() Cost: 2ms
Path: /obj/random/shoes
	qdel() Count: 7
	Destroy() Cost: 2ms
Path: /obj/effect/landmark/corpse/carp_fisher
	qdel() Count: 6
	Destroy() Cost: 2ms
Path: /obj/random/single/lighter
	qdel() Count: 6
	Destroy() Cost: 2ms
Path: /obj/effect/floor_decal/industrial/hatch/blue
	qdel() Count: 6
	Destroy() Cost: 2ms
Path: /obj/effect/wingrille_spawn/reinforced
	qdel() Count: 5
	Destroy() Cost: 2ms
Path: /obj/random/solgov
	qdel() Count: 5
	Destroy() Cost: 2ms
Path: /obj/effect/landmark/corpse/bridgeofficer
	qdel() Count: 4
	Destroy() Cost: 2ms
Path: /obj/effect/floor_decal/corner/orange
	qdel() Count: 4
	Destroy() Cost: 2ms
Path: /obj/effect/floor_decal/torchltdlogo
	qdel() Count: 4
	Destroy() Cost: 2ms
Path: /datum/overmap_event/ion
	qdel() Count: 4
	Destroy() Cost: 2ms
Path: /obj/random/hardsuit
	qdel() Count: 3
	Destroy() Cost: 2ms
Path: /obj/effect/floor_decal/industrial/hatch
	qdel() Count: 3
	Destroy() Cost: 2ms
Path: /obj/item/weapon/cell
	qdel() Count: 3
	Destroy() Cost: 2ms
Path: /obj/prefab/hand_teleporter
	qdel() Count: 3
	Destroy() Cost: 2ms
Path: /obj/effect/floor_decal/techfloor/orange
	qdel() Count: 3
	Destroy() Cost: 2ms
Path: /obj/effect/floor_decal/corner/b_green
	qdel() Count: 3
	Destroy() Cost: 2ms
Path: /datum/trader/ship/clothingshop/shoes
	qdel() Count: 3
	Destroy() Cost: 2ms
Path: /obj/effect/landmark/corpse/engineer
	qdel() Count: 2
	Destroy() Cost: 2ms
Path: /obj/machinery/door/firedoor
	qdel() Count: 2
	Destroy() Cost: 2ms
Path: /obj/random/masks
	qdel() Count: 2
	Destroy() Cost: 2ms
Path: /obj/effect/catwalk_plated/white
	qdel() Count: 2
	Destroy() Cost: 2ms
Path: /obj/effect/floor_decal/corner/white/full
	qdel() Count: 2
	Destroy() Cost: 2ms
Path: /obj/effect/floor_decal/beach/corner
	qdel() Count: 2
	Destroy() Cost: 2ms
Path: /obj/item/weapon/welder_tank
	qdel() Count: 2
	Destroy() Cost: 2ms
Path: /datum/trader/ship/chinese
	qdel() Count: 2
	Destroy() Cost: 2ms
Path: /obj/item/ammo_casing/shotgun
	qdel() Count: 1
	Destroy() Cost: 2ms
Path: /obj/item/ammo_casing/shotgun/flash
	qdel() Count: 1
	Destroy() Cost: 2ms
Path: /obj/item/ammo_casing/shotgun/pellet
	qdel() Count: 1
	Destroy() Cost: 2ms
Path: /obj/item/ammo_casing/shotgun/stunshell
	qdel() Count: 1
	Destroy() Cost: 2ms
Path: /obj/item/device/radio/electropack
	qdel() Count: 1
	Destroy() Cost: 2ms
Path: /obj/machinery/floor_light
	qdel() Count: 1
	Destroy() Cost: 2ms
Path: /obj/item/device/radio/off
	qdel() Count: 1
	Destroy() Cost: 2ms
Path: /obj/item/device/taperecorder/empty
	qdel() Count: 1
	Destroy() Cost: 2ms
Path: /obj/item/weapon/reagent_containers/food/snacks/fries
	qdel() Count: 1
	Destroy() Cost: 2ms
Path: /datum/follow_holder/eye
	qdel() Count: 4
	Destroy() Cost: 2ms
Path: /datum/trader/ship/toyshop
	qdel() Count: 3
	Destroy() Cost: 2ms
Path: /datum/nano_module/skill_ui/admin
	qdel() Count: 4
	Destroy() Cost: 2ms
Path: /datum/nano_module/camera_monitor
	qdel() Count: 4
	Destroy() Cost: 2ms
Path: /datum/nano_module/rcon
	qdel() Count: 4
	Destroy() Cost: 2ms
Path: /datum/nano_module/supermatter_monitor
	qdel() Count: 4
	Destroy() Cost: 2ms
Path: /datum/nano_module/crew_manifest
	qdel() Count: 4
	Destroy() Cost: 2ms
Path: /datum/nano_module/deck_management
	qdel() Count: 4
	Destroy() Cost: 2ms
Path: /datum/nano_module/digitalwarrant
	qdel() Count: 4
	Destroy() Cost: 2ms
Path: /datum/follow_holder/ai
	qdel() Count: 4
	Destroy() Cost: 2ms
Path: /obj/item/organ/internal/lungs/gills
	qdel() Count: 1
	Destroy() Cost: 2ms
Path: /obj/item/organ/internal/voicebox/nabber
	qdel() Count: 1
	Destroy() Cost: 2ms
Path: /obj/item/organ/internal/cell
	qdel() Count: 1
	Destroy() Cost: 2ms
Path: /obj/item/weapon/tank/emergency/oxygen
	qdel() Count: 1
	Destroy() Cost: 2ms
Path: /obj/screen/close
	qdel() Count: 4
	Destroy() Cost: 1.00001ms
Path: /datum/nano_module/skill_ui/antag
	qdel() Count: 4
	Destroy() Cost: 1.00001ms
Path: /datum/nano_module/forceauthorization
	qdel() Count: 4
	Destroy() Cost: 1.00001ms
Path: /obj/item/underwear/undershirt
	qdel() Count: 1
	Destroy() Cost: 1ms
Path: /obj/aura/regenerating/human/unathi/yeosa
	qdel() Count: 1
	Destroy() Cost: 1ms
Path: /obj/item/organ/internal/eyes/unathi
	qdel() Count: 1
	Destroy() Cost: 1ms
Path: /obj/item/clothing/under/color/grey
	qdel() Count: 1
	Destroy() Cost: 1ms
Path: /obj/item/clothing/shoes/black
	qdel() Count: 1
	Destroy() Cost: 1ms
Path: /datum/follow_holder/ghost
	qdel() Count: 5
	Destroy() Cost: 1ms
Path: /datum/reagent/blood
	qdel() Count: 4
	Destroy() Cost: 1ms
Path: /datum/movement_handler/mob/multiz_connected
	qdel() Count: 4
	Destroy() Cost: 1ms
Path: /datum/trader/ship/gunshop
	qdel() Count: 3
	Destroy() Cost: 1ms
Path: /datum/movement_handler/mob/death
	qdel() Count: 2
	Destroy() Cost: 1ms
Path: /datum/movement_handler/move_relay
	qdel() Count: 2
	Destroy() Cost: 1ms
Path: /obj/structure/closet/secure_closet/freezer/fridge
	qdel() Count: 1
	Destroy() Cost: 1ms
Path: /datum/movement_handler/mob/transformation
	qdel() Count: 1
	Destroy() Cost: 1ms
Path: /datum/movement_handler/mob/physically_restrained
	qdel() Count: 1
	Destroy() Cost: 1ms
Path: /datum/movement_handler/mob/movement
	qdel() Count: 1
	Destroy() Cost: 1ms
Path: /obj/item/organ/external/foot/insectoid
	qdel() Count: 1
	Destroy() Cost: 1ms
Path: /obj/item/weapon/gun/energy/gun
	qdel() Count: 1
	Destroy() Cost: 1ms
Path: /obj/item/weapon/cell/device/variable
	qdel() Count: 1
	Destroy() Cost: 1ms
Path: /obj/item/clothing/mask/smokable/cigarette/luckystars
	qdel() Count: 1
	Destroy() Cost: 1ms
Path: /datum/reagent/tobacco
	qdel() Count: 1
	Destroy() Cost: 1ms
Path: /obj/item/clothing/under/hazard
	qdel() Count: 1
	Destroy() Cost: 1ms
Path: /datum/trader/ship/robots
	qdel() Count: 3
	Destroy() Cost: 1ms
Path: /datum/trader/ship/prank_shop
	qdel() Count: 2
	Destroy() Cost: 1ms
Path: /obj/screen/credit
	qdel() Count: 13
	Destroy() Cost: 1ms
Path: /obj/effect/floor_decal/industrial/hatch/orange
	qdel() Count: 6
	Destroy() Cost: 1ms
Path: /obj/random/handgun
	qdel() Count: 4
	Destroy() Cost: 1ms
Path: /obj/effect/floor_decal/industrial/warning/cee
	qdel() Count: 4
	Destroy() Cost: 1ms
Path: /obj/machinery/atmospherics/pipe/simple/hidden/scrubbers
	qdel() Count: 4
	Destroy() Cost: 1ms
Path: /obj/machinery/atmospherics/pipe/simple/visible/yellow
	qdel() Count: 4
	Destroy() Cost: 1ms
Path: /obj/random/hat
	qdel() Count: 3
	Destroy() Cost: 1ms
Path: /obj/random/projectile
	qdel() Count: 3
	Destroy() Cost: 1ms
Path: /obj/effect/landmark/corpse/scientist
	qdel() Count: 3
	Destroy() Cost: 1ms
Path: /obj/effect/decal/cleanable/blood/drip
	qdel() Count: 2
	Destroy() Cost: 1ms
Path: /obj/random/plushie/large
	qdel() Count: 2
	Destroy() Cost: 1ms
Path: /obj/random/suit
	qdel() Count: 2
	Destroy() Cost: 1ms
Path: /obj/effect/landmark/corpse/doctor
	qdel() Count: 2
	Destroy() Cost: 1ms
Path: /turf/simulated/floor/tiled/dark/monotile
	qdel() Count: 2
	Destroy() Cost: 1ms
Path: /obj/random/assembly
	qdel() Count: 2
	Destroy() Cost: 1ms
Path: /obj/effect/floor_decal/corner/yellow/full
	qdel() Count: 2
	Destroy() Cost: 1ms
Path: /obj/effect/decal/cleanable/blood/oil
	qdel() Count: 2
	Destroy() Cost: 1ms
Path: /obj/effect/floor_decal/steeldecal/steel_decals_central7
	qdel() Count: 2
	Destroy() Cost: 1ms
Path: /obj/item/device/assembly/igniter
	qdel() Count: 2
	Destroy() Cost: 1ms
Path: /obj/item/clothing/shoes/jackboots
	qdel() Count: 1
	Destroy() Cost: 1ms
Path: /obj/item/weapon/pen/crayon/random
	qdel() Count: 1
	Destroy() Cost: 1ms
Path: /obj/item/weapon/reagent_containers/food/snacks/sliceable/tofubread
	qdel() Count: 1
	Destroy() Cost: 1ms
Path: /obj/item/weapon/archaeological_find
	qdel() Count: 1
	Destroy() Cost: 1ms
Path: /obj/effect/floor_decal/carpet/corners
	qdel() Count: 1
	Destroy() Cost: 1ms
Path: /obj/effect/floor_decal/steeldecal/steel_decals_central6
	qdel() Count: 1
	Destroy() Cost: 1ms
Path: /obj/effect/landmark/corpse/marooned_officer
	qdel() Count: 1
	Destroy() Cost: 1ms
Path: /obj/effect/landmark/corpse/pirate
	qdel() Count: 1
	Destroy() Cost: 1ms
Path: /obj/item/ammo_magazine/shotholder/empty
	qdel() Count: 1
	Destroy() Cost: 1ms
Path: /obj/item/ammo_casing/shotgun/blank
	qdel() Count: 1
	Destroy() Cost: 1ms
Path: /obj/item/projectile/bullet/blank
	qdel() Count: 1
	Destroy() Cost: 1ms
Path: /obj/item/projectile/bullet/shotgun
	qdel() Count: 1
	Destroy() Cost: 1ms
Path: /obj/item/projectile/energy/flash/flare
	qdel() Count: 1
	Destroy() Cost: 1ms
Path: /obj/item/projectile/bullet/pellet/shotgun
	qdel() Count: 1
	Destroy() Cost: 1ms
Path: /obj/item/projectile/energy/electrode/stunshot
	qdel() Count: 1
	Destroy() Cost: 1ms
Path: /obj/item/weapon/syringe_cartridge
	qdel() Count: 1
	Destroy() Cost: 1ms
Path: /obj/item/weapon/stock_parts/power/apc/buildable
	qdel() Count: 1
	Destroy() Cost: 1ms
Path: /obj/item/weapon/stock_parts/power/terminal/buildable
	qdel() Count: 1
	Destroy() Cost: 1ms
Path: /obj/item/device/assembly/signaler
	qdel() Count: 1
	Destroy() Cost: 1ms
Path: /obj/item/device/assembly/infra
	qdel() Count: 1
	Destroy() Cost: 1ms
Path: /obj/item/device/assembly/prox_sensor
	qdel() Count: 1
	Destroy() Cost: 1ms
Path: /obj/item/weapon/beartrap
	qdel() Count: 1
	Destroy() Cost: 1ms
Path: /obj/item/weapon/reagent_containers/ecig_cartridge/blank
	qdel() Count: 1
	Destroy() Cost: 1ms
Path: /obj/item/weapon/stock_parts/console_screen
	qdel() Count: 1
	Destroy() Cost: 1ms
Path: /obj/item/weapon/module/power_control
	qdel() Count: 1
	Destroy() Cost: 1ms
Path: /obj/item/weapon/rcd_ammo/large
	qdel() Count: 1
	Destroy() Cost: 1ms
Path: /obj/item/weapon/rcd
	qdel() Count: 1
	Destroy() Cost: 1ms
Path: /datum/effect/effect/system/spark_spread
	qdel() Count: 1
	Destroy() Cost: 1ms
Path: /obj/item/weapon/reagent_containers/food/drinks/glass2/cocktail
	qdel() Count: 1
	Destroy() Cost: 1ms
Path: /obj/item/weapon/reagent_containers/food/drinks/glass2/shot
	qdel() Count: 1
	Destroy() Cost: 1ms
Path: /obj/item/weapon/reagent_containers/food/drinks/glass2/pint
	qdel() Count: 1
	Destroy() Cost: 1ms
Path: /obj/item/weapon/reagent_containers/food/drinks/glass2/mug
	qdel() Count: 1
	Destroy() Cost: 1ms
Path: /obj/item/weapon/reagent_containers/food/drinks/glass2/carafe
	qdel() Count: 1
	Destroy() Cost: 1ms
Path: /obj/item/weapon/reagent_containers/food/drinks/glass2/square
	qdel() Count: 1
	Destroy() Cost: 1ms
Path: /obj/item/device/suit_cooling_unit
	qdel() Count: 1
	Destroy() Cost: 1ms
Path: /obj/item/weapon/cell/high
	qdel() Count: 1
	Destroy() Cost: 1ms
Path: /datum/wires/taperecorder
	qdel() Count: 1
	Destroy() Cost: 1ms
Path: /obj/item/weapon/material/ashtray/glass
	qdel() Count: 1
	Destroy() Cost: 1ms
Path: /obj/item/weapon/pen
	qdel() Count: 1
	Destroy() Cost: 1ms
Path: /obj/item/device/destTagger
	qdel() Count: 1
	Destroy() Cost: 1ms
Path: /obj/item/weapon/handcuffs
	qdel() Count: 1
	Destroy() Cost: 1ms
Path: /obj/item/weapon/cautery
	qdel() Count: 1
	Destroy() Cost: 1ms
Path: /obj/item/weapon/reagent_containers/glass/beaker
	qdel() Count: 1
	Destroy() Cost: 1ms
Path: /obj/item/weapon/reagent_containers/glass/beaker/large
	qdel() Count: 1
	Destroy() Cost: 1ms
Path: /obj/item/weapon/reagent_containers/glass/beaker/insulated
	qdel() Count: 1
	Destroy() Cost: 1ms
Path: /obj/item/weapon/reagent_containers/glass/beaker/insulated/large
	qdel() Count: 1
	Destroy() Cost: 1ms
Path: /obj/item/weapon/reagent_containers/syringe
	qdel() Count: 1
	Destroy() Cost: 1ms
Path: /obj/item/weapon/implanter
	qdel() Count: 1
	Destroy() Cost: 1ms
Path: /obj/item/weapon/crowbar/prybar
	qdel() Count: 1
	Destroy() Cost: 1ms
Path: /obj/item/device/integrated_electronics/debugger
	qdel() Count: 1
	Destroy() Cost: 1ms
Path: /obj/item/device/t_scanner
	qdel() Count: 1
	Destroy() Cost: 1ms
Path: /obj/item/weapon/wrench
	qdel() Count: 1
	Destroy() Cost: 1ms
Path: /obj/item/weapon/material/minihoe
	qdel() Count: 1
	Destroy() Cost: 1ms
Path: /obj/item/weapon/weldingtool/largetank
	qdel() Count: 1
	Destroy() Cost: 1ms
Path: /obj/item/weapon/welder_tank/large
	qdel() Count: 1
	Destroy() Cost: 1ms
Path: /obj/item/weapon/crowbar
	qdel() Count: 1
	Destroy() Cost: 1ms
Path: /obj/item/weapon/material/knife/table
	qdel() Count: 1
	Destroy() Cost: 1ms
Path: /obj/item/weapon/material/kitchen/utensil/foon
	qdel() Count: 1
	Destroy() Cost: 1ms
Path: /obj/item/weapon/material/kitchen/utensil/fork/plastic
	qdel() Count: 1
	Destroy() Cost: 1ms
Path: /obj/item/weapon/material/kitchen/utensil/spork/plastic
	qdel() Count: 1
	Destroy() Cost: 1ms
Path: /obj/item/weapon/material/knife/table/plastic
	qdel() Count: 1
	Destroy() Cost: 1ms
Path: /obj/item/weapon/material/kitchen/utensil/fork
	qdel() Count: 1
	Destroy() Cost: 1ms
Path: /obj/item/weapon/reagent_containers/food/snacks/soylenviridians
	qdel() Count: 1
	Destroy() Cost: 1ms
Path: /obj/item/weapon/reagent_containers/food/snacks/soydope
	qdel() Count: 1
	Destroy() Cost: 1ms
Path: /obj/item/weapon/reagent_containers/food/snacks/ricepudding
	qdel() Count: 1
	Destroy() Cost: 1ms
Path: /obj/item/weapon/reagent_containers/food/snacks/tofurkey
	qdel() Count: 1
	Destroy() Cost: 1ms
Path: /datum/codex_category/languages
	qdel() Count: 1
	Destroy() Cost: 1ms
Path: /datum/codex_category/reagents
	qdel() Count: 1
	Destroy() Cost: 1ms
Path: /datum/codex_category/species
	qdel() Count: 1
	Destroy() Cost: 1ms
Path: /obj/screen/fullscreen/blackout
	qdel() Count: 1
	Destroy() Cost: 1ms
Path: /datum/trader/ship/egunshop
	qdel() Count: 4
	Destroy() Cost: 1ms
Path: /obj/item/clothing/shoes/laceup
	qdel() Count: 10
	Destroy() Cost: 0.999998ms
Path: /datum/nano_module/program/comm
	qdel() Count: 4
	Destroy() Cost: 0.999998ms
Path: /datum/nano_module/program/email_administration
	qdel() Count: 4
	Destroy() Cost: 0.999998ms
Path: /datum/nano_module/program/computer_ntnetmonitor
	qdel() Count: 4
	Destroy() Cost: 0.999998ms
Path: /datum/nano_module/skill_ui/antag/station/offstation
	qdel() Count: 4
	Destroy() Cost: 0.999998ms
Path: /datum/nano_module/skill_ui/antag/station
	qdel() Count: 4
	Destroy() Cost: 0.999998ms
Path: /datum/nano_module/alarm_monitor/all
	qdel() Count: 4
	Destroy() Cost: 0.999998ms
Path: /datum/nano_module/power_monitor
	qdel() Count: 4
	Destroy() Cost: 0.999998ms
Path: /datum/nano_module/docking
	qdel() Count: 4
	Destroy() Cost: 0.999998ms
Path: /datum/nano_module/library
	qdel() Count: 4
	Destroy() Cost: 0.999998ms
Path: /datum/movement_handler/mob/conscious
	qdel() Count: 2
	Destroy() Cost: 0.999998ms
Path: /datum/extension/appearance/cardborg
	qdel() Count: 2
	Destroy() Cost: 0.999998ms
Path: /datum/movement_handler/mob/stop_effect
	qdel() Count: 1
	Destroy() Cost: 0.999998ms
Path: /obj/item/organ/external/hand/insectoid
	qdel() Count: 1
	Destroy() Cost: 0.999998ms
Path: /obj/item/organ/internal/eyes/robot
	qdel() Count: 1
	Destroy() Cost: 0.999998ms
Path: /obj/item/weapon/cell/hyper
	qdel() Count: 1
	Destroy() Cost: 0.999998ms
Path: /obj/item/clothing/gloves/color/white/modified
	qdel() Count: 1
	Destroy() Cost: 0.999998ms
Path: /obj/item/clothing/suit/straight_jacket
	qdel() Count: 1
	Destroy() Cost: 0.999998ms
Path: /obj/item/clothing/head/cardborg
	qdel() Count: 1
	Destroy() Cost: 0.999998ms
Path: /obj/item/clothing/mask/breath
	qdel() Count: 1
	Destroy() Cost: 0.999998ms
Path: /obj/item/device/tankassemblyproxy
	qdel() Count: 1
	Destroy() Cost: 0.999998ms
Path: /obj/item/stack/medical/bruise_pack
	qdel() Count: 1
	Destroy() Cost: 0.999998ms
Path: /obj/item/device/flashlight/flare/glowstick
	qdel() Count: 1
	Destroy() Cost: 0.999998ms
Path: /obj/item/device/oxycandle
	qdel() Count: 1
	Destroy() Cost: 0.999998ms
Path: /obj/random/clothing
	qdel() Count: 6
	Destroy() Cost: 0ms
Path: /datum/nano_module/law_manager
	qdel() Count: 5
	Destroy() Cost: 0ms
Path: /obj/effect/floor_decal/corner/lime/mono
	qdel() Count: 4
	Destroy() Cost: 0ms
Path: /obj/effect/floor_decal/techfloor/hole/right
	qdel() Count: 4
	Destroy() Cost: 0ms
Path: /datum/nano_module/atmos_control
	qdel() Count: 4
	Destroy() Cost: 0ms
Path: /datum/nano_module/arcade_classic
	qdel() Count: 4
	Destroy() Cost: 0ms
Path: /obj/random/gloves
	qdel() Count: 3
	Destroy() Cost: 0ms
Path: /turf/simulated/floor/tiled/techmaint
	qdel() Count: 3
	Destroy() Cost: 0ms
Path: /obj/item/weapon/stock_parts/power/battery/buildable/stock
	qdel() Count: 2
	Destroy() Cost: 0ms
Path: /obj/random/single/playing_cards
	qdel() Count: 2
	Destroy() Cost: 0ms
Path: /obj/effect/floor_decal/industrial/hatch/red
	qdel() Count: 2
	Destroy() Cost: 0ms
Path: /turf/simulated/floor/tiled/white
	qdel() Count: 2
	Destroy() Cost: 0ms
Path: /obj/effect/decal/cleanable/blood
	qdel() Count: 2
	Destroy() Cost: 0ms
Path: /obj/item/weapon/scalpel
	qdel() Count: 2
	Destroy() Cost: 0ms
Path: /datum/trader/ship/pet_shop
	qdel() Count: 2
	Destroy() Cost: 0ms
Path: /datum/trader/ship/clothingshop
	qdel() Count: 2
	Destroy() Cost: 0ms
Path: /datum/hud/human
	qdel() Count: 2
	Destroy() Cost: 0ms
Path: /datum/movement_handler/mob/relayed_movement
	qdel() Count: 2
	Destroy() Cost: 0ms
Path: /datum/movement_handler/mob/eye
	qdel() Count: 2
	Destroy() Cost: 0ms
Path: /datum/trader/ship/replica_shop
	qdel() Count: 2
	Destroy() Cost: 0ms
Path: /datum/controller
	qdel() Count: 1
	Destroy() Cost: 0ms
Path: /datum/global_init
	qdel() Count: 1
	Destroy() Cost: 0ms
Path: /obj/effect/decal/cleanable/blood/splatter
	qdel() Count: 1
	Destroy() Cost: 0ms
Path: /datum/radio_frequency
	qdel() Count: 1
	Destroy() Cost: 0ms
Path: /obj/effect/landmark/corpse/chef
	qdel() Count: 1
	Destroy() Cost: 0ms
Path: /obj/effect/landmark/map_data
	qdel() Count: 1
	Destroy() Cost: 0ms
Path: /obj/turbolift_map_holder/torch
	qdel() Count: 1
	Destroy() Cost: 0ms
Path: /obj/effect/floor_decal/corner/brown/three_quarters
	qdel() Count: 1
	Destroy() Cost: 0ms
Path: /obj/random/vendor
	qdel() Count: 1
	Destroy() Cost: 0ms
Path: /obj/effect/floor_decal/corner/grey/border
	qdel() Count: 1
	Destroy() Cost: 0ms
Path: /obj/effect/floor_decal/corner/grey
	qdel() Count: 1
	Destroy() Cost: 0ms
Path: /obj/effect/floor_decal/techfloor/hole
	qdel() Count: 1
	Destroy() Cost: 0ms
Path: /datum/overmap_event/electric
	qdel() Count: 1
	Destroy() Cost: 0ms
Path: /obj/item/weapon/magnetic_ammo/skrell
	qdel() Count: 1
	Destroy() Cost: 0ms
Path: /obj/item/weapon/magnetic_ammo/skrell/slug
	qdel() Count: 1
	Destroy() Cost: 0ms
Path: /obj/item/weapon/material/hatchet/machete/steel
	qdel() Count: 1
	Destroy() Cost: 0ms
Path: /obj/item/weapon/stock_parts/keyboard
	qdel() Count: 1
	Destroy() Cost: 0ms
Path: /obj/item/weapon/stock_parts/power/battery/buildable/crap
	qdel() Count: 1
	Destroy() Cost: 0ms
Path: /obj/item/weapon/stock_parts/power/battery/buildable/turbo
	qdel() Count: 1
	Destroy() Cost: 0ms
Path: /obj/item/weapon/stock_parts/power/battery/buildable/responsive
	qdel() Count: 1
	Destroy() Cost: 0ms
Path: /datum/proximity_trigger/line
	qdel() Count: 1
	Destroy() Cost: 0ms
Path: /obj/item/device/assembly/timer
	qdel() Count: 1
	Destroy() Cost: 0ms
Path: /obj/item/stack/cable_coil/single
	qdel() Count: 1
	Destroy() Cost: 0ms
Path: /obj/item/weapon/cell/device/standard
	qdel() Count: 1
	Destroy() Cost: 0ms
Path: /obj/item/conveyor_construct
	qdel() Count: 1
	Destroy() Cost: 0ms
Path: /obj/item/conveyor_switch_construct
	qdel() Count: 1
	Destroy() Cost: 0ms
Path: /obj/item/conveyor_switch_construct/oneway
	qdel() Count: 1
	Destroy() Cost: 0ms
Path: /obj/item/weapon/airalarm_electronics
	qdel() Count: 1
	Destroy() Cost: 0ms
Path: /obj/item/weapon/firealarm_electronics
	qdel() Count: 1
	Destroy() Cost: 0ms
Path: /obj/item/weapon/rcd_ammo
	qdel() Count: 1
	Destroy() Cost: 0ms
Path: /obj/item/weapon/camera_assembly
	qdel() Count: 1
	Destroy() Cost: 0ms
Path: /obj/item/weapon/airlock_electronics
	qdel() Count: 1
	Destroy() Cost: 0ms
Path: /obj/item/weapon/reagent_containers/glass/bucket
	qdel() Count: 1
	Destroy() Cost: 0ms
Path: /obj/item/weapon/reagent_containers/food/drinks/glass2/rocks
	qdel() Count: 1
	Destroy() Cost: 0ms
Path: /obj/item/weapon/reagent_containers/food/drinks/glass2/shake
	qdel() Count: 1
	Destroy() Cost: 0ms
Path: /obj/item/device/flashlight
	qdel() Count: 1
	Destroy() Cost: 0ms
Path: /obj/item/weapon/extinguisher/empty
	qdel() Count: 1
	Destroy() Cost: 0ms
Path: /obj/item/glass_jar
	qdel() Count: 1
	Destroy() Cost: 0ms
Path: /obj/item/clothing/head/welding
	qdel() Count: 1
	Destroy() Cost: 0ms
Path: /obj/item/weapon/material/knife/kitchen
	qdel() Count: 1
	Destroy() Cost: 0ms
Path: /obj/item/device/tape
	qdel() Count: 1
	Destroy() Cost: 0ms
Path: /obj/item/weapon/light/tube/large
	qdel() Count: 1
	Destroy() Cost: 0ms
Path: /obj/item/weapon/light/tube
	qdel() Count: 1
	Destroy() Cost: 0ms
Path: /obj/item/weapon/light/bulb
	qdel() Count: 1
	Destroy() Cost: 0ms
Path: /obj/item/clothing/glasses/welding
	qdel() Count: 1
	Destroy() Cost: 0ms
Path: /obj/item/weapon/pen/blue
	qdel() Count: 1
	Destroy() Cost: 0ms
Path: /obj/item/weapon/pen/red
	qdel() Count: 1
	Destroy() Cost: 0ms
Path: /obj/item/weapon/pen/green
	qdel() Count: 1
	Destroy() Cost: 0ms
Path: /obj/item/weapon/material/clipboard/steel
	qdel() Count: 1
	Destroy() Cost: 0ms
Path: /obj/item/weapon/material/clipboard/plastic
	qdel() Count: 1
	Destroy() Cost: 0ms
Path: /obj/item/weapon/material/clipboard/glass
	qdel() Count: 1
	Destroy() Cost: 0ms
Path: /obj/item/weapon/hand_labeler
	qdel() Count: 1
	Destroy() Cost: 0ms
Path: /obj/item/clothing/mask/plunger
	qdel() Count: 1
	Destroy() Cost: 0ms
Path: /obj/item/weapon/circular_saw
	qdel() Count: 1
	Destroy() Cost: 0ms
Path: /obj/item/weapon/surgicaldrill
	qdel() Count: 1
	Destroy() Cost: 0ms
Path: /obj/item/weapon/retractor
	qdel() Count: 1
	Destroy() Cost: 0ms
Path: /obj/item/weapon/hemostat
	qdel() Count: 1
	Destroy() Cost: 0ms
Path: /obj/item/weapon/reagent_containers/glass/beaker/vial
	qdel() Count: 1
	Destroy() Cost: 0ms
Path: /obj/item/weapon/reagent_containers/hypospray/autoinjector/empty
	qdel() Count: 1
	Destroy() Cost: 0ms
Path: /obj/item/device/integrated_electronics/wirer
	qdel() Count: 1
	Destroy() Cost: 0ms
Path: /obj/item/device/integrated_electronics/analyzer
	qdel() Count: 1
	Destroy() Cost: 0ms
Path: /obj/item/weapon/screwdriver
	qdel() Count: 1
	Destroy() Cost: 0ms
Path: /obj/item/weapon/wirecutters
	qdel() Count: 1
	Destroy() Cost: 0ms
Path: /obj/item/weapon/material/hatchet
	qdel() Count: 1
	Destroy() Cost: 0ms
Path: /obj/item/weapon/material/kitchen/utensil/spoon
	qdel() Count: 1
	Destroy() Cost: 0ms
Path: /obj/item/weapon/material/kitchen/utensil/spork
	qdel() Count: 1
	Destroy() Cost: 0ms
Path: /obj/item/weapon/material/kitchen/utensil/spoon/plastic
	qdel() Count: 1
	Destroy() Cost: 0ms
Path: /obj/item/weapon/material/kitchen/utensil/foon/plastic
	qdel() Count: 1
	Destroy() Cost: 0ms
Path: /datum/codex_category/cultures
	qdel() Count: 1
	Destroy() Cost: 0ms
Path: /datum/codex_category/gases
	qdel() Count: 1
	Destroy() Cost: 0ms
Path: /datum/codex_category/materials
	qdel() Count: 1
	Destroy() Cost: 0ms
Path: /datum/codex_category/recipes
	qdel() Count: 1
	Destroy() Cost: 0ms
Path: /datum/codex_category/skills
	qdel() Count: 1
	Destroy() Cost: 0ms
Path: /datum/trader/ship/unique/rock
	qdel() Count: 1
	Destroy() Cost: 0ms
Path: /obj/screen/fullscreen/blind
	qdel() Count: 1
	Destroy() Cost: 0ms
Path: /obj/screen/fullscreen/blurry
	qdel() Count: 1
	Destroy() Cost: 0ms
Path: /datum/movement_handler/mob/buckle_relay
	qdel() Count: 1
	Destroy() Cost: 0ms
Path: /datum/movement_handler/mob/delay
	qdel() Count: 1
	Destroy() Cost: 0ms
Path: /datum/movement_handler/mob/physically_capable
	qdel() Count: 1
	Destroy() Cost: 0ms
Path: /datum/movement_handler/mob/space
	qdel() Count: 1
	Destroy() Cost: 0ms
Path: /datum/movement_handler/mob/multiz
	qdel() Count: 1
	Destroy() Cost: 0ms
Path: /obj/structure/AIcore/deactivated
	qdel() Count: 1
	Destroy() Cost: 0ms
Path: /datum/trader/ship/unique/wizard
	qdel() Count: 1
	Destroy() Cost: 0ms
Path: /obj/screen/fullscreen/fishbed
	qdel() Count: 1
	Destroy() Cost: 0ms
Path: /obj/screen/fullscreen/fadeout
	qdel() Count: 1
	Destroy() Cost: 0ms
Path: /datum/vote/restart
	qdel() Count: 1
	Destroy() Cost: 0ms
Path: /datum/follow_holder/mob
	qdel() Count: 1
	Destroy() Cost: 0ms
Path: /obj/item/clothing/head/bio_hood/general
	qdel() Count: 1
	Destroy() Cost: 0ms
Path: /obj/item/clothing/shoes/white
	qdel() Count: 1
	Destroy() Cost: 0ms
Path: /obj/item/clothing/glasses/hud/health
	qdel() Count: 1
	Destroy() Cost: 0ms
Path: /obj/item/clothing/suit/bio_suit/general
	qdel() Count: 1
	Destroy() Cost: 0ms
Path: /datum/trader/ship/clothingshop/hatglovesaccessories
	qdel() Count: 1
	Destroy() Cost: 0ms
Path: /datum/trader/ship/electronics
	qdel() Count: 1
	Destroy() Cost: 0ms
Path: /datum/gas_mixture
	qdel() Count: 1
	Destroy() Cost: 0ms
Path: /datum/reagent/inaprovaline
	qdel() Count: 1
	Destroy() Cost: 0ms
Path: /datum/reagent/sugar
	qdel() Count: 1
	Destroy() Cost: 0ms
